Oct 11, 2012 2:59:58 AM org.hsm.control.Control start
INFO: System starts
Oct 11, 2012 2:59:58 AM org.hsm.control.Control start
INFO: Open login window
Oct 11, 2012 2:59:58 AM org.hsm.control.Control tryLogin
INFO: Try login
Oct 11, 2012 2:59:58 AM org.hsm.control.Control tryLogin
INFO: Login success
Oct 11, 2012 2:59:59 AM org.hsm.control.Control getData
INFO: Fetch class list
Oct 11, 2012 2:59:59 AM org.hsm.service.CoreService query
INFO: Execute query select "CL#", "Name" from "Class"
Oct 11, 2012 2:59:59 AM org.hsm.control.Control tryLogin
INFO: Show main function window
Oct 11, 2012 3:00:00 AM org.hsm.control.Control getData
INFO: Create new class
Oct 11, 2012 3:00:00 AM org.hsm.service.CoreService query
INFO: Execute query INSERT INTO "Class" DEFAULT VALUES RETURNING "CL#", "Name"
Oct 11, 2012 3:00:00 AM org.hsm.control.Control getData
INFO: Get raw list of students in {} class
Oct 11, 2012 3:00:00 AM org.hsm.service.CoreService query
INFO: Execute query SELECT "Student"."CT#" as "ID", "FirstName", "LastName" FROM "Student", "Contact" WHERE "Student"."CT#" = "Contact"."CT#" AND "Student"."CL#" = 10
Oct 11, 2012 3:00:30 AM org.hsm.control.Control fire
INFO: System exits
