Nov 21, 2012 11:33:04 AM org.hsm.control.Control start
INFO: System starts
Nov 21, 2012 11:33:05 AM org.hsm.control.Control start
INFO: Open login window
Nov 21, 2012 11:33:07 AM org.hsm.control.Control tryLogin
INFO: Try login
Nov 21, 2012 11:33:07 AM org.hsm.control.Control tryLogin
INFO: Login success
Nov 21, 2012 11:33:07 AM org.hsm.control.Control logStart
INFO: Fetch class list
Nov 21, 2012 11:33:07 AM org.hsm.service.CoreService queryFull
INFO: Execute query SELECT * FROM get_class_list()
Nov 21, 2012 11:33:07 AM org.hsm.control.Control logStart
INFO: Get list of cities
Nov 21, 2012 11:33:07 AM org.hsm.service.CoreService queryFull
INFO: Execute query SELECT * FROM get_city_list()
Nov 21, 2012 11:33:07 AM org.hsm.control.Control logStart
INFO: Get list of districts in city having id {1}
Nov 21, 2012 11:33:07 AM org.hsm.service.CoreService queryFull
INFO: Execute query SELECT * FROM get_raw_districts_in_city(1)
Nov 21, 2012 11:33:08 AM org.hsm.control.Control logStart
INFO: Get list of class
Nov 21, 2012 11:33:08 AM org.hsm.service.CoreService queryFull
INFO: Execute query SELECT * FROM get_class_list()
Nov 21, 2012 11:33:08 AM org.hsm.control.Control logStart
INFO: Get raw list of teaching classes
Nov 21, 2012 11:33:08 AM org.hsm.service.CoreService queryFull
INFO: Execute query SELECT * FROM get_raw_list_of_teaching_classes()
Nov 21, 2012 11:33:08 AM org.hsm.control.Control logStart
INFO: Get list of faculties
Nov 21, 2012 11:33:08 AM org.hsm.service.CoreService queryFull
INFO: Execute query SELECT * FROM get_faculty_list()
Nov 21, 2012 11:33:08 AM org.hsm.control.Control logStart
INFO: Get list of cities
Nov 21, 2012 11:33:08 AM org.hsm.service.CoreService queryFull
INFO: Execute query SELECT * FROM get_city_list()
Nov 21, 2012 11:33:08 AM org.hsm.control.Control logStart
INFO: Get list of districts in city having id {1}
Nov 21, 2012 11:33:08 AM org.hsm.service.CoreService queryFull
INFO: Execute query SELECT * FROM get_raw_districts_in_city(1)
Nov 21, 2012 11:33:08 AM org.hsm.control.Control logStart
INFO: Get list of faculties
Nov 21, 2012 11:33:08 AM org.hsm.service.CoreService queryFull
INFO: Execute query SELECT * FROM get_faculty_list()
Nov 21, 2012 11:33:08 AM org.hsm.control.Control logStart
INFO: Get list of degrees
Nov 21, 2012 11:33:08 AM org.hsm.service.CoreService queryFull
INFO: Execute query SELECT * FROM get_degree_list()
Nov 21, 2012 11:33:08 AM org.hsm.control.Control logStart
INFO: Get raw list of teaching classes
Nov 21, 2012 11:33:08 AM org.hsm.service.CoreService queryFull
INFO: Execute query SELECT * FROM get_raw_list_of_teaching_classes()
Nov 21, 2012 11:33:08 AM org.hsm.control.Control logStart
INFO: Get courses list
Nov 21, 2012 11:33:08 AM org.hsm.service.CoreService queryFull
INFO: Execute query SELECT * FROM get_raw_courses_list()
Nov 21, 2012 11:33:08 AM org.hsm.control.Control logStart
INFO: Get list of all lecturers
Nov 21, 2012 11:33:08 AM org.hsm.service.CoreService queryFull
INFO: Execute query SELECT * FROM get_all_lecturers()
Nov 21, 2012 11:33:08 AM org.hsm.control.Control logStart
INFO: Get list of rooms
Nov 21, 2012 11:33:08 AM org.hsm.service.CoreService queryFull
INFO: Execute query SELECT * FROM get_room_list()
Nov 21, 2012 11:33:08 AM org.hsm.control.Control logStart
INFO: Get list of cities
Nov 21, 2012 11:33:08 AM org.hsm.service.CoreService queryFull
INFO: Execute query SELECT * FROM get_city_list()
Nov 21, 2012 11:33:08 AM org.hsm.control.Control logStart
INFO: Get list of rooms
Nov 21, 2012 11:33:08 AM org.hsm.service.CoreService queryFull
INFO: Execute query SELECT * FROM get_room_list()
Nov 21, 2012 11:33:08 AM org.hsm.control.Control logStart
INFO: Get courses list
Nov 21, 2012 11:33:08 AM org.hsm.service.CoreService queryFull
INFO: Execute query SELECT * FROM get_raw_courses_list()
Nov 21, 2012 11:33:08 AM org.hsm.service.CoreService queryFull
INFO: Execute query SELECT * FROM get_table_info()
Nov 21, 2012 11:33:08 AM org.hsm.control.Control logStart
INFO: Get login information{host}
Nov 21, 2012 11:33:08 AM org.hsm.control.Control logStart
INFO: Get login information{port}
Nov 21, 2012 11:33:08 AM org.hsm.control.Control logStart
INFO: Get login information{database}
Nov 21, 2012 11:33:08 AM org.hsm.control.Control logStart
INFO: Get login information{username}
Nov 21, 2012 11:33:08 AM org.hsm.control.Control tryLogin
INFO: Show main function window
Nov 21, 2012 11:34:01 AM org.hsm.control.Control logStart
INFO: Get raw list of students in {BK1.06} class
Nov 21, 2012 11:34:01 AM org.hsm.service.CoreService queryFull
INFO: Execute query SELECT * FROM get_raw_students_list_in_class(688)
Nov 21, 2012 11:34:01 AM org.hsm.control.Control logStart
INFO: Get raw list of students in {BK1.06} class
Nov 21, 2012 11:34:01 AM org.hsm.service.CoreService queryFull
INFO: Execute query SELECT * FROM get_raw_students_list_in_class(688)
Nov 21, 2012 11:34:22 AM org.hsm.control.Control logStart
INFO: Get raw list of students in {BK1.10} class
Nov 21, 2012 11:34:22 AM org.hsm.service.CoreService queryFull
INFO: Execute query SELECT * FROM get_raw_students_list_in_class(692)
Nov 21, 2012 11:34:22 AM org.hsm.control.Control logStart
INFO: Get raw list of students in {BK1.10} class
Nov 21, 2012 11:34:22 AM org.hsm.service.CoreService queryFull
INFO: Execute query SELECT * FROM get_raw_students_list_in_class(692)
Nov 21, 2012 11:34:24 AM org.hsm.control.Control logStart
INFO: Get statistic information of student {Dương Văn Kiên}
Nov 21, 2012 11:34:24 AM org.hsm.service.CoreService queryFull
INFO: Execute query SELECT * FROM get_single_student_statistic8(38709)
Nov 21, 2012 11:34:24 AM org.hsm.control.Control logStart
INFO: Get full data of student {Dương Văn Kiên}
Nov 21, 2012 11:34:24 AM org.hsm.service.CoreService queryFull
INFO: Execute query SELECT * FROM get_full_data_student(38709)
Nov 21, 2012 11:34:24 AM org.hsm.control.Control logStart
INFO: Get city of district with id {201}
Nov 21, 2012 11:34:24 AM org.hsm.service.CoreService queryFull
INFO: Execute query SELECT * FROM get_city_of_district(201)
Nov 21, 2012 11:34:24 AM org.hsm.control.Control logStart
INFO: Get list of districts in city having id {35}
Nov 21, 2012 11:34:24 AM org.hsm.service.CoreService queryFull
INFO: Execute query SELECT * FROM get_raw_districts_in_city(35)
Nov 21, 2012 11:34:24 AM org.hsm.control.Control logStart
INFO: Get list of districts in city having id {35}
Nov 21, 2012 11:34:24 AM org.hsm.service.CoreService queryFull
INFO: Execute query SELECT * FROM get_raw_districts_in_city(35)
Nov 21, 2012 11:34:24 AM org.hsm.control.Control logStart
INFO: Get academic information of student {Dương Văn Kiên}
Nov 21, 2012 11:34:24 AM org.hsm.service.CoreService queryFull
INFO: Execute query SELECT * FROM get_academic_info(38709)
Nov 21, 2012 11:34:24 AM org.hsm.control.Control logStart
INFO: Get statistic information of student {Dương Văn Kiên}
Nov 21, 2012 11:34:24 AM org.hsm.service.CoreService queryFull
INFO: Execute query SELECT * FROM get_single_student_statistic8(38709)
Nov 21, 2012 11:34:25 AM org.hsm.control.Control logStart
INFO: Get full data of student {Dương Văn Kiên}
Nov 21, 2012 11:34:25 AM org.hsm.service.CoreService queryFull
INFO: Execute query SELECT * FROM get_full_data_student(38709)
Nov 21, 2012 11:34:25 AM org.hsm.control.Control logStart
INFO: Get city of district with id {201}
Nov 21, 2012 11:34:25 AM org.hsm.service.CoreService queryFull
INFO: Execute query SELECT * FROM get_city_of_district(201)
Nov 21, 2012 11:34:25 AM org.hsm.control.Control logStart
INFO: Get academic information of student {Dương Văn Kiên}
Nov 21, 2012 11:34:25 AM org.hsm.service.CoreService queryFull
INFO: Execute query SELECT * FROM get_academic_info(38709)
Nov 21, 2012 11:34:26 AM org.hsm.control.Control logStart
INFO: Remove student {Dương Văn Kiên}
Nov 21, 2012 11:34:26 AM org.hsm.service.CoreService queryFull
INFO: Execute query SELECT delete_student_with_id(38709)
Nov 21, 2012 11:38:14 AM org.hsm.control.Control fire
INFO: System exits
