Oct 11, 2012 10:27:14 PM org.hsm.control.Control start
INFO: System starts
Oct 11, 2012 10:27:14 PM org.hsm.control.Control start
INFO: Open login window
Oct 11, 2012 10:27:16 PM org.hsm.control.Control tryLogin
INFO: Try login
Oct 11, 2012 10:27:16 PM org.hsm.control.Control tryLogin
INFO: Login success
Oct 11, 2012 10:27:16 PM org.hsm.control.Control getData
INFO: Fetch class list
Oct 11, 2012 10:27:16 PM org.hsm.service.CoreService query
INFO: Execute query select "CL#", "Name" from "Class"
Oct 11, 2012 10:27:16 PM org.hsm.control.Control tryLogin
INFO: Show main function window
Oct 11, 2012 10:27:21 PM org.hsm.control.Control getData
INFO: Create new class
Oct 11, 2012 10:27:21 PM org.hsm.service.CoreService query
INFO: Execute query INSERT INTO "Class" DEFAULT VALUES RETURNING "CL#", "Name"
Oct 11, 2012 10:27:21 PM org.hsm.service.CoreService query
WARNING: ERROR: duplicate key value violates unique constraint "pk_class"
  Detail: Key ("CL#")=(2) already exists.
Oct 11, 2012 10:27:22 PM org.hsm.control.Control getData
INFO: Create new class
Oct 11, 2012 10:27:22 PM org.hsm.service.CoreService query
INFO: Execute query INSERT INTO "Class" DEFAULT VALUES RETURNING "CL#", "Name"
Oct 11, 2012 10:27:22 PM org.hsm.service.CoreService query
WARNING: ERROR: duplicate key value violates unique constraint "pk_class"
  Detail: Key ("CL#")=(3) already exists.
Oct 11, 2012 10:27:23 PM org.hsm.control.Control getData
INFO: Create new class
Oct 11, 2012 10:27:23 PM org.hsm.service.CoreService query
INFO: Execute query INSERT INTO "Class" DEFAULT VALUES RETURNING "CL#", "Name"
Oct 11, 2012 10:27:23 PM org.hsm.control.Control getData
INFO: Get raw list of students in {New class} class
Oct 11, 2012 10:27:23 PM org.hsm.service.CoreService query
INFO: Execute query SELECT "CT#", "First", "Last" from "Student"
Oct 11, 2012 10:27:28 PM org.hsm.control.Control getData
INFO: Get raw list of students in {Việt Nhật 5C} class
Oct 11, 2012 10:27:28 PM org.hsm.service.CoreService query
INFO: Execute query SELECT "CT#", "First", "Last" from "Student"
Oct 11, 2012 10:27:28 PM org.hsm.control.Control getData
INFO: Get raw list of students in {Việt Nhật 5C} class
Oct 11, 2012 10:27:28 PM org.hsm.service.CoreService query
INFO: Execute query SELECT "CT#", "First", "Last" from "Student"
Oct 11, 2012 10:27:28 PM org.hsm.control.Control getData
INFO: Get raw list of students in {New class} class
Oct 11, 2012 10:27:28 PM org.hsm.service.CoreService query
INFO: Execute query SELECT "CT#", "First", "Last" from "Student"
Oct 11, 2012 10:27:28 PM org.hsm.control.Control getData
INFO: Get raw list of students in {New class} class
Oct 11, 2012 10:27:28 PM org.hsm.service.CoreService query
INFO: Execute query SELECT "CT#", "First", "Last" from "Student"
Oct 11, 2012 10:27:29 PM org.hsm.control.Control getData
INFO: Get raw list of students in {New class} class
Oct 11, 2012 10:27:29 PM org.hsm.service.CoreService query
INFO: Execute query SELECT "CT#", "First", "Last" from "Student"
Oct 11, 2012 10:27:30 PM org.hsm.control.Control getData
INFO: Get raw list of students in {New class} class
Oct 11, 2012 10:27:30 PM org.hsm.service.CoreService query
INFO: Execute query SELECT "CT#", "First", "Last" from "Student"
Oct 11, 2012 10:27:31 PM org.hsm.control.Control getData
INFO: Get raw list of students in {New class} class
Oct 11, 2012 10:27:31 PM org.hsm.service.CoreService query
INFO: Execute query SELECT "CT#", "First", "Last" from "Student"
Oct 11, 2012 10:27:32 PM org.hsm.control.Control getData
INFO: Create new class
Oct 11, 2012 10:27:32 PM org.hsm.service.CoreService query
INFO: Execute query INSERT INTO "Class" DEFAULT VALUES RETURNING "CL#", "Name"
Oct 11, 2012 10:27:32 PM org.hsm.control.Control getData
INFO: Get raw list of students in {New class} class
Oct 11, 2012 10:27:32 PM org.hsm.service.CoreService query
INFO: Execute query SELECT "CT#", "First", "Last" from "Student"
Oct 11, 2012 10:27:33 PM org.hsm.control.Control getData
INFO: Create new class
Oct 11, 2012 10:27:33 PM org.hsm.service.CoreService query
INFO: Execute query INSERT INTO "Class" DEFAULT VALUES RETURNING "CL#", "Name"
Oct 11, 2012 10:27:33 PM org.hsm.control.Control getData
INFO: Get raw list of students in {New class} class
Oct 11, 2012 10:27:33 PM org.hsm.service.CoreService query
INFO: Execute query SELECT "CT#", "First", "Last" from "Student"
Oct 11, 2012 10:27:34 PM org.hsm.control.Control getData
INFO: Create new class
Oct 11, 2012 10:27:34 PM org.hsm.service.CoreService query
INFO: Execute query INSERT INTO "Class" DEFAULT VALUES RETURNING "CL#", "Name"
Oct 11, 2012 10:27:34 PM org.hsm.control.Control getData
INFO: Get raw list of students in {New class} class
Oct 11, 2012 10:27:34 PM org.hsm.service.CoreService query
INFO: Execute query SELECT "CT#", "First", "Last" from "Student"
Oct 11, 2012 10:27:35 PM org.hsm.control.Control getData
INFO: Get raw list of students in {Việt Nhật 5A} class
Oct 11, 2012 10:27:35 PM org.hsm.service.CoreService query
INFO: Execute query SELECT "CT#", "First", "Last" from "Student"
Oct 11, 2012 10:27:35 PM org.hsm.control.Control getData
INFO: Get raw list of students in {Việt Nhật 5A} class
Oct 11, 2012 10:27:35 PM org.hsm.service.CoreService query
INFO: Execute query SELECT "CT#", "First", "Last" from "Student"
Oct 11, 2012 10:27:35 PM org.hsm.control.Control getData
INFO: Get raw list of students in {Việt Nhật 5B} class
Oct 11, 2012 10:27:35 PM org.hsm.service.CoreService query
INFO: Execute query SELECT "CT#", "First", "Last" from "Student"
Oct 11, 2012 10:27:35 PM org.hsm.control.Control getData
INFO: Get raw list of students in {Việt Nhật 5B} class
Oct 11, 2012 10:27:35 PM org.hsm.service.CoreService query
INFO: Execute query SELECT "CT#", "First", "Last" from "Student"
Oct 11, 2012 10:27:36 PM org.hsm.control.Control getData
INFO: Get raw list of students in {Việt Nhật 5C} class
Oct 11, 2012 10:27:36 PM org.hsm.service.CoreService query
INFO: Execute query SELECT "CT#", "First", "Last" from "Student"
Oct 11, 2012 10:27:36 PM org.hsm.control.Control getData
INFO: Get raw list of students in {Việt Nhật 5C} class
Oct 11, 2012 10:27:36 PM org.hsm.service.CoreService query
INFO: Execute query SELECT "CT#", "First", "Last" from "Student"
Oct 11, 2012 10:27:36 PM org.hsm.control.Control getData
INFO: Get raw list of students in {New class} class
Oct 11, 2012 10:27:36 PM org.hsm.service.CoreService query
INFO: Execute query SELECT "CT#", "First", "Last" from "Student"
Oct 11, 2012 10:27:37 PM org.hsm.control.Control getData
INFO: Get raw list of students in {New class} class
Oct 11, 2012 10:27:37 PM org.hsm.service.CoreService query
INFO: Execute query SELECT "CT#", "First", "Last" from "Student"
Oct 11, 2012 10:27:37 PM org.hsm.control.Control getData
INFO: Get raw list of students in {New class} class
Oct 11, 2012 10:27:37 PM org.hsm.service.CoreService query
INFO: Execute query SELECT "CT#", "First", "Last" from "Student"
Oct 11, 2012 10:27:37 PM org.hsm.control.Control getData
INFO: Get raw list of students in {New class} class
Oct 11, 2012 10:27:37 PM org.hsm.service.CoreService query
INFO: Execute query SELECT "CT#", "First", "Last" from "Student"
Oct 11, 2012 10:27:37 PM org.hsm.control.Control getData
INFO: Get raw list of students in {New class} class
Oct 11, 2012 10:27:37 PM org.hsm.service.CoreService query
INFO: Execute query SELECT "CT#", "First", "Last" from "Student"
Oct 11, 2012 10:27:37 PM org.hsm.control.Control getData
INFO: Get raw list of students in {New class} class
Oct 11, 2012 10:27:37 PM org.hsm.service.CoreService query
INFO: Execute query SELECT "CT#", "First", "Last" from "Student"
Oct 11, 2012 10:27:38 PM org.hsm.control.Control getData
INFO: Get raw list of students in {New class} class
Oct 11, 2012 10:27:38 PM org.hsm.service.CoreService query
INFO: Execute query SELECT "CT#", "First", "Last" from "Student"
Oct 11, 2012 10:27:38 PM org.hsm.control.Control getData
INFO: Get raw list of students in {New class} class
Oct 11, 2012 10:27:38 PM org.hsm.service.CoreService query
INFO: Execute query SELECT "CT#", "First", "Last" from "Student"
Oct 11, 2012 10:27:38 PM org.hsm.control.Control getData
INFO: Get raw list of students in {New class} class
Oct 11, 2012 10:27:38 PM org.hsm.service.CoreService query
INFO: Execute query SELECT "CT#", "First", "Last" from "Student"
Oct 11, 2012 10:27:38 PM org.hsm.control.Control getData
INFO: Get raw list of students in {New class} class
Oct 11, 2012 10:27:38 PM org.hsm.service.CoreService query
INFO: Execute query SELECT "CT#", "First", "Last" from "Student"
Oct 11, 2012 10:27:38 PM org.hsm.control.Control getData
INFO: Get raw list of students in {New class} class
Oct 11, 2012 10:27:38 PM org.hsm.service.CoreService query
INFO: Execute query SELECT "CT#", "First", "Last" from "Student"
Oct 11, 2012 10:27:39 PM org.hsm.control.Control getData
INFO: Get raw list of students in {New class} class
Oct 11, 2012 10:27:39 PM org.hsm.service.CoreService query
INFO: Execute query SELECT "CT#", "First", "Last" from "Student"
Oct 11, 2012 10:27:39 PM org.hsm.control.Control getData
INFO: Get raw list of students in {New class} class
Oct 11, 2012 10:27:39 PM org.hsm.service.CoreService query
INFO: Execute query SELECT "CT#", "First", "Last" from "Student"
Oct 11, 2012 10:27:39 PM org.hsm.control.Control getData
INFO: Get raw list of students in {New class} class
Oct 11, 2012 10:27:39 PM org.hsm.service.CoreService query
INFO: Execute query SELECT "CT#", "First", "Last" from "Student"
Oct 11, 2012 10:27:40 PM org.hsm.control.Control fire
INFO: System exits
