Oct 14, 2012 8:47:52 AM org.hsm.control.Control start
INFO: System starts
Oct 14, 2012 8:47:52 AM org.hsm.control.Control start
INFO: Open login window
Oct 14, 2012 8:47:54 AM org.hsm.control.Control tryLogin
INFO: Try login
Oct 14, 2012 8:47:54 AM org.hsm.control.Control tryLogin
INFO: Login success
Oct 14, 2012 8:47:55 AM org.hsm.control.Control getData
INFO: Fetch class list
Oct 14, 2012 8:47:55 AM org.hsm.service.CoreService query
INFO: Execute query SELECT "CL#", "Name" FROM "Class"
ORDER BY "Name"
Oct 14, 2012 8:47:55 AM org.hsm.control.Control getData
INFO: Get list of cities
Oct 14, 2012 8:47:55 AM org.hsm.service.CoreService query
INFO: Execute query SELECT "CY#", "Name" FROM "City"
ORDER BY "Name"
Oct 14, 2012 8:47:55 AM org.hsm.control.Control getData
INFO: Get list of districts in city having id {1}
Oct 14, 2012 8:47:55 AM org.hsm.service.CoreService query
INFO: Execute query SELECT "DT#", "Name" FROM "District"
WHERE "CY#" = 1
ORDER BY "Name"
Oct 14, 2012 8:47:55 AM org.hsm.control.Control getData
INFO: Get list of class
Oct 14, 2012 8:47:55 AM org.hsm.service.CoreService query
INFO: Execute query SELECT "CL#", "Name" FROM "Class"
ORDER BY "Name"
Oct 14, 2012 8:47:55 AM org.hsm.control.Control getData
INFO: Get list of faculties
Oct 14, 2012 8:47:55 AM org.hsm.service.CoreService query
INFO: Execute query SELECT "FC#", "Name" FROM "Faculty" ORDER BY "Name"
Oct 14, 2012 8:47:55 AM org.hsm.control.Control getData
INFO: Get list of cities
Oct 14, 2012 8:47:55 AM org.hsm.service.CoreService query
INFO: Execute query SELECT "CY#", "Name" FROM "City"
ORDER BY "Name"
Oct 14, 2012 8:47:56 AM org.hsm.control.Control getData
INFO: Get list of districts in city having id {1}
Oct 14, 2012 8:47:56 AM org.hsm.service.CoreService query
INFO: Execute query SELECT "DT#", "Name" FROM "District"
WHERE "CY#" = 1
ORDER BY "Name"
Oct 14, 2012 8:47:56 AM org.hsm.control.Control getData
INFO: Get list of faculties
Oct 14, 2012 8:47:56 AM org.hsm.service.CoreService query
INFO: Execute query SELECT "FC#", "Name" FROM "Faculty" ORDER BY "Name"
Oct 14, 2012 8:47:56 AM org.hsm.control.Control getData
INFO: Get list of degrees
Oct 14, 2012 8:47:56 AM org.hsm.service.CoreService query
INFO: Execute query SELECT "DG#", "Name" FROM "Degree" ORDER BY "Name"
Oct 14, 2012 8:47:56 AM org.hsm.control.Control getData
INFO: Get list of cities
Oct 14, 2012 8:47:56 AM org.hsm.service.CoreService query
INFO: Execute query SELECT "CY#", "Name" FROM "City"
ORDER BY "Name"
Oct 14, 2012 8:47:56 AM org.hsm.control.Control tryLogin
INFO: Show main function window
Oct 14, 2012 8:48:00 AM org.hsm.control.Control getData
INFO: Get lecturers in faculty {Software engineering}
Oct 14, 2012 8:48:00 AM org.hsm.service.CoreService query
INFO: Execute query SELECT "CT#", "First", "Last"
FROM "Lecturer"
WHERE "FC#" = 36
ORDER BY "Last"
Oct 14, 2012 8:48:00 AM org.hsm.control.Control getData
INFO: Get lecturers in faculty {Software engineering}
Oct 14, 2012 8:48:00 AM org.hsm.service.CoreService query
INFO: Execute query SELECT "CT#", "First", "Last"
FROM "Lecturer"
WHERE "FC#" = 36
ORDER BY "Last"
Oct 14, 2012 8:48:01 AM org.hsm.control.Control getData
INFO: Get full data of lecturer {Nguyễn Khanh Văn}
Oct 14, 2012 8:48:01 AM org.hsm.service.CoreService query
INFO: Execute query SELECT * FROM "Lecturer" WHERE "CT#" = 90
Oct 14, 2012 8:48:01 AM org.hsm.control.Control getData
INFO: Get id of city for district with id {0}
Oct 14, 2012 8:48:01 AM org.hsm.service.CoreService query
INFO: Execute query SELECT "CY#" FROM "District" WHERE "DT#" = 0
Oct 14, 2012 8:48:01 AM org.hsm.control.Control getData
INFO: Get list of districts in city having id {0}
Oct 14, 2012 8:48:01 AM org.hsm.service.CoreService query
INFO: Execute query SELECT "DT#", "Name" FROM "District"
WHERE "CY#" = 0
ORDER BY "Name"
Oct 14, 2012 8:48:01 AM org.hsm.control.Control getData
INFO: Get list of districts in city having id {0}
Oct 14, 2012 8:48:01 AM org.hsm.service.CoreService query
INFO: Execute query SELECT "DT#", "Name" FROM "District"
WHERE "CY#" = 0
ORDER BY "Name"
Oct 14, 2012 8:48:01 AM org.hsm.control.Control getData
INFO: Get full data of lecturer {Nguyễn Khanh Văn}
Oct 14, 2012 8:48:01 AM org.hsm.service.CoreService query
INFO: Execute query SELECT * FROM "Lecturer" WHERE "CT#" = 90
Oct 14, 2012 8:48:01 AM org.hsm.control.Control getData
INFO: Get id of city for district with id {0}
Oct 14, 2012 8:48:01 AM org.hsm.service.CoreService query
INFO: Execute query SELECT "CY#" FROM "District" WHERE "DT#" = 0
Oct 14, 2012 8:48:04 AM org.hsm.control.Control getData
INFO: Get list of districts in city having id {58}
Oct 14, 2012 8:48:04 AM org.hsm.service.CoreService query
INFO: Execute query SELECT "DT#", "Name" FROM "District"
WHERE "CY#" = 58
ORDER BY "Name"
Oct 14, 2012 8:48:04 AM org.hsm.control.Control getData
INFO: Get list of districts in city having id {58}
Oct 14, 2012 8:48:04 AM org.hsm.service.CoreService query
INFO: Execute query SELECT "DT#", "Name" FROM "District"
WHERE "CY#" = 58
ORDER BY "Name"
Oct 14, 2012 8:48:08 AM org.hsm.control.Control getData
INFO: Save information of lecturer {Nguyễn Khanh Văn}
Oct 14, 2012 8:48:11 AM org.hsm.control.Control fire
INFO: System exits
