Oct 11, 2012 10:22:35 PM org.hsm.control.Control start
INFO: System starts
Oct 11, 2012 10:22:35 PM org.hsm.control.Control start
INFO: Open login window
Oct 11, 2012 10:22:36 PM org.hsm.control.Control tryLogin
INFO: Try login
Oct 11, 2012 10:22:36 PM org.hsm.control.Control tryLogin
INFO: Login success
Oct 11, 2012 10:22:37 PM org.hsm.control.Control getData
INFO: Fetch class list
Oct 11, 2012 10:22:37 PM org.hsm.service.CoreService query
INFO: Execute query select "CL#", "Name" from "Class"
Oct 11, 2012 10:22:37 PM org.hsm.control.Control tryLogin
INFO: Show main function window
Oct 11, 2012 10:22:38 PM org.hsm.control.Control getData
INFO: Get raw list of students in {Việt Nhật 5A} class
Oct 11, 2012 10:22:38 PM org.hsm.service.CoreService query
INFO: Execute query SELECT "CT#", "First", "Last" from "Student"
Oct 11, 2012 10:22:38 PM org.hsm.control.Control getData
INFO: Get raw list of students in {Việt Nhật 5A} class
Oct 11, 2012 10:22:38 PM org.hsm.service.CoreService query
INFO: Execute query SELECT "CT#", "First", "Last" from "Student"
Oct 11, 2012 10:22:40 PM org.hsm.control.Control getData
INFO: Get raw list of students in {Việt Nhật 5B} class
Oct 11, 2012 10:22:40 PM org.hsm.service.CoreService query
INFO: Execute query SELECT "CT#", "First", "Last" from "Student"
Oct 11, 2012 10:22:40 PM org.hsm.control.Control getData
INFO: Get raw list of students in {Việt Nhật 5B} class
Oct 11, 2012 10:22:40 PM org.hsm.service.CoreService query
INFO: Execute query SELECT "CT#", "First", "Last" from "Student"
Oct 11, 2012 10:22:41 PM org.hsm.control.Control getData
INFO: Get raw list of students in {Việt Nhật 5C} class
Oct 11, 2012 10:22:41 PM org.hsm.service.CoreService query
INFO: Execute query SELECT "CT#", "First", "Last" from "Student"
Oct 11, 2012 10:22:41 PM org.hsm.control.Control getData
INFO: Get raw list of students in {Việt Nhật 5C} class
Oct 11, 2012 10:22:41 PM org.hsm.service.CoreService query
INFO: Execute query SELECT "CT#", "First", "Last" from "Student"
Oct 11, 2012 10:22:42 PM org.hsm.control.Control getData
INFO: Get raw list of students in {Việt Nhật 5A} class
Oct 11, 2012 10:22:42 PM org.hsm.service.CoreService query
INFO: Execute query SELECT "CT#", "First", "Last" from "Student"
Oct 11, 2012 10:22:42 PM org.hsm.control.Control getData
INFO: Get raw list of students in {Việt Nhật 5A} class
Oct 11, 2012 10:22:42 PM org.hsm.service.CoreService query
INFO: Execute query SELECT "CT#", "First", "Last" from "Student"
Oct 11, 2012 10:22:43 PM org.hsm.control.Control getData
INFO: Get raw list of students in {Việt Nhật 5B} class
Oct 11, 2012 10:22:43 PM org.hsm.service.CoreService query
INFO: Execute query SELECT "CT#", "First", "Last" from "Student"
Oct 11, 2012 10:22:43 PM org.hsm.control.Control getData
INFO: Get raw list of students in {Việt Nhật 5B} class
Oct 11, 2012 10:22:43 PM org.hsm.service.CoreService query
INFO: Execute query SELECT "CT#", "First", "Last" from "Student"
Oct 11, 2012 10:22:43 PM org.hsm.control.Control getData
INFO: Get raw list of students in {Việt Nhật 5C} class
Oct 11, 2012 10:22:43 PM org.hsm.service.CoreService query
INFO: Execute query SELECT "CT#", "First", "Last" from "Student"
Oct 11, 2012 10:22:43 PM org.hsm.control.Control getData
INFO: Get raw list of students in {Việt Nhật 5C} class
Oct 11, 2012 10:22:43 PM org.hsm.service.CoreService query
INFO: Execute query SELECT "CT#", "First", "Last" from "Student"
Oct 11, 2012 10:22:44 PM org.hsm.control.Control getData
INFO: Get raw list of students in {Việt Nhật 5A} class
Oct 11, 2012 10:22:44 PM org.hsm.service.CoreService query
INFO: Execute query SELECT "CT#", "First", "Last" from "Student"
Oct 11, 2012 10:22:44 PM org.hsm.control.Control getData
INFO: Get raw list of students in {Việt Nhật 5A} class
Oct 11, 2012 10:22:44 PM org.hsm.service.CoreService query
INFO: Execute query SELECT "CT#", "First", "Last" from "Student"
Oct 11, 2012 10:22:45 PM org.hsm.control.Control getData
INFO: Get raw list of students in {Việt Nhật 5B} class
Oct 11, 2012 10:22:45 PM org.hsm.service.CoreService query
INFO: Execute query SELECT "CT#", "First", "Last" from "Student"
Oct 11, 2012 10:22:45 PM org.hsm.control.Control getData
INFO: Get raw list of students in {Việt Nhật 5B} class
Oct 11, 2012 10:22:45 PM org.hsm.service.CoreService query
INFO: Execute query SELECT "CT#", "First", "Last" from "Student"
Oct 11, 2012 10:22:45 PM org.hsm.control.Control getData
INFO: Get raw list of students in {Việt Nhật 5C} class
Oct 11, 2012 10:22:45 PM org.hsm.service.CoreService query
INFO: Execute query SELECT "CT#", "First", "Last" from "Student"
Oct 11, 2012 10:22:45 PM org.hsm.control.Control getData
INFO: Get raw list of students in {Việt Nhật 5C} class
Oct 11, 2012 10:22:45 PM org.hsm.service.CoreService query
INFO: Execute query SELECT "CT#", "First", "Last" from "Student"
Oct 11, 2012 10:22:49 PM org.hsm.control.Control getData
INFO: Get raw list of students in {Việt Nhật 5C} class
Oct 11, 2012 10:22:49 PM org.hsm.service.CoreService query
INFO: Execute query SELECT "CT#", "First", "Last" from "Student"
Oct 11, 2012 10:22:50 PM org.hsm.control.Control getData
INFO: Get raw list of students in {Việt Nhật 5C} class
Oct 11, 2012 10:22:50 PM org.hsm.service.CoreService query
INFO: Execute query SELECT "CT#", "First", "Last" from "Student"
Oct 11, 2012 10:22:50 PM org.hsm.control.Control getData
INFO: Get raw list of students in {Việt Nhật 5C} class
Oct 11, 2012 10:22:50 PM org.hsm.service.CoreService query
INFO: Execute query SELECT "CT#", "First", "Last" from "Student"
Oct 11, 2012 10:22:52 PM org.hsm.control.Control getData
INFO: Get raw list of students in {Việt Nhật 5B} class
Oct 11, 2012 10:22:52 PM org.hsm.service.CoreService query
INFO: Execute query SELECT "CT#", "First", "Last" from "Student"
Oct 11, 2012 10:22:52 PM org.hsm.control.Control getData
INFO: Get raw list of students in {Việt Nhật 5B} class
Oct 11, 2012 10:22:52 PM org.hsm.service.CoreService query
INFO: Execute query SELECT "CT#", "First", "Last" from "Student"
Oct 11, 2012 10:22:53 PM org.hsm.control.Control getData
INFO: Get raw list of students in {Việt Nhật 5A} class
Oct 11, 2012 10:22:53 PM org.hsm.service.CoreService query
INFO: Execute query SELECT "CT#", "First", "Last" from "Student"
Oct 11, 2012 10:22:53 PM org.hsm.control.Control getData
INFO: Get raw list of students in {Việt Nhật 5A} class
Oct 11, 2012 10:22:53 PM org.hsm.service.CoreService query
INFO: Execute query SELECT "CT#", "First", "Last" from "Student"
Oct 11, 2012 10:22:54 PM org.hsm.control.Control getData
INFO: Get raw list of students in {Việt Nhật 5B} class
Oct 11, 2012 10:22:54 PM org.hsm.service.CoreService query
INFO: Execute query SELECT "CT#", "First", "Last" from "Student"
Oct 11, 2012 10:22:54 PM org.hsm.control.Control getData
INFO: Get raw list of students in {Việt Nhật 5B} class
Oct 11, 2012 10:22:54 PM org.hsm.service.CoreService query
INFO: Execute query SELECT "CT#", "First", "Last" from "Student"
Oct 11, 2012 10:22:54 PM org.hsm.control.Control getData
INFO: Get raw list of students in {Việt Nhật 5C} class
Oct 11, 2012 10:22:54 PM org.hsm.service.CoreService query
INFO: Execute query SELECT "CT#", "First", "Last" from "Student"
Oct 11, 2012 10:22:54 PM org.hsm.control.Control getData
INFO: Get raw list of students in {Việt Nhật 5C} class
Oct 11, 2012 10:22:54 PM org.hsm.service.CoreService query
INFO: Execute query SELECT "CT#", "First", "Last" from "Student"
Oct 11, 2012 10:22:55 PM org.hsm.control.Control getData
INFO: Get raw list of students in {Việt Nhật 5A} class
Oct 11, 2012 10:22:55 PM org.hsm.service.CoreService query
INFO: Execute query SELECT "CT#", "First", "Last" from "Student"
Oct 11, 2012 10:22:55 PM org.hsm.control.Control getData
INFO: Get raw list of students in {Việt Nhật 5A} class
Oct 11, 2012 10:22:55 PM org.hsm.service.CoreService query
INFO: Execute query SELECT "CT#", "First", "Last" from "Student"
Oct 11, 2012 10:22:56 PM org.hsm.control.Control getData
INFO: Fetch class list
Oct 11, 2012 10:22:56 PM org.hsm.service.CoreService query
INFO: Execute query select "CL#", "Name" from "Class"
Oct 11, 2012 10:22:57 PM org.hsm.control.Control getData
INFO: Get raw list of students in {Việt Nhật 5B} class
Oct 11, 2012 10:22:57 PM org.hsm.service.CoreService query
INFO: Execute query SELECT "CT#", "First", "Last" from "Student"
Oct 11, 2012 10:22:57 PM org.hsm.control.Control getData
INFO: Get raw list of students in {Việt Nhật 5B} class
Oct 11, 2012 10:22:57 PM org.hsm.service.CoreService query
INFO: Execute query SELECT "CT#", "First", "Last" from "Student"
Oct 11, 2012 10:22:59 PM org.hsm.control.Control getData
INFO: Remove class with id = {2}, name = {Việt Nhật 5B}
Oct 11, 2012 10:22:59 PM org.hsm.service.CoreService update
INFO: Execute udpate DELETE FROM "Class" WHERE "CL#" = 2
Oct 11, 2012 10:22:59 PM org.hsm.service.CoreService update
WARNING: ERROR: update or delete on table "Class" violates foreign key constraint "fk_class" on table "Student"
  Detail: Key (CL#)=(2) is still referenced from table "Student".
Oct 11, 2012 10:23:03 PM org.hsm.control.Control getData
INFO: Create new class
Oct 11, 2012 10:23:03 PM org.hsm.service.CoreService query
INFO: Execute query INSERT INTO "Class" DEFAULT VALUES RETURNING "CL#", "Name"
Oct 11, 2012 10:23:03 PM org.hsm.service.CoreService query
WARNING: ERROR: permission denied for sequence Class_CL#_seq
Oct 11, 2012 10:23:05 PM org.hsm.control.Control getData
INFO: Get raw list of students in {Việt Nhật 5C} class
Oct 11, 2012 10:23:05 PM org.hsm.service.CoreService query
INFO: Execute query SELECT "CT#", "First", "Last" from "Student"
Oct 11, 2012 10:23:05 PM org.hsm.control.Control getData
INFO: Get raw list of students in {Việt Nhật 5C} class
Oct 11, 2012 10:23:05 PM org.hsm.service.CoreService query
INFO: Execute query SELECT "CT#", "First", "Last" from "Student"
Oct 11, 2012 10:23:10 PM org.hsm.control.Control fire
INFO: System exits
