Oct 11, 2012 10:20:42 PM org.hsm.control.Control start
INFO: System starts
Oct 11, 2012 10:20:42 PM org.hsm.control.Control start
INFO: Open login window
Oct 11, 2012 10:20:43 PM org.hsm.control.Control tryLogin
INFO: Try login
Oct 11, 2012 10:20:44 PM org.hsm.control.Control tryLogin
INFO: Login success
Oct 11, 2012 10:20:44 PM org.hsm.control.Control getData
INFO: Fetch class list
Oct 11, 2012 10:20:44 PM org.hsm.service.CoreService query
INFO: Execute query select "CL#", "Name" from "Class"
Oct 11, 2012 10:20:44 PM org.hsm.control.Control tryLogin
INFO: Show main function window
Oct 11, 2012 10:20:48 PM org.hsm.control.Control getData
INFO: Get raw list of students in {Việt Nhật 5A} class
Oct 11, 2012 10:20:48 PM org.hsm.service.CoreService query
INFO: Execute query SELECT "Student"."CT#" as "ID", "FirstName", "LastName" FROM "Student", "Contact" WHERE "Student"."CT#" = "Contact"."CT#" AND "Student"."CL#" = 1
Oct 11, 2012 10:20:48 PM org.hsm.service.CoreService query
WARNING: ERROR: column "FirstName" does not exist
  Position: 33
Oct 11, 2012 10:20:48 PM org.hsm.control.Control getData
INFO: Get raw list of students in {Việt Nhật 5A} class
Oct 11, 2012 10:20:48 PM org.hsm.service.CoreService query
INFO: Execute query SELECT "Student"."CT#" as "ID", "FirstName", "LastName" FROM "Student", "Contact" WHERE "Student"."CT#" = "Contact"."CT#" AND "Student"."CL#" = 1
Oct 11, 2012 10:20:48 PM org.hsm.service.CoreService query
WARNING: ERROR: column "FirstName" does not exist
  Position: 33
Oct 11, 2012 10:20:51 PM org.hsm.control.Control fire
INFO: System exits
