Nov 05, 2012 9:16:45 PM org.hsm.control.Control start
INFO: System starts
Nov 05, 2012 9:16:46 PM org.hsm.control.Control start
INFO: Open login window
Nov 05, 2012 9:16:46 PM org.hsm.control.Control tryLogin
INFO: Try login
Nov 05, 2012 9:16:46 PM org.hsm.control.Control tryLogin
INFO: Login success
Nov 05, 2012 9:16:47 PM org.hsm.control.Control logStart
INFO: Fetch class list
Nov 05, 2012 9:16:47 PM org.hsm.service.CoreService queryFull
INFO: Execute query SELECT * FROM get_class_list()
Nov 05, 2012 9:16:47 PM org.hsm.control.Control logStart
INFO: Get list of cities
Nov 05, 2012 9:16:47 PM org.hsm.service.CoreService queryFull
INFO: Execute query SELECT * FROM get_city_list()
Nov 05, 2012 9:16:47 PM org.hsm.control.Control logStart
INFO: Get list of districts in city having id {1}
Nov 05, 2012 9:16:47 PM org.hsm.service.CoreService queryFull
INFO: Execute query SELECT * FROM get_raw_districts_in_city(1)
Nov 05, 2012 9:16:47 PM org.hsm.control.Control logStart
INFO: Get list of class
Nov 05, 2012 9:16:47 PM org.hsm.service.CoreService queryFull
INFO: Execute query SELECT * FROM get_class_list()
Nov 05, 2012 9:16:47 PM org.hsm.control.Control logStart
INFO: Get courses list
Nov 05, 2012 9:16:47 PM org.hsm.service.CoreService queryFull
INFO: Execute query SELECT * FROM get_raw_courses_list()
Nov 05, 2012 9:16:47 PM org.hsm.control.Control logStart
INFO: Get list of all lecturers
Nov 05, 2012 9:16:47 PM org.hsm.service.CoreService queryFull
INFO: Execute query SELECT * FROM get_all_lecturers()
Nov 05, 2012 9:16:47 PM org.hsm.control.Control logStart
INFO: Get list of rooms
Nov 05, 2012 9:16:47 PM org.hsm.service.CoreService queryFull
INFO: Execute query SELECT * FROM get_room_list()
Nov 05, 2012 9:16:47 PM org.hsm.control.Control logStart
INFO: Get list of faculties
Nov 05, 2012 9:16:47 PM org.hsm.service.CoreService queryFull
INFO: Execute query SELECT * FROM get_faculty_list()
Nov 05, 2012 9:16:47 PM org.hsm.control.Control logStart
INFO: Get list of cities
Nov 05, 2012 9:16:47 PM org.hsm.service.CoreService queryFull
INFO: Execute query SELECT * FROM get_city_list()
Nov 05, 2012 9:16:47 PM org.hsm.control.Control logStart
INFO: Get list of districts in city having id {1}
Nov 05, 2012 9:16:47 PM org.hsm.service.CoreService queryFull
INFO: Execute query SELECT * FROM get_raw_districts_in_city(1)
Nov 05, 2012 9:16:47 PM org.hsm.control.Control logStart
INFO: Get list of faculties
Nov 05, 2012 9:16:47 PM org.hsm.service.CoreService queryFull
INFO: Execute query SELECT * FROM get_faculty_list()
Nov 05, 2012 9:16:47 PM org.hsm.control.Control logStart
INFO: Get list of degrees
Nov 05, 2012 9:16:47 PM org.hsm.service.CoreService queryFull
INFO: Execute query SELECT * FROM get_degree_list()
Nov 05, 2012 9:16:47 PM org.hsm.control.Control logStart
INFO: Get list of cities
Nov 05, 2012 9:16:47 PM org.hsm.service.CoreService queryFull
INFO: Execute query SELECT * FROM get_city_list()
Nov 05, 2012 9:16:47 PM org.hsm.control.Control logStart
INFO: Get list of rooms
Nov 05, 2012 9:16:47 PM org.hsm.service.CoreService queryFull
INFO: Execute query SELECT * FROM get_room_list()
Nov 05, 2012 9:16:47 PM org.hsm.control.Control logStart
INFO: Get courses list
Nov 05, 2012 9:16:47 PM org.hsm.service.CoreService queryFull
INFO: Execute query SELECT * FROM get_raw_courses_list()
Nov 05, 2012 9:16:48 PM org.hsm.control.Control logStart
INFO: Get login information{host}
Nov 05, 2012 9:16:48 PM org.hsm.control.Control logStart
INFO: Get login information{port}
Nov 05, 2012 9:16:48 PM org.hsm.control.Control logStart
INFO: Get login information{database}
Nov 05, 2012 9:16:48 PM org.hsm.control.Control logStart
INFO: Get login information{username}
Nov 05, 2012 9:16:48 PM org.hsm.control.Control tryLogin
INFO: Show main function window
Nov 05, 2012 9:17:00 PM org.hsm.control.Control logStart
INFO: Get raw list of students in {BK1.06} class
Nov 05, 2012 9:17:00 PM org.hsm.service.CoreService queryFull
INFO: Execute query SELECT * FROM get_raw_students_list_in_class(688)
Nov 05, 2012 9:17:00 PM org.hsm.control.Control logStart
INFO: Get raw list of students in {BK1.06} class
Nov 05, 2012 9:17:00 PM org.hsm.service.CoreService queryFull
INFO: Execute query SELECT * FROM get_raw_students_list_in_class(688)
Nov 05, 2012 9:17:01 PM org.hsm.control.Control logStart
INFO: Get raw list of students in {BK1.03} class
Nov 05, 2012 9:17:01 PM org.hsm.service.CoreService queryFull
INFO: Execute query SELECT * FROM get_raw_students_list_in_class(685)
Nov 05, 2012 9:17:01 PM org.hsm.control.Control logStart
INFO: Get raw list of students in {BK1.03} class
Nov 05, 2012 9:17:01 PM org.hsm.service.CoreService queryFull
INFO: Execute query SELECT * FROM get_raw_students_list_in_class(685)
Nov 05, 2012 9:17:03 PM org.hsm.control.Control logStart
INFO: Get raw list of students in {BK1.14} class
Nov 05, 2012 9:17:03 PM org.hsm.service.CoreService queryFull
INFO: Execute query SELECT * FROM get_raw_students_list_in_class(697)
Nov 05, 2012 9:17:03 PM org.hsm.control.Control logStart
INFO: Get raw list of students in {BK1.14} class
Nov 05, 2012 9:17:03 PM org.hsm.service.CoreService queryFull
INFO: Execute query SELECT * FROM get_raw_students_list_in_class(697)
Nov 05, 2012 9:17:03 PM org.hsm.control.Control logStart
INFO: Get raw list of students in {BK1.04} class
Nov 05, 2012 9:17:03 PM org.hsm.service.CoreService queryFull
INFO: Execute query SELECT * FROM get_raw_students_list_in_class(686)
Nov 05, 2012 9:17:04 PM org.hsm.control.Control logStart
INFO: Get raw list of students in {BK1.04} class
Nov 05, 2012 9:17:04 PM org.hsm.service.CoreService queryFull
INFO: Execute query SELECT * FROM get_raw_students_list_in_class(686)
Nov 05, 2012 9:17:05 PM org.hsm.control.Control logStart
INFO: Get raw list of students in {BK1.08} class
Nov 05, 2012 9:17:05 PM org.hsm.service.CoreService queryFull
INFO: Execute query SELECT * FROM get_raw_students_list_in_class(690)
Nov 05, 2012 9:17:05 PM org.hsm.control.Control logStart
INFO: Get raw list of students in {BK1.08} class
Nov 05, 2012 9:17:05 PM org.hsm.service.CoreService queryFull
INFO: Execute query SELECT * FROM get_raw_students_list_in_class(690)
Nov 05, 2012 9:17:06 PM org.hsm.control.Control logStart
INFO: Get statistic information of student {Phan Quốc Cường}
Nov 05, 2012 9:17:06 PM org.hsm.service.CoreService queryFull
INFO: Execute query SELECT * FROM get_single_student_statistic8(38594)
Nov 05, 2012 9:17:06 PM org.hsm.control.Control logStart
INFO: Get full data of student {Phan Quốc Cường}
Nov 05, 2012 9:17:06 PM org.hsm.service.CoreService queryFull
INFO: Execute query SELECT * FROM get_full_data_student(38594)
Nov 05, 2012 9:17:06 PM org.hsm.control.Control logStart
INFO: Get city of district with id {522}
Nov 05, 2012 9:17:06 PM org.hsm.service.CoreService queryFull
INFO: Execute query SELECT * FROM get_city_of_district(522)
Nov 05, 2012 9:17:06 PM org.hsm.control.Control logStart
INFO: Get list of districts in city having id {43}
Nov 05, 2012 9:17:06 PM org.hsm.service.CoreService queryFull
INFO: Execute query SELECT * FROM get_raw_districts_in_city(43)
Nov 05, 2012 9:17:06 PM org.hsm.control.Control logStart
INFO: Get list of districts in city having id {43}
Nov 05, 2012 9:17:06 PM org.hsm.service.CoreService queryFull
INFO: Execute query SELECT * FROM get_raw_districts_in_city(43)
Nov 05, 2012 9:17:06 PM org.hsm.control.Control logStart
INFO: Get academic information of student {Phan Quốc Cường}
Nov 05, 2012 9:17:06 PM org.hsm.service.CoreService queryFull
INFO: Execute query SELECT * FROM get_academic_info(38594)
Nov 05, 2012 9:17:07 PM org.hsm.control.Control logStart
INFO: Get statistic information of student {Phan Quốc Cường}
Nov 05, 2012 9:17:07 PM org.hsm.service.CoreService queryFull
INFO: Execute query SELECT * FROM get_single_student_statistic8(38594)
Nov 05, 2012 9:17:07 PM org.hsm.control.Control logStart
INFO: Get full data of student {Phan Quốc Cường}
Nov 05, 2012 9:17:07 PM org.hsm.service.CoreService queryFull
INFO: Execute query SELECT * FROM get_full_data_student(38594)
Nov 05, 2012 9:17:07 PM org.hsm.control.Control logStart
INFO: Get city of district with id {522}
Nov 05, 2012 9:17:07 PM org.hsm.service.CoreService queryFull
INFO: Execute query SELECT * FROM get_city_of_district(522)
Nov 05, 2012 9:17:07 PM org.hsm.control.Control logStart
INFO: Get academic information of student {Phan Quốc Cường}
Nov 05, 2012 9:17:07 PM org.hsm.service.CoreService queryFull
INFO: Execute query SELECT * FROM get_academic_info(38594)
Nov 05, 2012 9:17:07 PM org.hsm.control.Control logStart
INFO: Get statistic information of student {Đặng Thành Du}
Nov 05, 2012 9:17:07 PM org.hsm.service.CoreService queryFull
INFO: Execute query SELECT * FROM get_single_student_statistic8(38600)
Nov 05, 2012 9:17:07 PM org.hsm.control.Control logStart
INFO: Get full data of student {Đặng Thành Du}
Nov 05, 2012 9:17:07 PM org.hsm.service.CoreService queryFull
INFO: Execute query SELECT * FROM get_full_data_student(38600)
Nov 05, 2012 9:17:07 PM org.hsm.control.Control logStart
INFO: Get city of district with id {184}
Nov 05, 2012 9:17:07 PM org.hsm.service.CoreService queryFull
INFO: Execute query SELECT * FROM get_city_of_district(184)
Nov 05, 2012 9:17:07 PM org.hsm.control.Control logStart
INFO: Get list of districts in city having id {53}
Nov 05, 2012 9:17:07 PM org.hsm.service.CoreService queryFull
INFO: Execute query SELECT * FROM get_raw_districts_in_city(53)
Nov 05, 2012 9:17:07 PM org.hsm.control.Control logStart
INFO: Get list of districts in city having id {53}
Nov 05, 2012 9:17:07 PM org.hsm.service.CoreService queryFull
INFO: Execute query SELECT * FROM get_raw_districts_in_city(53)
Nov 05, 2012 9:17:07 PM org.hsm.control.Control logStart
INFO: Get academic information of student {Đặng Thành Du}
Nov 05, 2012 9:17:07 PM org.hsm.service.CoreService queryFull
INFO: Execute query SELECT * FROM get_academic_info(38600)
Nov 05, 2012 9:17:07 PM org.hsm.control.Control logStart
INFO: Get statistic information of student {Đặng Thành Du}
Nov 05, 2012 9:17:07 PM org.hsm.service.CoreService queryFull
INFO: Execute query SELECT * FROM get_single_student_statistic8(38600)
Nov 05, 2012 9:17:07 PM org.hsm.control.Control logStart
INFO: Get full data of student {Đặng Thành Du}
Nov 05, 2012 9:17:07 PM org.hsm.service.CoreService queryFull
INFO: Execute query SELECT * FROM get_full_data_student(38600)
Nov 05, 2012 9:17:07 PM org.hsm.control.Control logStart
INFO: Get city of district with id {184}
Nov 05, 2012 9:17:07 PM org.hsm.service.CoreService queryFull
INFO: Execute query SELECT * FROM get_city_of_district(184)
Nov 05, 2012 9:17:07 PM org.hsm.control.Control logStart
INFO: Get academic information of student {Đặng Thành Du}
Nov 05, 2012 9:17:07 PM org.hsm.service.CoreService queryFull
INFO: Execute query SELECT * FROM get_academic_info(38600)
Nov 05, 2012 9:17:08 PM org.hsm.control.Control logStart
INFO: Get statistic information of student {Nguyễn Mạnh Hải}
Nov 05, 2012 9:17:08 PM org.hsm.service.CoreService queryFull
INFO: Execute query SELECT * FROM get_single_student_statistic8(38604)
Nov 05, 2012 9:17:08 PM org.hsm.control.Control logStart
INFO: Get full data of student {Nguyễn Mạnh Hải}
Nov 05, 2012 9:17:08 PM org.hsm.service.CoreService queryFull
INFO: Execute query SELECT * FROM get_full_data_student(38604)
Nov 05, 2012 9:17:08 PM org.hsm.control.Control logStart
INFO: Get city of district with id {487}
Nov 05, 2012 9:17:08 PM org.hsm.service.CoreService queryFull
INFO: Execute query SELECT * FROM get_city_of_district(487)
Nov 05, 2012 9:17:08 PM org.hsm.control.Control logStart
INFO: Get list of districts in city having id {40}
Nov 05, 2012 9:17:08 PM org.hsm.service.CoreService queryFull
INFO: Execute query SELECT * FROM get_raw_districts_in_city(40)
Nov 05, 2012 9:17:08 PM org.hsm.control.Control logStart
INFO: Get list of districts in city having id {40}
Nov 05, 2012 9:17:08 PM org.hsm.service.CoreService queryFull
INFO: Execute query SELECT * FROM get_raw_districts_in_city(40)
Nov 05, 2012 9:17:08 PM org.hsm.control.Control logStart
INFO: Get academic information of student {Nguyễn Mạnh Hải}
Nov 05, 2012 9:17:08 PM org.hsm.service.CoreService queryFull
INFO: Execute query SELECT * FROM get_academic_info(38604)
Nov 05, 2012 9:17:08 PM org.hsm.control.Control logStart
INFO: Get statistic information of student {Nguyễn Mạnh Hải}
Nov 05, 2012 9:17:08 PM org.hsm.service.CoreService queryFull
INFO: Execute query SELECT * FROM get_single_student_statistic8(38604)
Nov 05, 2012 9:17:08 PM org.hsm.control.Control logStart
INFO: Get full data of student {Nguyễn Mạnh Hải}
Nov 05, 2012 9:17:08 PM org.hsm.service.CoreService queryFull
INFO: Execute query SELECT * FROM get_full_data_student(38604)
Nov 05, 2012 9:17:08 PM org.hsm.control.Control logStart
INFO: Get city of district with id {487}
Nov 05, 2012 9:17:08 PM org.hsm.service.CoreService queryFull
INFO: Execute query SELECT * FROM get_city_of_district(487)
Nov 05, 2012 9:17:08 PM org.hsm.control.Control logStart
INFO: Get academic information of student {Nguyễn Mạnh Hải}
Nov 05, 2012 9:17:08 PM org.hsm.service.CoreService queryFull
INFO: Execute query SELECT * FROM get_academic_info(38604)
Nov 05, 2012 9:17:08 PM org.hsm.control.Control logStart
INFO: Get statistic information of student {Phạm Xuân Công}
Nov 05, 2012 9:17:08 PM org.hsm.service.CoreService queryFull
INFO: Execute query SELECT * FROM get_single_student_statistic8(38592)
Nov 05, 2012 9:17:08 PM org.hsm.control.Control logStart
INFO: Get full data of student {Phạm Xuân Công}
Nov 05, 2012 9:17:08 PM org.hsm.service.CoreService queryFull
INFO: Execute query SELECT * FROM get_full_data_student(38592)
Nov 05, 2012 9:17:08 PM org.hsm.control.Control logStart
INFO: Get city of district with id {457}
Nov 05, 2012 9:17:08 PM org.hsm.service.CoreService queryFull
INFO: Execute query SELECT * FROM get_city_of_district(457)
Nov 05, 2012 9:17:08 PM org.hsm.control.Control logStart
INFO: Get list of districts in city having id {55}
Nov 05, 2012 9:17:08 PM org.hsm.service.CoreService queryFull
INFO: Execute query SELECT * FROM get_raw_districts_in_city(55)
Nov 05, 2012 9:17:08 PM org.hsm.control.Control logStart
INFO: Get list of districts in city having id {55}
Nov 05, 2012 9:17:08 PM org.hsm.service.CoreService queryFull
INFO: Execute query SELECT * FROM get_raw_districts_in_city(55)
Nov 05, 2012 9:17:08 PM org.hsm.control.Control logStart
INFO: Get academic information of student {Phạm Xuân Công}
Nov 05, 2012 9:17:08 PM org.hsm.service.CoreService queryFull
INFO: Execute query SELECT * FROM get_academic_info(38592)
Nov 05, 2012 9:17:09 PM org.hsm.control.Control logStart
INFO: Get statistic information of student {Phạm Xuân Công}
Nov 05, 2012 9:17:09 PM org.hsm.service.CoreService queryFull
INFO: Execute query SELECT * FROM get_single_student_statistic8(38592)
Nov 05, 2012 9:17:09 PM org.hsm.control.Control logStart
INFO: Get full data of student {Phạm Xuân Công}
Nov 05, 2012 9:17:09 PM org.hsm.service.CoreService queryFull
INFO: Execute query SELECT * FROM get_full_data_student(38592)
Nov 05, 2012 9:17:09 PM org.hsm.control.Control logStart
INFO: Get city of district with id {457}
Nov 05, 2012 9:17:09 PM org.hsm.service.CoreService queryFull
INFO: Execute query SELECT * FROM get_city_of_district(457)
Nov 05, 2012 9:17:09 PM org.hsm.control.Control logStart
INFO: Get academic information of student {Phạm Xuân Công}
Nov 05, 2012 9:17:09 PM org.hsm.service.CoreService queryFull
INFO: Execute query SELECT * FROM get_academic_info(38592)
Nov 05, 2012 9:17:09 PM org.hsm.control.Control logStart
INFO: Get statistic information of student {Phạm Nguyên Tuấn Anh}
Nov 05, 2012 9:17:09 PM org.hsm.service.CoreService queryFull
INFO: Execute query SELECT * FROM get_single_student_statistic8(38588)
Nov 05, 2012 9:17:09 PM org.hsm.control.Control logStart
INFO: Get full data of student {Phạm Nguyên Tuấn Anh}
Nov 05, 2012 9:17:09 PM org.hsm.service.CoreService queryFull
INFO: Execute query SELECT * FROM get_full_data_student(38588)
Nov 05, 2012 9:17:09 PM org.hsm.control.Control logStart
INFO: Get city of district with id {34}
Nov 05, 2012 9:17:09 PM org.hsm.service.CoreService queryFull
INFO: Execute query SELECT * FROM get_city_of_district(34)
Nov 05, 2012 9:17:09 PM org.hsm.control.Control logStart
INFO: Get list of districts in city having id {37}
Nov 05, 2012 9:17:09 PM org.hsm.service.CoreService queryFull
INFO: Execute query SELECT * FROM get_raw_districts_in_city(37)
Nov 05, 2012 9:17:09 PM org.hsm.control.Control logStart
INFO: Get list of districts in city having id {37}
Nov 05, 2012 9:17:09 PM org.hsm.service.CoreService queryFull
INFO: Execute query SELECT * FROM get_raw_districts_in_city(37)
Nov 05, 2012 9:17:09 PM org.hsm.control.Control logStart
INFO: Get academic information of student {Phạm Nguyên Tuấn Anh}
Nov 05, 2012 9:17:09 PM org.hsm.service.CoreService queryFull
INFO: Execute query SELECT * FROM get_academic_info(38588)
Nov 05, 2012 9:17:09 PM org.hsm.control.Control logStart
INFO: Get statistic information of student {Phạm Nguyên Tuấn Anh}
Nov 05, 2012 9:17:09 PM org.hsm.service.CoreService queryFull
INFO: Execute query SELECT * FROM get_single_student_statistic8(38588)
Nov 05, 2012 9:17:09 PM org.hsm.control.Control logStart
INFO: Get full data of student {Phạm Nguyên Tuấn Anh}
Nov 05, 2012 9:17:09 PM org.hsm.service.CoreService queryFull
INFO: Execute query SELECT * FROM get_full_data_student(38588)
Nov 05, 2012 9:17:09 PM org.hsm.control.Control logStart
INFO: Get city of district with id {34}
Nov 05, 2012 9:17:09 PM org.hsm.service.CoreService queryFull
INFO: Execute query SELECT * FROM get_city_of_district(34)
Nov 05, 2012 9:17:09 PM org.hsm.control.Control logStart
INFO: Get academic information of student {Phạm Nguyên Tuấn Anh}
Nov 05, 2012 9:17:09 PM org.hsm.service.CoreService queryFull
INFO: Execute query SELECT * FROM get_academic_info(38588)
Nov 05, 2012 9:17:10 PM org.hsm.control.Control logStart
INFO: Update information of student {Phạm Nguyên Tuấn Anh}
Nov 05, 2012 9:17:10 PM org.hsm.service.CoreService queryFull
INFO: Execute query SELECT update_full_student('Phạm Nguyên Tuấn'::text, 'Anh'::text, true, 'Sun Jun 26 00:00:00 ICT 1994'::text, '20120042@student.hut.edu.vn
'::text, ''::text, ''::text, ''::text, 34, 0.0::double precision, 690, '20120042'::text, 2012, 38588)
Nov 05, 2012 9:17:13 PM org.hsm.control.Control logStart
INFO: Get raw list of students in {AS1} class
Nov 05, 2012 9:17:13 PM org.hsm.service.CoreService queryFull
INFO: Execute query SELECT * FROM get_raw_students_list_in_class(14)
Nov 05, 2012 9:17:14 PM org.hsm.control.Control logStart
INFO: Get raw list of students in {AS1} class
Nov 05, 2012 9:17:14 PM org.hsm.service.CoreService queryFull
INFO: Execute query SELECT * FROM get_raw_students_list_in_class(14)
Nov 05, 2012 9:17:14 PM org.hsm.control.Control logStart
INFO: Get raw list of students in {BK1.14} class
Nov 05, 2012 9:17:14 PM org.hsm.service.CoreService queryFull
INFO: Execute query SELECT * FROM get_raw_students_list_in_class(697)
Nov 05, 2012 9:17:15 PM org.hsm.control.Control logStart
INFO: Get raw list of students in {BK1.14} class
Nov 05, 2012 9:17:15 PM org.hsm.service.CoreService queryFull
INFO: Execute query SELECT * FROM get_raw_students_list_in_class(697)
Nov 05, 2012 9:17:21 PM org.hsm.control.Control logStart
INFO: Get raw list of students in {BK1.10} class
Nov 05, 2012 9:17:21 PM org.hsm.service.CoreService queryFull
INFO: Execute query SELECT * FROM get_raw_students_list_in_class(692)
Nov 05, 2012 9:17:21 PM org.hsm.control.Control logStart
INFO: Get raw list of students in {BK1.10} class
Nov 05, 2012 9:17:21 PM org.hsm.service.CoreService queryFull
INFO: Execute query SELECT * FROM get_raw_students_list_in_class(692)
Nov 05, 2012 9:17:37 PM org.hsm.control.Control fire
INFO: System exits
