Oct 14, 2012 11:14:12 PM org.hsm.control.Control start
INFO: System starts
Oct 14, 2012 11:14:12 PM org.hsm.control.Control start
INFO: Open login window
Oct 14, 2012 11:14:13 PM org.hsm.control.Control tryLogin
INFO: Try login
Oct 14, 2012 11:14:13 PM org.hsm.control.Control tryLogin
INFO: Login success
Oct 14, 2012 11:14:14 PM org.hsm.control.Control getData
INFO: Fetch class list
Oct 14, 2012 11:14:14 PM org.hsm.service.CoreService query
INFO: Execute query SELECT "CL#", "Name" FROM "Class"
ORDER BY "Name"
Oct 14, 2012 11:14:14 PM org.hsm.control.Control getData
INFO: Get list of cities
Oct 14, 2012 11:14:14 PM org.hsm.service.CoreService query
INFO: Execute query SELECT "CY#", "Name" FROM "City"
ORDER BY "Name"
Oct 14, 2012 11:14:14 PM org.hsm.control.Control getData
INFO: Get list of districts in city having id {1}
Oct 14, 2012 11:14:14 PM org.hsm.service.CoreService query
INFO: Execute query SELECT "DT#", "Name" FROM "District"
WHERE "CY#" = 1
ORDER BY "Name"
Oct 14, 2012 11:14:14 PM org.hsm.control.Control getData
INFO: Get list of class
Oct 14, 2012 11:14:14 PM org.hsm.service.CoreService query
INFO: Execute query SELECT "CL#", "Name" FROM "Class"
ORDER BY "Name"
Oct 14, 2012 11:14:14 PM org.hsm.control.Control getData
INFO: Get list of faculties
Oct 14, 2012 11:14:14 PM org.hsm.service.CoreService query
INFO: Execute query SELECT "FC#", "Name" FROM "Faculty" ORDER BY "Name"
Oct 14, 2012 11:14:15 PM org.hsm.control.Control getData
INFO: Get list of cities
Oct 14, 2012 11:14:15 PM org.hsm.service.CoreService query
INFO: Execute query SELECT "CY#", "Name" FROM "City"
ORDER BY "Name"
Oct 14, 2012 11:14:15 PM org.hsm.control.Control getData
INFO: Get list of districts in city having id {1}
Oct 14, 2012 11:14:15 PM org.hsm.service.CoreService query
INFO: Execute query SELECT "DT#", "Name" FROM "District"
WHERE "CY#" = 1
ORDER BY "Name"
Oct 14, 2012 11:14:15 PM org.hsm.control.Control getData
INFO: Get list of faculties
Oct 14, 2012 11:14:15 PM org.hsm.service.CoreService query
INFO: Execute query SELECT "FC#", "Name" FROM "Faculty" ORDER BY "Name"
Oct 14, 2012 11:14:15 PM org.hsm.control.Control getData
INFO: Get list of degrees
Oct 14, 2012 11:14:15 PM org.hsm.service.CoreService query
INFO: Execute query SELECT "DG#", "Name" FROM "Degree" ORDER BY "Name"
Oct 14, 2012 11:14:15 PM org.hsm.control.Control getData
INFO: Get list of cities
Oct 14, 2012 11:14:15 PM org.hsm.service.CoreService query
INFO: Execute query SELECT "CY#", "Name" FROM "City"
ORDER BY "Name"
Oct 14, 2012 11:14:15 PM org.hsm.control.Control getData
INFO: Get list of rooms
Oct 14, 2012 11:14:15 PM org.hsm.service.CoreService query
INFO: Execute query SELECT "RM#", "Name" FROM "Room" ORDER BY "Name"
Oct 14, 2012 11:14:15 PM org.hsm.control.Control getData
INFO: Get courses list
Oct 14, 2012 11:14:15 PM org.hsm.service.CoreService query
INFO: Execute query SELECT "CE#", "Name" FROM "Course" ORDER BY "Name"
Oct 14, 2012 11:14:15 PM org.hsm.control.Control tryLogin
INFO: Show main function window
Oct 14, 2012 11:14:21 PM org.hsm.control.Control getData
INFO: Get full data of course {New course}
Oct 14, 2012 11:14:21 PM org.hsm.service.CoreService query
INFO: Execute query SELECT * FROM "Course" WHERE "CE#" = 4
Oct 14, 2012 11:14:21 PM org.hsm.control.Control getData
INFO: Get full data of course {New course}
Oct 14, 2012 11:14:21 PM org.hsm.service.CoreService query
INFO: Execute query SELECT * FROM "Course" WHERE "CE#" = 4
Oct 14, 2012 11:14:21 PM org.hsm.control.Control getData
INFO: Get full data of course {Introduction to Information theorem}
Oct 14, 2012 11:14:21 PM org.hsm.service.CoreService query
INFO: Execute query SELECT * FROM "Course" WHERE "CE#" = 5
Oct 14, 2012 11:14:21 PM org.hsm.control.Control getData
INFO: Get full data of course {Introduction to Information theorem}
Oct 14, 2012 11:14:21 PM org.hsm.service.CoreService query
INFO: Execute query SELECT * FROM "Course" WHERE "CE#" = 5
Oct 14, 2012 11:14:25 PM org.hsm.control.Control getData
INFO: Get new district in city {Hà Tĩnh}
Oct 14, 2012 11:14:25 PM org.hsm.service.CoreService query
INFO: Execute query SELECT "DT#", "Name" FROM "District"
WHERE "CY#" = 25
ORDER BY "Name"
Oct 14, 2012 11:14:25 PM org.hsm.control.Control getData
INFO: Get new district in city {Hà Tĩnh}
Oct 14, 2012 11:14:25 PM org.hsm.service.CoreService query
INFO: Execute query SELECT "DT#", "Name" FROM "District"
WHERE "CY#" = 25
ORDER BY "Name"
Oct 14, 2012 11:14:28 PM org.hsm.control.Control getData
INFO: Get lecturers in faculty {Computer Engineering}
Oct 14, 2012 11:14:28 PM org.hsm.service.CoreService query
INFO: Execute query SELECT "CT#", "First", "Last"
FROM "Lecturer"
WHERE "FC#" = 38
ORDER BY "Last"
Oct 14, 2012 11:14:28 PM org.hsm.control.Control getData
INFO: Get lecturers in faculty {Computer Engineering}
Oct 14, 2012 11:14:28 PM org.hsm.service.CoreService query
INFO: Execute query SELECT "CT#", "First", "Last"
FROM "Lecturer"
WHERE "FC#" = 38
ORDER BY "Last"
Oct 14, 2012 11:14:30 PM org.hsm.control.Control getData
INFO: Get full data of lecturer {Ngô Duy Hòa}
Oct 14, 2012 11:14:30 PM org.hsm.service.CoreService query
INFO: Execute query SELECT * FROM "Lecturer" WHERE "CT#" = 55
Oct 14, 2012 11:14:30 PM org.hsm.control.Control getData
INFO: Get id of city for district with id {0}
Oct 14, 2012 11:14:30 PM org.hsm.service.CoreService query
INFO: Execute query SELECT "CY#" FROM "District" WHERE "DT#" = 0
Oct 14, 2012 11:14:30 PM org.hsm.control.Control getData
INFO: Get list of districts in city having id {0}
Oct 14, 2012 11:14:30 PM org.hsm.service.CoreService query
INFO: Execute query SELECT "DT#", "Name" FROM "District"
WHERE "CY#" = 0
ORDER BY "Name"
Oct 14, 2012 11:14:30 PM org.hsm.control.Control getData
INFO: Get list of districts in city having id {0}
Oct 14, 2012 11:14:30 PM org.hsm.service.CoreService query
INFO: Execute query SELECT "DT#", "Name" FROM "District"
WHERE "CY#" = 0
ORDER BY "Name"
Oct 14, 2012 11:14:30 PM org.hsm.control.Control getData
INFO: Get full data of lecturer {Ngô Duy Hòa}
Oct 14, 2012 11:14:30 PM org.hsm.service.CoreService query
INFO: Execute query SELECT * FROM "Lecturer" WHERE "CT#" = 55
Oct 14, 2012 11:14:30 PM org.hsm.control.Control getData
INFO: Get id of city for district with id {0}
Oct 14, 2012 11:14:30 PM org.hsm.service.CoreService query
INFO: Execute query SELECT "CY#" FROM "District" WHERE "DT#" = 0
Oct 14, 2012 11:14:31 PM org.hsm.control.Control getData
INFO: Get full data of lecturer {Đỗ Phan Thuận}
Oct 14, 2012 11:14:31 PM org.hsm.service.CoreService query
INFO: Execute query SELECT * FROM "Lecturer" WHERE "CT#" = 52
Oct 14, 2012 11:14:31 PM org.hsm.control.Control getData
INFO: Get id of city for district with id {0}
Oct 14, 2012 11:14:31 PM org.hsm.service.CoreService query
INFO: Execute query SELECT "CY#" FROM "District" WHERE "DT#" = 0
Oct 14, 2012 11:14:31 PM org.hsm.control.Control getData
INFO: Get full data of lecturer {Đỗ Phan Thuận}
Oct 14, 2012 11:14:31 PM org.hsm.service.CoreService query
INFO: Execute query SELECT * FROM "Lecturer" WHERE "CT#" = 52
Oct 14, 2012 11:14:31 PM org.hsm.control.Control getData
INFO: Get id of city for district with id {0}
Oct 14, 2012 11:14:31 PM org.hsm.service.CoreService query
INFO: Execute query SELECT "CY#" FROM "District" WHERE "DT#" = 0
Oct 14, 2012 11:14:31 PM org.hsm.control.Control getData
INFO: Get full data of lecturer {Phạm Quang Dũng}
Oct 14, 2012 11:14:31 PM org.hsm.service.CoreService query
INFO: Execute query SELECT * FROM "Lecturer" WHERE "CT#" = 60
Oct 14, 2012 11:14:31 PM org.hsm.control.Control getData
INFO: Get id of city for district with id {0}
Oct 14, 2012 11:14:31 PM org.hsm.service.CoreService query
INFO: Execute query SELECT "CY#" FROM "District" WHERE "DT#" = 0
Oct 14, 2012 11:14:31 PM org.hsm.control.Control getData
INFO: Get full data of lecturer {Phạm Quang Dũng}
Oct 14, 2012 11:14:31 PM org.hsm.service.CoreService query
INFO: Execute query SELECT * FROM "Lecturer" WHERE "CT#" = 60
Oct 14, 2012 11:14:31 PM org.hsm.control.Control getData
INFO: Get id of city for district with id {0}
Oct 14, 2012 11:14:31 PM org.hsm.service.CoreService query
INFO: Execute query SELECT "CY#" FROM "District" WHERE "DT#" = 0
Oct 14, 2012 11:14:35 PM org.hsm.control.Control fire
INFO: System exits
