Oct 11, 2012 2:14:31 AM org.hsm.control.Control start
INFO: System starts
Oct 11, 2012 2:14:31 AM org.hsm.control.Control start
INFO: Open login window
Oct 11, 2012 2:14:32 AM org.hsm.control.Control tryLogin
INFO: Try login
Oct 11, 2012 2:14:32 AM org.hsm.control.Control tryLogin
INFO: Login success
Oct 11, 2012 2:14:33 AM org.hsm.control.Control getData
INFO: Fetch class list
Oct 11, 2012 2:14:33 AM org.hsm.service.CoreService query
INFO: Execute query select "CL#", "Name" from "Class"
Oct 11, 2012 2:14:33 AM org.hsm.control.Control tryLogin
INFO: Show main function window
Oct 11, 2012 2:14:34 AM org.hsm.control.Control getData
INFO: Get raw list of students in {null} class
Oct 11, 2012 2:14:34 AM org.hsm.service.CoreService query
INFO: Execute query 
Oct 11, 2012 2:14:34 AM org.hsm.service.CoreService query
WARNING: No results were returned by the query.
Oct 11, 2012 2:14:34 AM org.hsm.control.Control getData
INFO: Get raw list of students in {null} class
Oct 11, 2012 2:14:34 AM org.hsm.service.CoreService query
INFO: Execute query 
Oct 11, 2012 2:14:34 AM org.hsm.service.CoreService query
WARNING: No results were returned by the query.
Oct 11, 2012 2:14:39 AM org.hsm.control.Control fire
INFO: System exits
