Oct 14, 2012 8:27:49 AM org.hsm.control.Control start
INFO: System starts
Oct 14, 2012 8:27:49 AM org.hsm.control.Control start
INFO: Open login window
Oct 14, 2012 8:27:50 AM org.hsm.control.Control tryLogin
INFO: Try login
Oct 14, 2012 8:27:50 AM org.hsm.control.Control tryLogin
INFO: Login success
Oct 14, 2012 8:27:51 AM org.hsm.control.Control getData
INFO: Fetch class list
Oct 14, 2012 8:27:51 AM org.hsm.service.CoreService query
INFO: Execute query SELECT "CL#", "Name" FROM "Class"
ORDER BY "Name"
Oct 14, 2012 8:27:51 AM org.hsm.control.Control getData
INFO: Get list of cities
Oct 14, 2012 8:27:51 AM org.hsm.service.CoreService query
INFO: Execute query SELECT "CY#", "Name" FROM "City"
ORDER BY "Name"
Oct 14, 2012 8:27:51 AM org.hsm.control.Control getData
INFO: Get list of districts in city having id {1}
Oct 14, 2012 8:27:51 AM org.hsm.service.CoreService query
INFO: Execute query SELECT "DT#", "Name" FROM "District"
WHERE "CY#" = 1
ORDER BY "Name"
Oct 14, 2012 8:27:51 AM org.hsm.control.Control getData
INFO: Get list of class
Oct 14, 2012 8:27:51 AM org.hsm.service.CoreService query
INFO: Execute query SELECT "CL#", "Name" FROM "Class"
ORDER BY "Name"
Oct 14, 2012 8:27:51 AM org.hsm.control.Control getData
INFO: Get list of faculties
Oct 14, 2012 8:27:51 AM org.hsm.service.CoreService query
INFO: Execute query SELECT "FC#", "Name" FROM "Faculty" ORDER BY "Name"
Oct 14, 2012 8:27:52 AM org.hsm.control.Control getData
INFO: Get list of cities
Oct 14, 2012 8:27:52 AM org.hsm.service.CoreService query
INFO: Execute query SELECT "CY#", "Name" FROM "City"
ORDER BY "Name"
Oct 14, 2012 8:27:52 AM org.hsm.control.Control getData
INFO: Get list of districts in city having id {1}
Oct 14, 2012 8:27:52 AM org.hsm.service.CoreService query
INFO: Execute query SELECT "DT#", "Name" FROM "District"
WHERE "CY#" = 1
ORDER BY "Name"
Oct 14, 2012 8:27:52 AM org.hsm.control.Control getData
INFO: Get list of faculties
Oct 14, 2012 8:27:52 AM org.hsm.service.CoreService query
INFO: Execute query SELECT "FC#", "Name" FROM "Faculty" ORDER BY "Name"
Oct 14, 2012 8:27:52 AM org.hsm.control.Control getData
INFO: Get list of degrees
Oct 14, 2012 8:27:52 AM org.hsm.service.CoreService query
INFO: Execute query SELECT "DG#", "Name" FROM "Degree" ORDER BY "Name"
Oct 14, 2012 8:27:52 AM org.hsm.control.Control getData
INFO: Get list of cities
Oct 14, 2012 8:27:52 AM org.hsm.service.CoreService query
INFO: Execute query SELECT "CY#", "Name" FROM "City"
ORDER BY "Name"
Oct 14, 2012 8:27:52 AM org.hsm.control.Control tryLogin
INFO: Show main function window
Oct 14, 2012 8:27:56 AM org.hsm.control.Control getData
INFO: Get lecturers in faculty {Biomedical Electronics Centre}
Oct 14, 2012 8:27:56 AM org.hsm.service.CoreService query
INFO: Execute query SELECT "CT#", "First", "Last"
FROM "Lecturer"
WHERE "FC#" = 5
ORDER BY "Last"
Oct 14, 2012 8:27:56 AM org.hsm.control.Control getData
INFO: Get lecturers in faculty {Biomedical Electronics Centre}
Oct 14, 2012 8:27:56 AM org.hsm.service.CoreService query
INFO: Execute query SELECT "CT#", "First", "Last"
FROM "Lecturer"
WHERE "FC#" = 5
ORDER BY "Last"
Oct 14, 2012 8:28:13 AM org.hsm.control.Control getData
INFO: Get lecturers in faculty {Department of Political Theory}
Oct 14, 2012 8:28:13 AM org.hsm.service.CoreService query
INFO: Execute query SELECT "CT#", "First", "Last"
FROM "Lecturer"
WHERE "FC#" = 14
ORDER BY "Last"
Oct 14, 2012 8:28:13 AM org.hsm.control.Control getData
INFO: Get lecturers in faculty {Department of Political Theory}
Oct 14, 2012 8:28:13 AM org.hsm.service.CoreService query
INFO: Execute query SELECT "CT#", "First", "Last"
FROM "Lecturer"
WHERE "FC#" = 14
ORDER BY "Last"
Oct 14, 2012 8:28:14 AM org.hsm.control.Control getData
INFO: Get lecturers in faculty {School of Electrical Engineering}
Oct 14, 2012 8:28:14 AM org.hsm.service.CoreService query
INFO: Execute query SELECT "CT#", "First", "Last"
FROM "Lecturer"
WHERE "FC#" = 24
ORDER BY "Last"
Oct 14, 2012 8:28:14 AM org.hsm.control.Control getData
INFO: Get lecturers in faculty {School of Electrical Engineering}
Oct 14, 2012 8:28:14 AM org.hsm.service.CoreService query
INFO: Execute query SELECT "CT#", "First", "Last"
FROM "Lecturer"
WHERE "FC#" = 24
ORDER BY "Last"
Oct 14, 2012 8:28:19 AM org.hsm.control.Control getData
INFO: Get lecturers in faculty {School of Transportation Engineering}
Oct 14, 2012 8:28:19 AM org.hsm.service.CoreService query
INFO: Execute query SELECT "CT#", "First", "Last"
FROM "Lecturer"
WHERE "FC#" = 34
ORDER BY "Last"
Oct 14, 2012 8:28:19 AM org.hsm.control.Control getData
INFO: Get lecturers in faculty {School of Transportation Engineering}
Oct 14, 2012 8:28:19 AM org.hsm.service.CoreService query
INFO: Execute query SELECT "CT#", "First", "Last"
FROM "Lecturer"
WHERE "FC#" = 34
ORDER BY "Last"
Oct 14, 2012 8:28:20 AM org.hsm.control.Control getData
INFO: Get lecturers in faculty {School of Heat Engineering and Refregeration}
Oct 14, 2012 8:28:20 AM org.hsm.service.CoreService query
INFO: Execute query SELECT "CT#", "First", "Last"
FROM "Lecturer"
WHERE "FC#" = 29
ORDER BY "Last"
Oct 14, 2012 8:28:20 AM org.hsm.control.Control getData
INFO: Get lecturers in faculty {School of Heat Engineering and Refregeration}
Oct 14, 2012 8:28:20 AM org.hsm.service.CoreService query
INFO: Execute query SELECT "CT#", "First", "Last"
FROM "Lecturer"
WHERE "FC#" = 29
ORDER BY "Last"
Oct 14, 2012 8:28:20 AM org.hsm.control.Control getData
INFO: Get lecturers in faculty {School of Transportation Engineering}
Oct 14, 2012 8:28:20 AM org.hsm.service.CoreService query
INFO: Execute query SELECT "CT#", "First", "Last"
FROM "Lecturer"
WHERE "FC#" = 34
ORDER BY "Last"
Oct 14, 2012 8:28:20 AM org.hsm.control.Control getData
INFO: Get lecturers in faculty {School of Transportation Engineering}
Oct 14, 2012 8:28:20 AM org.hsm.service.CoreService query
INFO: Execute query SELECT "CT#", "First", "Last"
FROM "Lecturer"
WHERE "FC#" = 34
ORDER BY "Last"
Oct 14, 2012 8:28:20 AM org.hsm.control.Control getData
INFO: Get lecturers in faculty {Information system}
Oct 14, 2012 8:28:20 AM org.hsm.service.CoreService query
INFO: Execute query SELECT "CT#", "First", "Last"
FROM "Lecturer"
WHERE "FC#" = 37
ORDER BY "Last"
Oct 14, 2012 8:28:21 AM org.hsm.control.Control getData
INFO: Get lecturers in faculty {Information system}
Oct 14, 2012 8:28:21 AM org.hsm.service.CoreService query
INFO: Execute query SELECT "CT#", "First", "Last"
FROM "Lecturer"
WHERE "FC#" = 37
ORDER BY "Last"
Oct 14, 2012 8:28:22 AM org.hsm.control.Control getData
INFO: Get full data of lecturer {Ngô Tuấn Phong}
Oct 14, 2012 8:28:22 AM org.hsm.service.CoreService query
INFO: Execute query SELECT * FROM "Lecturer" WHERE "CT#" = 67
Oct 14, 2012 8:28:22 AM org.hsm.control.Control getData
INFO: Get id of city for district with id {0}
Oct 14, 2012 8:28:22 AM org.hsm.service.CoreService query
INFO: Execute query SELECT "CY#" FROM "District" WHERE "DT#" = 0
Oct 14, 2012 8:28:22 AM org.hsm.control.Control getData
INFO: Get list of districts in city having id {0}
Oct 14, 2012 8:28:22 AM org.hsm.service.CoreService query
INFO: Execute query SELECT "DT#", "Name" FROM "District"
WHERE "CY#" = 0
ORDER BY "Name"
Oct 14, 2012 8:28:22 AM org.hsm.control.Control getData
INFO: Get list of districts in city having id {0}
Oct 14, 2012 8:28:22 AM org.hsm.service.CoreService query
INFO: Execute query SELECT "DT#", "Name" FROM "District"
WHERE "CY#" = 0
ORDER BY "Name"
Oct 14, 2012 8:28:22 AM org.hsm.control.Control getData
INFO: Get full data of lecturer {Ngô Tuấn Phong}
Oct 14, 2012 8:28:22 AM org.hsm.service.CoreService query
INFO: Execute query SELECT * FROM "Lecturer" WHERE "CT#" = 67
Oct 14, 2012 8:28:22 AM org.hsm.control.Control getData
INFO: Get id of city for district with id {0}
Oct 14, 2012 8:28:22 AM org.hsm.service.CoreService query
INFO: Execute query SELECT "CY#" FROM "District" WHERE "DT#" = 0
Oct 14, 2012 8:28:23 AM org.hsm.control.Control getData
INFO: Get full data of lecturer {ĐỖ THỊ NGỌC QUỲNH}
Oct 14, 2012 8:28:23 AM org.hsm.service.CoreService query
INFO: Execute query SELECT * FROM "Lecturer" WHERE "CT#" = 65
Oct 14, 2012 8:28:23 AM org.hsm.control.Control getData
INFO: Get id of city for district with id {0}
Oct 14, 2012 8:28:23 AM org.hsm.service.CoreService query
INFO: Execute query SELECT "CY#" FROM "District" WHERE "DT#" = 0
Oct 14, 2012 8:28:24 AM org.hsm.control.Control getData
INFO: Get full data of lecturer {ĐỖ THỊ NGỌC QUỲNH}
Oct 14, 2012 8:28:24 AM org.hsm.service.CoreService query
INFO: Execute query SELECT * FROM "Lecturer" WHERE "CT#" = 65
Oct 14, 2012 8:28:24 AM org.hsm.control.Control getData
INFO: Get id of city for district with id {0}
Oct 14, 2012 8:28:24 AM org.hsm.service.CoreService query
INFO: Execute query SELECT "CY#" FROM "District" WHERE "DT#" = 0
Oct 14, 2012 8:28:24 AM org.hsm.control.Control getData
INFO: Get full data of lecturer {Đỗ Ngọc Kiên}
Oct 14, 2012 8:28:24 AM org.hsm.service.CoreService query
INFO: Execute query SELECT * FROM "Lecturer" WHERE "CT#" = 69
Oct 14, 2012 8:28:24 AM org.hsm.control.Control getData
INFO: Get id of city for district with id {0}
Oct 14, 2012 8:28:24 AM org.hsm.service.CoreService query
INFO: Execute query SELECT "CY#" FROM "District" WHERE "DT#" = 0
Oct 14, 2012 8:28:24 AM org.hsm.control.Control getData
INFO: Get full data of lecturer {Đỗ Ngọc Kiên}
Oct 14, 2012 8:28:24 AM org.hsm.service.CoreService query
INFO: Execute query SELECT * FROM "Lecturer" WHERE "CT#" = 69
Oct 14, 2012 8:28:24 AM org.hsm.control.Control getData
INFO: Get id of city for district with id {0}
Oct 14, 2012 8:28:24 AM org.hsm.service.CoreService query
INFO: Execute query SELECT "CY#" FROM "District" WHERE "DT#" = 0
Oct 14, 2012 8:28:25 AM org.hsm.control.Control getData
INFO: Get full data of lecturer {Nguyễn Thị Oanh}
Oct 14, 2012 8:28:25 AM org.hsm.service.CoreService query
INFO: Execute query SELECT * FROM "Lecturer" WHERE "CT#" = 72
Oct 14, 2012 8:28:25 AM org.hsm.control.Control getData
INFO: Get id of city for district with id {0}
Oct 14, 2012 8:28:25 AM org.hsm.service.CoreService query
INFO: Execute query SELECT "CY#" FROM "District" WHERE "DT#" = 0
Oct 14, 2012 8:28:25 AM org.hsm.control.Control getData
INFO: Get full data of lecturer {Nguyễn Thị Oanh}
Oct 14, 2012 8:28:25 AM org.hsm.service.CoreService query
INFO: Execute query SELECT * FROM "Lecturer" WHERE "CT#" = 72
Oct 14, 2012 8:28:25 AM org.hsm.control.Control getData
INFO: Get id of city for district with id {0}
Oct 14, 2012 8:28:25 AM org.hsm.service.CoreService query
INFO: Execute query SELECT "CY#" FROM "District" WHERE "DT#" = 0
Oct 14, 2012 8:28:25 AM org.hsm.control.Control getData
INFO: Get full data of lecturer {Nguyễn Nhật Quang}
Oct 14, 2012 8:28:25 AM org.hsm.service.CoreService query
INFO: Execute query SELECT * FROM "Lecturer" WHERE "CT#" = 74
Oct 14, 2012 8:28:25 AM org.hsm.control.Control getData
INFO: Get id of city for district with id {0}
Oct 14, 2012 8:28:25 AM org.hsm.service.CoreService query
INFO: Execute query SELECT "CY#" FROM "District" WHERE "DT#" = 0
Oct 14, 2012 8:28:25 AM org.hsm.control.Control getData
INFO: Get full data of lecturer {Nguyễn Nhật Quang}
Oct 14, 2012 8:28:25 AM org.hsm.service.CoreService query
INFO: Execute query SELECT * FROM "Lecturer" WHERE "CT#" = 74
Oct 14, 2012 8:28:25 AM org.hsm.control.Control getData
INFO: Get id of city for district with id {0}
Oct 14, 2012 8:28:25 AM org.hsm.service.CoreService query
INFO: Execute query SELECT "CY#" FROM "District" WHERE "DT#" = 0
Oct 14, 2012 8:28:26 AM org.hsm.control.Control getData
INFO: Get full data of lecturer {Phạm Thị Phương Giang}
Oct 14, 2012 8:28:26 AM org.hsm.service.CoreService query
INFO: Execute query SELECT * FROM "Lecturer" WHERE "CT#" = 70
Oct 14, 2012 8:28:26 AM org.hsm.control.Control getData
INFO: Get id of city for district with id {0}
Oct 14, 2012 8:28:26 AM org.hsm.service.CoreService query
INFO: Execute query SELECT "CY#" FROM "District" WHERE "DT#" = 0
Oct 14, 2012 8:28:26 AM org.hsm.control.Control getData
INFO: Get full data of lecturer {Phạm Thị Phương Giang}
Oct 14, 2012 8:28:26 AM org.hsm.service.CoreService query
INFO: Execute query SELECT * FROM "Lecturer" WHERE "CT#" = 70
Oct 14, 2012 8:28:26 AM org.hsm.control.Control getData
INFO: Get id of city for district with id {0}
Oct 14, 2012 8:28:26 AM org.hsm.service.CoreService query
INFO: Execute query SELECT "CY#" FROM "District" WHERE "DT#" = 0
Oct 14, 2012 8:28:26 AM org.hsm.control.Control getData
INFO: Get full data of lecturer {Đào Trần Minh}
Oct 14, 2012 8:28:26 AM org.hsm.service.CoreService query
INFO: Execute query SELECT * FROM "Lecturer" WHERE "CT#" = 68
Oct 14, 2012 8:28:26 AM org.hsm.control.Control getData
INFO: Get id of city for district with id {0}
Oct 14, 2012 8:28:26 AM org.hsm.service.CoreService query
INFO: Execute query SELECT "CY#" FROM "District" WHERE "DT#" = 0
Oct 14, 2012 8:28:26 AM org.hsm.control.Control getData
INFO: Get full data of lecturer {Đào Trần Minh}
Oct 14, 2012 8:28:26 AM org.hsm.service.CoreService query
INFO: Execute query SELECT * FROM "Lecturer" WHERE "CT#" = 68
Oct 14, 2012 8:28:26 AM org.hsm.control.Control getData
INFO: Get id of city for district with id {0}
Oct 14, 2012 8:28:26 AM org.hsm.service.CoreService query
INFO: Execute query SELECT "CY#" FROM "District" WHERE "DT#" = 0
Oct 14, 2012 8:28:26 AM org.hsm.control.Control getData
INFO: Get full data of lecturer {Nguyễn Hồng Phương}
Oct 14, 2012 8:28:26 AM org.hsm.service.CoreService query
INFO: Execute query SELECT * FROM "Lecturer" WHERE "CT#" = 66
Oct 14, 2012 8:28:26 AM org.hsm.control.Control getData
INFO: Get id of city for district with id {0}
Oct 14, 2012 8:28:26 AM org.hsm.service.CoreService query
INFO: Execute query SELECT "CY#" FROM "District" WHERE "DT#" = 0
Oct 14, 2012 8:28:26 AM org.hsm.control.Control getData
INFO: Get full data of lecturer {Nguyễn Hồng Phương}
Oct 14, 2012 8:28:26 AM org.hsm.service.CoreService query
INFO: Execute query SELECT * FROM "Lecturer" WHERE "CT#" = 66
Oct 14, 2012 8:28:26 AM org.hsm.control.Control getData
INFO: Get id of city for district with id {0}
Oct 14, 2012 8:28:26 AM org.hsm.service.CoreService query
INFO: Execute query SELECT "CY#" FROM "District" WHERE "DT#" = 0
Oct 14, 2012 8:28:27 AM org.hsm.control.Control getData
INFO: Get full data of lecturer {Đỗ Đức Thành}
Oct 14, 2012 8:28:27 AM org.hsm.service.CoreService query
INFO: Execute query SELECT * FROM "Lecturer" WHERE "CT#" = 64
Oct 14, 2012 8:28:27 AM org.hsm.control.Control getData
INFO: Get id of city for district with id {0}
Oct 14, 2012 8:28:27 AM org.hsm.service.CoreService query
INFO: Execute query SELECT "CY#" FROM "District" WHERE "DT#" = 0
Oct 14, 2012 8:28:27 AM org.hsm.control.Control getData
INFO: Get full data of lecturer {Đỗ Đức Thành}
Oct 14, 2012 8:28:27 AM org.hsm.service.CoreService query
INFO: Execute query SELECT * FROM "Lecturer" WHERE "CT#" = 64
Oct 14, 2012 8:28:27 AM org.hsm.control.Control getData
INFO: Get id of city for district with id {0}
Oct 14, 2012 8:28:27 AM org.hsm.service.CoreService query
INFO: Execute query SELECT "CY#" FROM "District" WHERE "DT#" = 0
Oct 14, 2012 8:28:39 AM org.hsm.control.Control getData
INFO: Get full data of lecturer {Nguyễn Thị Oanh}
Oct 14, 2012 8:28:39 AM org.hsm.service.CoreService query
INFO: Execute query SELECT * FROM "Lecturer" WHERE "CT#" = 72
Oct 14, 2012 8:28:39 AM org.hsm.control.Control getData
INFO: Get id of city for district with id {0}
Oct 14, 2012 8:28:39 AM org.hsm.service.CoreService query
INFO: Execute query SELECT "CY#" FROM "District" WHERE "DT#" = 0
Oct 14, 2012 8:28:39 AM org.hsm.control.Control getData
INFO: Get full data of lecturer {Nguyễn Thị Oanh}
Oct 14, 2012 8:28:39 AM org.hsm.service.CoreService query
INFO: Execute query SELECT * FROM "Lecturer" WHERE "CT#" = 72
Oct 14, 2012 8:28:39 AM org.hsm.control.Control getData
INFO: Get id of city for district with id {0}
Oct 14, 2012 8:28:39 AM org.hsm.service.CoreService query
INFO: Execute query SELECT "CY#" FROM "District" WHERE "DT#" = 0
Oct 14, 2012 8:28:46 AM org.hsm.control.Control getData
INFO: Get full data of lecturer {Phạm Thị Phương Giang}
Oct 14, 2012 8:28:46 AM org.hsm.service.CoreService query
INFO: Execute query SELECT * FROM "Lecturer" WHERE "CT#" = 70
Oct 14, 2012 8:28:46 AM org.hsm.control.Control getData
INFO: Get id of city for district with id {0}
Oct 14, 2012 8:28:46 AM org.hsm.service.CoreService query
INFO: Execute query SELECT "CY#" FROM "District" WHERE "DT#" = 0
Oct 14, 2012 8:28:46 AM org.hsm.control.Control getData
INFO: Get full data of lecturer {Phạm Thị Phương Giang}
Oct 14, 2012 8:28:46 AM org.hsm.service.CoreService query
INFO: Execute query SELECT * FROM "Lecturer" WHERE "CT#" = 70
Oct 14, 2012 8:28:46 AM org.hsm.control.Control getData
INFO: Get id of city for district with id {0}
Oct 14, 2012 8:28:46 AM org.hsm.service.CoreService query
INFO: Execute query SELECT "CY#" FROM "District" WHERE "DT#" = 0
Oct 14, 2012 8:28:46 AM org.hsm.control.Control getData
INFO: Get full data of lecturer {Nguyễn Hồng Phương}
Oct 14, 2012 8:28:46 AM org.hsm.service.CoreService query
INFO: Execute query SELECT * FROM "Lecturer" WHERE "CT#" = 66
Oct 14, 2012 8:28:46 AM org.hsm.control.Control getData
INFO: Get id of city for district with id {0}
Oct 14, 2012 8:28:46 AM org.hsm.service.CoreService query
INFO: Execute query SELECT "CY#" FROM "District" WHERE "DT#" = 0
Oct 14, 2012 8:28:46 AM org.hsm.control.Control getData
INFO: Get full data of lecturer {Nguyễn Hồng Phương}
Oct 14, 2012 8:28:46 AM org.hsm.service.CoreService query
INFO: Execute query SELECT * FROM "Lecturer" WHERE "CT#" = 66
Oct 14, 2012 8:28:46 AM org.hsm.control.Control getData
INFO: Get id of city for district with id {0}
Oct 14, 2012 8:28:46 AM org.hsm.service.CoreService query
INFO: Execute query SELECT "CY#" FROM "District" WHERE "DT#" = 0
Oct 14, 2012 8:28:47 AM org.hsm.control.Control getData
INFO: Get full data of lecturer {Đỗ Đức Thành}
Oct 14, 2012 8:28:47 AM org.hsm.service.CoreService query
INFO: Execute query SELECT * FROM "Lecturer" WHERE "CT#" = 64
Oct 14, 2012 8:28:47 AM org.hsm.control.Control getData
INFO: Get id of city for district with id {0}
Oct 14, 2012 8:28:47 AM org.hsm.service.CoreService query
INFO: Execute query SELECT "CY#" FROM "District" WHERE "DT#" = 0
Oct 14, 2012 8:28:48 AM org.hsm.control.Control getData
INFO: Get full data of lecturer {Đỗ Đức Thành}
Oct 14, 2012 8:28:48 AM org.hsm.service.CoreService query
INFO: Execute query SELECT * FROM "Lecturer" WHERE "CT#" = 64
Oct 14, 2012 8:28:48 AM org.hsm.control.Control getData
INFO: Get id of city for district with id {0}
Oct 14, 2012 8:28:48 AM org.hsm.service.CoreService query
INFO: Execute query SELECT "CY#" FROM "District" WHERE "DT#" = 0
Oct 14, 2012 8:28:48 AM org.hsm.control.Control getData
INFO: Get full data of lecturer {Nguyễn Kim Anh}
Oct 14, 2012 8:28:48 AM org.hsm.service.CoreService query
INFO: Execute query SELECT * FROM "Lecturer" WHERE "CT#" = 78
Oct 14, 2012 8:28:48 AM org.hsm.control.Control getData
INFO: Get id of city for district with id {0}
Oct 14, 2012 8:28:48 AM org.hsm.service.CoreService query
INFO: Execute query SELECT "CY#" FROM "District" WHERE "DT#" = 0
Oct 14, 2012 8:28:49 AM org.hsm.control.Control getData
INFO: Get full data of lecturer {Nguyễn Kim Anh}
Oct 14, 2012 8:28:49 AM org.hsm.service.CoreService query
INFO: Execute query SELECT * FROM "Lecturer" WHERE "CT#" = 78
Oct 14, 2012 8:28:49 AM org.hsm.control.Control getData
INFO: Get id of city for district with id {0}
Oct 14, 2012 8:28:49 AM org.hsm.service.CoreService query
INFO: Execute query SELECT "CY#" FROM "District" WHERE "DT#" = 0
Oct 14, 2012 8:28:49 AM org.hsm.control.Control getData
INFO: Get full data of lecturer {Vũ Tuyết Trinh}
Oct 14, 2012 8:28:49 AM org.hsm.service.CoreService query
INFO: Execute query SELECT * FROM "Lecturer" WHERE "CT#" = 77
Oct 14, 2012 8:28:49 AM org.hsm.control.Control getData
INFO: Get id of city for district with id {0}
Oct 14, 2012 8:28:49 AM org.hsm.service.CoreService query
INFO: Execute query SELECT "CY#" FROM "District" WHERE "DT#" = 0
Oct 14, 2012 8:28:49 AM org.hsm.control.Control getData
INFO: Get full data of lecturer {Vũ Tuyết Trinh}
Oct 14, 2012 8:28:49 AM org.hsm.service.CoreService query
INFO: Execute query SELECT * FROM "Lecturer" WHERE "CT#" = 77
Oct 14, 2012 8:28:49 AM org.hsm.control.Control getData
INFO: Get id of city for district with id {0}
Oct 14, 2012 8:28:49 AM org.hsm.service.CoreService query
INFO: Execute query SELECT "CY#" FROM "District" WHERE "DT#" = 0
Oct 14, 2012 8:28:52 AM org.hsm.control.Control getData
INFO: Get full data of lecturer {Nguyễn Kim Anh}
Oct 14, 2012 8:28:52 AM org.hsm.service.CoreService query
INFO: Execute query SELECT * FROM "Lecturer" WHERE "CT#" = 78
Oct 14, 2012 8:28:52 AM org.hsm.control.Control getData
INFO: Get id of city for district with id {0}
Oct 14, 2012 8:28:52 AM org.hsm.service.CoreService query
INFO: Execute query SELECT "CY#" FROM "District" WHERE "DT#" = 0
Oct 14, 2012 8:28:52 AM org.hsm.control.Control getData
INFO: Get full data of lecturer {Nguyễn Kim Anh}
Oct 14, 2012 8:28:52 AM org.hsm.service.CoreService query
INFO: Execute query SELECT * FROM "Lecturer" WHERE "CT#" = 78
Oct 14, 2012 8:28:52 AM org.hsm.control.Control getData
INFO: Get id of city for district with id {0}
Oct 14, 2012 8:28:52 AM org.hsm.service.CoreService query
INFO: Execute query SELECT "CY#" FROM "District" WHERE "DT#" = 0
Oct 14, 2012 8:28:53 AM org.hsm.control.Control getData
INFO: Get full data of lecturer {Vũ Tuyết Trinh}
Oct 14, 2012 8:28:53 AM org.hsm.service.CoreService query
INFO: Execute query SELECT * FROM "Lecturer" WHERE "CT#" = 77
Oct 14, 2012 8:28:53 AM org.hsm.control.Control getData
INFO: Get id of city for district with id {0}
Oct 14, 2012 8:28:53 AM org.hsm.service.CoreService query
INFO: Execute query SELECT "CY#" FROM "District" WHERE "DT#" = 0
Oct 14, 2012 8:28:53 AM org.hsm.control.Control getData
INFO: Get full data of lecturer {Vũ Tuyết Trinh}
Oct 14, 2012 8:28:53 AM org.hsm.service.CoreService query
INFO: Execute query SELECT * FROM "Lecturer" WHERE "CT#" = 77
Oct 14, 2012 8:28:53 AM org.hsm.control.Control getData
INFO: Get id of city for district with id {0}
Oct 14, 2012 8:28:53 AM org.hsm.service.CoreService query
INFO: Execute query SELECT "CY#" FROM "District" WHERE "DT#" = 0
Oct 14, 2012 8:28:53 AM org.hsm.control.Control getData
INFO: Get full data of lecturer {Trần Đình Khang}
Oct 14, 2012 8:28:53 AM org.hsm.service.CoreService query
INFO: Execute query SELECT * FROM "Lecturer" WHERE "CT#" = 76
Oct 14, 2012 8:28:53 AM org.hsm.control.Control getData
INFO: Get id of city for district with id {0}
Oct 14, 2012 8:28:53 AM org.hsm.service.CoreService query
INFO: Execute query SELECT "CY#" FROM "District" WHERE "DT#" = 0
Oct 14, 2012 8:28:53 AM org.hsm.control.Control getData
INFO: Get full data of lecturer {Trần Đình Khang}
Oct 14, 2012 8:28:53 AM org.hsm.service.CoreService query
INFO: Execute query SELECT * FROM "Lecturer" WHERE "CT#" = 76
Oct 14, 2012 8:28:53 AM org.hsm.control.Control getData
INFO: Get id of city for district with id {0}
Oct 14, 2012 8:28:53 AM org.hsm.service.CoreService query
INFO: Execute query SELECT "CY#" FROM "District" WHERE "DT#" = 0
Oct 14, 2012 8:28:54 AM org.hsm.control.Control getData
INFO: Get full data of lecturer {Nguyễn Hữu Đức}
Oct 14, 2012 8:28:54 AM org.hsm.service.CoreService query
INFO: Execute query SELECT * FROM "Lecturer" WHERE "CT#" = 75
Oct 14, 2012 8:28:54 AM org.hsm.control.Control getData
INFO: Get id of city for district with id {0}
Oct 14, 2012 8:28:54 AM org.hsm.service.CoreService query
INFO: Execute query SELECT "CY#" FROM "District" WHERE "DT#" = 0
Oct 14, 2012 8:28:54 AM org.hsm.control.Control getData
INFO: Get full data of lecturer {Nguyễn Hữu Đức}
Oct 14, 2012 8:28:54 AM org.hsm.service.CoreService query
INFO: Execute query SELECT * FROM "Lecturer" WHERE "CT#" = 75
Oct 14, 2012 8:28:54 AM org.hsm.control.Control getData
INFO: Get id of city for district with id {0}
Oct 14, 2012 8:28:54 AM org.hsm.service.CoreService query
INFO: Execute query SELECT "CY#" FROM "District" WHERE "DT#" = 0
Oct 14, 2012 8:28:54 AM org.hsm.control.Control getData
INFO: Get full data of lecturer {Nguyễn Nhật Quang}
Oct 14, 2012 8:28:54 AM org.hsm.service.CoreService query
INFO: Execute query SELECT * FROM "Lecturer" WHERE "CT#" = 74
Oct 14, 2012 8:28:54 AM org.hsm.control.Control getData
INFO: Get id of city for district with id {0}
Oct 14, 2012 8:28:54 AM org.hsm.service.CoreService query
INFO: Execute query SELECT "CY#" FROM "District" WHERE "DT#" = 0
Oct 14, 2012 8:28:54 AM org.hsm.control.Control getData
INFO: Get full data of lecturer {Nguyễn Nhật Quang}
Oct 14, 2012 8:28:54 AM org.hsm.service.CoreService query
INFO: Execute query SELECT * FROM "Lecturer" WHERE "CT#" = 74
Oct 14, 2012 8:28:54 AM org.hsm.control.Control getData
INFO: Get id of city for district with id {0}
Oct 14, 2012 8:28:54 AM org.hsm.service.CoreService query
INFO: Execute query SELECT "CY#" FROM "District" WHERE "DT#" = 0
Oct 14, 2012 8:28:55 AM org.hsm.control.Control getData
INFO: Get full data of lecturer {Hoàng Minh Thức}
Oct 14, 2012 8:28:55 AM org.hsm.service.CoreService query
INFO: Execute query SELECT * FROM "Lecturer" WHERE "CT#" = 73
Oct 14, 2012 8:28:55 AM org.hsm.control.Control getData
INFO: Get id of city for district with id {0}
Oct 14, 2012 8:28:55 AM org.hsm.service.CoreService query
INFO: Execute query SELECT "CY#" FROM "District" WHERE "DT#" = 0
Oct 14, 2012 8:28:55 AM org.hsm.control.Control getData
INFO: Get full data of lecturer {Hoàng Minh Thức}
Oct 14, 2012 8:28:55 AM org.hsm.service.CoreService query
INFO: Execute query SELECT * FROM "Lecturer" WHERE "CT#" = 73
Oct 14, 2012 8:28:55 AM org.hsm.control.Control getData
INFO: Get id of city for district with id {0}
Oct 14, 2012 8:28:55 AM org.hsm.service.CoreService query
INFO: Execute query SELECT "CY#" FROM "District" WHERE "DT#" = 0
Oct 14, 2012 8:28:55 AM org.hsm.control.Control getData
INFO: Get full data of lecturer {Nguyễn Thị Oanh}
Oct 14, 2012 8:28:55 AM org.hsm.service.CoreService query
INFO: Execute query SELECT * FROM "Lecturer" WHERE "CT#" = 72
Oct 14, 2012 8:28:55 AM org.hsm.control.Control getData
INFO: Get id of city for district with id {0}
Oct 14, 2012 8:28:55 AM org.hsm.service.CoreService query
INFO: Execute query SELECT "CY#" FROM "District" WHERE "DT#" = 0
Oct 14, 2012 8:28:55 AM org.hsm.control.Control getData
INFO: Get full data of lecturer {Nguyễn Thị Oanh}
Oct 14, 2012 8:28:55 AM org.hsm.service.CoreService query
INFO: Execute query SELECT * FROM "Lecturer" WHERE "CT#" = 72
Oct 14, 2012 8:28:55 AM org.hsm.control.Control getData
INFO: Get id of city for district with id {0}
Oct 14, 2012 8:28:55 AM org.hsm.service.CoreService query
INFO: Execute query SELECT "CY#" FROM "District" WHERE "DT#" = 0
Oct 14, 2012 8:28:56 AM org.hsm.control.Control getData
INFO: Get full data of lecturer {Đỗ Bích Diệp}
Oct 14, 2012 8:28:56 AM org.hsm.service.CoreService query
INFO: Execute query SELECT * FROM "Lecturer" WHERE "CT#" = 71
Oct 14, 2012 8:28:56 AM org.hsm.control.Control getData
INFO: Get id of city for district with id {0}
Oct 14, 2012 8:28:56 AM org.hsm.service.CoreService query
INFO: Execute query SELECT "CY#" FROM "District" WHERE "DT#" = 0
Oct 14, 2012 8:28:56 AM org.hsm.control.Control getData
INFO: Get full data of lecturer {Đỗ Bích Diệp}
Oct 14, 2012 8:28:56 AM org.hsm.service.CoreService query
INFO: Execute query SELECT * FROM "Lecturer" WHERE "CT#" = 71
Oct 14, 2012 8:28:56 AM org.hsm.control.Control getData
INFO: Get id of city for district with id {0}
Oct 14, 2012 8:28:56 AM org.hsm.service.CoreService query
INFO: Execute query SELECT "CY#" FROM "District" WHERE "DT#" = 0
Oct 14, 2012 8:28:56 AM org.hsm.control.Control getData
INFO: Get full data of lecturer {Phạm Thị Phương Giang}
Oct 14, 2012 8:28:56 AM org.hsm.service.CoreService query
INFO: Execute query SELECT * FROM "Lecturer" WHERE "CT#" = 70
Oct 14, 2012 8:28:56 AM org.hsm.control.Control getData
INFO: Get id of city for district with id {0}
Oct 14, 2012 8:28:56 AM org.hsm.service.CoreService query
INFO: Execute query SELECT "CY#" FROM "District" WHERE "DT#" = 0
Oct 14, 2012 8:28:56 AM org.hsm.control.Control getData
INFO: Get full data of lecturer {Phạm Thị Phương Giang}
Oct 14, 2012 8:28:56 AM org.hsm.service.CoreService query
INFO: Execute query SELECT * FROM "Lecturer" WHERE "CT#" = 70
Oct 14, 2012 8:28:56 AM org.hsm.control.Control getData
INFO: Get id of city for district with id {0}
Oct 14, 2012 8:28:56 AM org.hsm.service.CoreService query
INFO: Execute query SELECT "CY#" FROM "District" WHERE "DT#" = 0
Oct 14, 2012 8:28:57 AM org.hsm.control.Control getData
INFO: Get full data of lecturer {Đỗ Ngọc Kiên}
Oct 14, 2012 8:28:57 AM org.hsm.service.CoreService query
INFO: Execute query SELECT * FROM "Lecturer" WHERE "CT#" = 69
Oct 14, 2012 8:28:57 AM org.hsm.control.Control getData
INFO: Get id of city for district with id {0}
Oct 14, 2012 8:28:57 AM org.hsm.service.CoreService query
INFO: Execute query SELECT "CY#" FROM "District" WHERE "DT#" = 0
Oct 14, 2012 8:28:57 AM org.hsm.control.Control getData
INFO: Get full data of lecturer {Đỗ Ngọc Kiên}
Oct 14, 2012 8:28:57 AM org.hsm.service.CoreService query
INFO: Execute query SELECT * FROM "Lecturer" WHERE "CT#" = 69
Oct 14, 2012 8:28:57 AM org.hsm.control.Control getData
INFO: Get id of city for district with id {0}
Oct 14, 2012 8:28:57 AM org.hsm.service.CoreService query
INFO: Execute query SELECT "CY#" FROM "District" WHERE "DT#" = 0
Oct 14, 2012 8:28:57 AM org.hsm.control.Control getData
INFO: Get full data of lecturer {Đào Trần Minh}
Oct 14, 2012 8:28:57 AM org.hsm.service.CoreService query
INFO: Execute query SELECT * FROM "Lecturer" WHERE "CT#" = 68
Oct 14, 2012 8:28:57 AM org.hsm.control.Control getData
INFO: Get id of city for district with id {0}
Oct 14, 2012 8:28:57 AM org.hsm.service.CoreService query
INFO: Execute query SELECT "CY#" FROM "District" WHERE "DT#" = 0
Oct 14, 2012 8:28:57 AM org.hsm.control.Control getData
INFO: Get full data of lecturer {Đào Trần Minh}
Oct 14, 2012 8:28:57 AM org.hsm.service.CoreService query
INFO: Execute query SELECT * FROM "Lecturer" WHERE "CT#" = 68
Oct 14, 2012 8:28:57 AM org.hsm.control.Control getData
INFO: Get id of city for district with id {0}
Oct 14, 2012 8:28:57 AM org.hsm.service.CoreService query
INFO: Execute query SELECT "CY#" FROM "District" WHERE "DT#" = 0
Oct 14, 2012 8:28:58 AM org.hsm.control.Control getData
INFO: Get full data of lecturer {Ngô Tuấn Phong}
Oct 14, 2012 8:28:58 AM org.hsm.service.CoreService query
INFO: Execute query SELECT * FROM "Lecturer" WHERE "CT#" = 67
Oct 14, 2012 8:28:58 AM org.hsm.control.Control getData
INFO: Get id of city for district with id {0}
Oct 14, 2012 8:28:58 AM org.hsm.service.CoreService query
INFO: Execute query SELECT "CY#" FROM "District" WHERE "DT#" = 0
Oct 14, 2012 8:28:58 AM org.hsm.control.Control getData
INFO: Get full data of lecturer {Ngô Tuấn Phong}
Oct 14, 2012 8:28:58 AM org.hsm.service.CoreService query
INFO: Execute query SELECT * FROM "Lecturer" WHERE "CT#" = 67
Oct 14, 2012 8:28:58 AM org.hsm.control.Control getData
INFO: Get id of city for district with id {0}
Oct 14, 2012 8:28:58 AM org.hsm.service.CoreService query
INFO: Execute query SELECT "CY#" FROM "District" WHERE "DT#" = 0
Oct 14, 2012 8:28:58 AM org.hsm.control.Control getData
INFO: Get full data of lecturer {Nguyễn Hồng Phương}
Oct 14, 2012 8:28:58 AM org.hsm.service.CoreService query
INFO: Execute query SELECT * FROM "Lecturer" WHERE "CT#" = 66
Oct 14, 2012 8:28:58 AM org.hsm.control.Control getData
INFO: Get id of city for district with id {0}
Oct 14, 2012 8:28:58 AM org.hsm.service.CoreService query
INFO: Execute query SELECT "CY#" FROM "District" WHERE "DT#" = 0
Oct 14, 2012 8:28:58 AM org.hsm.control.Control getData
INFO: Get full data of lecturer {Nguyễn Hồng Phương}
Oct 14, 2012 8:28:58 AM org.hsm.service.CoreService query
INFO: Execute query SELECT * FROM "Lecturer" WHERE "CT#" = 66
Oct 14, 2012 8:28:58 AM org.hsm.control.Control getData
INFO: Get id of city for district with id {0}
Oct 14, 2012 8:28:58 AM org.hsm.service.CoreService query
INFO: Execute query SELECT "CY#" FROM "District" WHERE "DT#" = 0
Oct 14, 2012 8:28:59 AM org.hsm.control.Control getData
INFO: Get full data of lecturer {ĐỖ THỊ NGỌC QUỲNH}
Oct 14, 2012 8:28:59 AM org.hsm.service.CoreService query
INFO: Execute query SELECT * FROM "Lecturer" WHERE "CT#" = 65
Oct 14, 2012 8:28:59 AM org.hsm.control.Control getData
INFO: Get id of city for district with id {0}
Oct 14, 2012 8:28:59 AM org.hsm.service.CoreService query
INFO: Execute query SELECT "CY#" FROM "District" WHERE "DT#" = 0
Oct 14, 2012 8:28:59 AM org.hsm.control.Control getData
INFO: Get full data of lecturer {ĐỖ THỊ NGỌC QUỲNH}
Oct 14, 2012 8:28:59 AM org.hsm.service.CoreService query
INFO: Execute query SELECT * FROM "Lecturer" WHERE "CT#" = 65
Oct 14, 2012 8:28:59 AM org.hsm.control.Control getData
INFO: Get id of city for district with id {0}
Oct 14, 2012 8:28:59 AM org.hsm.service.CoreService query
INFO: Execute query SELECT "CY#" FROM "District" WHERE "DT#" = 0
Oct 14, 2012 8:29:00 AM org.hsm.control.Control getData
INFO: Get full data of lecturer {Đỗ Đức Thành}
Oct 14, 2012 8:29:00 AM org.hsm.service.CoreService query
INFO: Execute query SELECT * FROM "Lecturer" WHERE "CT#" = 64
Oct 14, 2012 8:29:00 AM org.hsm.control.Control getData
INFO: Get id of city for district with id {0}
Oct 14, 2012 8:29:00 AM org.hsm.service.CoreService query
INFO: Execute query SELECT "CY#" FROM "District" WHERE "DT#" = 0
Oct 14, 2012 8:29:00 AM org.hsm.control.Control getData
INFO: Get full data of lecturer {Đỗ Đức Thành}
Oct 14, 2012 8:29:00 AM org.hsm.service.CoreService query
INFO: Execute query SELECT * FROM "Lecturer" WHERE "CT#" = 64
Oct 14, 2012 8:29:00 AM org.hsm.control.Control getData
INFO: Get id of city for district with id {0}
Oct 14, 2012 8:29:00 AM org.hsm.service.CoreService query
INFO: Execute query SELECT "CY#" FROM "District" WHERE "DT#" = 0
Oct 14, 2012 8:29:39 AM org.hsm.control.Control getData
INFO: Get full data of lecturer {Nguyễn Kim Anh}
Oct 14, 2012 8:29:39 AM org.hsm.service.CoreService query
INFO: Execute query SELECT * FROM "Lecturer" WHERE "CT#" = 78
Oct 14, 2012 8:29:39 AM org.hsm.control.Control getData
INFO: Get id of city for district with id {0}
Oct 14, 2012 8:29:39 AM org.hsm.service.CoreService query
INFO: Execute query SELECT "CY#" FROM "District" WHERE "DT#" = 0
Oct 14, 2012 8:29:39 AM org.hsm.control.Control getData
INFO: Get full data of lecturer {Nguyễn Kim Anh}
Oct 14, 2012 8:29:39 AM org.hsm.service.CoreService query
INFO: Execute query SELECT * FROM "Lecturer" WHERE "CT#" = 78
Oct 14, 2012 8:29:39 AM org.hsm.control.Control getData
INFO: Get id of city for district with id {0}
Oct 14, 2012 8:29:39 AM org.hsm.service.CoreService query
INFO: Execute query SELECT "CY#" FROM "District" WHERE "DT#" = 0
Oct 14, 2012 8:30:01 AM org.hsm.control.Control fire
INFO: System exits
