Oct 12, 2012 5:59:46 PM org.hsm.control.Control start
INFO: System starts
Oct 12, 2012 5:59:46 PM org.hsm.control.Control start
INFO: Open login window
Oct 12, 2012 5:59:47 PM org.hsm.control.Control tryLogin
INFO: Try login
Oct 12, 2012 5:59:47 PM org.hsm.control.Control tryLogin
INFO: Login success
Oct 12, 2012 5:59:48 PM org.hsm.control.Control getData
INFO: Fetch class list
Oct 12, 2012 5:59:48 PM org.hsm.service.CoreService query
INFO: Execute query SELECT "CL#", "Name" FROM "Class"
ORDER BY "Name"
Oct 12, 2012 5:59:48 PM org.hsm.control.Control tryLogin
INFO: Show main function window
Oct 12, 2012 5:59:50 PM org.hsm.control.Control getData
INFO: Get raw list of students in {Việt Nhật 5A} class
Oct 12, 2012 5:59:50 PM org.hsm.service.CoreService query
INFO: Execute query SELECT "CT#", "First", "Last" FROM "Student"
 WHERE "Student"."CL#" = 1
 ORDER BY "Last"
Oct 12, 2012 5:59:50 PM org.hsm.control.Control getData
INFO: Get raw list of students in {Việt Nhật 5A} class
Oct 12, 2012 5:59:50 PM org.hsm.service.CoreService query
INFO: Execute query SELECT "CT#", "First", "Last" FROM "Student"
 WHERE "Student"."CL#" = 1
 ORDER BY "Last"
Oct 12, 2012 5:59:51 PM org.hsm.control.Control getData
INFO: Get full data of student {Ngô Văn Dương}
Oct 12, 2012 5:59:51 PM org.hsm.service.CoreService query
INFO: Execute query SELECT * FROM "Student" WHERE "CT#" = 151
Oct 12, 2012 5:59:51 PM org.hsm.control.Control getData
INFO: Get full data of student {Ngô Văn Dương}
Oct 12, 2012 5:59:51 PM org.hsm.service.CoreService query
INFO: Execute query SELECT * FROM "Student" WHERE "CT#" = 151
Oct 12, 2012 5:59:52 PM org.hsm.control.Control getData
INFO: Get full data of student {Nguyễn Khắc Hải}
Oct 12, 2012 5:59:52 PM org.hsm.service.CoreService query
INFO: Execute query SELECT * FROM "Student" WHERE "CT#" = 159
Oct 12, 2012 5:59:53 PM org.hsm.control.Control getData
INFO: Get full data of student {Nguyễn Khắc Hải}
Oct 12, 2012 5:59:53 PM org.hsm.service.CoreService query
INFO: Execute query SELECT * FROM "Student" WHERE "CT#" = 159
Oct 12, 2012 5:59:59 PM org.hsm.control.Control fire
INFO: System exits
