Nov 23, 2012 1:12:29 PM org.hsm.control.Control start
INFO: System starts
Nov 23, 2012 1:12:30 PM org.hsm.control.Control start
INFO: Open login window
Nov 23, 2012 1:12:32 PM org.hsm.control.Control tryLogin
INFO: Try login
Nov 23, 2012 1:12:32 PM org.hsm.control.Control tryLogin
INFO: Login success
Nov 23, 2012 1:12:32 PM org.hsm.control.Control logStart
INFO: Fetch class list
Nov 23, 2012 1:12:32 PM org.hsm.service.CoreService queryFull
INFO: Execute query SELECT * FROM get_class_list()
Nov 23, 2012 1:12:33 PM org.hsm.control.Control logStart
INFO: Get list of cities
Nov 23, 2012 1:12:33 PM org.hsm.service.CoreService queryFull
INFO: Execute query SELECT * FROM get_city_list()
Nov 23, 2012 1:12:33 PM org.hsm.control.Control logStart
INFO: Get list of districts in city having id {1}
Nov 23, 2012 1:12:33 PM org.hsm.service.CoreService queryFull
INFO: Execute query SELECT * FROM get_raw_districts_in_city(1)
Nov 23, 2012 1:12:33 PM org.hsm.control.Control logStart
INFO: Get list of class
Nov 23, 2012 1:12:33 PM org.hsm.service.CoreService queryFull
INFO: Execute query SELECT * FROM get_class_list()
Nov 23, 2012 1:12:33 PM org.hsm.control.Control logStart
INFO: Get raw list of teaching classes
Nov 23, 2012 1:12:33 PM org.hsm.service.CoreService queryFull
INFO: Execute query SELECT * FROM get_raw_list_of_teaching_classes()
Nov 23, 2012 1:12:33 PM org.hsm.control.Control logStart
INFO: Get list of faculties
Nov 23, 2012 1:12:33 PM org.hsm.service.CoreService queryFull
INFO: Execute query SELECT * FROM get_faculty_list()
Nov 23, 2012 1:12:33 PM org.hsm.control.Control logStart
INFO: Get list of cities
Nov 23, 2012 1:12:33 PM org.hsm.service.CoreService queryFull
INFO: Execute query SELECT * FROM get_city_list()
Nov 23, 2012 1:12:33 PM org.hsm.control.Control logStart
INFO: Get list of districts in city having id {1}
Nov 23, 2012 1:12:33 PM org.hsm.service.CoreService queryFull
INFO: Execute query SELECT * FROM get_raw_districts_in_city(1)
Nov 23, 2012 1:12:33 PM org.hsm.control.Control logStart
INFO: Get list of faculties
Nov 23, 2012 1:12:33 PM org.hsm.service.CoreService queryFull
INFO: Execute query SELECT * FROM get_faculty_list()
Nov 23, 2012 1:12:33 PM org.hsm.control.Control logStart
INFO: Get list of degrees
Nov 23, 2012 1:12:33 PM org.hsm.service.CoreService queryFull
INFO: Execute query SELECT * FROM get_degree_list()
Nov 23, 2012 1:12:33 PM org.hsm.control.Control logStart
INFO: Get raw list of teaching classes
Nov 23, 2012 1:12:33 PM org.hsm.service.CoreService queryFull
INFO: Execute query SELECT * FROM get_raw_list_of_teaching_classes()
Nov 23, 2012 1:12:33 PM org.hsm.control.Control logStart
INFO: Get courses list
Nov 23, 2012 1:12:33 PM org.hsm.service.CoreService queryFull
INFO: Execute query SELECT * FROM get_raw_courses_list()
Nov 23, 2012 1:12:33 PM org.hsm.control.Control logStart
INFO: Get list of all lecturers
Nov 23, 2012 1:12:34 PM org.hsm.service.CoreService queryFull
INFO: Execute query SELECT * FROM get_all_lecturers()
Nov 23, 2012 1:12:34 PM org.hsm.control.Control logStart
INFO: Get list of rooms
Nov 23, 2012 1:12:34 PM org.hsm.service.CoreService queryFull
INFO: Execute query SELECT * FROM get_room_list()
Nov 23, 2012 1:12:34 PM org.hsm.control.Control logStart
INFO: Get list of cities
Nov 23, 2012 1:12:34 PM org.hsm.service.CoreService queryFull
INFO: Execute query SELECT * FROM get_city_list()
Nov 23, 2012 1:12:34 PM org.hsm.control.Control logStart
INFO: Get list of rooms
Nov 23, 2012 1:12:34 PM org.hsm.service.CoreService queryFull
INFO: Execute query SELECT * FROM get_room_list()
Nov 23, 2012 1:12:34 PM org.hsm.control.Control logStart
INFO: Get courses list
Nov 23, 2012 1:12:34 PM org.hsm.service.CoreService queryFull
INFO: Execute query SELECT * FROM get_raw_courses_list()
Nov 23, 2012 1:12:34 PM org.hsm.service.CoreService queryFull
INFO: Execute query SELECT * FROM get_table_info()
Nov 23, 2012 1:12:34 PM org.hsm.control.Control logStart
INFO: Get login information{host}
Nov 23, 2012 1:12:34 PM org.hsm.control.Control logStart
INFO: Get login information{port}
Nov 23, 2012 1:12:34 PM org.hsm.control.Control logStart
INFO: Get login information{database}
Nov 23, 2012 1:12:34 PM org.hsm.control.Control logStart
INFO: Get login information{username}
Nov 23, 2012 1:12:34 PM org.hsm.control.Control tryLogin
INFO: Show main function window
Nov 23, 2012 1:12:37 PM org.hsm.control.Control fire
INFO: System exits
