Oct 11, 2012 2:26:11 AM org.hsm.control.Control start
INFO: System starts
Oct 11, 2012 2:26:11 AM org.hsm.control.Control start
INFO: Open login window
Oct 11, 2012 2:26:12 AM org.hsm.control.Control tryLogin
INFO: Try login
Oct 11, 2012 2:26:12 AM org.hsm.control.Control tryLogin
INFO: Login success
Oct 11, 2012 2:26:12 AM org.hsm.control.Control getData
INFO: Fetch class list
Oct 11, 2012 2:26:12 AM org.hsm.service.CoreService query
INFO: Execute query select "CL#", "Name" from "Class"
Oct 11, 2012 2:26:13 AM org.hsm.control.Control tryLogin
INFO: Show main function window
Oct 11, 2012 2:26:14 AM org.hsm.control.Control getData
INFO: Get raw list of students in {null} class
Oct 11, 2012 2:26:14 AM org.hsm.service.CoreService query
INFO: Execute query SELECT "Student"."CT#" as "ID", "FirstName", "LastName" FROM "Student", "Contact" WHERE "Student"."CT#" = "Contact"."CT#" AND "Student"."CL#" = 1;
Oct 11, 2012 2:26:14 AM org.hsm.control.Control getData
INFO: Get raw list of students in {null} class
Oct 11, 2012 2:26:14 AM org.hsm.service.CoreService query
INFO: Execute query SELECT "Student"."CT#" as "ID", "FirstName", "LastName" FROM "Student", "Contact" WHERE "Student"."CT#" = "Contact"."CT#" AND "Student"."CL#" = 1;
Oct 11, 2012 2:26:44 AM org.hsm.control.Control getData
INFO: Remove class with id = {3}, name = {null}
Oct 11, 2012 2:26:44 AM org.hsm.service.CoreService update
INFO: Execute udpate
Oct 11, 2012 2:26:44 AM org.hsm.service.CoreService update
WARNING: ERROR: update or delete on table "Class" violates foreign key constraint "fk_class" on table "Student"
  Detail: Key (CL#)=(3) is still referenced from table "Student".
Oct 11, 2012 2:26:50 AM org.hsm.control.Control fire
INFO: System exits
