Oct 11, 2012 1:09:02 AM org.hsm.control.Control start
INFO: System starts
Oct 11, 2012 1:09:02 AM org.hsm.control.Control start
INFO: Open login window
Oct 11, 2012 1:09:03 AM org.hsm.control.Control tryLogin
INFO: Try login
Oct 11, 2012 1:09:03 AM org.hsm.control.Control tryLogin
INFO: Login success
Oct 11, 2012 1:09:03 AM org.hsm.control.Control getData
INFO: Fetch class list
Oct 11, 2012 1:09:03 AM org.hsm.service.CoreService query
INFO: Execute query select "CL#", "Name" from "Class"
Oct 11, 2012 1:09:03 AM org.hsm.control.Control tryLogin
INFO: Show main function window
Oct 11, 2012 1:09:19 AM org.hsm.control.Control getData
INFO: Create new class
Oct 11, 2012 1:09:19 AM org.hsm.service.CoreService query
INFO: Execute query insert into "Class"("Name") values(default) returning "CL#", "Name"
Oct 11, 2012 1:09:37 AM org.hsm.control.Control fire
INFO: System exits
