Oct 12, 2012 5:36:28 PM org.hsm.control.Control start
INFO: System starts
Oct 12, 2012 5:36:28 PM org.hsm.control.Control start
INFO: Open login window
Oct 12, 2012 5:36:30 PM org.hsm.control.Control tryLogin
INFO: Try login
Oct 12, 2012 5:36:30 PM org.hsm.control.Control tryLogin
INFO: Login success
Oct 12, 2012 5:36:31 PM org.hsm.control.Control getData
INFO: Fetch class list
Oct 12, 2012 5:36:31 PM org.hsm.service.CoreService query
INFO: Execute query SELECT "CL#", "Name" FROM "Class"
ORDER BY "Name"
Oct 12, 2012 5:36:32 PM org.hsm.control.Control tryLogin
INFO: Show main function window
Oct 12, 2012 5:36:35 PM org.hsm.control.Control getData
INFO: Get raw list of students in {N'x''''ezzzw class} class
Oct 12, 2012 5:36:35 PM org.hsm.service.CoreService query
INFO: Execute query SELECT "CT#", "First", "Last" FROM "Student"
 WHERE "Student"."CL#" = 8
 ORDER BY "Last"
Oct 12, 2012 5:36:36 PM org.hsm.control.Control getData
INFO: Get raw list of students in {N'x''''ezzzw class} class
Oct 12, 2012 5:36:36 PM org.hsm.service.CoreService query
INFO: Execute query SELECT "CT#", "First", "Last" FROM "Student"
 WHERE "Student"."CL#" = 8
 ORDER BY "Last"
