Oct 12, 2012 6:16:51 AM org.hsm.control.Control start
INFO: System starts
Oct 12, 2012 6:16:51 AM org.hsm.control.Control start
INFO: Open login window
Oct 12, 2012 6:16:52 AM org.hsm.control.Control tryLogin
INFO: Try login
Oct 12, 2012 6:16:53 AM org.hsm.control.Control tryLogin
INFO: Login success
Oct 12, 2012 6:16:53 AM org.hsm.control.Control getData
INFO: Fetch class list
Oct 12, 2012 6:16:53 AM org.hsm.service.CoreService query
INFO: Execute query SELECT "CL#", "Name" FROM "Class"
ORDER BY "Name"
Oct 12, 2012 6:16:53 AM org.hsm.control.Control tryLogin
INFO: Show main function window
Oct 12, 2012 6:16:54 AM org.hsm.control.Control getData
INFO: Get raw list of students in {New class} class
Oct 12, 2012 6:16:54 AM org.hsm.service.CoreService query
INFO: Execute query SELECT "CT#", "First", "Last" FROM "Student"
 WHERE "Student"."CL#" = 8
 ORDER BY "Last"
Oct 12, 2012 6:16:54 AM org.hsm.control.Control getData
INFO: Get raw list of students in {New class} class
Oct 12, 2012 6:16:54 AM org.hsm.service.CoreService query
INFO: Execute query SELECT "CT#", "First", "Last" FROM "Student"
 WHERE "Student"."CL#" = 8
 ORDER BY "Last"
Oct 12, 2012 6:16:57 AM org.hsm.control.Control getData
INFO: Change class's name from {New class} to {Nnew class}
Oct 12, 2012 6:16:57 AM org.hsm.service.CoreService update
INFO: Execute udpate UPDATE "Class"
 SET "Name" = 'Nnew class
WHERE "CL#" = 8
Oct 12, 2012 6:16:57 AM org.hsm.service.CoreService update
WARNING: ERROR: unterminated quoted string at or near "'Nnew class
WHERE "CL#" = 8"
  Position: 30
Oct 12, 2012 6:17:15 AM org.hsm.control.Control fire
INFO: System exits
