Oct 16, 2012 6:50:04 PM org.hsm.control.Control start
INFO: System starts
Oct 16, 2012 6:50:05 PM org.hsm.control.Control start
INFO: Open login window
Oct 16, 2012 6:50:07 PM org.hsm.control.Control tryLogin
INFO: Try login
Oct 16, 2012 6:50:08 PM org.hsm.control.Control tryLogin
INFO: Login success
Oct 16, 2012 6:50:08 PM org.hsm.control.Control getData
INFO: Fetch class list
Oct 16, 2012 6:50:08 PM org.hsm.service.CoreService query
INFO: Execute query SELECT "CL#", "Name" FROM "Class"
ORDER BY "Name"
Oct 16, 2012 6:50:09 PM org.hsm.control.Control getData
INFO: Get list of cities
Oct 16, 2012 6:50:09 PM org.hsm.service.CoreService query
INFO: Execute query SELECT "CY#", "Name" FROM "City"
ORDER BY "Name"
Oct 16, 2012 6:50:09 PM org.hsm.control.Control getData
INFO: Get list of districts in city having id {1}
Oct 16, 2012 6:50:09 PM org.hsm.service.CoreService query
INFO: Execute query SELECT "DT#", "Name" FROM "District"
WHERE "CY#" = 1
ORDER BY "Name"
Oct 16, 2012 6:50:10 PM org.hsm.control.Control getData
INFO: Get list of class
Oct 16, 2012 6:50:10 PM org.hsm.service.CoreService query
INFO: Execute query SELECT "CL#", "Name" FROM "Class"
ORDER BY "Name"
Oct 16, 2012 6:50:10 PM org.hsm.control.Control getData
INFO: Get list of faculties
Oct 16, 2012 6:50:10 PM org.hsm.service.CoreService query
INFO: Execute query SELECT "FC#", "Name" FROM "Faculty" ORDER BY "Name"
Oct 16, 2012 6:50:10 PM org.hsm.control.Control getData
INFO: Get list of cities
Oct 16, 2012 6:50:10 PM org.hsm.service.CoreService query
INFO: Execute query SELECT "CY#", "Name" FROM "City"
ORDER BY "Name"
Oct 16, 2012 6:50:10 PM org.hsm.control.Control getData
INFO: Get list of districts in city having id {1}
Oct 16, 2012 6:50:10 PM org.hsm.service.CoreService query
INFO: Execute query SELECT "DT#", "Name" FROM "District"
WHERE "CY#" = 1
ORDER BY "Name"
Oct 16, 2012 6:50:10 PM org.hsm.control.Control getData
INFO: Get list of faculties
Oct 16, 2012 6:50:10 PM org.hsm.service.CoreService query
INFO: Execute query SELECT "FC#", "Name" FROM "Faculty" ORDER BY "Name"
Oct 16, 2012 6:50:10 PM org.hsm.control.Control getData
INFO: Get list of degrees
Oct 16, 2012 6:50:10 PM org.hsm.service.CoreService query
INFO: Execute query SELECT "DG#", "Name" FROM "Degree" ORDER BY "Name"
Oct 16, 2012 6:50:11 PM org.hsm.control.Control getData
INFO: Get list of cities
Oct 16, 2012 6:50:11 PM org.hsm.service.CoreService query
INFO: Execute query SELECT "CY#", "Name" FROM "City"
ORDER BY "Name"
Oct 16, 2012 6:50:11 PM org.hsm.control.Control getData
INFO: Get list of rooms
Oct 16, 2012 6:50:11 PM org.hsm.service.CoreService query
INFO: Execute query SELECT "RM#", "Name" FROM "Room" ORDER BY "Name"
Oct 16, 2012 6:50:11 PM org.hsm.control.Control getData
INFO: Get courses list
Oct 16, 2012 6:50:11 PM org.hsm.service.CoreService query
INFO: Execute query SELECT "CE#", "Name" FROM "Course" ORDER BY "Name"
Oct 16, 2012 6:50:11 PM org.hsm.control.Control tryLogin
INFO: Show main function window
Oct 16, 2012 6:50:27 PM org.hsm.control.Control fire
INFO: System exits
