Oct 14, 2012 10:12:21 AM org.hsm.control.Control start
INFO: System starts
Oct 14, 2012 10:12:21 AM org.hsm.control.Control start
INFO: Open login window
Oct 14, 2012 10:12:22 AM org.hsm.control.Control tryLogin
INFO: Try login
Oct 14, 2012 10:12:22 AM org.hsm.control.Control tryLogin
INFO: Login success
Oct 14, 2012 10:12:23 AM org.hsm.control.Control getData
INFO: Fetch class list
Oct 14, 2012 10:12:23 AM org.hsm.service.CoreService query
INFO: Execute query SELECT "CL#", "Name" FROM "Class"
ORDER BY "Name"
Oct 14, 2012 10:12:23 AM org.hsm.control.Control getData
INFO: Get list of cities
Oct 14, 2012 10:12:23 AM org.hsm.service.CoreService query
INFO: Execute query SELECT "CY#", "Name" FROM "City"
ORDER BY "Name"
Oct 14, 2012 10:12:23 AM org.hsm.control.Control getData
INFO: Get list of districts in city having id {1}
Oct 14, 2012 10:12:23 AM org.hsm.service.CoreService query
INFO: Execute query SELECT "DT#", "Name" FROM "District"
WHERE "CY#" = 1
ORDER BY "Name"
Oct 14, 2012 10:12:23 AM org.hsm.control.Control getData
INFO: Get list of class
Oct 14, 2012 10:12:23 AM org.hsm.service.CoreService query
INFO: Execute query SELECT "CL#", "Name" FROM "Class"
ORDER BY "Name"
Oct 14, 2012 10:12:23 AM org.hsm.control.Control getData
INFO: Get list of faculties
Oct 14, 2012 10:12:23 AM org.hsm.service.CoreService query
INFO: Execute query SELECT "FC#", "Name" FROM "Faculty" ORDER BY "Name"
Oct 14, 2012 10:12:23 AM org.hsm.control.Control getData
INFO: Get list of cities
Oct 14, 2012 10:12:23 AM org.hsm.service.CoreService query
INFO: Execute query SELECT "CY#", "Name" FROM "City"
ORDER BY "Name"
Oct 14, 2012 10:12:24 AM org.hsm.control.Control getData
INFO: Get list of districts in city having id {1}
Oct 14, 2012 10:12:24 AM org.hsm.service.CoreService query
INFO: Execute query SELECT "DT#", "Name" FROM "District"
WHERE "CY#" = 1
ORDER BY "Name"
Oct 14, 2012 10:12:24 AM org.hsm.control.Control getData
INFO: Get list of faculties
Oct 14, 2012 10:12:24 AM org.hsm.service.CoreService query
INFO: Execute query SELECT "FC#", "Name" FROM "Faculty" ORDER BY "Name"
Oct 14, 2012 10:12:24 AM org.hsm.control.Control getData
INFO: Get list of degrees
Oct 14, 2012 10:12:24 AM org.hsm.service.CoreService query
INFO: Execute query SELECT "DG#", "Name" FROM "Degree" ORDER BY "Name"
Oct 14, 2012 10:12:24 AM org.hsm.control.Control getData
INFO: Get list of cities
Oct 14, 2012 10:12:24 AM org.hsm.service.CoreService query
INFO: Execute query SELECT "CY#", "Name" FROM "City"
ORDER BY "Name"
Oct 14, 2012 10:12:24 AM org.hsm.control.Control getData
INFO: Get list of rooms
Oct 14, 2012 10:12:24 AM org.hsm.service.CoreService query
INFO: Execute query SELECT "RM#", "Name" FROM "Room" ORDER BY "Name"
Oct 14, 2012 10:12:24 AM org.hsm.control.Control tryLogin
INFO: Show main function window
Oct 14, 2012 10:12:32 AM org.hsm.control.Control getData
INFO: Remove room {New room}
Oct 14, 2012 10:12:32 AM org.hsm.service.CoreService update
INFO: Execute udpate DELETE FROM "Room" WHERE "RM#" = 5
Oct 14, 2012 10:12:49 AM org.hsm.control.Control fire
INFO: System exits
