Oct 12, 2012 5:57:40 PM org.hsm.control.Control start
INFO: System starts
Oct 12, 2012 5:57:40 PM org.hsm.control.Control start
INFO: Open login window
Oct 12, 2012 5:57:42 PM org.hsm.control.Control tryLogin
INFO: Try login
Oct 12, 2012 5:57:42 PM org.hsm.control.Control tryLogin
INFO: Login success
Oct 12, 2012 5:57:42 PM org.hsm.control.Control getData
INFO: Fetch class list
Oct 12, 2012 5:57:42 PM org.hsm.service.CoreService query
INFO: Execute query SELECT "CL#", "Name" FROM "Class"
ORDER BY "Name"
Oct 12, 2012 5:57:43 PM org.hsm.control.Control tryLogin
INFO: Show main function window
Oct 12, 2012 5:57:44 PM org.hsm.control.Control getData
INFO: Get raw list of students in {Việt Nhật 5B} class
Oct 12, 2012 5:57:44 PM org.hsm.service.CoreService query
INFO: Execute query SELECT "CT#", "First", "Last" FROM "Student"
 WHERE "Student"."CL#" = 2
 ORDER BY "Last"
Oct 12, 2012 5:57:44 PM org.hsm.control.Control getData
INFO: Get raw list of students in {Việt Nhật 5B} class
Oct 12, 2012 5:57:44 PM org.hsm.service.CoreService query
INFO: Execute query SELECT "CT#", "First", "Last" FROM "Student"
 WHERE "Student"."CL#" = 2
 ORDER BY "Last"
Oct 12, 2012 5:57:45 PM org.hsm.control.Control getData
INFO: Get full data of student {Nguyễn Đình Công}
Oct 12, 2012 5:57:45 PM org.hsm.service.CoreService query
INFO: Execute query SELECT * FROM "Student" WHERE "CT#" = 136
Oct 12, 2012 5:57:45 PM org.hsm.control.Control getData
INFO: Get full data of student {Nguyễn Đình Công}
Oct 12, 2012 5:57:45 PM org.hsm.service.CoreService query
INFO: Execute query SELECT * FROM "Student" WHERE "CT#" = 136
Oct 12, 2012 5:57:46 PM org.hsm.control.Control getData
INFO: Get full data of student {Trần Văn Mỹ}
Oct 12, 2012 5:57:46 PM org.hsm.service.CoreService query
INFO: Execute query SELECT * FROM "Student" WHERE "CT#" = 185
Oct 12, 2012 5:57:46 PM org.hsm.control.Control getData
INFO: Get full data of student {Trần Văn Mỹ}
Oct 12, 2012 5:57:46 PM org.hsm.service.CoreService query
INFO: Execute query SELECT * FROM "Student" WHERE "CT#" = 185
Oct 12, 2012 5:57:48 PM org.hsm.control.Control getData
INFO: Get full data of student {Nguyễn Thị Phương Thúy}
Oct 12, 2012 5:57:48 PM org.hsm.service.CoreService query
INFO: Execute query SELECT * FROM "Student" WHERE "CT#" = 214
Oct 12, 2012 5:57:49 PM org.hsm.control.Control getData
INFO: Get full data of student {Nguyễn Thị Phương Thúy}
Oct 12, 2012 5:57:49 PM org.hsm.service.CoreService query
INFO: Execute query SELECT * FROM "Student" WHERE "CT#" = 214
Oct 12, 2012 5:57:49 PM org.hsm.control.Control getData
INFO: Get full data of student {Lưu Vĩnh Lộc}
Oct 12, 2012 5:57:49 PM org.hsm.service.CoreService query
INFO: Execute query SELECT * FROM "Student" WHERE "CT#" = 176
Oct 12, 2012 5:57:49 PM org.hsm.control.Control getData
INFO: Get full data of student {Lưu Vĩnh Lộc}
Oct 12, 2012 5:57:49 PM org.hsm.service.CoreService query
INFO: Execute query SELECT * FROM "Student" WHERE "CT#" = 176
Oct 12, 2012 5:57:50 PM org.hsm.control.Control getData
INFO: Get full data of student {Phạm Xuân Duy}
Oct 12, 2012 5:57:50 PM org.hsm.service.CoreService query
INFO: Execute query SELECT * FROM "Student" WHERE "CT#" = 154
Oct 12, 2012 5:57:50 PM org.hsm.control.Control getData
INFO: Get full data of student {Phạm Xuân Duy}
Oct 12, 2012 5:57:50 PM org.hsm.service.CoreService query
INFO: Execute query SELECT * FROM "Student" WHERE "CT#" = 154
Oct 12, 2012 5:57:50 PM org.hsm.control.Control getData
INFO: Get full data of student {Nguyễn Việt Đức}
Oct 12, 2012 5:57:50 PM org.hsm.service.CoreService query
INFO: Execute query SELECT * FROM "Student" WHERE "CT#" = 149
Oct 12, 2012 5:57:50 PM org.hsm.control.Control getData
INFO: Get full data of student {Nguyễn Việt Đức}
Oct 12, 2012 5:57:50 PM org.hsm.service.CoreService query
INFO: Execute query SELECT * FROM "Student" WHERE "CT#" = 149
Oct 12, 2012 5:57:51 PM org.hsm.control.Control getData
INFO: Get full data of student {Thạch Thọ Diên}
Oct 12, 2012 5:57:51 PM org.hsm.service.CoreService query
INFO: Execute query SELECT * FROM "Student" WHERE "CT#" = 144
Oct 12, 2012 5:57:51 PM org.hsm.control.Control getData
INFO: Get full data of student {Thạch Thọ Diên}
Oct 12, 2012 5:57:51 PM org.hsm.service.CoreService query
INFO: Execute query SELECT * FROM "Student" WHERE "CT#" = 144
Oct 12, 2012 5:57:51 PM org.hsm.control.Control getData
INFO: Get full data of student {Lưu Vĩnh Lộc}
Oct 12, 2012 5:57:51 PM org.hsm.service.CoreService query
INFO: Execute query SELECT * FROM "Student" WHERE "CT#" = 176
Oct 12, 2012 5:57:52 PM org.hsm.control.Control getData
INFO: Get full data of student {Lưu Vĩnh Lộc}
Oct 12, 2012 5:57:52 PM org.hsm.service.CoreService query
INFO: Execute query SELECT * FROM "Student" WHERE "CT#" = 176
Oct 12, 2012 5:57:52 PM org.hsm.control.Control getData
INFO: Get full data of student {Nguyễn Văn Quân}
Oct 12, 2012 5:57:52 PM org.hsm.service.CoreService query
INFO: Execute query SELECT * FROM "Student" WHERE "CT#" = 196
Oct 12, 2012 5:57:52 PM org.hsm.control.Control getData
INFO: Get full data of student {Nguyễn Văn Quân}
Oct 12, 2012 5:57:52 PM org.hsm.service.CoreService query
INFO: Execute query SELECT * FROM "Student" WHERE "CT#" = 196
Oct 12, 2012 5:57:52 PM org.hsm.control.Control getData
INFO: Get full data of student {Nguyễn Thị Phương Thúy}
Oct 12, 2012 5:57:52 PM org.hsm.service.CoreService query
INFO: Execute query SELECT * FROM "Student" WHERE "CT#" = 214
Oct 12, 2012 5:57:52 PM org.hsm.control.Control getData
INFO: Get full data of student {Nguyễn Thị Phương Thúy}
Oct 12, 2012 5:57:52 PM org.hsm.service.CoreService query
INFO: Execute query SELECT * FROM "Student" WHERE "CT#" = 214
Oct 12, 2012 5:57:55 PM org.hsm.control.Control getData
INFO: Get full data of student {Trần Văn Mỹ}
Oct 12, 2012 5:57:55 PM org.hsm.service.CoreService query
INFO: Execute query SELECT * FROM "Student" WHERE "CT#" = 185
Oct 12, 2012 5:57:55 PM org.hsm.control.Control getData
INFO: Get full data of student {Trần Văn Mỹ}
Oct 12, 2012 5:57:55 PM org.hsm.service.CoreService query
INFO: Execute query SELECT * FROM "Student" WHERE "CT#" = 185
Oct 12, 2012 5:57:55 PM org.hsm.control.Control getData
INFO: Get full data of student {Nguyễn Thị Phương Thúy}
Oct 12, 2012 5:57:55 PM org.hsm.service.CoreService query
INFO: Execute query SELECT * FROM "Student" WHERE "CT#" = 214
Oct 12, 2012 5:57:55 PM org.hsm.control.Control getData
INFO: Get full data of student {Nguyễn Thị Phương Thúy}
Oct 12, 2012 5:57:55 PM org.hsm.service.CoreService query
INFO: Execute query SELECT * FROM "Student" WHERE "CT#" = 214
Oct 12, 2012 5:57:56 PM org.hsm.control.Control getData
INFO: Get full data of student {Nguyễn Ngọc Trung}
Oct 12, 2012 5:57:56 PM org.hsm.service.CoreService query
INFO: Execute query SELECT * FROM "Student" WHERE "CT#" = 220
Oct 12, 2012 5:57:56 PM org.hsm.control.Control getData
INFO: Get full data of student {Nguyễn Ngọc Trung}
Oct 12, 2012 5:57:56 PM org.hsm.service.CoreService query
INFO: Execute query SELECT * FROM "Student" WHERE "CT#" = 220
Oct 12, 2012 5:57:56 PM org.hsm.control.Control getData
INFO: Get full data of student {Trần Đức Phong}
Oct 12, 2012 5:57:56 PM org.hsm.service.CoreService query
INFO: Execute query SELECT * FROM "Student" WHERE "CT#" = 189
Oct 12, 2012 5:57:56 PM org.hsm.control.Control getData
INFO: Get full data of student {Trần Đức Phong}
Oct 12, 2012 5:57:56 PM org.hsm.service.CoreService query
INFO: Execute query SELECT * FROM "Student" WHERE "CT#" = 189
Oct 12, 2012 5:57:57 PM org.hsm.control.Control getData
INFO: Get full data of student {Phạm Xuân Duy}
Oct 12, 2012 5:57:57 PM org.hsm.service.CoreService query
INFO: Execute query SELECT * FROM "Student" WHERE "CT#" = 154
Oct 12, 2012 5:57:57 PM org.hsm.control.Control getData
INFO: Get full data of student {Phạm Xuân Duy}
Oct 12, 2012 5:57:57 PM org.hsm.service.CoreService query
INFO: Execute query SELECT * FROM "Student" WHERE "CT#" = 154
Oct 12, 2012 5:57:57 PM org.hsm.control.Control getData
INFO: Get full data of student {Thạch Thọ Diên}
Oct 12, 2012 5:57:57 PM org.hsm.service.CoreService query
INFO: Execute query SELECT * FROM "Student" WHERE "CT#" = 144
Oct 12, 2012 5:57:57 PM org.hsm.control.Control getData
INFO: Get full data of student {Thạch Thọ Diên}
Oct 12, 2012 5:57:57 PM org.hsm.service.CoreService query
INFO: Execute query SELECT * FROM "Student" WHERE "CT#" = 144
Oct 12, 2012 5:57:58 PM org.hsm.control.Control getData
INFO: Get full data of student {Nguyễn Đình Công}
Oct 12, 2012 5:57:58 PM org.hsm.service.CoreService query
INFO: Execute query SELECT * FROM "Student" WHERE "CT#" = 136
Oct 12, 2012 5:57:58 PM org.hsm.control.Control getData
INFO: Get full data of student {Nguyễn Đình Công}
Oct 12, 2012 5:57:58 PM org.hsm.service.CoreService query
INFO: Execute query SELECT * FROM "Student" WHERE "CT#" = 136
Oct 12, 2012 5:57:59 PM org.hsm.control.Control getData
INFO: Get full data of student {Phạm Trần Huỳnh}
Oct 12, 2012 5:57:59 PM org.hsm.service.CoreService query
INFO: Execute query SELECT * FROM "Student" WHERE "CT#" = 234
Oct 12, 2012 5:57:59 PM org.hsm.control.Control getData
INFO: Get full data of student {Phạm Trần Huỳnh}
Oct 12, 2012 5:57:59 PM org.hsm.service.CoreService query
INFO: Execute query SELECT * FROM "Student" WHERE "CT#" = 234
Oct 12, 2012 5:58:07 PM org.hsm.control.Control getData
INFO: Get full data of student {Lưu Xuân Trọng}
Oct 12, 2012 5:58:07 PM org.hsm.service.CoreService query
INFO: Execute query SELECT * FROM "Student" WHERE "CT#" = 219
Oct 12, 2012 5:58:07 PM org.hsm.control.Control getData
INFO: Get full data of student {Lưu Xuân Trọng}
Oct 12, 2012 5:58:07 PM org.hsm.service.CoreService query
INFO: Execute query SELECT * FROM "Student" WHERE "CT#" = 219
Oct 12, 2012 5:58:08 PM org.hsm.control.Control getData
INFO: Get full data of student {Nguyễn Trung Lâm}
Oct 12, 2012 5:58:08 PM org.hsm.service.CoreService query
INFO: Execute query SELECT * FROM "Student" WHERE "CT#" = 236
Oct 12, 2012 5:58:08 PM org.hsm.control.Control getData
INFO: Get full data of student {Nguyễn Trung Lâm}
Oct 12, 2012 5:58:08 PM org.hsm.service.CoreService query
INFO: Execute query SELECT * FROM "Student" WHERE "CT#" = 236
Oct 12, 2012 5:58:08 PM org.hsm.control.Control getData
INFO: Get full data of student {Ngô Duy Bằng}
Oct 12, 2012 5:58:08 PM org.hsm.service.CoreService query
INFO: Execute query SELECT * FROM "Student" WHERE "CT#" = 242
Oct 12, 2012 5:58:08 PM org.hsm.control.Control getData
INFO: Get full data of student {Ngô Duy Bằng}
Oct 12, 2012 5:58:08 PM org.hsm.service.CoreService query
INFO: Execute query SELECT * FROM "Student" WHERE "CT#" = 242
Oct 12, 2012 5:58:09 PM org.hsm.control.Control getData
INFO: Get full data of student {Bùi Minh Thự}
Oct 12, 2012 5:58:09 PM org.hsm.service.CoreService query
INFO: Execute query SELECT * FROM "Student" WHERE "CT#" = 212
Oct 12, 2012 5:58:09 PM org.hsm.control.Control getData
INFO: Get full data of student {Bùi Minh Thự}
Oct 12, 2012 5:58:09 PM org.hsm.service.CoreService query
INFO: Execute query SELECT * FROM "Student" WHERE "CT#" = 212
Oct 12, 2012 5:58:09 PM org.hsm.control.Control getData
INFO: Get full data of student {Phạm Xuân Duy}
Oct 12, 2012 5:58:09 PM org.hsm.service.CoreService query
INFO: Execute query SELECT * FROM "Student" WHERE "CT#" = 154
Oct 12, 2012 5:58:10 PM org.hsm.control.Control getData
INFO: Get full data of student {Phạm Xuân Duy}
Oct 12, 2012 5:58:10 PM org.hsm.service.CoreService query
INFO: Execute query SELECT * FROM "Student" WHERE "CT#" = 154
Oct 12, 2012 5:58:10 PM org.hsm.control.Control getData
INFO: Get full data of student {Đặng Đình Diện}
Oct 12, 2012 5:58:10 PM org.hsm.service.CoreService query
INFO: Execute query SELECT * FROM "Student" WHERE "CT#" = 145
Oct 12, 2012 5:58:10 PM org.hsm.control.Control getData
INFO: Get full data of student {Đặng Đình Diện}
Oct 12, 2012 5:58:10 PM org.hsm.service.CoreService query
INFO: Execute query SELECT * FROM "Student" WHERE "CT#" = 145
Oct 12, 2012 5:59:01 PM org.hsm.control.Control fire
INFO: System exits
