Oct 11, 2012 2:34:14 AM org.hsm.control.Control start
INFO: System starts
Oct 11, 2012 2:34:14 AM org.hsm.control.Control start
INFO: Open login window
Oct 11, 2012 2:34:23 AM org.hsm.control.Control tryLogin
INFO: Try login
Oct 11, 2012 2:34:23 AM org.hsm.control.Control tryLogin
INFO: Login success
Oct 11, 2012 2:34:24 AM org.hsm.control.Control getData
INFO: Fetch class list
Oct 11, 2012 2:34:24 AM org.hsm.service.CoreService query
INFO: Execute query select "CL#", "Name" from "Class"
Oct 11, 2012 2:34:24 AM org.hsm.control.Control tryLogin
INFO: Show main function window
Oct 11, 2012 2:34:35 AM org.hsm.control.Control getData
INFO: Get raw list of students in {Việt Nhật 5A} class
Oct 11, 2012 2:34:35 AM org.hsm.service.CoreService query
INFO: Execute query SELECT "Student"."CT#" as "ID", "FirstName", "LastName" FROM "Student", "Contact" WHERE "Student"."CT#" = "Contact"."CT#" AND "Student"."CL#" = 1;
Oct 11, 2012 2:34:36 AM org.hsm.control.Control getData
INFO: Get raw list of students in {Việt Nhật 5A} class
Oct 11, 2012 2:34:36 AM org.hsm.service.CoreService query
INFO: Execute query SELECT "Student"."CT#" as "ID", "FirstName", "LastName" FROM "Student", "Contact" WHERE "Student"."CT#" = "Contact"."CT#" AND "Student"."CL#" = 1;
Oct 11, 2012 2:34:45 AM org.hsm.control.Control getData
INFO: Get raw list of students in {Việt Nhật 5B} class
Oct 11, 2012 2:34:45 AM org.hsm.service.CoreService query
INFO: Execute query SELECT "Student"."CT#" as "ID", "FirstName", "LastName" FROM "Student", "Contact" WHERE "Student"."CT#" = "Contact"."CT#" AND "Student"."CL#" = 1;
Oct 11, 2012 2:34:45 AM org.hsm.control.Control getData
INFO: Get raw list of students in {Việt Nhật 5B} class
Oct 11, 2012 2:34:45 AM org.hsm.service.CoreService query
INFO: Execute query SELECT "Student"."CT#" as "ID", "FirstName", "LastName" FROM "Student", "Contact" WHERE "Student"."CT#" = "Contact"."CT#" AND "Student"."CL#" = 1;
Oct 11, 2012 2:34:46 AM org.hsm.control.Control getData
INFO: Get raw list of students in {Việt Nhật 5C} class
Oct 11, 2012 2:34:46 AM org.hsm.service.CoreService query
INFO: Execute query SELECT "Student"."CT#" as "ID", "FirstName", "LastName" FROM "Student", "Contact" WHERE "Student"."CT#" = "Contact"."CT#" AND "Student"."CL#" = 1;
Oct 11, 2012 2:34:46 AM org.hsm.control.Control getData
INFO: Get raw list of students in {Việt Nhật 5C} class
Oct 11, 2012 2:34:46 AM org.hsm.service.CoreService query
INFO: Execute query SELECT "Student"."CT#" as "ID", "FirstName", "LastName" FROM "Student", "Contact" WHERE "Student"."CT#" = "Contact"."CT#" AND "Student"."CL#" = 1;
Oct 11, 2012 2:34:47 AM org.hsm.control.Control getData
INFO: Get raw list of students in {Việt Nhật 5A} class
Oct 11, 2012 2:34:47 AM org.hsm.service.CoreService query
INFO: Execute query SELECT "Student"."CT#" as "ID", "FirstName", "LastName" FROM "Student", "Contact" WHERE "Student"."CT#" = "Contact"."CT#" AND "Student"."CL#" = 1;
Oct 11, 2012 2:34:47 AM org.hsm.control.Control getData
INFO: Get raw list of students in {Việt Nhật 5A} class
Oct 11, 2012 2:34:47 AM org.hsm.service.CoreService query
INFO: Execute query SELECT "Student"."CT#" as "ID", "FirstName", "LastName" FROM "Student", "Contact" WHERE "Student"."CT#" = "Contact"."CT#" AND "Student"."CL#" = 1;
Oct 11, 2012 2:34:48 AM org.hsm.control.Control getData
INFO: Get raw list of students in {Việt Nhật 5B} class
Oct 11, 2012 2:34:48 AM org.hsm.service.CoreService query
INFO: Execute query SELECT "Student"."CT#" as "ID", "FirstName", "LastName" FROM "Student", "Contact" WHERE "Student"."CT#" = "Contact"."CT#" AND "Student"."CL#" = 1;
Oct 11, 2012 2:34:48 AM org.hsm.control.Control getData
INFO: Get raw list of students in {Việt Nhật 5B} class
Oct 11, 2012 2:34:48 AM org.hsm.service.CoreService query
INFO: Execute query SELECT "Student"."CT#" as "ID", "FirstName", "LastName" FROM "Student", "Contact" WHERE "Student"."CT#" = "Contact"."CT#" AND "Student"."CL#" = 1;
Oct 11, 2012 2:34:50 AM org.hsm.control.Control getData
INFO: Get raw list of students in {Việt Nhật 5C} class
Oct 11, 2012 2:34:50 AM org.hsm.service.CoreService query
INFO: Execute query SELECT "Student"."CT#" as "ID", "FirstName", "LastName" FROM "Student", "Contact" WHERE "Student"."CT#" = "Contact"."CT#" AND "Student"."CL#" = 1;
Oct 11, 2012 2:34:50 AM org.hsm.control.Control getData
INFO: Get raw list of students in {Việt Nhật 5C} class
Oct 11, 2012 2:34:50 AM org.hsm.service.CoreService query
INFO: Execute query SELECT "Student"."CT#" as "ID", "FirstName", "LastName" FROM "Student", "Contact" WHERE "Student"."CT#" = "Contact"."CT#" AND "Student"."CL#" = 1;
Oct 11, 2012 2:34:51 AM org.hsm.control.Control getData
INFO: Get raw list of students in {Việt Nhật 5A} class
Oct 11, 2012 2:34:51 AM org.hsm.service.CoreService query
INFO: Execute query SELECT "Student"."CT#" as "ID", "FirstName", "LastName" FROM "Student", "Contact" WHERE "Student"."CT#" = "Contact"."CT#" AND "Student"."CL#" = 1;
Oct 11, 2012 2:34:51 AM org.hsm.control.Control getData
INFO: Get raw list of students in {Việt Nhật 5A} class
Oct 11, 2012 2:34:51 AM org.hsm.service.CoreService query
INFO: Execute query SELECT "Student"."CT#" as "ID", "FirstName", "LastName" FROM "Student", "Contact" WHERE "Student"."CT#" = "Contact"."CT#" AND "Student"."CL#" = 1;
Oct 11, 2012 2:34:52 AM org.hsm.control.Control getData
INFO: Get raw list of students in {Việt Nhật 5B} class
Oct 11, 2012 2:34:52 AM org.hsm.service.CoreService query
INFO: Execute query SELECT "Student"."CT#" as "ID", "FirstName", "LastName" FROM "Student", "Contact" WHERE "Student"."CT#" = "Contact"."CT#" AND "Student"."CL#" = 1;
Oct 11, 2012 2:34:52 AM org.hsm.control.Control getData
INFO: Get raw list of students in {Việt Nhật 5B} class
Oct 11, 2012 2:34:52 AM org.hsm.service.CoreService query
INFO: Execute query SELECT "Student"."CT#" as "ID", "FirstName", "LastName" FROM "Student", "Contact" WHERE "Student"."CT#" = "Contact"."CT#" AND "Student"."CL#" = 1;
Oct 11, 2012 2:34:52 AM org.hsm.control.Control getData
INFO: Get raw list of students in {Việt Nhật 5C} class
Oct 11, 2012 2:34:52 AM org.hsm.service.CoreService query
INFO: Execute query SELECT "Student"."CT#" as "ID", "FirstName", "LastName" FROM "Student", "Contact" WHERE "Student"."CT#" = "Contact"."CT#" AND "Student"."CL#" = 1;
Oct 11, 2012 2:34:52 AM org.hsm.control.Control getData
INFO: Get raw list of students in {Việt Nhật 5C} class
Oct 11, 2012 2:34:52 AM org.hsm.service.CoreService query
INFO: Execute query SELECT "Student"."CT#" as "ID", "FirstName", "LastName" FROM "Student", "Contact" WHERE "Student"."CT#" = "Contact"."CT#" AND "Student"."CL#" = 1;
Oct 11, 2012 2:34:56 AM org.hsm.control.Control getData
INFO: Get raw list of students in {Việt Nhật 5A} class
Oct 11, 2012 2:34:56 AM org.hsm.service.CoreService query
INFO: Execute query SELECT "Student"."CT#" as "ID", "FirstName", "LastName" FROM "Student", "Contact" WHERE "Student"."CT#" = "Contact"."CT#" AND "Student"."CL#" = 1;
Oct 11, 2012 2:34:56 AM org.hsm.control.Control getData
INFO: Get raw list of students in {Việt Nhật 5A} class
Oct 11, 2012 2:34:56 AM org.hsm.service.CoreService query
INFO: Execute query SELECT "Student"."CT#" as "ID", "FirstName", "LastName" FROM "Student", "Contact" WHERE "Student"."CT#" = "Contact"."CT#" AND "Student"."CL#" = 1;
Oct 11, 2012 2:34:56 AM org.hsm.control.Control getData
INFO: Get raw list of students in {Việt Nhật 5B} class
Oct 11, 2012 2:34:56 AM org.hsm.service.CoreService query
INFO: Execute query SELECT "Student"."CT#" as "ID", "FirstName", "LastName" FROM "Student", "Contact" WHERE "Student"."CT#" = "Contact"."CT#" AND "Student"."CL#" = 1;
Oct 11, 2012 2:34:56 AM org.hsm.control.Control getData
INFO: Get raw list of students in {Việt Nhật 5B} class
Oct 11, 2012 2:34:56 AM org.hsm.service.CoreService query
INFO: Execute query SELECT "Student"."CT#" as "ID", "FirstName", "LastName" FROM "Student", "Contact" WHERE "Student"."CT#" = "Contact"."CT#" AND "Student"."CL#" = 1;
Oct 11, 2012 2:34:57 AM org.hsm.control.Control getData
INFO: Get raw list of students in {Việt Nhật 5C} class
Oct 11, 2012 2:34:57 AM org.hsm.service.CoreService query
INFO: Execute query SELECT "Student"."CT#" as "ID", "FirstName", "LastName" FROM "Student", "Contact" WHERE "Student"."CT#" = "Contact"."CT#" AND "Student"."CL#" = 1;
Oct 11, 2012 2:34:57 AM org.hsm.control.Control getData
INFO: Get raw list of students in {Việt Nhật 5C} class
Oct 11, 2012 2:34:57 AM org.hsm.service.CoreService query
INFO: Execute query SELECT "Student"."CT#" as "ID", "FirstName", "LastName" FROM "Student", "Contact" WHERE "Student"."CT#" = "Contact"."CT#" AND "Student"."CL#" = 1;
Oct 11, 2012 2:34:58 AM org.hsm.control.Control getData
INFO: Get raw list of students in {Việt Nhật 5A} class
Oct 11, 2012 2:34:58 AM org.hsm.service.CoreService query
INFO: Execute query SELECT "Student"."CT#" as "ID", "FirstName", "LastName" FROM "Student", "Contact" WHERE "Student"."CT#" = "Contact"."CT#" AND "Student"."CL#" = 1;
Oct 11, 2012 2:34:58 AM org.hsm.control.Control getData
INFO: Get raw list of students in {Việt Nhật 5A} class
Oct 11, 2012 2:34:58 AM org.hsm.service.CoreService query
INFO: Execute query SELECT "Student"."CT#" as "ID", "FirstName", "LastName" FROM "Student", "Contact" WHERE "Student"."CT#" = "Contact"."CT#" AND "Student"."CL#" = 1;
Oct 11, 2012 2:34:58 AM org.hsm.control.Control getData
INFO: Get raw list of students in {Việt Nhật 5B} class
Oct 11, 2012 2:34:58 AM org.hsm.service.CoreService query
INFO: Execute query SELECT "Student"."CT#" as "ID", "FirstName", "LastName" FROM "Student", "Contact" WHERE "Student"."CT#" = "Contact"."CT#" AND "Student"."CL#" = 1;
Oct 11, 2012 2:34:58 AM org.hsm.control.Control getData
INFO: Get raw list of students in {Việt Nhật 5B} class
Oct 11, 2012 2:34:58 AM org.hsm.service.CoreService query
INFO: Execute query SELECT "Student"."CT#" as "ID", "FirstName", "LastName" FROM "Student", "Contact" WHERE "Student"."CT#" = "Contact"."CT#" AND "Student"."CL#" = 1;
Oct 11, 2012 2:34:59 AM org.hsm.control.Control getData
INFO: Get raw list of students in {Việt Nhật 5C} class
Oct 11, 2012 2:34:59 AM org.hsm.service.CoreService query
INFO: Execute query SELECT "Student"."CT#" as "ID", "FirstName", "LastName" FROM "Student", "Contact" WHERE "Student"."CT#" = "Contact"."CT#" AND "Student"."CL#" = 1;
Oct 11, 2012 2:34:59 AM org.hsm.control.Control getData
INFO: Get raw list of students in {Việt Nhật 5C} class
Oct 11, 2012 2:34:59 AM org.hsm.service.CoreService query
INFO: Execute query SELECT "Student"."CT#" as "ID", "FirstName", "LastName" FROM "Student", "Contact" WHERE "Student"."CT#" = "Contact"."CT#" AND "Student"."CL#" = 1;
Oct 11, 2012 2:34:59 AM org.hsm.control.Control getData
INFO: Get raw list of students in {Việt Nhật 5A} class
Oct 11, 2012 2:34:59 AM org.hsm.service.CoreService query
INFO: Execute query SELECT "Student"."CT#" as "ID", "FirstName", "LastName" FROM "Student", "Contact" WHERE "Student"."CT#" = "Contact"."CT#" AND "Student"."CL#" = 1;
Oct 11, 2012 2:34:59 AM org.hsm.control.Control getData
INFO: Get raw list of students in {Việt Nhật 5A} class
Oct 11, 2012 2:34:59 AM org.hsm.service.CoreService query
INFO: Execute query SELECT "Student"."CT#" as "ID", "FirstName", "LastName" FROM "Student", "Contact" WHERE "Student"."CT#" = "Contact"."CT#" AND "Student"."CL#" = 1;
Oct 11, 2012 2:35:00 AM org.hsm.control.Control getData
INFO: Get raw list of students in {Việt Nhật 5B} class
Oct 11, 2012 2:35:00 AM org.hsm.service.CoreService query
INFO: Execute query SELECT "Student"."CT#" as "ID", "FirstName", "LastName" FROM "Student", "Contact" WHERE "Student"."CT#" = "Contact"."CT#" AND "Student"."CL#" = 1;
Oct 11, 2012 2:35:00 AM org.hsm.control.Control getData
INFO: Get raw list of students in {Việt Nhật 5B} class
Oct 11, 2012 2:35:00 AM org.hsm.service.CoreService query
INFO: Execute query SELECT "Student"."CT#" as "ID", "FirstName", "LastName" FROM "Student", "Contact" WHERE "Student"."CT#" = "Contact"."CT#" AND "Student"."CL#" = 1;
Oct 11, 2012 2:35:00 AM org.hsm.control.Control getData
INFO: Get raw list of students in {Việt Nhật 5C} class
Oct 11, 2012 2:35:00 AM org.hsm.service.CoreService query
INFO: Execute query SELECT "Student"."CT#" as "ID", "FirstName", "LastName" FROM "Student", "Contact" WHERE "Student"."CT#" = "Contact"."CT#" AND "Student"."CL#" = 1;
Oct 11, 2012 2:35:00 AM org.hsm.control.Control getData
INFO: Get raw list of students in {Việt Nhật 5C} class
Oct 11, 2012 2:35:00 AM org.hsm.service.CoreService query
INFO: Execute query SELECT "Student"."CT#" as "ID", "FirstName", "LastName" FROM "Student", "Contact" WHERE "Student"."CT#" = "Contact"."CT#" AND "Student"."CL#" = 1;
Oct 11, 2012 2:35:06 AM org.hsm.control.Control fire
INFO: System exits
