Dec 14, 2012 1:48:23 PM org.hsm.control.Control start
INFO: System starts
Dec 14, 2012 1:48:24 PM org.hsm.control.Control start
INFO: Open login window
Dec 14, 2012 1:48:28 PM org.hsm.control.Control tryLogin
INFO: Try login
Dec 14, 2012 1:48:28 PM org.hsm.control.Control tryLogin
INFO: Login success
Dec 14, 2012 1:48:29 PM org.hsm.control.Control logStart
INFO: Fetch class list
Dec 14, 2012 1:48:29 PM org.hsm.service.CoreService queryFull
INFO: Execute query SELECT * FROM get_class_list()
Dec 14, 2012 1:48:29 PM org.hsm.control.Control logStart
INFO: Get list of cities
Dec 14, 2012 1:48:29 PM org.hsm.service.CoreService queryFull
INFO: Execute query SELECT * FROM get_city_list()
Dec 14, 2012 1:48:29 PM org.hsm.control.Control logStart
INFO: Get list of districts in city having id {1}
Dec 14, 2012 1:48:29 PM org.hsm.service.CoreService queryFull
INFO: Execute query SELECT * FROM get_raw_districts_in_city(1)
Dec 14, 2012 1:48:29 PM org.hsm.control.Control logStart
INFO: Get list of class
Dec 14, 2012 1:48:29 PM org.hsm.service.CoreService queryFull
INFO: Execute query SELECT * FROM get_class_list()
Dec 14, 2012 1:48:29 PM org.hsm.control.Control logStart
INFO: Get raw list of teaching classes
Dec 14, 2012 1:48:29 PM org.hsm.service.CoreService queryFull
INFO: Execute query SELECT * FROM get_raw_list_of_teaching_classes()
Dec 14, 2012 1:48:29 PM org.hsm.control.Control logStart
INFO: Get list of faculties
Dec 14, 2012 1:48:29 PM org.hsm.service.CoreService queryFull
INFO: Execute query SELECT * FROM get_faculty_list()
Dec 14, 2012 1:48:29 PM org.hsm.control.Control logStart
INFO: Get list of cities
Dec 14, 2012 1:48:29 PM org.hsm.service.CoreService queryFull
INFO: Execute query SELECT * FROM get_city_list()
Dec 14, 2012 1:48:29 PM org.hsm.control.Control logStart
INFO: Get list of districts in city having id {1}
Dec 14, 2012 1:48:29 PM org.hsm.service.CoreService queryFull
INFO: Execute query SELECT * FROM get_raw_districts_in_city(1)
Dec 14, 2012 1:48:29 PM org.hsm.control.Control logStart
INFO: Get list of faculties
Dec 14, 2012 1:48:29 PM org.hsm.service.CoreService queryFull
INFO: Execute query SELECT * FROM get_faculty_list()
Dec 14, 2012 1:48:29 PM org.hsm.control.Control logStart
INFO: Get list of degrees
Dec 14, 2012 1:48:29 PM org.hsm.service.CoreService queryFull
INFO: Execute query SELECT * FROM get_degree_list()
Dec 14, 2012 1:48:29 PM org.hsm.control.Control logStart
INFO: Get raw list of teaching classes
Dec 14, 2012 1:48:29 PM org.hsm.service.CoreService queryFull
INFO: Execute query SELECT * FROM get_raw_list_of_teaching_classes()
Dec 14, 2012 1:48:29 PM org.hsm.control.Control logStart
INFO: Get courses list
Dec 14, 2012 1:48:29 PM org.hsm.service.CoreService queryFull
INFO: Execute query SELECT * FROM get_raw_courses_list()
Dec 14, 2012 1:48:29 PM org.hsm.control.Control logStart
INFO: Get list of all lecturers
Dec 14, 2012 1:48:29 PM org.hsm.service.CoreService queryFull
INFO: Execute query SELECT * FROM get_all_lecturers()
Dec 14, 2012 1:48:29 PM org.hsm.control.Control logStart
INFO: Get list of rooms
Dec 14, 2012 1:48:29 PM org.hsm.service.CoreService queryFull
INFO: Execute query SELECT * FROM get_room_list()
Dec 14, 2012 1:48:30 PM org.hsm.control.Control logStart
INFO: Get list of cities
Dec 14, 2012 1:48:30 PM org.hsm.service.CoreService queryFull
INFO: Execute query SELECT * FROM get_city_list()
Dec 14, 2012 1:48:30 PM org.hsm.control.Control logStart
INFO: Get list of rooms
Dec 14, 2012 1:48:30 PM org.hsm.service.CoreService queryFull
INFO: Execute query SELECT * FROM get_room_list()
Dec 14, 2012 1:48:30 PM org.hsm.control.Control logStart
INFO: Get courses list
Dec 14, 2012 1:48:30 PM org.hsm.service.CoreService queryFull
INFO: Execute query SELECT * FROM get_raw_courses_list()
Dec 14, 2012 1:48:30 PM org.hsm.service.CoreService queryFull
INFO: Execute query SELECT * FROM get_table_info()
Dec 14, 2012 1:48:30 PM org.hsm.control.Control logStart
INFO: Get login information{host}
Dec 14, 2012 1:48:30 PM org.hsm.control.Control logStart
INFO: Get login information{port}
Dec 14, 2012 1:48:30 PM org.hsm.control.Control logStart
INFO: Get login information{database}
Dec 14, 2012 1:48:30 PM org.hsm.control.Control logStart
INFO: Get login information{username}
Dec 14, 2012 1:48:30 PM org.hsm.control.Control tryLogin
INFO: Show main function window
Dec 14, 2012 1:48:34 PM org.hsm.control.Control logStart
INFO: Get raw list of students in {BK1.05} class
Dec 14, 2012 1:48:34 PM org.hsm.service.CoreService queryFull
INFO: Execute query SELECT * FROM get_raw_students_list_in_class(687)
Dec 14, 2012 1:48:34 PM org.hsm.control.Control logStart
INFO: Get raw list of students in {BK1.05} class
Dec 14, 2012 1:48:34 PM org.hsm.service.CoreService queryFull
INFO: Execute query SELECT * FROM get_raw_students_list_in_class(687)
Dec 14, 2012 1:48:35 PM org.hsm.control.Control logStart
INFO: Get statistic information of student {Nguyễn Văn Đại}
Dec 14, 2012 1:48:35 PM org.hsm.service.CoreService queryFull
INFO: Execute query SELECT * FROM get_single_student_statistic8(38458)
Dec 14, 2012 1:48:35 PM org.hsm.service.CoreService queryFull
WARNING: ERROR: permission denied for relation study
  Where: SQL statement "LOCK TABLE study, teach IN SHARE MODE"
PL/pgSQL function "get_single_student_statistic8" line 5 at SQL statement
Dec 14, 2012 1:48:54 PM org.hsm.control.Control logStart
INFO: Get full data of student {Nguyễn Văn Đại}
Dec 14, 2012 1:48:54 PM org.hsm.service.CoreService queryFull
INFO: Execute query SELECT * FROM get_full_data_student(38458)
Dec 14, 2012 1:48:54 PM org.hsm.control.Control logStart
INFO: Get city of district with id {563}
Dec 14, 2012 1:48:54 PM org.hsm.service.CoreService queryFull
INFO: Execute query SELECT * FROM get_city_of_district(563)
Dec 14, 2012 1:48:54 PM org.hsm.service.CoreService queryFull
WARNING: ERROR: permission denied for relation district
  Where: SQL function "get_city_of_district" statement 1
Dec 14, 2012 1:48:54 PM org.hsm.control.Control logStart
INFO: Get academic information of student {Nguyễn Văn Đại}
Dec 14, 2012 1:48:54 PM org.hsm.service.CoreService queryFull
INFO: Execute query SELECT * FROM get_academic_info(38458)
Dec 14, 2012 1:48:54 PM org.hsm.service.CoreService queryFull
WARNING: ERROR: permission denied for relation study
  Where: SQL statement "LOCK study, teach IN SHARE MODE"
PL/pgSQL function "get_academic_info" line 5 at SQL statement
Dec 14, 2012 1:50:37 PM org.hsm.control.Control logStart
INFO: Get statistic information of student {Ngô Đức Hùng}
Dec 14, 2012 1:50:37 PM org.hsm.service.CoreService queryFull
INFO: Execute query SELECT * FROM get_single_student_statistic8(38467)
Dec 14, 2012 1:50:37 PM org.hsm.service.CoreService queryFull
WARNING: ERROR: permission denied for relation study
  Where: SQL statement "LOCK TABLE study, teach IN SHARE MODE"
PL/pgSQL function "get_single_student_statistic8" line 5 at SQL statement
Dec 14, 2012 1:50:44 PM org.hsm.control.Control logStart
INFO: Get full data of student {Ngô Đức Hùng}
Dec 14, 2012 1:50:44 PM org.hsm.service.CoreService queryFull
INFO: Execute query SELECT * FROM get_full_data_student(38467)
Dec 14, 2012 1:50:44 PM org.hsm.control.Control logStart
INFO: Get city of district with id {278}
Dec 14, 2012 1:50:44 PM org.hsm.service.CoreService queryFull
INFO: Execute query SELECT * FROM get_city_of_district(278)
Dec 14, 2012 1:50:44 PM org.hsm.service.CoreService queryFull
WARNING: ERROR: permission denied for relation district
  Where: SQL function "get_city_of_district" statement 1
Dec 14, 2012 1:50:44 PM org.hsm.control.Control logStart
INFO: Get academic information of student {Ngô Đức Hùng}
Dec 14, 2012 1:50:44 PM org.hsm.service.CoreService queryFull
INFO: Execute query SELECT * FROM get_academic_info(38467)
Dec 14, 2012 1:50:44 PM org.hsm.service.CoreService queryFull
WARNING: ERROR: permission denied for relation study
  Where: SQL statement "LOCK study, teach IN SHARE MODE"
PL/pgSQL function "get_academic_info" line 5 at SQL statement
Dec 14, 2012 1:50:55 PM org.hsm.control.Control fire
INFO: System exits
