Oct 12, 2012 5:50:55 PM org.hsm.control.Control start
INFO: System starts
Oct 12, 2012 5:50:55 PM org.hsm.control.Control start
INFO: Open login window
Oct 12, 2012 5:50:56 PM org.hsm.control.Control tryLogin
INFO: Try login
Oct 12, 2012 5:50:56 PM org.hsm.control.Control tryLogin
INFO: Login success
Oct 12, 2012 5:50:57 PM org.hsm.control.Control getData
INFO: Fetch class list
Oct 12, 2012 5:50:57 PM org.hsm.service.CoreService query
INFO: Execute query SELECT "CL#", "Name" FROM "Class"
ORDER BY "Name"
Oct 12, 2012 5:50:57 PM org.hsm.control.Control tryLogin
INFO: Show main function window
Oct 12, 2012 5:50:59 PM org.hsm.control.Control getData
INFO: Get raw list of students in {Việt Nhật 5A} class
Oct 12, 2012 5:50:59 PM org.hsm.service.CoreService query
INFO: Execute query SELECT "CT#", "First", "Last" FROM "Student"
 WHERE "Student"."CL#" = 1
 ORDER BY "Last"
Oct 12, 2012 5:50:59 PM org.hsm.control.Control getData
INFO: Get raw list of students in {Việt Nhật 5A} class
Oct 12, 2012 5:50:59 PM org.hsm.service.CoreService query
INFO: Execute query SELECT "CT#", "First", "Last" FROM "Student"
 WHERE "Student"."CL#" = 1
 ORDER BY "Last"
Oct 12, 2012 5:51:00 PM org.hsm.control.Control getData
INFO: Get full data of student {Lý Văn Hiếu}
Oct 12, 2012 5:51:00 PM org.hsm.service.CoreService query
INFO: Execute query SELECT * FROM "Student" WHERE "CT#" = 164
Oct 12, 2012 5:51:00 PM org.hsm.control.Control getData
INFO: Get full data of student {Lý Văn Hiếu}
Oct 12, 2012 5:51:00 PM org.hsm.service.CoreService query
INFO: Execute query SELECT * FROM "Student" WHERE "CT#" = 164
Oct 12, 2012 5:51:09 PM org.hsm.control.Control fire
INFO: System exits
