Oct 14, 2012 3:33:01 AM org.hsm.control.Control start
INFO: System starts
Oct 14, 2012 3:33:01 AM org.hsm.control.Control start
INFO: Open login window
Oct 14, 2012 3:33:02 AM org.hsm.control.Control tryLogin
INFO: Try login
Oct 14, 2012 3:33:03 AM org.hsm.control.Control tryLogin
INFO: Login success
Oct 14, 2012 3:33:03 AM org.hsm.control.Control getData
INFO: Fetch class list
Oct 14, 2012 3:33:03 AM org.hsm.service.CoreService query
INFO: Execute query SELECT "CL#", "Name" FROM "Class"
ORDER BY "Name"
Oct 14, 2012 3:33:03 AM org.hsm.control.Control getData
INFO: Get list of cities
Oct 14, 2012 3:33:03 AM org.hsm.service.CoreService query
INFO: Execute query SELECT "CY#", "Name" FROM "City"
ORDER BY "Name"
Oct 14, 2012 3:33:03 AM org.hsm.control.Control getData
INFO: Get list of districts in city having id {1}
Oct 14, 2012 3:33:03 AM org.hsm.service.CoreService query
INFO: Execute query SELECT "DT#", "Name" FROM "District"
WHERE "CY#" = 1
ORDER BY "Name"
Oct 14, 2012 3:33:04 AM org.hsm.control.Control getData
INFO: Get list of class
Oct 14, 2012 3:33:04 AM org.hsm.service.CoreService query
INFO: Execute query SELECT "CL#", "Name" FROM "Class"
ORDER BY "Name"
Oct 14, 2012 3:33:04 AM org.hsm.control.Control getData
INFO: Get list of faculties
Oct 14, 2012 3:33:04 AM org.hsm.service.CoreService query
INFO: Execute query SELECT "FC#", "Name" FROM "Faculty" ORDER BY "Name"
Oct 14, 2012 3:33:04 AM org.hsm.control.Control getData
INFO: Get list of cities
Oct 14, 2012 3:33:04 AM org.hsm.service.CoreService query
INFO: Execute query SELECT "CY#", "Name" FROM "City"
ORDER BY "Name"
Oct 14, 2012 3:33:04 AM org.hsm.control.Control tryLogin
INFO: Show main function window
Oct 14, 2012 3:33:59 AM org.hsm.control.Control fire
INFO: System exits
