Oct 14, 2012 10:03:44 AM org.hsm.control.Control start
INFO: System starts
Oct 14, 2012 10:03:44 AM org.hsm.control.Control start
INFO: Open login window
Oct 14, 2012 10:03:45 AM org.hsm.control.Control tryLogin
INFO: Try login
Oct 14, 2012 10:03:45 AM org.hsm.control.Control tryLogin
INFO: Login success
Oct 14, 2012 10:03:46 AM org.hsm.control.Control getData
INFO: Fetch class list
Oct 14, 2012 10:03:46 AM org.hsm.service.CoreService query
INFO: Execute query SELECT "CL#", "Name" FROM "Class"
ORDER BY "Name"
Oct 14, 2012 10:03:46 AM org.hsm.service.CoreService query
WARNING: ERROR: permission denied for relation Class
Oct 14, 2012 10:03:46 AM org.hsm.control.Control getData
INFO: Get list of cities
Oct 14, 2012 10:03:46 AM org.hsm.service.CoreService query
INFO: Execute query SELECT "CY#", "Name" FROM "City"
ORDER BY "Name"
Oct 14, 2012 10:03:46 AM org.hsm.service.CoreService query
WARNING: ERROR: permission denied for relation City
Oct 14, 2012 10:03:46 AM org.hsm.control.Control getData
INFO: Get list of class
Oct 14, 2012 10:03:46 AM org.hsm.service.CoreService query
INFO: Execute query SELECT "CL#", "Name" FROM "Class"
ORDER BY "Name"
Oct 14, 2012 10:03:46 AM org.hsm.service.CoreService query
WARNING: ERROR: permission denied for relation Class
Oct 14, 2012 10:03:46 AM org.hsm.control.Control getData
INFO: Get list of faculties
Oct 14, 2012 10:03:46 AM org.hsm.service.CoreService query
INFO: Execute query SELECT "FC#", "Name" FROM "Faculty" ORDER BY "Name"
Oct 14, 2012 10:03:46 AM org.hsm.service.CoreService query
WARNING: ERROR: permission denied for relation Faculty
Oct 14, 2012 10:03:46 AM org.hsm.control.Control getData
INFO: Get list of cities
Oct 14, 2012 10:03:46 AM org.hsm.service.CoreService query
INFO: Execute query SELECT "CY#", "Name" FROM "City"
ORDER BY "Name"
Oct 14, 2012 10:03:46 AM org.hsm.service.CoreService query
WARNING: ERROR: permission denied for relation City
Oct 14, 2012 10:03:47 AM org.hsm.control.Control getData
INFO: Get list of faculties
Oct 14, 2012 10:03:47 AM org.hsm.service.CoreService query
INFO: Execute query SELECT "FC#", "Name" FROM "Faculty" ORDER BY "Name"
Oct 14, 2012 10:03:47 AM org.hsm.service.CoreService query
WARNING: ERROR: permission denied for relation Faculty
Oct 14, 2012 10:03:47 AM org.hsm.control.Control getData
INFO: Get list of degrees
Oct 14, 2012 10:03:47 AM org.hsm.service.CoreService query
INFO: Execute query SELECT "DG#", "Name" FROM "Degree" ORDER BY "Name"
Oct 14, 2012 10:03:47 AM org.hsm.service.CoreService query
WARNING: ERROR: permission denied for relation Degree
Oct 14, 2012 10:03:47 AM org.hsm.control.Control getData
INFO: Get list of cities
Oct 14, 2012 10:03:47 AM org.hsm.service.CoreService query
INFO: Execute query SELECT "CY#", "Name" FROM "City"
ORDER BY "Name"
Oct 14, 2012 10:03:47 AM org.hsm.service.CoreService query
WARNING: ERROR: permission denied for relation City
Oct 14, 2012 10:03:47 AM org.hsm.control.Control getData
INFO: Get list of rooms
Oct 14, 2012 10:03:47 AM org.hsm.service.CoreService query
INFO: Execute query SELECT "RM#", "Name" FROM "Room" ORDER BY "Name"
Oct 14, 2012 10:03:47 AM org.hsm.service.CoreService query
WARNING: ERROR: permission denied for relation Room
Oct 14, 2012 10:03:47 AM org.hsm.control.Control tryLogin
INFO: Show main function window
Oct 14, 2012 10:03:49 AM org.hsm.control.Control getData
INFO: Get new room
Oct 14, 2012 10:03:49 AM org.hsm.service.CoreService query
INFO: Execute query INSERT INTO "Room" DEFAULT VALUES RETURNING "RM#", "Name"
Oct 14, 2012 10:03:49 AM org.hsm.service.CoreService query
WARNING: ERROR: permission denied for relation Room
Oct 14, 2012 10:04:02 AM org.hsm.control.Control fire
INFO: System exits
