Oct 12, 2012 6:18:27 AM org.hsm.control.Control start
INFO: System starts
Oct 12, 2012 6:18:27 AM org.hsm.control.Control start
INFO: Open login window
Oct 12, 2012 6:18:28 AM org.hsm.control.Control tryLogin
INFO: Try login
Oct 12, 2012 6:18:28 AM org.hsm.control.Control tryLogin
INFO: Login success
Oct 12, 2012 6:18:28 AM org.hsm.control.Control getData
INFO: Fetch class list
Oct 12, 2012 6:18:28 AM org.hsm.service.CoreService query
INFO: Execute query SELECT "CL#", "Name" FROM "Class"
ORDER BY "Name"
Oct 12, 2012 6:18:28 AM org.hsm.control.Control tryLogin
INFO: Show main function window
Oct 12, 2012 6:18:30 AM org.hsm.control.Control getData
INFO: Get raw list of students in {Việt Nhật 5C} class
Oct 12, 2012 6:18:30 AM org.hsm.service.CoreService query
INFO: Execute query SELECT "CT#", "First", "Last" FROM "Student"
 WHERE "Student"."CL#" = 3
 ORDER BY "Last"
Oct 12, 2012 6:18:30 AM org.hsm.control.Control getData
INFO: Get raw list of students in {Việt Nhật 5C} class
Oct 12, 2012 6:18:30 AM org.hsm.service.CoreService query
INFO: Execute query SELECT "CT#", "First", "Last" FROM "Student"
 WHERE "Student"."CL#" = 3
 ORDER BY "Last"
Oct 12, 2012 6:18:59 AM org.hsm.control.Control fire
INFO: System exits
