Oct 12, 2012 7:15:49 PM org.hsm.control.Control start
INFO: System starts
Oct 12, 2012 7:15:49 PM org.hsm.control.Control start
INFO: Open login window
Oct 12, 2012 7:15:51 PM org.hsm.control.Control tryLogin
INFO: Try login
Oct 12, 2012 7:15:51 PM org.hsm.control.Control tryLogin
INFO: Login success
Oct 12, 2012 7:15:51 PM org.hsm.control.Control getData
INFO: Fetch class list
Oct 12, 2012 7:15:51 PM org.hsm.service.CoreService query
INFO: Execute query SELECT "CL#", "Name" FROM "Class"
ORDER BY "Name"
Oct 12, 2012 7:15:51 PM org.hsm.control.Control getData
INFO: Get list of cities
Oct 12, 2012 7:15:51 PM org.hsm.service.CoreService query
INFO: Execute query SELECT "CY#", "Name" FROM "City"
Oct 12, 2012 7:15:52 PM org.hsm.control.Control getData
INFO: Get list of districts in city having id {1}
Oct 12, 2012 7:15:52 PM org.hsm.service.CoreService query
INFO: Execute query SELECT "DT#", "Name" FROM "District"
WHERE "CY#" = 1
Oct 12, 2012 7:15:52 PM org.hsm.control.Control getData
INFO: Get list of class
Oct 12, 2012 7:15:52 PM org.hsm.service.CoreService query
INFO: Execute query SELECT "CL#", "Name" FROM "Class"
Oct 12, 2012 7:15:52 PM org.hsm.control.Control tryLogin
INFO: Show main function window
Oct 12, 2012 7:15:59 PM org.hsm.control.Control getData
INFO: Get list of districts in city having id {1}
Oct 12, 2012 7:15:59 PM org.hsm.service.CoreService query
INFO: Execute query SELECT "DT#", "Name" FROM "District"
WHERE "CY#" = 1
Oct 12, 2012 7:16:01 PM org.hsm.control.Control getData
INFO: Get list of districts in city having id {1}
Oct 12, 2012 7:16:01 PM org.hsm.service.CoreService query
INFO: Execute query SELECT "DT#", "Name" FROM "District"
WHERE "CY#" = 1
Oct 12, 2012 7:16:07 PM org.hsm.control.Control fire
INFO: System exits
