Oct 14, 2012 4:20:24 AM org.hsm.control.Control start
INFO: System starts
Oct 14, 2012 4:20:24 AM org.hsm.control.Control start
INFO: Open login window
Oct 14, 2012 4:20:26 AM org.hsm.control.Control tryLogin
INFO: Try login
Oct 14, 2012 4:20:26 AM org.hsm.control.Control tryLogin
INFO: Login success
Oct 14, 2012 4:20:27 AM org.hsm.control.Control getData
INFO: Fetch class list
Oct 14, 2012 4:20:27 AM org.hsm.service.CoreService query
INFO: Execute query SELECT "CL#", "Name" FROM "Class"
ORDER BY "Name"
Oct 14, 2012 4:20:27 AM org.hsm.control.Control getData
INFO: Get list of cities
Oct 14, 2012 4:20:27 AM org.hsm.service.CoreService query
INFO: Execute query SELECT "CY#", "Name" FROM "City"
ORDER BY "Name"
Oct 14, 2012 4:20:27 AM org.hsm.control.Control getData
INFO: Get list of districts in city having id {1}
Oct 14, 2012 4:20:27 AM org.hsm.service.CoreService query
INFO: Execute query SELECT "DT#", "Name" FROM "District"
WHERE "CY#" = 1
ORDER BY "Name"
Oct 14, 2012 4:20:27 AM org.hsm.control.Control getData
INFO: Get list of class
Oct 14, 2012 4:20:27 AM org.hsm.service.CoreService query
INFO: Execute query SELECT "CL#", "Name" FROM "Class"
ORDER BY "Name"
Oct 14, 2012 4:20:27 AM org.hsm.control.Control getData
INFO: Get list of faculties
Oct 14, 2012 4:20:27 AM org.hsm.service.CoreService query
INFO: Execute query SELECT "FC#", "Name" FROM "Faculty" ORDER BY "Name"
Oct 14, 2012 4:20:27 AM org.hsm.control.Control getData
INFO: Get list of cities
Oct 14, 2012 4:20:27 AM org.hsm.service.CoreService query
INFO: Execute query SELECT "CY#", "Name" FROM "City"
ORDER BY "Name"
Oct 14, 2012 4:20:28 AM org.hsm.control.Control tryLogin
INFO: Show main function window
Oct 14, 2012 4:20:31 AM org.hsm.control.Control getData
INFO: Get lecturers in faculty {BK Network Information Center}
Oct 14, 2012 4:20:31 AM org.hsm.service.CoreService query
INFO: Execute query SELECT "CT#", "First", "Last"
FROM "Lecturer"
WHERE "FC#" = 6
ORDER BY "Last"
Oct 14, 2012 4:20:31 AM org.hsm.control.Control getData
INFO: Get lecturers in faculty {BK Network Information Center}
Oct 14, 2012 4:20:31 AM org.hsm.service.CoreService query
INFO: Execute query SELECT "CT#", "First", "Last"
FROM "Lecturer"
WHERE "FC#" = 6
ORDER BY "Last"
Oct 14, 2012 4:20:42 AM org.hsm.control.Control getData
INFO: Get lecturers in faculty {Unknown}
Oct 14, 2012 4:20:42 AM org.hsm.service.CoreService query
INFO: Execute query SELECT "CT#", "First", "Last"
FROM "Lecturer"
WHERE "FC#" = 1
ORDER BY "Last"
Oct 14, 2012 4:20:42 AM org.hsm.control.Control getData
INFO: Get lecturers in faculty {Unknown}
Oct 14, 2012 4:20:42 AM org.hsm.service.CoreService query
INFO: Execute query SELECT "CT#", "First", "Last"
FROM "Lecturer"
WHERE "FC#" = 1
ORDER BY "Last"
Oct 14, 2012 4:20:43 AM org.hsm.control.Control getData
INFO: Get lecturers in faculty {Advanced Institute of Science and Technology - AIST}
Oct 14, 2012 4:20:43 AM org.hsm.service.CoreService query
INFO: Execute query SELECT "CT#", "First", "Last"
FROM "Lecturer"
WHERE "FC#" = 2
ORDER BY "Last"
Oct 14, 2012 4:20:43 AM org.hsm.control.Control getData
INFO: Get lecturers in faculty {Advanced Institute of Science and Technology - AIST}
Oct 14, 2012 4:20:43 AM org.hsm.service.CoreService query
INFO: Execute query SELECT "CT#", "First", "Last"
FROM "Lecturer"
WHERE "FC#" = 2
ORDER BY "Last"
Oct 14, 2012 4:20:43 AM org.hsm.control.Control getData
INFO: Get lecturers in faculty {Automation Research Centre (ARC)}
Oct 14, 2012 4:20:43 AM org.hsm.service.CoreService query
INFO: Execute query SELECT "CT#", "First", "Last"
FROM "Lecturer"
WHERE "FC#" = 3
ORDER BY "Last"
Oct 14, 2012 4:20:43 AM org.hsm.control.Control getData
INFO: Get lecturers in faculty {Automation Research Centre (ARC)}
Oct 14, 2012 4:20:43 AM org.hsm.service.CoreService query
INFO: Execute query SELECT "CT#", "First", "Last"
FROM "Lecturer"
WHERE "FC#" = 3
ORDER BY "Last"
Oct 14, 2012 4:20:45 AM org.hsm.control.Control getData
INFO: Get lecturers in faculty {Bach Khoa Internetwork Security Centre (BKIS)}
Oct 14, 2012 4:20:45 AM org.hsm.service.CoreService query
INFO: Execute query SELECT "CT#", "First", "Last"
FROM "Lecturer"
WHERE "FC#" = 4
ORDER BY "Last"
Oct 14, 2012 4:20:45 AM org.hsm.control.Control getData
INFO: Get lecturers in faculty {Biomedical Electronics Centre}
Oct 14, 2012 4:20:45 AM org.hsm.service.CoreService query
INFO: Execute query SELECT "CT#", "First", "Last"
FROM "Lecturer"
WHERE "FC#" = 5
ORDER BY "Last"
Oct 14, 2012 4:20:45 AM org.hsm.control.Control getData
INFO: Get lecturers in faculty {BK Network Information Center}
Oct 14, 2012 4:20:45 AM org.hsm.service.CoreService query
INFO: Execute query SELECT "CT#", "First", "Last"
FROM "Lecturer"
WHERE "FC#" = 6
ORDER BY "Last"
Oct 14, 2012 4:20:46 AM org.hsm.control.Control getData
INFO: Get lecturers in faculty {Centre for Development and Application of Software for Industry (DASI)}
Oct 14, 2012 4:20:46 AM org.hsm.service.CoreService query
INFO: Execute query SELECT "CT#", "First", "Last"
FROM "Lecturer"
WHERE "FC#" = 7
ORDER BY "Last"
Oct 14, 2012 4:20:46 AM org.hsm.control.Control getData
INFO: Get lecturers in faculty {Centre for Education and Development of Chromatography}
Oct 14, 2012 4:20:46 AM org.hsm.service.CoreService query
INFO: Execute query SELECT "CT#", "First", "Last"
FROM "Lecturer"
WHERE "FC#" = 8
ORDER BY "Last"
Oct 14, 2012 4:20:46 AM org.hsm.control.Control getData
INFO: Get lecturers in faculty {Centre for High Performance Computing (HPC)}
Oct 14, 2012 4:20:46 AM org.hsm.service.CoreService query
INFO: Execute query SELECT "CT#", "First", "Last"
FROM "Lecturer"
WHERE "FC#" = 9
ORDER BY "Last"
Oct 14, 2012 4:20:46 AM org.hsm.control.Control getData
INFO: Get lecturers in faculty {Center of Quality Guarantee}
Oct 14, 2012 4:20:46 AM org.hsm.service.CoreService query
INFO: Execute query SELECT "CT#", "First", "Last"
FROM "Lecturer"
WHERE "FC#" = 10
ORDER BY "Last"
Oct 14, 2012 4:20:47 AM org.hsm.control.Control getData
INFO: Get lecturers in faculty {Centre for Research and Development of High Technology}
Oct 14, 2012 4:20:47 AM org.hsm.service.CoreService query
INFO: Execute query SELECT "CT#", "First", "Last"
FROM "Lecturer"
WHERE "FC#" = 11
ORDER BY "Last"
Oct 14, 2012 4:20:47 AM org.hsm.control.Control getData
INFO: Get lecturers in faculty {Centre for Research and Consulting on Management}
Oct 14, 2012 4:20:47 AM org.hsm.service.CoreService query
INFO: Execute query SELECT "CT#", "First", "Last"
FROM "Lecturer"
WHERE "FC#" = 12
ORDER BY "Last"
Oct 14, 2012 4:20:47 AM org.hsm.control.Control getData
INFO: Get lecturers in faculty {Centre for Talents Training}
Oct 14, 2012 4:20:47 AM org.hsm.service.CoreService query
INFO: Execute query SELECT "CT#", "First", "Last"
FROM "Lecturer"
WHERE "FC#" = 13
ORDER BY "Last"
Oct 14, 2012 4:20:47 AM org.hsm.control.Control getData
INFO: Get lecturers in faculty {Department of Political Theory}
Oct 14, 2012 4:20:47 AM org.hsm.service.CoreService query
INFO: Execute query SELECT "CT#", "First", "Last"
FROM "Lecturer"
WHERE "FC#" = 14
ORDER BY "Last"
Oct 14, 2012 4:20:47 AM org.hsm.control.Control getData
INFO: Get lecturers in faculty {Faculty of Defense Education}
Oct 14, 2012 4:20:47 AM org.hsm.service.CoreService query
INFO: Execute query SELECT "CT#", "First", "Last"
FROM "Lecturer"
WHERE "FC#" = 15
ORDER BY "Last"
Oct 14, 2012 4:20:48 AM org.hsm.control.Control getData
INFO: Get lecturers in faculty {Faculty of Engineering Education}
Oct 14, 2012 4:20:48 AM org.hsm.service.CoreService query
INFO: Execute query SELECT "CT#", "First", "Last"
FROM "Lecturer"
WHERE "FC#" = 16
ORDER BY "Last"
Oct 14, 2012 4:20:48 AM org.hsm.control.Control getData
INFO: Get lecturers in faculty {Faculty of Foreign Languages}
Oct 14, 2012 4:20:48 AM org.hsm.service.CoreService query
INFO: Execute query SELECT "CT#", "First", "Last"
FROM "Lecturer"
WHERE "FC#" = 17
ORDER BY "Last"
Oct 14, 2012 4:20:48 AM org.hsm.control.Control getData
INFO: Get lecturers in faculty {Faculty of Physical Education}
Oct 14, 2012 4:20:48 AM org.hsm.service.CoreService query
INFO: Execute query SELECT "CT#", "First", "Last"
FROM "Lecturer"
WHERE "FC#" = 18
ORDER BY "Last"
Oct 14, 2012 4:20:48 AM org.hsm.control.Control getData
INFO: Get lecturers in faculty {International Training Institute for Materials Science (ITIMS)}
Oct 14, 2012 4:20:48 AM org.hsm.service.CoreService query
INFO: Execute query SELECT "CT#", "First", "Last"
FROM "Lecturer"
WHERE "FC#" = 19
ORDER BY "Last"
Oct 14, 2012 4:20:49 AM org.hsm.control.Control getData
INFO: Get lecturers in faculty {School of Applied Mathematics and Informatics}
Oct 14, 2012 4:20:49 AM org.hsm.service.CoreService query
INFO: Execute query SELECT "CT#", "First", "Last"
FROM "Lecturer"
WHERE "FC#" = 20
ORDER BY "Last"
Oct 14, 2012 4:20:49 AM org.hsm.control.Control getData
INFO: Get lecturers in faculty {School of Chemical Engineering}
Oct 14, 2012 4:20:49 AM org.hsm.service.CoreService query
INFO: Execute query SELECT "CT#", "First", "Last"
FROM "Lecturer"
WHERE "FC#" = 21
ORDER BY "Last"
Oct 14, 2012 4:20:49 AM org.hsm.control.Control getData
INFO: Get lecturers in faculty {School of Continuing Training}
Oct 14, 2012 4:20:49 AM org.hsm.service.CoreService query
INFO: Execute query SELECT "CT#", "First", "Last"
FROM "Lecturer"
WHERE "FC#" = 22
ORDER BY "Last"
Oct 14, 2012 4:20:49 AM org.hsm.control.Control getData
INFO: Get lecturers in faculty {School of Economics and Management}
Oct 14, 2012 4:20:49 AM org.hsm.service.CoreService query
INFO: Execute query SELECT "CT#", "First", "Last"
FROM "Lecturer"
WHERE "FC#" = 23
ORDER BY "Last"
Oct 14, 2012 4:20:49 AM org.hsm.control.Control getData
INFO: Get lecturers in faculty {School of Electrical Engineering}
Oct 14, 2012 4:20:49 AM org.hsm.service.CoreService query
INFO: Execute query SELECT "CT#", "First", "Last"
FROM "Lecturer"
WHERE "FC#" = 24
ORDER BY "Last"
Oct 14, 2012 4:20:50 AM org.hsm.control.Control getData
INFO: Get lecturers in faculty {School of Engineering Physics}
Oct 14, 2012 4:20:50 AM org.hsm.service.CoreService query
INFO: Execute query SELECT "CT#", "First", "Last"
FROM "Lecturer"
WHERE "FC#" = 25
ORDER BY "Last"
Oct 14, 2012 4:20:50 AM org.hsm.control.Control getData
INFO: Get lecturers in faculty {School of Environmental Science and Technology}
Oct 14, 2012 4:20:50 AM org.hsm.service.CoreService query
INFO: Execute query SELECT "CT#", "First", "Last"
FROM "Lecturer"
WHERE "FC#" = 26
ORDER BY "Last"
Oct 14, 2012 4:20:50 AM org.hsm.control.Control getData
INFO: Get lecturers in faculty {School of Electronics and Telecommunications}
Oct 14, 2012 4:20:50 AM org.hsm.service.CoreService query
INFO: Execute query SELECT "CT#", "First", "Last"
FROM "Lecturer"
WHERE "FC#" = 27
ORDER BY "Last"
Oct 14, 2012 4:20:50 AM org.hsm.control.Control getData
INFO: Get lecturers in faculty {School of Biotechnology and Food Technology}
Oct 14, 2012 4:20:50 AM org.hsm.service.CoreService query
INFO: Execute query SELECT "CT#", "First", "Last"
FROM "Lecturer"
WHERE "FC#" = 28
ORDER BY "Last"
Oct 14, 2012 4:20:51 AM org.hsm.control.Control getData
INFO: Get lecturers in faculty {School of Heat Engineering and Refregeration}
Oct 14, 2012 4:20:51 AM org.hsm.service.CoreService query
INFO: Execute query SELECT "CT#", "First", "Last"
FROM "Lecturer"
WHERE "FC#" = 29
ORDER BY "Last"
Oct 14, 2012 4:20:51 AM org.hsm.control.Control getData
INFO: Get lecturers in faculty {School of Information and Communication Technology}
Oct 14, 2012 4:20:51 AM org.hsm.service.CoreService query
INFO: Execute query SELECT "CT#", "First", "Last"
FROM "Lecturer"
WHERE "FC#" = 30
ORDER BY "Last"
Oct 14, 2012 4:20:51 AM org.hsm.control.Control getData
INFO: Get lecturers in faculty {School of Mechanical Engineering}
Oct 14, 2012 4:20:51 AM org.hsm.service.CoreService query
INFO: Execute query SELECT "CT#", "First", "Last"
FROM "Lecturer"
WHERE "FC#" = 31
ORDER BY "Last"
Oct 14, 2012 4:20:51 AM org.hsm.control.Control getData
INFO: Get lecturers in faculty {School of Textile - Leather and Fashion}
Oct 14, 2012 4:20:51 AM org.hsm.service.CoreService query
INFO: Execute query SELECT "CT#", "First", "Last"
FROM "Lecturer"
WHERE "FC#" = 32
ORDER BY "Last"
Oct 14, 2012 4:20:51 AM org.hsm.control.Control getData
INFO: Get lecturers in faculty {School of Materials Science and Engineering}
Oct 14, 2012 4:20:51 AM org.hsm.service.CoreService query
INFO: Execute query SELECT "CT#", "First", "Last"
FROM "Lecturer"
WHERE "FC#" = 33
ORDER BY "Last"
Oct 14, 2012 4:20:52 AM org.hsm.control.Control getData
INFO: Get lecturers in faculty {School of Transportation Engineering}
Oct 14, 2012 4:20:52 AM org.hsm.service.CoreService query
INFO: Execute query SELECT "CT#", "First", "Last"
FROM "Lecturer"
WHERE "FC#" = 34
ORDER BY "Last"
Oct 14, 2012 4:20:52 AM org.hsm.control.Control getData
INFO: Get lecturers in faculty {School of Nuclear Engineering and Environmental Physics}
Oct 14, 2012 4:20:52 AM org.hsm.service.CoreService query
INFO: Execute query SELECT "CT#", "First", "Last"
FROM "Lecturer"
WHERE "FC#" = 35
ORDER BY "Last"
Oct 14, 2012 4:20:56 AM org.hsm.control.Control getData
INFO: Get lecturers in faculty {Software engineering}
Oct 14, 2012 4:20:56 AM org.hsm.service.CoreService query
INFO: Execute query SELECT "CT#", "First", "Last"
FROM "Lecturer"
WHERE "FC#" = 36
ORDER BY "Last"
Oct 14, 2012 4:20:56 AM org.hsm.control.Control getData
INFO: Get lecturers in faculty {Information system}
Oct 14, 2012 4:20:56 AM org.hsm.service.CoreService query
INFO: Execute query SELECT "CT#", "First", "Last"
FROM "Lecturer"
WHERE "FC#" = 37
ORDER BY "Last"
Oct 14, 2012 4:20:57 AM org.hsm.control.Control getData
INFO: Get lecturers in faculty {Software engineering}
Oct 14, 2012 4:20:57 AM org.hsm.service.CoreService query
INFO: Execute query SELECT "CT#", "First", "Last"
FROM "Lecturer"
WHERE "FC#" = 36
ORDER BY "Last"
Oct 14, 2012 4:20:57 AM org.hsm.control.Control getData
INFO: Get lecturers in faculty {School of Nuclear Engineering and Environmental Physics}
Oct 14, 2012 4:20:57 AM org.hsm.service.CoreService query
INFO: Execute query SELECT "CT#", "First", "Last"
FROM "Lecturer"
WHERE "FC#" = 35
ORDER BY "Last"
Oct 14, 2012 4:20:58 AM org.hsm.control.Control getData
INFO: Get lecturers in faculty {Software engineering}
Oct 14, 2012 4:20:58 AM org.hsm.service.CoreService query
INFO: Execute query SELECT "CT#", "First", "Last"
FROM "Lecturer"
WHERE "FC#" = 36
ORDER BY "Last"
Oct 14, 2012 4:20:58 AM org.hsm.control.Control getData
INFO: Get lecturers in faculty {Information system}
Oct 14, 2012 4:20:58 AM org.hsm.service.CoreService query
INFO: Execute query SELECT "CT#", "First", "Last"
FROM "Lecturer"
WHERE "FC#" = 37
ORDER BY "Last"
Oct 14, 2012 4:20:59 AM org.hsm.control.Control getData
INFO: Get lecturers in faculty {Computer Engineering}
Oct 14, 2012 4:20:59 AM org.hsm.service.CoreService query
INFO: Execute query SELECT "CT#", "First", "Last"
FROM "Lecturer"
WHERE "FC#" = 38
ORDER BY "Last"
Oct 14, 2012 4:20:59 AM org.hsm.control.Control getData
INFO: Get lecturers in faculty {Computer science}
Oct 14, 2012 4:20:59 AM org.hsm.service.CoreService query
INFO: Execute query SELECT "CT#", "First", "Last"
FROM "Lecturer"
WHERE "FC#" = 39
ORDER BY "Last"
Oct 14, 2012 4:20:59 AM org.hsm.control.Control getData
INFO: Get lecturers in faculty {Data communications and computer networks}
Oct 14, 2012 4:20:59 AM org.hsm.service.CoreService query
INFO: Execute query SELECT "CT#", "First", "Last"
FROM "Lecturer"
WHERE "FC#" = 40
ORDER BY "Last"
Oct 14, 2012 4:21:00 AM org.hsm.control.Control getData
INFO: Get lecturers in faculty {Computer center}
Oct 14, 2012 4:21:00 AM org.hsm.service.CoreService query
INFO: Execute query SELECT "CT#", "First", "Last"
FROM "Lecturer"
WHERE "FC#" = 41
ORDER BY "Last"
Oct 14, 2012 4:21:01 AM org.hsm.control.Control getData
INFO: Get lecturers in faculty {Data communications and computer networks}
Oct 14, 2012 4:21:01 AM org.hsm.service.CoreService query
INFO: Execute query SELECT "CT#", "First", "Last"
FROM "Lecturer"
WHERE "FC#" = 40
ORDER BY "Last"
Oct 14, 2012 4:21:01 AM org.hsm.control.Control getData
INFO: Get lecturers in faculty {Computer science}
Oct 14, 2012 4:21:01 AM org.hsm.service.CoreService query
INFO: Execute query SELECT "CT#", "First", "Last"
FROM "Lecturer"
WHERE "FC#" = 39
ORDER BY "Last"
Oct 14, 2012 4:21:01 AM org.hsm.control.Control getData
INFO: Get lecturers in faculty {Computer Engineering}
Oct 14, 2012 4:21:01 AM org.hsm.service.CoreService query
INFO: Execute query SELECT "CT#", "First", "Last"
FROM "Lecturer"
WHERE "FC#" = 38
ORDER BY "Last"
Oct 14, 2012 4:21:02 AM org.hsm.control.Control getData
INFO: Get lecturers in faculty {Information system}
Oct 14, 2012 4:21:02 AM org.hsm.service.CoreService query
INFO: Execute query SELECT "CT#", "First", "Last"
FROM "Lecturer"
WHERE "FC#" = 37
ORDER BY "Last"
Oct 14, 2012 4:21:02 AM org.hsm.control.Control getData
INFO: Get lecturers in faculty {Software engineering}
Oct 14, 2012 4:21:02 AM org.hsm.service.CoreService query
INFO: Execute query SELECT "CT#", "First", "Last"
FROM "Lecturer"
WHERE "FC#" = 36
ORDER BY "Last"
Oct 14, 2012 4:21:03 AM org.hsm.control.Control getData
INFO: Get lecturers in faculty {Information system}
Oct 14, 2012 4:21:03 AM org.hsm.service.CoreService query
INFO: Execute query SELECT "CT#", "First", "Last"
FROM "Lecturer"
WHERE "FC#" = 37
ORDER BY "Last"
Oct 14, 2012 4:21:03 AM org.hsm.control.Control getData
INFO: Get lecturers in faculty {Computer Engineering}
Oct 14, 2012 4:21:03 AM org.hsm.service.CoreService query
INFO: Execute query SELECT "CT#", "First", "Last"
FROM "Lecturer"
WHERE "FC#" = 38
ORDER BY "Last"
Oct 14, 2012 4:21:03 AM org.hsm.control.Control getData
INFO: Get lecturers in faculty {Computer science}
Oct 14, 2012 4:21:03 AM org.hsm.service.CoreService query
INFO: Execute query SELECT "CT#", "First", "Last"
FROM "Lecturer"
WHERE "FC#" = 39
ORDER BY "Last"
Oct 14, 2012 4:21:03 AM org.hsm.control.Control getData
INFO: Get lecturers in faculty {Data communications and computer networks}
Oct 14, 2012 4:21:03 AM org.hsm.service.CoreService query
INFO: Execute query SELECT "CT#", "First", "Last"
FROM "Lecturer"
WHERE "FC#" = 40
ORDER BY "Last"
Oct 14, 2012 4:21:04 AM org.hsm.control.Control getData
INFO: Get lecturers in faculty {Computer center}
Oct 14, 2012 4:21:04 AM org.hsm.service.CoreService query
INFO: Execute query SELECT "CT#", "First", "Last"
FROM "Lecturer"
WHERE "FC#" = 41
ORDER BY "Last"
Oct 14, 2012 4:21:11 AM org.hsm.control.Control fire
INFO: System exits
