Nov 21, 2012 6:24:28 PM org.hsm.control.Control start
INFO: System starts
Nov 21, 2012 6:24:29 PM org.hsm.control.Control start
INFO: Open login window
Nov 21, 2012 6:24:30 PM org.hsm.control.Control tryLogin
INFO: Try login
Nov 21, 2012 6:24:30 PM org.hsm.control.Control tryLogin
INFO: Login success
Nov 21, 2012 6:24:30 PM org.hsm.control.Control logStart
INFO: Fetch class list
Nov 21, 2012 6:24:30 PM org.hsm.service.CoreService queryFull
INFO: Execute query SELECT * FROM get_class_list()
Nov 21, 2012 6:24:30 PM org.hsm.control.Control logStart
INFO: Get list of cities
Nov 21, 2012 6:24:30 PM org.hsm.service.CoreService queryFull
INFO: Execute query SELECT * FROM get_city_list()
Nov 21, 2012 6:24:30 PM org.hsm.control.Control logStart
INFO: Get list of districts in city having id {1}
Nov 21, 2012 6:24:30 PM org.hsm.service.CoreService queryFull
INFO: Execute query SELECT * FROM get_raw_districts_in_city(1)
Nov 21, 2012 6:24:30 PM org.hsm.control.Control logStart
INFO: Get list of class
Nov 21, 2012 6:24:31 PM org.hsm.service.CoreService queryFull
INFO: Execute query SELECT * FROM get_class_list()
Nov 21, 2012 6:24:31 PM org.hsm.control.Control logStart
INFO: Get raw list of teaching classes
Nov 21, 2012 6:24:31 PM org.hsm.service.CoreService queryFull
INFO: Execute query SELECT * FROM get_raw_list_of_teaching_classes()
Nov 21, 2012 6:24:31 PM org.hsm.control.Control logStart
INFO: Get list of faculties
Nov 21, 2012 6:24:31 PM org.hsm.service.CoreService queryFull
INFO: Execute query SELECT * FROM get_faculty_list()
Nov 21, 2012 6:24:31 PM org.hsm.control.Control logStart
INFO: Get list of cities
Nov 21, 2012 6:24:31 PM org.hsm.service.CoreService queryFull
INFO: Execute query SELECT * FROM get_city_list()
Nov 21, 2012 6:24:31 PM org.hsm.control.Control logStart
INFO: Get list of districts in city having id {1}
Nov 21, 2012 6:24:31 PM org.hsm.service.CoreService queryFull
INFO: Execute query SELECT * FROM get_raw_districts_in_city(1)
Nov 21, 2012 6:24:31 PM org.hsm.control.Control logStart
INFO: Get list of faculties
Nov 21, 2012 6:24:31 PM org.hsm.service.CoreService queryFull
INFO: Execute query SELECT * FROM get_faculty_list()
Nov 21, 2012 6:24:31 PM org.hsm.control.Control logStart
INFO: Get list of degrees
Nov 21, 2012 6:24:31 PM org.hsm.service.CoreService queryFull
INFO: Execute query SELECT * FROM get_degree_list()
Nov 21, 2012 6:24:31 PM org.hsm.control.Control logStart
INFO: Get raw list of teaching classes
Nov 21, 2012 6:24:31 PM org.hsm.service.CoreService queryFull
INFO: Execute query SELECT * FROM get_raw_list_of_teaching_classes()
Nov 21, 2012 6:24:31 PM org.hsm.control.Control logStart
INFO: Get courses list
Nov 21, 2012 6:24:31 PM org.hsm.service.CoreService queryFull
INFO: Execute query SELECT * FROM get_raw_courses_list()
Nov 21, 2012 6:24:31 PM org.hsm.control.Control logStart
INFO: Get list of all lecturers
Nov 21, 2012 6:24:31 PM org.hsm.service.CoreService queryFull
INFO: Execute query SELECT * FROM get_all_lecturers()
Nov 21, 2012 6:24:31 PM org.hsm.control.Control logStart
INFO: Get list of rooms
Nov 21, 2012 6:24:31 PM org.hsm.service.CoreService queryFull
INFO: Execute query SELECT * FROM get_room_list()
Nov 21, 2012 6:24:31 PM org.hsm.control.Control logStart
INFO: Get list of cities
Nov 21, 2012 6:24:31 PM org.hsm.service.CoreService queryFull
INFO: Execute query SELECT * FROM get_city_list()
Nov 21, 2012 6:24:31 PM org.hsm.control.Control logStart
INFO: Get list of rooms
Nov 21, 2012 6:24:31 PM org.hsm.service.CoreService queryFull
INFO: Execute query SELECT * FROM get_room_list()
Nov 21, 2012 6:24:31 PM org.hsm.control.Control logStart
INFO: Get courses list
Nov 21, 2012 6:24:31 PM org.hsm.service.CoreService queryFull
INFO: Execute query SELECT * FROM get_raw_courses_list()
Nov 21, 2012 6:24:31 PM org.hsm.service.CoreService queryFull
INFO: Execute query SELECT * FROM get_table_info()
Nov 21, 2012 6:24:32 PM org.hsm.control.Control logStart
INFO: Get login information{host}
Nov 21, 2012 6:24:32 PM org.hsm.control.Control logStart
INFO: Get login information{port}
Nov 21, 2012 6:24:32 PM org.hsm.control.Control logStart
INFO: Get login information{database}
Nov 21, 2012 6:24:32 PM org.hsm.control.Control logStart
INFO: Get login information{username}
Nov 21, 2012 6:24:32 PM org.hsm.control.Control tryLogin
INFO: Show main function window
Nov 21, 2012 6:25:09 PM org.hsm.control.Control logStart
INFO: Execute query {SELECT * FROM student WHERE name_no_hat = 'sang tran van'}
Nov 21, 2012 6:25:09 PM org.hsm.service.CoreService executeQuery
INFO: Execute update or query {SELECT * FROM student WHERE name_no_hat = 'sang tran van'}
Nov 21, 2012 6:25:17 PM org.hsm.control.Control logStart
INFO: Execute query {SELECT * FROM student WHERE name_no_hat LIKE lower(remove_hat('%sang tran van%'))}
Nov 21, 2012 6:25:17 PM org.hsm.service.CoreService executeQuery
INFO: Execute update or query {SELECT * FROM student WHERE name_no_hat LIKE lower(remove_hat('%sang tran van%'))}
Nov 21, 2012 6:25:24 PM org.hsm.control.Control logStart
INFO: Execute query {SELECT * FROM student WHERE name_no_hat = 'sang tran van'}
Nov 21, 2012 6:25:24 PM org.hsm.service.CoreService executeQuery
INFO: Execute update or query {SELECT * FROM student WHERE name_no_hat = 'sang tran van'}
Nov 21, 2012 6:25:42 PM org.hsm.control.Control logStart
INFO: Get raw list of students in {New class} class
Nov 21, 2012 6:25:42 PM org.hsm.service.CoreService queryFull
INFO: Execute query SELECT * FROM get_raw_students_list_in_class(890)
Nov 21, 2012 6:25:42 PM org.hsm.control.Control logStart
INFO: Get raw list of students in {New class} class
Nov 21, 2012 6:25:42 PM org.hsm.service.CoreService queryFull
INFO: Execute query SELECT * FROM get_raw_students_list_in_class(890)
Nov 21, 2012 6:25:43 PM org.hsm.control.Control logStart
INFO: Get statistic information of student {No Name}
Nov 21, 2012 6:25:43 PM org.hsm.service.CoreService queryFull
INFO: Execute query SELECT * FROM get_single_student_statistic8(46564)
Nov 21, 2012 6:25:43 PM org.hsm.control.Control logStart
INFO: Get full data of student {No Name}
Nov 21, 2012 6:25:43 PM org.hsm.service.CoreService queryFull
INFO: Execute query SELECT * FROM get_full_data_student(46564)
Nov 21, 2012 6:25:43 PM org.hsm.control.Control logStart
INFO: Get city of district with id {-1}
Nov 21, 2012 6:25:43 PM org.hsm.service.CoreService queryFull
INFO: Execute query SELECT * FROM get_city_of_district(-1)
Nov 21, 2012 6:25:43 PM org.hsm.control.Control logStart
INFO: Get academic information of student {No Name}
Nov 21, 2012 6:25:43 PM org.hsm.service.CoreService queryFull
INFO: Execute query SELECT * FROM get_academic_info(46564)
Nov 21, 2012 6:25:43 PM org.hsm.control.Control logStart
INFO: Get statistic information of student {No Name}
Nov 21, 2012 6:25:43 PM org.hsm.service.CoreService queryFull
INFO: Execute query SELECT * FROM get_single_student_statistic8(46564)
Nov 21, 2012 6:25:43 PM org.hsm.control.Control logStart
INFO: Get full data of student {No Name}
Nov 21, 2012 6:25:43 PM org.hsm.service.CoreService queryFull
INFO: Execute query SELECT * FROM get_full_data_student(46564)
Nov 21, 2012 6:25:43 PM org.hsm.control.Control logStart
INFO: Get city of district with id {-1}
Nov 21, 2012 6:25:43 PM org.hsm.service.CoreService queryFull
INFO: Execute query SELECT * FROM get_city_of_district(-1)
Nov 21, 2012 6:25:43 PM org.hsm.control.Control logStart
INFO: Get academic information of student {No Name}
Nov 21, 2012 6:25:44 PM org.hsm.service.CoreService queryFull
INFO: Execute query SELECT * FROM get_academic_info(46564)
Nov 21, 2012 6:25:46 PM org.hsm.control.Control logStart
INFO: Remove student {No Name}
Nov 21, 2012 6:25:46 PM org.hsm.service.CoreService queryFull
INFO: Execute query SELECT delete_student_with_id(46564)
Nov 21, 2012 6:25:48 PM org.hsm.control.Control logStart
INFO: Remove class with id = {890}, name = {New class}
Nov 21, 2012 6:25:48 PM org.hsm.service.CoreService queryFull
INFO: Execute query SELECT delete_class(890)
Nov 21, 2012 6:25:51 PM org.hsm.control.Control fire
INFO: System exits
