Oct 12, 2012 7:30:29 AM org.hsm.control.Control start
INFO: System starts
Oct 12, 2012 7:30:29 AM org.hsm.control.Control start
INFO: Open login window
Oct 12, 2012 7:30:30 AM org.hsm.control.Control tryLogin
INFO: Try login
Oct 12, 2012 7:30:30 AM org.hsm.control.Control tryLogin
INFO: Login success
Oct 12, 2012 7:30:30 AM org.hsm.control.Control getData
INFO: Fetch class list
Oct 12, 2012 7:30:30 AM org.hsm.service.CoreService query
INFO: Execute query SELECT "CL#", "Name" FROM "Class"
ORDER BY "Name"
Oct 12, 2012 7:30:30 AM org.hsm.control.Control tryLogin
INFO: Show main function window
Oct 12, 2012 7:30:31 AM org.hsm.control.Control getData
INFO: Get raw list of students in {Việt Nhật 5B} class
Oct 12, 2012 7:30:31 AM org.hsm.service.CoreService query
INFO: Execute query SELECT "CT#", "First", "Last" FROM "Student"
 WHERE "Student"."CL#" = 2
 ORDER BY "Last"
Oct 12, 2012 7:30:32 AM org.hsm.control.Control getData
INFO: Get raw list of students in {Việt Nhật 5B} class
Oct 12, 2012 7:30:32 AM org.hsm.service.CoreService query
INFO: Execute query SELECT "CT#", "First", "Last" FROM "Student"
 WHERE "Student"."CL#" = 2
 ORDER BY "Last"
Oct 12, 2012 7:30:32 AM org.hsm.control.Control getData
INFO: Get full data of student {Thạch Thọ Diên}
Oct 12, 2012 7:30:32 AM org.hsm.service.CoreService query
INFO: Execute query SELECT * FROM "Student" WHERE "CT#" = 144
Oct 12, 2012 7:30:32 AM org.hsm.control.Control getData
INFO: Get full data of student {Thạch Thọ Diên}
Oct 12, 2012 7:30:32 AM org.hsm.service.CoreService query
INFO: Execute query SELECT * FROM "Student" WHERE "CT#" = 144
Oct 12, 2012 7:30:33 AM org.hsm.control.Control getData
INFO: Get full data of student {Trần Văn Mỹ}
Oct 12, 2012 7:30:33 AM org.hsm.service.CoreService query
INFO: Execute query SELECT * FROM "Student" WHERE "CT#" = 185
Oct 12, 2012 7:30:33 AM org.hsm.control.Control getData
INFO: Get full data of student {Trần Văn Mỹ}
Oct 12, 2012 7:30:33 AM org.hsm.service.CoreService query
INFO: Execute query SELECT * FROM "Student" WHERE "CT#" = 185
Oct 12, 2012 7:30:34 AM org.hsm.control.Control getData
INFO: Get full data of student {Nguyễn Văn Luân}
Oct 12, 2012 7:30:34 AM org.hsm.service.CoreService query
INFO: Execute query SELECT * FROM "Student" WHERE "CT#" = 178
Oct 12, 2012 7:30:34 AM org.hsm.control.Control getData
INFO: Get full data of student {Lưu Vĩnh Lộc}
Oct 12, 2012 7:30:34 AM org.hsm.service.CoreService query
INFO: Execute query SELECT * FROM "Student" WHERE "CT#" = 176
Oct 12, 2012 7:30:35 AM org.hsm.control.Control getData
INFO: Get full data of student {Nguyễn Mạnh Hưng}
Oct 12, 2012 7:30:35 AM org.hsm.service.CoreService query
INFO: Execute query SELECT * FROM "Student" WHERE "CT#" = 168
Oct 12, 2012 7:30:35 AM org.hsm.control.Control getData
INFO: Get full data of student {Phan Quốc Hùng}
Oct 12, 2012 7:30:35 AM org.hsm.service.CoreService query
INFO: Execute query SELECT * FROM "Student" WHERE "CT#" = 167
Oct 12, 2012 7:30:35 AM org.hsm.control.Control getData
INFO: Get full data of student {Phạm Xuân Duy}
Oct 12, 2012 7:30:35 AM org.hsm.service.CoreService query
INFO: Execute query SELECT * FROM "Student" WHERE "CT#" = 154
Oct 12, 2012 7:30:35 AM org.hsm.control.Control getData
INFO: Get full data of student {Nguyễn Thành Duy}
Oct 12, 2012 7:30:35 AM org.hsm.service.CoreService query
INFO: Execute query SELECT * FROM "Student" WHERE "CT#" = 153
Oct 12, 2012 7:30:35 AM org.hsm.control.Control getData
INFO: Get full data of student {Nguyễn Việt Đức}
Oct 12, 2012 7:30:35 AM org.hsm.service.CoreService query
INFO: Execute query SELECT * FROM "Student" WHERE "CT#" = 149
Oct 12, 2012 7:30:35 AM org.hsm.control.Control getData
INFO: Get full data of student {Đặng Đình Diện}
Oct 12, 2012 7:30:35 AM org.hsm.service.CoreService query
INFO: Execute query SELECT * FROM "Student" WHERE "CT#" = 145
Oct 12, 2012 7:30:35 AM org.hsm.control.Control getData
INFO: Get full data of student {Thạch Thọ Diên}
Oct 12, 2012 7:30:35 AM org.hsm.service.CoreService query
INFO: Execute query SELECT * FROM "Student" WHERE "CT#" = 144
Oct 12, 2012 7:30:36 AM org.hsm.control.Control getData
INFO: Get full data of student {Nguyễn Thành Đạo}
Oct 12, 2012 7:30:36 AM org.hsm.service.CoreService query
INFO: Execute query SELECT * FROM "Student" WHERE "CT#" = 140
Oct 12, 2012 7:30:36 AM org.hsm.control.Control getData
INFO: Get full data of student {Nguyễn Đình Công}
Oct 12, 2012 7:30:36 AM org.hsm.service.CoreService query
INFO: Execute query SELECT * FROM "Student" WHERE "CT#" = 136
Oct 12, 2012 7:30:36 AM org.hsm.control.Control getData
INFO: Get full data of student {Nguyễn Thành Đạo}
Oct 12, 2012 7:30:36 AM org.hsm.service.CoreService query
INFO: Execute query SELECT * FROM "Student" WHERE "CT#" = 140
Oct 12, 2012 7:30:36 AM org.hsm.control.Control getData
INFO: Get full data of student {Thạch Thọ Diên}
Oct 12, 2012 7:30:36 AM org.hsm.service.CoreService query
INFO: Execute query SELECT * FROM "Student" WHERE "CT#" = 144
Oct 12, 2012 7:30:36 AM org.hsm.control.Control getData
INFO: Get full data of student {Đặng Đình Diện}
Oct 12, 2012 7:30:36 AM org.hsm.service.CoreService query
INFO: Execute query SELECT * FROM "Student" WHERE "CT#" = 145
Oct 12, 2012 7:30:36 AM org.hsm.control.Control getData
INFO: Get full data of student {Nguyễn Việt Đức}
Oct 12, 2012 7:30:36 AM org.hsm.service.CoreService query
INFO: Execute query SELECT * FROM "Student" WHERE "CT#" = 149
Oct 12, 2012 7:30:36 AM org.hsm.control.Control getData
INFO: Get full data of student {Nguyễn Thành Duy}
Oct 12, 2012 7:30:36 AM org.hsm.service.CoreService query
INFO: Execute query SELECT * FROM "Student" WHERE "CT#" = 153
Oct 12, 2012 7:30:36 AM org.hsm.control.Control getData
INFO: Get full data of student {Phạm Xuân Duy}
Oct 12, 2012 7:30:36 AM org.hsm.service.CoreService query
INFO: Execute query SELECT * FROM "Student" WHERE "CT#" = 154
Oct 12, 2012 7:30:36 AM org.hsm.control.Control getData
INFO: Get full data of student {Phan Quốc Hùng}
Oct 12, 2012 7:30:36 AM org.hsm.service.CoreService query
INFO: Execute query SELECT * FROM "Student" WHERE "CT#" = 167
Oct 12, 2012 7:30:36 AM org.hsm.control.Control getData
INFO: Get full data of student {Nguyễn Mạnh Hưng}
Oct 12, 2012 7:30:36 AM org.hsm.service.CoreService query
INFO: Execute query SELECT * FROM "Student" WHERE "CT#" = 168
Oct 12, 2012 7:30:36 AM org.hsm.control.Control getData
INFO: Get full data of student {Lưu Vĩnh Lộc}
Oct 12, 2012 7:30:36 AM org.hsm.service.CoreService query
INFO: Execute query SELECT * FROM "Student" WHERE "CT#" = 176
Oct 12, 2012 7:30:36 AM org.hsm.control.Control getData
INFO: Get full data of student {Nguyễn Văn Luân}
Oct 12, 2012 7:30:36 AM org.hsm.service.CoreService query
INFO: Execute query SELECT * FROM "Student" WHERE "CT#" = 178
Oct 12, 2012 7:30:36 AM org.hsm.control.Control getData
INFO: Get full data of student {Trần Văn Mỹ}
Oct 12, 2012 7:30:36 AM org.hsm.service.CoreService query
INFO: Execute query SELECT * FROM "Student" WHERE "CT#" = 185
Oct 12, 2012 7:30:36 AM org.hsm.control.Control getData
INFO: Get full data of student {Phạm Viết Nam}
Oct 12, 2012 7:30:36 AM org.hsm.service.CoreService query
INFO: Execute query SELECT * FROM "Student" WHERE "CT#" = 187
Oct 12, 2012 7:30:36 AM org.hsm.control.Control getData
INFO: Get full data of student {Trần Đức Phong}
Oct 12, 2012 7:30:36 AM org.hsm.service.CoreService query
INFO: Execute query SELECT * FROM "Student" WHERE "CT#" = 189
Oct 12, 2012 7:30:37 AM org.hsm.control.Control getData
INFO: Get full data of student {Phạm Văn Phú}
Oct 12, 2012 7:30:37 AM org.hsm.service.CoreService query
INFO: Execute query SELECT * FROM "Student" WHERE "CT#" = 192
Oct 12, 2012 7:30:37 AM org.hsm.control.Control getData
INFO: Get full data of student {Hoàng Văn Phương}
Oct 12, 2012 7:30:37 AM org.hsm.service.CoreService query
INFO: Execute query SELECT * FROM "Student" WHERE "CT#" = 194
Oct 12, 2012 7:30:37 AM org.hsm.control.Control getData
INFO: Get full data of student {Nguyễn Văn Quân}
Oct 12, 2012 7:30:37 AM org.hsm.service.CoreService query
INFO: Execute query SELECT * FROM "Student" WHERE "CT#" = 196
Oct 12, 2012 7:30:37 AM org.hsm.control.Control getData
INFO: Get full data of student {Bùi Minh Thự}
Oct 12, 2012 7:30:37 AM org.hsm.service.CoreService query
INFO: Execute query SELECT * FROM "Student" WHERE "CT#" = 212
Oct 12, 2012 7:30:37 AM org.hsm.control.Control getData
INFO: Get full data of student {Nguyễn Thị Phương Thúy}
Oct 12, 2012 7:30:37 AM org.hsm.service.CoreService query
INFO: Execute query SELECT * FROM "Student" WHERE "CT#" = 214
Oct 12, 2012 7:30:37 AM org.hsm.control.Control getData
INFO: Get full data of student {Nguyễn Thu Thủy}
Oct 12, 2012 7:30:37 AM org.hsm.service.CoreService query
INFO: Execute query SELECT * FROM "Student" WHERE "CT#" = 216
Oct 12, 2012 7:30:37 AM org.hsm.control.Control getData
INFO: Get full data of student {Đinh Văn Tiệp}
Oct 12, 2012 7:30:37 AM org.hsm.service.CoreService query
INFO: Execute query SELECT * FROM "Student" WHERE "CT#" = 217
Oct 12, 2012 7:30:37 AM org.hsm.control.Control getData
INFO: Get full data of student {Lưu Xuân Trọng}
Oct 12, 2012 7:30:37 AM org.hsm.service.CoreService query
INFO: Execute query SELECT * FROM "Student" WHERE "CT#" = 219
Oct 12, 2012 7:30:37 AM org.hsm.control.Control getData
INFO: Get full data of student {Nguyễn Ngọc Trung}
Oct 12, 2012 7:30:37 AM org.hsm.service.CoreService query
INFO: Execute query SELECT * FROM "Student" WHERE "CT#" = 220
Oct 12, 2012 7:30:37 AM org.hsm.control.Control getData
INFO: Get full data of student {Nguyễn Đức Tuấn}
Oct 12, 2012 7:30:37 AM org.hsm.service.CoreService query
INFO: Execute query SELECT * FROM "Student" WHERE "CT#" = 223
Oct 12, 2012 7:30:37 AM org.hsm.control.Control getData
INFO: Get full data of student {Đinh Thanh Tùng}
Oct 12, 2012 7:30:37 AM org.hsm.service.CoreService query
INFO: Execute query SELECT * FROM "Student" WHERE "CT#" = 225
Oct 12, 2012 7:30:37 AM org.hsm.control.Control getData
INFO: Get full data of student {Mai Văn Tùng}
Oct 12, 2012 7:30:37 AM org.hsm.service.CoreService query
INFO: Execute query SELECT * FROM "Student" WHERE "CT#" = 229
Oct 12, 2012 7:30:37 AM org.hsm.control.Control getData
INFO: Get full data of student {Bùi Quang Tân}
Oct 12, 2012 7:30:37 AM org.hsm.service.CoreService query
INFO: Execute query SELECT * FROM "Student" WHERE "CT#" = 233
Oct 12, 2012 7:30:37 AM org.hsm.control.Control getData
INFO: Get full data of student {Phạm Trần Huỳnh}
Oct 12, 2012 7:30:37 AM org.hsm.service.CoreService query
INFO: Execute query SELECT * FROM "Student" WHERE "CT#" = 234
Oct 12, 2012 7:30:37 AM org.hsm.control.Control getData
INFO: Get full data of student {Nguyễn Trung Lâm}
Oct 12, 2012 7:30:37 AM org.hsm.service.CoreService query
INFO: Execute query SELECT * FROM "Student" WHERE "CT#" = 236
Oct 12, 2012 7:30:37 AM org.hsm.control.Control getData
INFO: Get full data of student {Bùi Thái An}
Oct 12, 2012 7:30:37 AM org.hsm.service.CoreService query
INFO: Execute query SELECT * FROM "Student" WHERE "CT#" = 237
Oct 12, 2012 7:30:37 AM org.hsm.control.Control getData
INFO: Get full data of student {Cù Tuấn Anh}
Oct 12, 2012 7:30:37 AM org.hsm.service.CoreService query
INFO: Execute query SELECT * FROM "Student" WHERE "CT#" = 238
Oct 12, 2012 7:30:38 AM org.hsm.control.Control getData
INFO: Get full data of student {Trần Lương Tuấn Anh}
Oct 12, 2012 7:30:38 AM org.hsm.service.CoreService query
INFO: Execute query SELECT * FROM "Student" WHERE "CT#" = 241
Oct 12, 2012 7:30:38 AM org.hsm.control.Control getData
INFO: Get full data of student {Ngô Duy Bằng}
Oct 12, 2012 7:30:38 AM org.hsm.service.CoreService query
INFO: Execute query SELECT * FROM "Student" WHERE "CT#" = 242
Oct 12, 2012 7:30:38 AM org.hsm.control.Control getData
INFO: Get full data of student {Nguyễn Việt Bảo}
Oct 12, 2012 7:30:38 AM org.hsm.service.CoreService query
INFO: Execute query SELECT * FROM "Student" WHERE "CT#" = 243
Oct 12, 2012 7:30:38 AM org.hsm.control.Control getData
INFO: Get full data of student {Đào Thanh Cầm}
Oct 12, 2012 7:30:38 AM org.hsm.service.CoreService query
INFO: Execute query SELECT * FROM "Student" WHERE "CT#" = 244
Oct 12, 2012 7:30:38 AM org.hsm.control.Control getData
INFO: Get full data of student {Đặng Quang Vinh}
Oct 12, 2012 7:30:38 AM org.hsm.service.CoreService query
INFO: Execute query SELECT * FROM "Student" WHERE "CT#" = 248
Oct 12, 2012 7:30:38 AM org.hsm.control.Control getData
INFO: Get full data of student {Đào Thanh Cầm}
Oct 12, 2012 7:30:38 AM org.hsm.service.CoreService query
INFO: Execute query SELECT * FROM "Student" WHERE "CT#" = 244
Oct 12, 2012 7:30:38 AM org.hsm.control.Control getData
INFO: Get full data of student {Nguyễn Việt Bảo}
Oct 12, 2012 7:30:38 AM org.hsm.service.CoreService query
INFO: Execute query SELECT * FROM "Student" WHERE "CT#" = 243
Oct 12, 2012 7:30:38 AM org.hsm.control.Control getData
INFO: Get full data of student {Ngô Duy Bằng}
Oct 12, 2012 7:30:38 AM org.hsm.service.CoreService query
INFO: Execute query SELECT * FROM "Student" WHERE "CT#" = 242
Oct 12, 2012 7:30:38 AM org.hsm.control.Control getData
INFO: Get full data of student {Trần Lương Tuấn Anh}
Oct 12, 2012 7:30:38 AM org.hsm.service.CoreService query
INFO: Execute query SELECT * FROM "Student" WHERE "CT#" = 241
Oct 12, 2012 7:30:38 AM org.hsm.control.Control getData
INFO: Get full data of student {Cù Tuấn Anh}
Oct 12, 2012 7:30:38 AM org.hsm.service.CoreService query
INFO: Execute query SELECT * FROM "Student" WHERE "CT#" = 238
Oct 12, 2012 7:30:38 AM org.hsm.control.Control getData
INFO: Get full data of student {Bùi Thái An}
Oct 12, 2012 7:30:38 AM org.hsm.service.CoreService query
INFO: Execute query SELECT * FROM "Student" WHERE "CT#" = 237
Oct 12, 2012 7:30:38 AM org.hsm.control.Control getData
INFO: Get full data of student {Nguyễn Trung Lâm}
Oct 12, 2012 7:30:38 AM org.hsm.service.CoreService query
INFO: Execute query SELECT * FROM "Student" WHERE "CT#" = 236
Oct 12, 2012 7:30:38 AM org.hsm.control.Control getData
INFO: Get full data of student {Phạm Trần Huỳnh}
Oct 12, 2012 7:30:38 AM org.hsm.service.CoreService query
INFO: Execute query SELECT * FROM "Student" WHERE "CT#" = 234
Oct 12, 2012 7:30:38 AM org.hsm.control.Control getData
INFO: Get full data of student {Bùi Quang Tân}
Oct 12, 2012 7:30:38 AM org.hsm.service.CoreService query
INFO: Execute query SELECT * FROM "Student" WHERE "CT#" = 233
Oct 12, 2012 7:30:38 AM org.hsm.control.Control getData
INFO: Get full data of student {Mai Văn Tùng}
Oct 12, 2012 7:30:38 AM org.hsm.service.CoreService query
INFO: Execute query SELECT * FROM "Student" WHERE "CT#" = 229
Oct 12, 2012 7:30:38 AM org.hsm.control.Control getData
INFO: Get full data of student {Đinh Thanh Tùng}
Oct 12, 2012 7:30:38 AM org.hsm.service.CoreService query
INFO: Execute query SELECT * FROM "Student" WHERE "CT#" = 225
Oct 12, 2012 7:30:38 AM org.hsm.control.Control getData
INFO: Get full data of student {Nguyễn Đức Tuấn}
Oct 12, 2012 7:30:38 AM org.hsm.service.CoreService query
INFO: Execute query SELECT * FROM "Student" WHERE "CT#" = 223
Oct 12, 2012 7:30:38 AM org.hsm.control.Control getData
INFO: Get full data of student {Nguyễn Ngọc Trung}
Oct 12, 2012 7:30:38 AM org.hsm.service.CoreService query
INFO: Execute query SELECT * FROM "Student" WHERE "CT#" = 220
Oct 12, 2012 7:30:39 AM org.hsm.control.Control getData
INFO: Get full data of student {Lưu Xuân Trọng}
Oct 12, 2012 7:30:39 AM org.hsm.service.CoreService query
INFO: Execute query SELECT * FROM "Student" WHERE "CT#" = 219
Oct 12, 2012 7:30:39 AM org.hsm.control.Control getData
INFO: Get full data of student {Đinh Văn Tiệp}
Oct 12, 2012 7:30:39 AM org.hsm.service.CoreService query
INFO: Execute query SELECT * FROM "Student" WHERE "CT#" = 217
Oct 12, 2012 7:30:39 AM org.hsm.control.Control getData
INFO: Get full data of student {Nguyễn Thu Thủy}
Oct 12, 2012 7:30:39 AM org.hsm.service.CoreService query
INFO: Execute query SELECT * FROM "Student" WHERE "CT#" = 216
Oct 12, 2012 7:30:39 AM org.hsm.control.Control getData
INFO: Get full data of student {Nguyễn Thị Phương Thúy}
Oct 12, 2012 7:30:39 AM org.hsm.service.CoreService query
INFO: Execute query SELECT * FROM "Student" WHERE "CT#" = 214
Oct 12, 2012 7:30:39 AM org.hsm.control.Control getData
INFO: Get full data of student {Bùi Minh Thự}
Oct 12, 2012 7:30:39 AM org.hsm.service.CoreService query
INFO: Execute query SELECT * FROM "Student" WHERE "CT#" = 212
Oct 12, 2012 7:30:39 AM org.hsm.control.Control getData
INFO: Get full data of student {Nguyễn Văn Quân}
Oct 12, 2012 7:30:39 AM org.hsm.service.CoreService query
INFO: Execute query SELECT * FROM "Student" WHERE "CT#" = 196
Oct 12, 2012 7:30:39 AM org.hsm.control.Control getData
INFO: Get full data of student {Hoàng Văn Phương}
Oct 12, 2012 7:30:39 AM org.hsm.service.CoreService query
INFO: Execute query SELECT * FROM "Student" WHERE "CT#" = 194
Oct 12, 2012 7:30:39 AM org.hsm.control.Control getData
INFO: Get full data of student {Phạm Văn Phú}
Oct 12, 2012 7:30:39 AM org.hsm.service.CoreService query
INFO: Execute query SELECT * FROM "Student" WHERE "CT#" = 192
Oct 12, 2012 7:30:39 AM org.hsm.control.Control getData
INFO: Get full data of student {Trần Đức Phong}
Oct 12, 2012 7:30:39 AM org.hsm.service.CoreService query
INFO: Execute query SELECT * FROM "Student" WHERE "CT#" = 189
Oct 12, 2012 7:30:39 AM org.hsm.control.Control getData
INFO: Get full data of student {Phạm Viết Nam}
Oct 12, 2012 7:30:39 AM org.hsm.service.CoreService query
INFO: Execute query SELECT * FROM "Student" WHERE "CT#" = 187
Oct 12, 2012 7:30:39 AM org.hsm.control.Control getData
INFO: Get full data of student {Trần Văn Mỹ}
Oct 12, 2012 7:30:39 AM org.hsm.service.CoreService query
INFO: Execute query SELECT * FROM "Student" WHERE "CT#" = 185
Oct 12, 2012 7:30:39 AM org.hsm.control.Control getData
INFO: Get full data of student {Nguyễn Văn Luân}
Oct 12, 2012 7:30:39 AM org.hsm.service.CoreService query
INFO: Execute query SELECT * FROM "Student" WHERE "CT#" = 178
Oct 12, 2012 7:30:39 AM org.hsm.control.Control getData
INFO: Get full data of student {Lưu Vĩnh Lộc}
Oct 12, 2012 7:30:39 AM org.hsm.service.CoreService query
INFO: Execute query SELECT * FROM "Student" WHERE "CT#" = 176
Oct 12, 2012 7:30:39 AM org.hsm.control.Control getData
INFO: Get full data of student {Nguyễn Văn Luân}
Oct 12, 2012 7:30:39 AM org.hsm.service.CoreService query
INFO: Execute query SELECT * FROM "Student" WHERE "CT#" = 178
Oct 12, 2012 7:30:39 AM org.hsm.control.Control getData
INFO: Get full data of student {Trần Văn Mỹ}
Oct 12, 2012 7:30:39 AM org.hsm.service.CoreService query
INFO: Execute query SELECT * FROM "Student" WHERE "CT#" = 185
Oct 12, 2012 7:30:39 AM org.hsm.control.Control getData
INFO: Get full data of student {Phạm Viết Nam}
Oct 12, 2012 7:30:39 AM org.hsm.service.CoreService query
INFO: Execute query SELECT * FROM "Student" WHERE "CT#" = 187
Oct 12, 2012 7:30:39 AM org.hsm.control.Control getData
INFO: Get full data of student {Trần Đức Phong}
Oct 12, 2012 7:30:39 AM org.hsm.service.CoreService query
INFO: Execute query SELECT * FROM "Student" WHERE "CT#" = 189
Oct 12, 2012 7:30:39 AM org.hsm.control.Control getData
INFO: Get full data of student {Phạm Văn Phú}
Oct 12, 2012 7:30:39 AM org.hsm.service.CoreService query
INFO: Execute query SELECT * FROM "Student" WHERE "CT#" = 192
Oct 12, 2012 7:30:39 AM org.hsm.control.Control getData
INFO: Get full data of student {Hoàng Văn Phương}
Oct 12, 2012 7:30:39 AM org.hsm.service.CoreService query
INFO: Execute query SELECT * FROM "Student" WHERE "CT#" = 194
Oct 12, 2012 7:30:39 AM org.hsm.control.Control getData
INFO: Get full data of student {Nguyễn Văn Quân}
Oct 12, 2012 7:30:39 AM org.hsm.service.CoreService query
INFO: Execute query SELECT * FROM "Student" WHERE "CT#" = 196
Oct 12, 2012 7:30:39 AM org.hsm.control.Control getData
INFO: Get full data of student {Bùi Minh Thự}
Oct 12, 2012 7:30:39 AM org.hsm.service.CoreService query
INFO: Execute query SELECT * FROM "Student" WHERE "CT#" = 212
Oct 12, 2012 7:30:39 AM org.hsm.control.Control getData
INFO: Get full data of student {Nguyễn Thị Phương Thúy}
Oct 12, 2012 7:30:39 AM org.hsm.service.CoreService query
INFO: Execute query SELECT * FROM "Student" WHERE "CT#" = 214
Oct 12, 2012 7:30:39 AM org.hsm.control.Control getData
INFO: Get full data of student {Nguyễn Thu Thủy}
Oct 12, 2012 7:30:39 AM org.hsm.service.CoreService query
INFO: Execute query SELECT * FROM "Student" WHERE "CT#" = 216
Oct 12, 2012 7:30:39 AM org.hsm.control.Control getData
INFO: Get full data of student {Đinh Văn Tiệp}
Oct 12, 2012 7:30:39 AM org.hsm.service.CoreService query
INFO: Execute query SELECT * FROM "Student" WHERE "CT#" = 217
Oct 12, 2012 7:30:39 AM org.hsm.control.Control getData
INFO: Get full data of student {Lưu Xuân Trọng}
Oct 12, 2012 7:30:39 AM org.hsm.service.CoreService query
INFO: Execute query SELECT * FROM "Student" WHERE "CT#" = 219
Oct 12, 2012 7:30:39 AM org.hsm.control.Control getData
INFO: Get full data of student {Nguyễn Ngọc Trung}
Oct 12, 2012 7:30:39 AM org.hsm.service.CoreService query
INFO: Execute query SELECT * FROM "Student" WHERE "CT#" = 220
Oct 12, 2012 7:30:39 AM org.hsm.control.Control getData
INFO: Get full data of student {Nguyễn Đức Tuấn}
Oct 12, 2012 7:30:39 AM org.hsm.service.CoreService query
INFO: Execute query SELECT * FROM "Student" WHERE "CT#" = 223
Oct 12, 2012 7:30:39 AM org.hsm.control.Control getData
INFO: Get full data of student {Đinh Thanh Tùng}
Oct 12, 2012 7:30:39 AM org.hsm.service.CoreService query
INFO: Execute query SELECT * FROM "Student" WHERE "CT#" = 225
Oct 12, 2012 7:30:39 AM org.hsm.control.Control getData
INFO: Get full data of student {Mai Văn Tùng}
Oct 12, 2012 7:30:39 AM org.hsm.service.CoreService query
INFO: Execute query SELECT * FROM "Student" WHERE "CT#" = 229
Oct 12, 2012 7:30:39 AM org.hsm.control.Control getData
INFO: Get full data of student {Bùi Quang Tân}
Oct 12, 2012 7:30:39 AM org.hsm.service.CoreService query
INFO: Execute query SELECT * FROM "Student" WHERE "CT#" = 233
Oct 12, 2012 7:30:39 AM org.hsm.control.Control getData
INFO: Get full data of student {Phạm Trần Huỳnh}
Oct 12, 2012 7:30:39 AM org.hsm.service.CoreService query
INFO: Execute query SELECT * FROM "Student" WHERE "CT#" = 234
Oct 12, 2012 7:30:39 AM org.hsm.control.Control getData
INFO: Get full data of student {Nguyễn Trung Lâm}
Oct 12, 2012 7:30:39 AM org.hsm.service.CoreService query
INFO: Execute query SELECT * FROM "Student" WHERE "CT#" = 236
Oct 12, 2012 7:30:39 AM org.hsm.control.Control getData
INFO: Get full data of student {Bùi Thái An}
Oct 12, 2012 7:30:39 AM org.hsm.service.CoreService query
INFO: Execute query SELECT * FROM "Student" WHERE "CT#" = 237
Oct 12, 2012 7:30:40 AM org.hsm.control.Control getData
INFO: Get full data of student {Cù Tuấn Anh}
Oct 12, 2012 7:30:40 AM org.hsm.service.CoreService query
INFO: Execute query SELECT * FROM "Student" WHERE "CT#" = 238
Oct 12, 2012 7:30:40 AM org.hsm.control.Control getData
INFO: Get full data of student {Trần Lương Tuấn Anh}
Oct 12, 2012 7:30:40 AM org.hsm.service.CoreService query
INFO: Execute query SELECT * FROM "Student" WHERE "CT#" = 241
Oct 12, 2012 7:30:40 AM org.hsm.control.Control getData
INFO: Get full data of student {Ngô Duy Bằng}
Oct 12, 2012 7:30:40 AM org.hsm.service.CoreService query
INFO: Execute query SELECT * FROM "Student" WHERE "CT#" = 242
Oct 12, 2012 7:30:40 AM org.hsm.control.Control getData
INFO: Get full data of student {Nguyễn Việt Bảo}
Oct 12, 2012 7:30:40 AM org.hsm.service.CoreService query
INFO: Execute query SELECT * FROM "Student" WHERE "CT#" = 243
Oct 12, 2012 7:30:40 AM org.hsm.control.Control getData
INFO: Get full data of student {Đào Thanh Cầm}
Oct 12, 2012 7:30:40 AM org.hsm.service.CoreService query
INFO: Execute query SELECT * FROM "Student" WHERE "CT#" = 244
Oct 12, 2012 7:30:40 AM org.hsm.control.Control getData
INFO: Get full data of student {Đặng Quang Vinh}
Oct 12, 2012 7:30:40 AM org.hsm.service.CoreService query
INFO: Execute query SELECT * FROM "Student" WHERE "CT#" = 248
Oct 12, 2012 7:30:41 AM org.hsm.control.Control getData
INFO: Get full data of student {Đào Thanh Cầm}
Oct 12, 2012 7:30:41 AM org.hsm.service.CoreService query
INFO: Execute query SELECT * FROM "Student" WHERE "CT#" = 244
Oct 12, 2012 7:30:41 AM org.hsm.control.Control getData
INFO: Get full data of student {Nguyễn Việt Bảo}
Oct 12, 2012 7:30:41 AM org.hsm.service.CoreService query
INFO: Execute query SELECT * FROM "Student" WHERE "CT#" = 243
Oct 12, 2012 7:30:42 AM org.hsm.control.Control getData
INFO: Get full data of student {Ngô Duy Bằng}
Oct 12, 2012 7:30:42 AM org.hsm.service.CoreService query
INFO: Execute query SELECT * FROM "Student" WHERE "CT#" = 242
Oct 12, 2012 7:30:42 AM org.hsm.control.Control getData
INFO: Get full data of student {Nguyễn Việt Bảo}
Oct 12, 2012 7:30:42 AM org.hsm.service.CoreService query
INFO: Execute query SELECT * FROM "Student" WHERE "CT#" = 243
Oct 12, 2012 7:30:42 AM org.hsm.control.Control getData
INFO: Get full data of student {Đào Thanh Cầm}
Oct 12, 2012 7:30:42 AM org.hsm.service.CoreService query
INFO: Execute query SELECT * FROM "Student" WHERE "CT#" = 244
Oct 12, 2012 7:30:42 AM org.hsm.control.Control getData
INFO: Get full data of student {Đặng Quang Vinh}
Oct 12, 2012 7:30:42 AM org.hsm.service.CoreService query
INFO: Execute query SELECT * FROM "Student" WHERE "CT#" = 248
Oct 12, 2012 7:30:43 AM org.hsm.control.Control getData
INFO: Get full data of student {Đào Thanh Cầm}
Oct 12, 2012 7:30:43 AM org.hsm.service.CoreService query
INFO: Execute query SELECT * FROM "Student" WHERE "CT#" = 244
Oct 12, 2012 7:30:43 AM org.hsm.control.Control getData
INFO: Get full data of student {Nguyễn Việt Bảo}
Oct 12, 2012 7:30:43 AM org.hsm.service.CoreService query
INFO: Execute query SELECT * FROM "Student" WHERE "CT#" = 243
Oct 12, 2012 7:30:43 AM org.hsm.control.Control getData
INFO: Get full data of student {Ngô Duy Bằng}
Oct 12, 2012 7:30:43 AM org.hsm.service.CoreService query
INFO: Execute query SELECT * FROM "Student" WHERE "CT#" = 242
Oct 12, 2012 7:30:43 AM org.hsm.control.Control getData
INFO: Get full data of student {Trần Lương Tuấn Anh}
Oct 12, 2012 7:30:43 AM org.hsm.service.CoreService query
INFO: Execute query SELECT * FROM "Student" WHERE "CT#" = 241
Oct 12, 2012 7:30:43 AM org.hsm.control.Control getData
INFO: Get full data of student {Cù Tuấn Anh}
Oct 12, 2012 7:30:43 AM org.hsm.service.CoreService query
INFO: Execute query SELECT * FROM "Student" WHERE "CT#" = 238
Oct 12, 2012 7:30:43 AM org.hsm.control.Control getData
INFO: Get full data of student {Bùi Thái An}
Oct 12, 2012 7:30:43 AM org.hsm.service.CoreService query
INFO: Execute query SELECT * FROM "Student" WHERE "CT#" = 237
Oct 12, 2012 7:30:43 AM org.hsm.control.Control getData
INFO: Get full data of student {Nguyễn Trung Lâm}
Oct 12, 2012 7:30:43 AM org.hsm.service.CoreService query
INFO: Execute query SELECT * FROM "Student" WHERE "CT#" = 236
Oct 12, 2012 7:30:43 AM org.hsm.control.Control getData
INFO: Get full data of student {Phạm Trần Huỳnh}
Oct 12, 2012 7:30:43 AM org.hsm.service.CoreService query
INFO: Execute query SELECT * FROM "Student" WHERE "CT#" = 234
Oct 12, 2012 7:30:43 AM org.hsm.control.Control getData
INFO: Get full data of student {Bùi Quang Tân}
Oct 12, 2012 7:30:43 AM org.hsm.service.CoreService query
INFO: Execute query SELECT * FROM "Student" WHERE "CT#" = 233
Oct 12, 2012 7:30:43 AM org.hsm.control.Control getData
INFO: Get full data of student {Mai Văn Tùng}
Oct 12, 2012 7:30:43 AM org.hsm.service.CoreService query
INFO: Execute query SELECT * FROM "Student" WHERE "CT#" = 229
Oct 12, 2012 7:30:43 AM org.hsm.control.Control getData
INFO: Get full data of student {Đinh Thanh Tùng}
Oct 12, 2012 7:30:43 AM org.hsm.service.CoreService query
INFO: Execute query SELECT * FROM "Student" WHERE "CT#" = 225
Oct 12, 2012 7:30:43 AM org.hsm.control.Control getData
INFO: Get full data of student {Nguyễn Đức Tuấn}
Oct 12, 2012 7:30:43 AM org.hsm.service.CoreService query
INFO: Execute query SELECT * FROM "Student" WHERE "CT#" = 223
Oct 12, 2012 7:30:43 AM org.hsm.control.Control getData
INFO: Get full data of student {Nguyễn Ngọc Trung}
Oct 12, 2012 7:30:43 AM org.hsm.service.CoreService query
INFO: Execute query SELECT * FROM "Student" WHERE "CT#" = 220
Oct 12, 2012 7:30:43 AM org.hsm.control.Control getData
INFO: Get full data of student {Lưu Xuân Trọng}
Oct 12, 2012 7:30:43 AM org.hsm.service.CoreService query
INFO: Execute query SELECT * FROM "Student" WHERE "CT#" = 219
Oct 12, 2012 7:30:43 AM org.hsm.control.Control getData
INFO: Get full data of student {Đinh Văn Tiệp}
Oct 12, 2012 7:30:43 AM org.hsm.service.CoreService query
INFO: Execute query SELECT * FROM "Student" WHERE "CT#" = 217
Oct 12, 2012 7:30:43 AM org.hsm.control.Control getData
INFO: Get full data of student {Nguyễn Thu Thủy}
Oct 12, 2012 7:30:43 AM org.hsm.service.CoreService query
INFO: Execute query SELECT * FROM "Student" WHERE "CT#" = 216
Oct 12, 2012 7:30:43 AM org.hsm.control.Control getData
INFO: Get full data of student {Nguyễn Thị Phương Thúy}
Oct 12, 2012 7:30:43 AM org.hsm.service.CoreService query
INFO: Execute query SELECT * FROM "Student" WHERE "CT#" = 214
Oct 12, 2012 7:30:43 AM org.hsm.control.Control getData
INFO: Get full data of student {Bùi Minh Thự}
Oct 12, 2012 7:30:43 AM org.hsm.service.CoreService query
INFO: Execute query SELECT * FROM "Student" WHERE "CT#" = 212
Oct 12, 2012 7:30:44 AM org.hsm.control.Control getData
INFO: Get full data of student {Nguyễn Đức Tuấn}
Oct 12, 2012 7:30:44 AM org.hsm.service.CoreService query
INFO: Execute query SELECT * FROM "Student" WHERE "CT#" = 223
Oct 12, 2012 7:30:44 AM org.hsm.control.Control getData
INFO: Get full data of student {Nguyễn Đức Tuấn}
Oct 12, 2012 7:30:44 AM org.hsm.service.CoreService query
INFO: Execute query SELECT * FROM "Student" WHERE "CT#" = 223
Oct 12, 2012 7:30:44 AM org.hsm.control.Control getData
INFO: Get full data of student {Bùi Minh Thự}
Oct 12, 2012 7:30:44 AM org.hsm.service.CoreService query
INFO: Execute query SELECT * FROM "Student" WHERE "CT#" = 212
Oct 12, 2012 7:30:44 AM org.hsm.control.Control getData
INFO: Get full data of student {Bùi Minh Thự}
Oct 12, 2012 7:30:44 AM org.hsm.service.CoreService query
INFO: Execute query SELECT * FROM "Student" WHERE "CT#" = 212
Oct 12, 2012 7:30:45 AM org.hsm.control.Control getData
INFO: Get full data of student {Trần Đức Phong}
Oct 12, 2012 7:30:45 AM org.hsm.service.CoreService query
INFO: Execute query SELECT * FROM "Student" WHERE "CT#" = 189
Oct 12, 2012 7:30:45 AM org.hsm.control.Control getData
INFO: Get full data of student {Trần Đức Phong}
Oct 12, 2012 7:30:45 AM org.hsm.service.CoreService query
INFO: Execute query SELECT * FROM "Student" WHERE "CT#" = 189
Oct 12, 2012 7:30:45 AM org.hsm.control.Control getData
INFO: Get full data of student {Phạm Văn Phú}
Oct 12, 2012 7:30:45 AM org.hsm.service.CoreService query
INFO: Execute query SELECT * FROM "Student" WHERE "CT#" = 192
Oct 12, 2012 7:30:45 AM org.hsm.control.Control getData
INFO: Get full data of student {Hoàng Văn Phương}
Oct 12, 2012 7:30:45 AM org.hsm.service.CoreService query
INFO: Execute query SELECT * FROM "Student" WHERE "CT#" = 194
Oct 12, 2012 7:30:45 AM org.hsm.control.Control getData
INFO: Get full data of student {Nguyễn Văn Quân}
Oct 12, 2012 7:30:45 AM org.hsm.service.CoreService query
INFO: Execute query SELECT * FROM "Student" WHERE "CT#" = 196
Oct 12, 2012 7:30:45 AM org.hsm.control.Control getData
INFO: Get full data of student {Bùi Minh Thự}
Oct 12, 2012 7:30:45 AM org.hsm.service.CoreService query
INFO: Execute query SELECT * FROM "Student" WHERE "CT#" = 212
Oct 12, 2012 7:30:45 AM org.hsm.control.Control getData
INFO: Get full data of student {Nguyễn Thị Phương Thúy}
Oct 12, 2012 7:30:45 AM org.hsm.service.CoreService query
INFO: Execute query SELECT * FROM "Student" WHERE "CT#" = 214
Oct 12, 2012 7:30:45 AM org.hsm.control.Control getData
INFO: Get full data of student {Nguyễn Thu Thủy}
Oct 12, 2012 7:30:45 AM org.hsm.service.CoreService query
INFO: Execute query SELECT * FROM "Student" WHERE "CT#" = 216
Oct 12, 2012 7:30:46 AM org.hsm.control.Control getData
INFO: Get full data of student {Đinh Văn Tiệp}
Oct 12, 2012 7:30:46 AM org.hsm.service.CoreService query
INFO: Execute query SELECT * FROM "Student" WHERE "CT#" = 217
Oct 12, 2012 7:30:46 AM org.hsm.control.Control getData
INFO: Get full data of student {Lưu Xuân Trọng}
Oct 12, 2012 7:30:46 AM org.hsm.service.CoreService query
INFO: Execute query SELECT * FROM "Student" WHERE "CT#" = 219
Oct 12, 2012 7:30:46 AM org.hsm.control.Control getData
INFO: Get full data of student {Nguyễn Ngọc Trung}
Oct 12, 2012 7:30:46 AM org.hsm.service.CoreService query
INFO: Execute query SELECT * FROM "Student" WHERE "CT#" = 220
Oct 12, 2012 7:30:46 AM org.hsm.control.Control getData
INFO: Get full data of student {Nguyễn Đức Tuấn}
Oct 12, 2012 7:30:46 AM org.hsm.service.CoreService query
INFO: Execute query SELECT * FROM "Student" WHERE "CT#" = 223
Oct 12, 2012 7:30:46 AM org.hsm.control.Control getData
INFO: Get full data of student {Đinh Thanh Tùng}
Oct 12, 2012 7:30:46 AM org.hsm.service.CoreService query
INFO: Execute query SELECT * FROM "Student" WHERE "CT#" = 225
Oct 12, 2012 7:30:46 AM org.hsm.control.Control getData
INFO: Get full data of student {Mai Văn Tùng}
Oct 12, 2012 7:30:46 AM org.hsm.service.CoreService query
INFO: Execute query SELECT * FROM "Student" WHERE "CT#" = 229
Oct 12, 2012 7:30:46 AM org.hsm.control.Control getData
INFO: Get full data of student {Bùi Quang Tân}
Oct 12, 2012 7:30:46 AM org.hsm.service.CoreService query
INFO: Execute query SELECT * FROM "Student" WHERE "CT#" = 233
Oct 12, 2012 7:30:46 AM org.hsm.control.Control getData
INFO: Get full data of student {Phạm Trần Huỳnh}
Oct 12, 2012 7:30:46 AM org.hsm.service.CoreService query
INFO: Execute query SELECT * FROM "Student" WHERE "CT#" = 234
Oct 12, 2012 7:30:46 AM org.hsm.control.Control getData
INFO: Get full data of student {Nguyễn Trung Lâm}
Oct 12, 2012 7:30:46 AM org.hsm.service.CoreService query
INFO: Execute query SELECT * FROM "Student" WHERE "CT#" = 236
Oct 12, 2012 7:30:46 AM org.hsm.control.Control getData
INFO: Get full data of student {Bùi Thái An}
Oct 12, 2012 7:30:46 AM org.hsm.service.CoreService query
INFO: Execute query SELECT * FROM "Student" WHERE "CT#" = 237
Oct 12, 2012 7:30:46 AM org.hsm.control.Control getData
INFO: Get full data of student {Cù Tuấn Anh}
Oct 12, 2012 7:30:46 AM org.hsm.service.CoreService query
INFO: Execute query SELECT * FROM "Student" WHERE "CT#" = 238
Oct 12, 2012 7:30:46 AM org.hsm.control.Control getData
INFO: Get full data of student {Trần Lương Tuấn Anh}
Oct 12, 2012 7:30:46 AM org.hsm.service.CoreService query
INFO: Execute query SELECT * FROM "Student" WHERE "CT#" = 241
Oct 12, 2012 7:30:46 AM org.hsm.control.Control getData
INFO: Get full data of student {Ngô Duy Bằng}
Oct 12, 2012 7:30:46 AM org.hsm.service.CoreService query
INFO: Execute query SELECT * FROM "Student" WHERE "CT#" = 242
Oct 12, 2012 7:30:46 AM org.hsm.control.Control getData
INFO: Get full data of student {Nguyễn Việt Bảo}
Oct 12, 2012 7:30:46 AM org.hsm.service.CoreService query
INFO: Execute query SELECT * FROM "Student" WHERE "CT#" = 243
Oct 12, 2012 7:30:46 AM org.hsm.control.Control getData
INFO: Get full data of student {Nguyễn Thị Phương Thúy}
Oct 12, 2012 7:30:46 AM org.hsm.service.CoreService query
INFO: Execute query SELECT * FROM "Student" WHERE "CT#" = 214
Oct 12, 2012 7:30:46 AM org.hsm.control.Control getData
INFO: Get full data of student {Nguyễn Thị Phương Thúy}
Oct 12, 2012 7:30:46 AM org.hsm.service.CoreService query
INFO: Execute query SELECT * FROM "Student" WHERE "CT#" = 214
Oct 12, 2012 7:30:47 AM org.hsm.control.Control getData
INFO: Get full data of student {Bùi Quang Tân}
Oct 12, 2012 7:30:47 AM org.hsm.service.CoreService query
INFO: Execute query SELECT * FROM "Student" WHERE "CT#" = 233
Oct 12, 2012 7:30:47 AM org.hsm.control.Control getData
INFO: Get full data of student {Bùi Quang Tân}
Oct 12, 2012 7:30:47 AM org.hsm.service.CoreService query
INFO: Execute query SELECT * FROM "Student" WHERE "CT#" = 233
Oct 12, 2012 7:30:47 AM org.hsm.control.Control getData
INFO: Get full data of student {Trần Đức Phong}
Oct 12, 2012 7:30:47 AM org.hsm.service.CoreService query
INFO: Execute query SELECT * FROM "Student" WHERE "CT#" = 189
Oct 12, 2012 7:30:48 AM org.hsm.control.Control getData
INFO: Get full data of student {Trần Đức Phong}
Oct 12, 2012 7:30:48 AM org.hsm.service.CoreService query
INFO: Execute query SELECT * FROM "Student" WHERE "CT#" = 189
Oct 12, 2012 7:30:48 AM org.hsm.control.Control getData
INFO: Get full data of student {Phạm Văn Phú}
Oct 12, 2012 7:30:48 AM org.hsm.service.CoreService query
INFO: Execute query SELECT * FROM "Student" WHERE "CT#" = 192
Oct 12, 2012 7:30:48 AM org.hsm.control.Control getData
INFO: Get full data of student {Trần Đức Phong}
Oct 12, 2012 7:30:48 AM org.hsm.service.CoreService query
INFO: Execute query SELECT * FROM "Student" WHERE "CT#" = 189
Oct 12, 2012 7:30:48 AM org.hsm.control.Control getData
INFO: Get full data of student {Phạm Viết Nam}
Oct 12, 2012 7:30:48 AM org.hsm.service.CoreService query
INFO: Execute query SELECT * FROM "Student" WHERE "CT#" = 187
Oct 12, 2012 7:30:48 AM org.hsm.control.Control getData
INFO: Get full data of student {Trần Văn Mỹ}
Oct 12, 2012 7:30:48 AM org.hsm.service.CoreService query
INFO: Execute query SELECT * FROM "Student" WHERE "CT#" = 185
Oct 12, 2012 7:30:48 AM org.hsm.control.Control getData
INFO: Get full data of student {Nguyễn Văn Luân}
Oct 12, 2012 7:30:48 AM org.hsm.service.CoreService query
INFO: Execute query SELECT * FROM "Student" WHERE "CT#" = 178
Oct 12, 2012 7:30:48 AM org.hsm.control.Control getData
INFO: Get full data of student {Lưu Vĩnh Lộc}
Oct 12, 2012 7:30:48 AM org.hsm.service.CoreService query
INFO: Execute query SELECT * FROM "Student" WHERE "CT#" = 176
Oct 12, 2012 7:30:48 AM org.hsm.control.Control getData
INFO: Get full data of student {Nguyễn Mạnh Hưng}
Oct 12, 2012 7:30:48 AM org.hsm.service.CoreService query
INFO: Execute query SELECT * FROM "Student" WHERE "CT#" = 168
Oct 12, 2012 7:30:48 AM org.hsm.control.Control getData
INFO: Get full data of student {Phan Quốc Hùng}
Oct 12, 2012 7:30:48 AM org.hsm.service.CoreService query
INFO: Execute query SELECT * FROM "Student" WHERE "CT#" = 167
Oct 12, 2012 7:30:48 AM org.hsm.control.Control getData
INFO: Get full data of student {Phạm Xuân Duy}
Oct 12, 2012 7:30:48 AM org.hsm.service.CoreService query
INFO: Execute query SELECT * FROM "Student" WHERE "CT#" = 154
Oct 12, 2012 7:30:48 AM org.hsm.control.Control getData
INFO: Get full data of student {Nguyễn Thành Duy}
Oct 12, 2012 7:30:48 AM org.hsm.service.CoreService query
INFO: Execute query SELECT * FROM "Student" WHERE "CT#" = 153
Oct 12, 2012 7:30:48 AM org.hsm.control.Control getData
INFO: Get full data of student {Phạm Xuân Duy}
Oct 12, 2012 7:30:48 AM org.hsm.service.CoreService query
INFO: Execute query SELECT * FROM "Student" WHERE "CT#" = 154
Oct 12, 2012 7:30:48 AM org.hsm.control.Control getData
INFO: Get full data of student {Phan Quốc Hùng}
Oct 12, 2012 7:30:48 AM org.hsm.service.CoreService query
INFO: Execute query SELECT * FROM "Student" WHERE "CT#" = 167
Oct 12, 2012 7:30:48 AM org.hsm.control.Control getData
INFO: Get full data of student {Nguyễn Mạnh Hưng}
Oct 12, 2012 7:30:48 AM org.hsm.service.CoreService query
INFO: Execute query SELECT * FROM "Student" WHERE "CT#" = 168
Oct 12, 2012 7:30:49 AM org.hsm.control.Control getData
INFO: Get full data of student {Lưu Vĩnh Lộc}
Oct 12, 2012 7:30:49 AM org.hsm.service.CoreService query
INFO: Execute query SELECT * FROM "Student" WHERE "CT#" = 176
Oct 12, 2012 7:30:49 AM org.hsm.control.Control getData
INFO: Get full data of student {Nguyễn Văn Luân}
Oct 12, 2012 7:30:49 AM org.hsm.service.CoreService query
INFO: Execute query SELECT * FROM "Student" WHERE "CT#" = 178
Oct 12, 2012 7:30:49 AM org.hsm.control.Control getData
INFO: Get full data of student {Trần Văn Mỹ}
Oct 12, 2012 7:30:49 AM org.hsm.service.CoreService query
INFO: Execute query SELECT * FROM "Student" WHERE "CT#" = 185
Oct 12, 2012 7:30:49 AM org.hsm.control.Control getData
INFO: Get full data of student {Phạm Viết Nam}
Oct 12, 2012 7:30:49 AM org.hsm.service.CoreService query
INFO: Execute query SELECT * FROM "Student" WHERE "CT#" = 187
Oct 12, 2012 7:30:49 AM org.hsm.control.Control getData
INFO: Get full data of student {Trần Đức Phong}
Oct 12, 2012 7:30:49 AM org.hsm.service.CoreService query
INFO: Execute query SELECT * FROM "Student" WHERE "CT#" = 189
Oct 12, 2012 7:30:49 AM org.hsm.control.Control getData
INFO: Get full data of student {Phạm Văn Phú}
Oct 12, 2012 7:30:49 AM org.hsm.service.CoreService query
INFO: Execute query SELECT * FROM "Student" WHERE "CT#" = 192
Oct 12, 2012 7:30:49 AM org.hsm.control.Control getData
INFO: Get full data of student {Hoàng Văn Phương}
Oct 12, 2012 7:30:49 AM org.hsm.service.CoreService query
INFO: Execute query SELECT * FROM "Student" WHERE "CT#" = 194
Oct 12, 2012 7:30:49 AM org.hsm.control.Control getData
INFO: Get full data of student {Nguyễn Văn Quân}
Oct 12, 2012 7:30:49 AM org.hsm.service.CoreService query
INFO: Execute query SELECT * FROM "Student" WHERE "CT#" = 196
Oct 12, 2012 7:30:49 AM org.hsm.control.Control getData
INFO: Get full data of student {Bùi Minh Thự}
Oct 12, 2012 7:30:49 AM org.hsm.service.CoreService query
INFO: Execute query SELECT * FROM "Student" WHERE "CT#" = 212
Oct 12, 2012 7:30:49 AM org.hsm.control.Control getData
INFO: Get full data of student {Nguyễn Thị Phương Thúy}
Oct 12, 2012 7:30:49 AM org.hsm.service.CoreService query
INFO: Execute query SELECT * FROM "Student" WHERE "CT#" = 214
Oct 12, 2012 7:30:49 AM org.hsm.control.Control getData
INFO: Get full data of student {Nguyễn Thu Thủy}
Oct 12, 2012 7:30:49 AM org.hsm.service.CoreService query
INFO: Execute query SELECT * FROM "Student" WHERE "CT#" = 216
Oct 12, 2012 7:30:49 AM org.hsm.control.Control getData
INFO: Get full data of student {Đinh Văn Tiệp}
Oct 12, 2012 7:30:49 AM org.hsm.service.CoreService query
INFO: Execute query SELECT * FROM "Student" WHERE "CT#" = 217
Oct 12, 2012 7:30:49 AM org.hsm.control.Control getData
INFO: Get full data of student {Lưu Xuân Trọng}
Oct 12, 2012 7:30:49 AM org.hsm.service.CoreService query
INFO: Execute query SELECT * FROM "Student" WHERE "CT#" = 219
Oct 12, 2012 7:30:49 AM org.hsm.control.Control getData
INFO: Get full data of student {Nguyễn Ngọc Trung}
Oct 12, 2012 7:30:49 AM org.hsm.service.CoreService query
INFO: Execute query SELECT * FROM "Student" WHERE "CT#" = 220
Oct 12, 2012 7:30:49 AM org.hsm.control.Control getData
INFO: Get full data of student {Nguyễn Đức Tuấn}
Oct 12, 2012 7:30:49 AM org.hsm.service.CoreService query
INFO: Execute query SELECT * FROM "Student" WHERE "CT#" = 223
Oct 12, 2012 7:30:49 AM org.hsm.control.Control getData
INFO: Get full data of student {Đinh Thanh Tùng}
Oct 12, 2012 7:30:49 AM org.hsm.service.CoreService query
INFO: Execute query SELECT * FROM "Student" WHERE "CT#" = 225
Oct 12, 2012 7:30:49 AM org.hsm.control.Control getData
INFO: Get full data of student {Mai Văn Tùng}
Oct 12, 2012 7:30:49 AM org.hsm.service.CoreService query
INFO: Execute query SELECT * FROM "Student" WHERE "CT#" = 229
Oct 12, 2012 7:30:49 AM org.hsm.control.Control getData
INFO: Get full data of student {Bùi Quang Tân}
Oct 12, 2012 7:30:49 AM org.hsm.service.CoreService query
INFO: Execute query SELECT * FROM "Student" WHERE "CT#" = 233
Oct 12, 2012 7:30:49 AM org.hsm.control.Control getData
INFO: Get full data of student {Phạm Trần Huỳnh}
Oct 12, 2012 7:30:49 AM org.hsm.service.CoreService query
INFO: Execute query SELECT * FROM "Student" WHERE "CT#" = 234
Oct 12, 2012 7:30:49 AM org.hsm.control.Control getData
INFO: Get full data of student {Bùi Quang Tân}
Oct 12, 2012 7:30:49 AM org.hsm.service.CoreService query
INFO: Execute query SELECT * FROM "Student" WHERE "CT#" = 233
Oct 12, 2012 7:30:49 AM org.hsm.control.Control getData
INFO: Get full data of student {Mai Văn Tùng}
Oct 12, 2012 7:30:49 AM org.hsm.service.CoreService query
INFO: Execute query SELECT * FROM "Student" WHERE "CT#" = 229
Oct 12, 2012 7:30:49 AM org.hsm.control.Control getData
INFO: Get full data of student {Đinh Thanh Tùng}
Oct 12, 2012 7:30:49 AM org.hsm.service.CoreService query
INFO: Execute query SELECT * FROM "Student" WHERE "CT#" = 225
Oct 12, 2012 7:30:49 AM org.hsm.control.Control getData
INFO: Get full data of student {Nguyễn Đức Tuấn}
Oct 12, 2012 7:30:49 AM org.hsm.service.CoreService query
INFO: Execute query SELECT * FROM "Student" WHERE "CT#" = 223
Oct 12, 2012 7:30:49 AM org.hsm.control.Control getData
INFO: Get full data of student {Nguyễn Ngọc Trung}
Oct 12, 2012 7:30:49 AM org.hsm.service.CoreService query
INFO: Execute query SELECT * FROM "Student" WHERE "CT#" = 220
Oct 12, 2012 7:30:49 AM org.hsm.control.Control getData
INFO: Get full data of student {Lưu Xuân Trọng}
Oct 12, 2012 7:30:49 AM org.hsm.service.CoreService query
INFO: Execute query SELECT * FROM "Student" WHERE "CT#" = 219
Oct 12, 2012 7:30:49 AM org.hsm.control.Control getData
INFO: Get full data of student {Đinh Văn Tiệp}
Oct 12, 2012 7:30:49 AM org.hsm.service.CoreService query
INFO: Execute query SELECT * FROM "Student" WHERE "CT#" = 217
Oct 12, 2012 7:30:49 AM org.hsm.control.Control getData
INFO: Get full data of student {Nguyễn Thu Thủy}
Oct 12, 2012 7:30:49 AM org.hsm.service.CoreService query
INFO: Execute query SELECT * FROM "Student" WHERE "CT#" = 216
Oct 12, 2012 7:30:49 AM org.hsm.control.Control getData
INFO: Get full data of student {Nguyễn Thị Phương Thúy}
Oct 12, 2012 7:30:49 AM org.hsm.service.CoreService query
INFO: Execute query SELECT * FROM "Student" WHERE "CT#" = 214
Oct 12, 2012 7:30:49 AM org.hsm.control.Control getData
INFO: Get full data of student {Bùi Minh Thự}
Oct 12, 2012 7:30:49 AM org.hsm.service.CoreService query
INFO: Execute query SELECT * FROM "Student" WHERE "CT#" = 212
Oct 12, 2012 7:30:49 AM org.hsm.control.Control getData
INFO: Get full data of student {Nguyễn Thị Phương Thúy}
Oct 12, 2012 7:30:49 AM org.hsm.service.CoreService query
INFO: Execute query SELECT * FROM "Student" WHERE "CT#" = 214
Oct 12, 2012 7:30:50 AM org.hsm.control.Control getData
INFO: Get full data of student {Nguyễn Thu Thủy}
Oct 12, 2012 7:30:50 AM org.hsm.service.CoreService query
INFO: Execute query SELECT * FROM "Student" WHERE "CT#" = 216
Oct 12, 2012 7:30:50 AM org.hsm.control.Control getData
INFO: Get full data of student {Đinh Văn Tiệp}
Oct 12, 2012 7:30:50 AM org.hsm.service.CoreService query
INFO: Execute query SELECT * FROM "Student" WHERE "CT#" = 217
Oct 12, 2012 7:30:50 AM org.hsm.control.Control getData
INFO: Get full data of student {Lưu Xuân Trọng}
Oct 12, 2012 7:30:50 AM org.hsm.service.CoreService query
INFO: Execute query SELECT * FROM "Student" WHERE "CT#" = 219
Oct 12, 2012 7:30:50 AM org.hsm.control.Control getData
INFO: Get full data of student {Nguyễn Ngọc Trung}
Oct 12, 2012 7:30:50 AM org.hsm.service.CoreService query
INFO: Execute query SELECT * FROM "Student" WHERE "CT#" = 220
Oct 12, 2012 7:30:50 AM org.hsm.control.Control getData
INFO: Get full data of student {Nguyễn Đức Tuấn}
Oct 12, 2012 7:30:50 AM org.hsm.service.CoreService query
INFO: Execute query SELECT * FROM "Student" WHERE "CT#" = 223
Oct 12, 2012 7:30:50 AM org.hsm.control.Control getData
INFO: Get full data of student {Đinh Thanh Tùng}
Oct 12, 2012 7:30:50 AM org.hsm.service.CoreService query
INFO: Execute query SELECT * FROM "Student" WHERE "CT#" = 225
Oct 12, 2012 7:30:50 AM org.hsm.control.Control getData
INFO: Get full data of student {Mai Văn Tùng}
Oct 12, 2012 7:30:50 AM org.hsm.service.CoreService query
INFO: Execute query SELECT * FROM "Student" WHERE "CT#" = 229
Oct 12, 2012 7:30:50 AM org.hsm.control.Control getData
INFO: Get full data of student {Bùi Quang Tân}
Oct 12, 2012 7:30:50 AM org.hsm.service.CoreService query
INFO: Execute query SELECT * FROM "Student" WHERE "CT#" = 233
Oct 12, 2012 7:30:50 AM org.hsm.control.Control getData
INFO: Get full data of student {Phạm Trần Huỳnh}
Oct 12, 2012 7:30:50 AM org.hsm.service.CoreService query
INFO: Execute query SELECT * FROM "Student" WHERE "CT#" = 234
Oct 12, 2012 7:30:50 AM org.hsm.control.Control getData
INFO: Get full data of student {Nguyễn Trung Lâm}
Oct 12, 2012 7:30:50 AM org.hsm.service.CoreService query
INFO: Execute query SELECT * FROM "Student" WHERE "CT#" = 236
Oct 12, 2012 7:30:50 AM org.hsm.control.Control getData
INFO: Get full data of student {Bùi Thái An}
Oct 12, 2012 7:30:50 AM org.hsm.service.CoreService query
INFO: Execute query SELECT * FROM "Student" WHERE "CT#" = 237
Oct 12, 2012 7:30:50 AM org.hsm.control.Control getData
INFO: Get full data of student {Cù Tuấn Anh}
Oct 12, 2012 7:30:50 AM org.hsm.service.CoreService query
INFO: Execute query SELECT * FROM "Student" WHERE "CT#" = 238
Oct 12, 2012 7:30:50 AM org.hsm.control.Control getData
INFO: Get full data of student {Trần Lương Tuấn Anh}
Oct 12, 2012 7:30:50 AM org.hsm.service.CoreService query
INFO: Execute query SELECT * FROM "Student" WHERE "CT#" = 241
Oct 12, 2012 7:30:50 AM org.hsm.control.Control getData
INFO: Get full data of student {Ngô Duy Bằng}
Oct 12, 2012 7:30:50 AM org.hsm.service.CoreService query
INFO: Execute query SELECT * FROM "Student" WHERE "CT#" = 242
Oct 12, 2012 7:30:50 AM org.hsm.control.Control getData
INFO: Get full data of student {Nguyễn Việt Bảo}
Oct 12, 2012 7:30:50 AM org.hsm.service.CoreService query
INFO: Execute query SELECT * FROM "Student" WHERE "CT#" = 243
Oct 12, 2012 7:30:50 AM org.hsm.control.Control getData
INFO: Get full data of student {Đào Thanh Cầm}
Oct 12, 2012 7:30:50 AM org.hsm.service.CoreService query
INFO: Execute query SELECT * FROM "Student" WHERE "CT#" = 244
Oct 12, 2012 7:30:50 AM org.hsm.control.Control getData
INFO: Get full data of student {Đặng Quang Vinh}
Oct 12, 2012 7:30:50 AM org.hsm.service.CoreService query
INFO: Execute query SELECT * FROM "Student" WHERE "CT#" = 248
Oct 12, 2012 7:30:50 AM org.hsm.control.Control getData
INFO: Get full data of student {Đào Thanh Cầm}
Oct 12, 2012 7:30:50 AM org.hsm.service.CoreService query
INFO: Execute query SELECT * FROM "Student" WHERE "CT#" = 244
Oct 12, 2012 7:30:51 AM org.hsm.control.Control getData
INFO: Get full data of student {Nguyễn Việt Bảo}
Oct 12, 2012 7:30:51 AM org.hsm.service.CoreService query
INFO: Execute query SELECT * FROM "Student" WHERE "CT#" = 243
Oct 12, 2012 7:30:51 AM org.hsm.control.Control getData
INFO: Get full data of student {Ngô Duy Bằng}
Oct 12, 2012 7:30:51 AM org.hsm.service.CoreService query
INFO: Execute query SELECT * FROM "Student" WHERE "CT#" = 242
Oct 12, 2012 7:30:51 AM org.hsm.control.Control getData
INFO: Get full data of student {Trần Lương Tuấn Anh}
Oct 12, 2012 7:30:51 AM org.hsm.service.CoreService query
INFO: Execute query SELECT * FROM "Student" WHERE "CT#" = 241
Oct 12, 2012 7:30:51 AM org.hsm.control.Control getData
INFO: Get full data of student {Cù Tuấn Anh}
Oct 12, 2012 7:30:51 AM org.hsm.service.CoreService query
INFO: Execute query SELECT * FROM "Student" WHERE "CT#" = 238
Oct 12, 2012 7:30:51 AM org.hsm.control.Control getData
INFO: Get full data of student {Bùi Thái An}
Oct 12, 2012 7:30:51 AM org.hsm.service.CoreService query
INFO: Execute query SELECT * FROM "Student" WHERE "CT#" = 237
Oct 12, 2012 7:30:51 AM org.hsm.control.Control getData
INFO: Get full data of student {Nguyễn Trung Lâm}
Oct 12, 2012 7:30:51 AM org.hsm.service.CoreService query
INFO: Execute query SELECT * FROM "Student" WHERE "CT#" = 236
Oct 12, 2012 7:30:51 AM org.hsm.control.Control getData
INFO: Get full data of student {Phạm Trần Huỳnh}
Oct 12, 2012 7:30:51 AM org.hsm.service.CoreService query
INFO: Execute query SELECT * FROM "Student" WHERE "CT#" = 234
Oct 12, 2012 7:30:51 AM org.hsm.control.Control getData
INFO: Get full data of student {Bùi Quang Tân}
Oct 12, 2012 7:30:51 AM org.hsm.service.CoreService query
INFO: Execute query SELECT * FROM "Student" WHERE "CT#" = 233
Oct 12, 2012 7:30:51 AM org.hsm.control.Control getData
INFO: Get full data of student {Mai Văn Tùng}
Oct 12, 2012 7:30:51 AM org.hsm.service.CoreService query
INFO: Execute query SELECT * FROM "Student" WHERE "CT#" = 229
Oct 12, 2012 7:30:51 AM org.hsm.control.Control getData
INFO: Get full data of student {Đinh Thanh Tùng}
Oct 12, 2012 7:30:51 AM org.hsm.service.CoreService query
INFO: Execute query SELECT * FROM "Student" WHERE "CT#" = 225
Oct 12, 2012 7:30:51 AM org.hsm.control.Control getData
INFO: Get full data of student {Nguyễn Đức Tuấn}
Oct 12, 2012 7:30:51 AM org.hsm.service.CoreService query
INFO: Execute query SELECT * FROM "Student" WHERE "CT#" = 223
Oct 12, 2012 7:30:51 AM org.hsm.control.Control getData
INFO: Get full data of student {Nguyễn Ngọc Trung}
Oct 12, 2012 7:30:51 AM org.hsm.service.CoreService query
INFO: Execute query SELECT * FROM "Student" WHERE "CT#" = 220
Oct 12, 2012 7:30:51 AM org.hsm.control.Control getData
INFO: Get full data of student {Lưu Xuân Trọng}
Oct 12, 2012 7:30:51 AM org.hsm.service.CoreService query
INFO: Execute query SELECT * FROM "Student" WHERE "CT#" = 219
Oct 12, 2012 7:30:51 AM org.hsm.control.Control getData
INFO: Get full data of student {Đinh Văn Tiệp}
Oct 12, 2012 7:30:51 AM org.hsm.service.CoreService query
INFO: Execute query SELECT * FROM "Student" WHERE "CT#" = 217
Oct 12, 2012 7:30:51 AM org.hsm.control.Control getData
INFO: Get full data of student {Nguyễn Thu Thủy}
Oct 12, 2012 7:30:51 AM org.hsm.service.CoreService query
INFO: Execute query SELECT * FROM "Student" WHERE "CT#" = 216
Oct 12, 2012 7:30:51 AM org.hsm.control.Control getData
INFO: Get full data of student {Nguyễn Thị Phương Thúy}
Oct 12, 2012 7:30:51 AM org.hsm.service.CoreService query
INFO: Execute query SELECT * FROM "Student" WHERE "CT#" = 214
Oct 12, 2012 7:30:51 AM org.hsm.control.Control getData
INFO: Get full data of student {Bùi Minh Thự}
Oct 12, 2012 7:30:51 AM org.hsm.service.CoreService query
INFO: Execute query SELECT * FROM "Student" WHERE "CT#" = 212
Oct 12, 2012 7:30:51 AM org.hsm.control.Control getData
INFO: Get full data of student {Nguyễn Văn Quân}
Oct 12, 2012 7:30:51 AM org.hsm.service.CoreService query
INFO: Execute query SELECT * FROM "Student" WHERE "CT#" = 196
Oct 12, 2012 7:30:51 AM org.hsm.control.Control getData
INFO: Get full data of student {Hoàng Văn Phương}
Oct 12, 2012 7:30:51 AM org.hsm.service.CoreService query
INFO: Execute query SELECT * FROM "Student" WHERE "CT#" = 194
Oct 12, 2012 7:30:51 AM org.hsm.control.Control getData
INFO: Get full data of student {Phạm Văn Phú}
Oct 12, 2012 7:30:51 AM org.hsm.service.CoreService query
INFO: Execute query SELECT * FROM "Student" WHERE "CT#" = 192
Oct 12, 2012 7:30:51 AM org.hsm.control.Control getData
INFO: Get full data of student {Trần Đức Phong}
Oct 12, 2012 7:30:51 AM org.hsm.service.CoreService query
INFO: Execute query SELECT * FROM "Student" WHERE "CT#" = 189
Oct 12, 2012 7:30:51 AM org.hsm.control.Control getData
INFO: Get full data of student {Phạm Viết Nam}
Oct 12, 2012 7:30:51 AM org.hsm.service.CoreService query
INFO: Execute query SELECT * FROM "Student" WHERE "CT#" = 187
Oct 12, 2012 7:30:51 AM org.hsm.control.Control getData
INFO: Get full data of student {Trần Văn Mỹ}
Oct 12, 2012 7:30:51 AM org.hsm.service.CoreService query
INFO: Execute query SELECT * FROM "Student" WHERE "CT#" = 185
Oct 12, 2012 7:30:51 AM org.hsm.control.Control getData
INFO: Get full data of student {Nguyễn Văn Luân}
Oct 12, 2012 7:30:51 AM org.hsm.service.CoreService query
INFO: Execute query SELECT * FROM "Student" WHERE "CT#" = 178
Oct 12, 2012 7:30:51 AM org.hsm.control.Control getData
INFO: Get full data of student {Lưu Vĩnh Lộc}
Oct 12, 2012 7:30:51 AM org.hsm.service.CoreService query
INFO: Execute query SELECT * FROM "Student" WHERE "CT#" = 176
Oct 12, 2012 7:30:51 AM org.hsm.control.Control getData
INFO: Get full data of student {Nguyễn Mạnh Hưng}
Oct 12, 2012 7:30:51 AM org.hsm.service.CoreService query
INFO: Execute query SELECT * FROM "Student" WHERE "CT#" = 168
Oct 12, 2012 7:30:51 AM org.hsm.control.Control getData
INFO: Get full data of student {Phan Quốc Hùng}
Oct 12, 2012 7:30:51 AM org.hsm.service.CoreService query
INFO: Execute query SELECT * FROM "Student" WHERE "CT#" = 167
Oct 12, 2012 7:30:51 AM org.hsm.control.Control getData
INFO: Get full data of student {Phạm Xuân Duy}
Oct 12, 2012 7:30:51 AM org.hsm.service.CoreService query
INFO: Execute query SELECT * FROM "Student" WHERE "CT#" = 154
Oct 12, 2012 7:30:51 AM org.hsm.control.Control getData
INFO: Get full data of student {Nguyễn Thành Duy}
Oct 12, 2012 7:30:51 AM org.hsm.service.CoreService query
INFO: Execute query SELECT * FROM "Student" WHERE "CT#" = 153
Oct 12, 2012 7:30:51 AM org.hsm.control.Control getData
INFO: Get full data of student {Nguyễn Việt Đức}
Oct 12, 2012 7:30:51 AM org.hsm.service.CoreService query
INFO: Execute query SELECT * FROM "Student" WHERE "CT#" = 149
Oct 12, 2012 7:30:51 AM org.hsm.control.Control getData
INFO: Get full data of student {Đặng Đình Diện}
Oct 12, 2012 7:30:51 AM org.hsm.service.CoreService query
INFO: Execute query SELECT * FROM "Student" WHERE "CT#" = 145
Oct 12, 2012 7:30:52 AM org.hsm.control.Control getData
INFO: Get full data of student {Thạch Thọ Diên}
Oct 12, 2012 7:30:52 AM org.hsm.service.CoreService query
INFO: Execute query SELECT * FROM "Student" WHERE "CT#" = 144
Oct 12, 2012 7:30:52 AM org.hsm.control.Control getData
INFO: Get full data of student {Nguyễn Thành Đạo}
Oct 12, 2012 7:30:52 AM org.hsm.service.CoreService query
INFO: Execute query SELECT * FROM "Student" WHERE "CT#" = 140
Oct 12, 2012 7:30:52 AM org.hsm.control.Control getData
INFO: Get full data of student {Nguyễn Đình Công}
Oct 12, 2012 7:30:52 AM org.hsm.service.CoreService query
INFO: Execute query SELECT * FROM "Student" WHERE "CT#" = 136
Oct 12, 2012 7:30:52 AM org.hsm.control.Control getData
INFO: Get full data of student {Nguyễn Thành Đạo}
Oct 12, 2012 7:30:52 AM org.hsm.service.CoreService query
INFO: Execute query SELECT * FROM "Student" WHERE "CT#" = 140
Oct 12, 2012 7:30:52 AM org.hsm.control.Control getData
INFO: Get full data of student {Thạch Thọ Diên}
Oct 12, 2012 7:30:52 AM org.hsm.service.CoreService query
INFO: Execute query SELECT * FROM "Student" WHERE "CT#" = 144
Oct 12, 2012 7:30:52 AM org.hsm.control.Control getData
INFO: Get full data of student {Đặng Đình Diện}
Oct 12, 2012 7:30:52 AM org.hsm.service.CoreService query
INFO: Execute query SELECT * FROM "Student" WHERE "CT#" = 145
Oct 12, 2012 7:30:52 AM org.hsm.control.Control getData
INFO: Get full data of student {Nguyễn Việt Đức}
Oct 12, 2012 7:30:52 AM org.hsm.service.CoreService query
INFO: Execute query SELECT * FROM "Student" WHERE "CT#" = 149
Oct 12, 2012 7:30:52 AM org.hsm.control.Control getData
INFO: Get full data of student {Nguyễn Thành Duy}
Oct 12, 2012 7:30:52 AM org.hsm.service.CoreService query
INFO: Execute query SELECT * FROM "Student" WHERE "CT#" = 153
Oct 12, 2012 7:30:52 AM org.hsm.control.Control getData
INFO: Get full data of student {Phạm Xuân Duy}
Oct 12, 2012 7:30:52 AM org.hsm.service.CoreService query
INFO: Execute query SELECT * FROM "Student" WHERE "CT#" = 154
Oct 12, 2012 7:30:52 AM org.hsm.control.Control getData
INFO: Get full data of student {Phan Quốc Hùng}
Oct 12, 2012 7:30:52 AM org.hsm.service.CoreService query
INFO: Execute query SELECT * FROM "Student" WHERE "CT#" = 167
Oct 12, 2012 7:30:52 AM org.hsm.control.Control getData
INFO: Get full data of student {Nguyễn Mạnh Hưng}
Oct 12, 2012 7:30:52 AM org.hsm.service.CoreService query
INFO: Execute query SELECT * FROM "Student" WHERE "CT#" = 168
Oct 12, 2012 7:30:52 AM org.hsm.control.Control getData
INFO: Get full data of student {Lưu Vĩnh Lộc}
Oct 12, 2012 7:30:52 AM org.hsm.service.CoreService query
INFO: Execute query SELECT * FROM "Student" WHERE "CT#" = 176
Oct 12, 2012 7:30:53 AM org.hsm.control.Control getData
INFO: Get full data of student {Nguyễn Văn Luân}
Oct 12, 2012 7:30:53 AM org.hsm.service.CoreService query
INFO: Execute query SELECT * FROM "Student" WHERE "CT#" = 178
Oct 12, 2012 7:30:53 AM org.hsm.control.Control getData
INFO: Get full data of student {Trần Văn Mỹ}
Oct 12, 2012 7:30:53 AM org.hsm.service.CoreService query
INFO: Execute query SELECT * FROM "Student" WHERE "CT#" = 185
Oct 12, 2012 7:30:53 AM org.hsm.control.Control getData
INFO: Get full data of student {Phạm Viết Nam}
Oct 12, 2012 7:30:53 AM org.hsm.service.CoreService query
INFO: Execute query SELECT * FROM "Student" WHERE "CT#" = 187
Oct 12, 2012 7:30:53 AM org.hsm.control.Control getData
INFO: Get full data of student {Trần Đức Phong}
Oct 12, 2012 7:30:53 AM org.hsm.service.CoreService query
INFO: Execute query SELECT * FROM "Student" WHERE "CT#" = 189
Oct 12, 2012 7:30:53 AM org.hsm.control.Control getData
INFO: Get full data of student {Phạm Văn Phú}
Oct 12, 2012 7:30:53 AM org.hsm.service.CoreService query
INFO: Execute query SELECT * FROM "Student" WHERE "CT#" = 192
Oct 12, 2012 7:30:53 AM org.hsm.control.Control getData
INFO: Get full data of student {Hoàng Văn Phương}
Oct 12, 2012 7:30:53 AM org.hsm.service.CoreService query
INFO: Execute query SELECT * FROM "Student" WHERE "CT#" = 194
Oct 12, 2012 7:30:53 AM org.hsm.control.Control getData
INFO: Get full data of student {Nguyễn Văn Quân}
Oct 12, 2012 7:30:53 AM org.hsm.service.CoreService query
INFO: Execute query SELECT * FROM "Student" WHERE "CT#" = 196
Oct 12, 2012 7:30:53 AM org.hsm.control.Control getData
INFO: Get full data of student {Bùi Minh Thự}
Oct 12, 2012 7:30:53 AM org.hsm.service.CoreService query
INFO: Execute query SELECT * FROM "Student" WHERE "CT#" = 212
Oct 12, 2012 7:30:53 AM org.hsm.control.Control getData
INFO: Get full data of student {Nguyễn Thị Phương Thúy}
Oct 12, 2012 7:30:53 AM org.hsm.service.CoreService query
INFO: Execute query SELECT * FROM "Student" WHERE "CT#" = 214
Oct 12, 2012 7:30:53 AM org.hsm.control.Control getData
INFO: Get full data of student {Nguyễn Thu Thủy}
Oct 12, 2012 7:30:53 AM org.hsm.service.CoreService query
INFO: Execute query SELECT * FROM "Student" WHERE "CT#" = 216
Oct 12, 2012 7:30:53 AM org.hsm.control.Control getData
INFO: Get full data of student {Đinh Văn Tiệp}
Oct 12, 2012 7:30:53 AM org.hsm.service.CoreService query
INFO: Execute query SELECT * FROM "Student" WHERE "CT#" = 217
Oct 12, 2012 7:30:53 AM org.hsm.control.Control getData
INFO: Get full data of student {Lưu Xuân Trọng}
Oct 12, 2012 7:30:53 AM org.hsm.service.CoreService query
INFO: Execute query SELECT * FROM "Student" WHERE "CT#" = 219
Oct 12, 2012 7:30:53 AM org.hsm.control.Control getData
INFO: Get full data of student {Nguyễn Ngọc Trung}
Oct 12, 2012 7:30:53 AM org.hsm.service.CoreService query
INFO: Execute query SELECT * FROM "Student" WHERE "CT#" = 220
Oct 12, 2012 7:30:53 AM org.hsm.control.Control getData
INFO: Get full data of student {Nguyễn Đức Tuấn}
Oct 12, 2012 7:30:53 AM org.hsm.service.CoreService query
INFO: Execute query SELECT * FROM "Student" WHERE "CT#" = 223
Oct 12, 2012 7:30:53 AM org.hsm.control.Control getData
INFO: Get full data of student {Đinh Thanh Tùng}
Oct 12, 2012 7:30:53 AM org.hsm.service.CoreService query
INFO: Execute query SELECT * FROM "Student" WHERE "CT#" = 225
Oct 12, 2012 7:30:53 AM org.hsm.control.Control getData
INFO: Get full data of student {Mai Văn Tùng}
Oct 12, 2012 7:30:53 AM org.hsm.service.CoreService query
INFO: Execute query SELECT * FROM "Student" WHERE "CT#" = 229
Oct 12, 2012 7:30:53 AM org.hsm.control.Control getData
INFO: Get full data of student {Bùi Quang Tân}
Oct 12, 2012 7:30:53 AM org.hsm.service.CoreService query
INFO: Execute query SELECT * FROM "Student" WHERE "CT#" = 233
Oct 12, 2012 7:30:53 AM org.hsm.control.Control getData
INFO: Get full data of student {Phạm Trần Huỳnh}
Oct 12, 2012 7:30:53 AM org.hsm.service.CoreService query
INFO: Execute query SELECT * FROM "Student" WHERE "CT#" = 234
Oct 12, 2012 7:30:53 AM org.hsm.control.Control getData
INFO: Get full data of student {Nguyễn Trung Lâm}
Oct 12, 2012 7:30:53 AM org.hsm.service.CoreService query
INFO: Execute query SELECT * FROM "Student" WHERE "CT#" = 236
Oct 12, 2012 7:30:53 AM org.hsm.control.Control getData
INFO: Get full data of student {Bùi Thái An}
Oct 12, 2012 7:30:53 AM org.hsm.service.CoreService query
INFO: Execute query SELECT * FROM "Student" WHERE "CT#" = 237
Oct 12, 2012 7:30:53 AM org.hsm.control.Control getData
INFO: Get full data of student {Cù Tuấn Anh}
Oct 12, 2012 7:30:53 AM org.hsm.service.CoreService query
INFO: Execute query SELECT * FROM "Student" WHERE "CT#" = 238
Oct 12, 2012 7:30:53 AM org.hsm.control.Control getData
INFO: Get full data of student {Trần Lương Tuấn Anh}
Oct 12, 2012 7:30:53 AM org.hsm.service.CoreService query
INFO: Execute query SELECT * FROM "Student" WHERE "CT#" = 241
Oct 12, 2012 7:30:53 AM org.hsm.control.Control getData
INFO: Get full data of student {Ngô Duy Bằng}
Oct 12, 2012 7:30:53 AM org.hsm.service.CoreService query
INFO: Execute query SELECT * FROM "Student" WHERE "CT#" = 242
Oct 12, 2012 7:30:53 AM org.hsm.control.Control getData
INFO: Get full data of student {Nguyễn Việt Bảo}
Oct 12, 2012 7:30:53 AM org.hsm.service.CoreService query
INFO: Execute query SELECT * FROM "Student" WHERE "CT#" = 243
Oct 12, 2012 7:30:53 AM org.hsm.control.Control getData
INFO: Get full data of student {Đào Thanh Cầm}
Oct 12, 2012 7:30:53 AM org.hsm.service.CoreService query
INFO: Execute query SELECT * FROM "Student" WHERE "CT#" = 244
Oct 12, 2012 7:30:53 AM org.hsm.control.Control getData
INFO: Get full data of student {Đặng Quang Vinh}
Oct 12, 2012 7:30:53 AM org.hsm.service.CoreService query
INFO: Execute query SELECT * FROM "Student" WHERE "CT#" = 248
Oct 12, 2012 7:30:54 AM org.hsm.control.Control getData
INFO: Get full data of student {Đào Thanh Cầm}
Oct 12, 2012 7:30:54 AM org.hsm.service.CoreService query
INFO: Execute query SELECT * FROM "Student" WHERE "CT#" = 244
Oct 12, 2012 7:30:54 AM org.hsm.control.Control getData
INFO: Get full data of student {Nguyễn Việt Bảo}
Oct 12, 2012 7:30:54 AM org.hsm.service.CoreService query
INFO: Execute query SELECT * FROM "Student" WHERE "CT#" = 243
Oct 12, 2012 7:30:54 AM org.hsm.control.Control getData
INFO: Get full data of student {Ngô Duy Bằng}
Oct 12, 2012 7:30:54 AM org.hsm.service.CoreService query
INFO: Execute query SELECT * FROM "Student" WHERE "CT#" = 242
Oct 12, 2012 7:30:54 AM org.hsm.control.Control getData
INFO: Get full data of student {Trần Lương Tuấn Anh}
Oct 12, 2012 7:30:54 AM org.hsm.service.CoreService query
INFO: Execute query SELECT * FROM "Student" WHERE "CT#" = 241
Oct 12, 2012 7:30:54 AM org.hsm.control.Control getData
INFO: Get full data of student {Cù Tuấn Anh}
Oct 12, 2012 7:30:54 AM org.hsm.service.CoreService query
INFO: Execute query SELECT * FROM "Student" WHERE "CT#" = 238
Oct 12, 2012 7:30:54 AM org.hsm.control.Control getData
INFO: Get full data of student {Bùi Thái An}
Oct 12, 2012 7:30:54 AM org.hsm.service.CoreService query
INFO: Execute query SELECT * FROM "Student" WHERE "CT#" = 237
Oct 12, 2012 7:30:54 AM org.hsm.control.Control getData
INFO: Get full data of student {Nguyễn Trung Lâm}
Oct 12, 2012 7:30:54 AM org.hsm.service.CoreService query
INFO: Execute query SELECT * FROM "Student" WHERE "CT#" = 236
Oct 12, 2012 7:30:54 AM org.hsm.control.Control getData
INFO: Get full data of student {Phạm Trần Huỳnh}
Oct 12, 2012 7:30:54 AM org.hsm.service.CoreService query
INFO: Execute query SELECT * FROM "Student" WHERE "CT#" = 234
Oct 12, 2012 7:30:54 AM org.hsm.control.Control getData
INFO: Get full data of student {Bùi Quang Tân}
Oct 12, 2012 7:30:54 AM org.hsm.service.CoreService query
INFO: Execute query SELECT * FROM "Student" WHERE "CT#" = 233
Oct 12, 2012 7:30:54 AM org.hsm.control.Control getData
INFO: Get full data of student {Mai Văn Tùng}
Oct 12, 2012 7:30:54 AM org.hsm.service.CoreService query
INFO: Execute query SELECT * FROM "Student" WHERE "CT#" = 229
Oct 12, 2012 7:30:54 AM org.hsm.control.Control getData
INFO: Get full data of student {Đinh Thanh Tùng}
Oct 12, 2012 7:30:54 AM org.hsm.service.CoreService query
INFO: Execute query SELECT * FROM "Student" WHERE "CT#" = 225
Oct 12, 2012 7:30:54 AM org.hsm.control.Control getData
INFO: Get full data of student {Nguyễn Đức Tuấn}
Oct 12, 2012 7:30:54 AM org.hsm.service.CoreService query
INFO: Execute query SELECT * FROM "Student" WHERE "CT#" = 223
Oct 12, 2012 7:30:54 AM org.hsm.control.Control getData
INFO: Get full data of student {Nguyễn Ngọc Trung}
Oct 12, 2012 7:30:54 AM org.hsm.service.CoreService query
INFO: Execute query SELECT * FROM "Student" WHERE "CT#" = 220
Oct 12, 2012 7:30:54 AM org.hsm.control.Control getData
INFO: Get full data of student {Lưu Xuân Trọng}
Oct 12, 2012 7:30:54 AM org.hsm.service.CoreService query
INFO: Execute query SELECT * FROM "Student" WHERE "CT#" = 219
Oct 12, 2012 7:30:54 AM org.hsm.control.Control getData
INFO: Get full data of student {Đinh Văn Tiệp}
Oct 12, 2012 7:30:54 AM org.hsm.service.CoreService query
INFO: Execute query SELECT * FROM "Student" WHERE "CT#" = 217
Oct 12, 2012 7:30:54 AM org.hsm.control.Control getData
INFO: Get full data of student {Nguyễn Thu Thủy}
Oct 12, 2012 7:30:54 AM org.hsm.service.CoreService query
INFO: Execute query SELECT * FROM "Student" WHERE "CT#" = 216
Oct 12, 2012 7:30:54 AM org.hsm.control.Control getData
INFO: Get full data of student {Nguyễn Thị Phương Thúy}
Oct 12, 2012 7:30:54 AM org.hsm.service.CoreService query
INFO: Execute query SELECT * FROM "Student" WHERE "CT#" = 214
Oct 12, 2012 7:30:54 AM org.hsm.control.Control getData
INFO: Get full data of student {Bùi Minh Thự}
Oct 12, 2012 7:30:54 AM org.hsm.service.CoreService query
INFO: Execute query SELECT * FROM "Student" WHERE "CT#" = 212
Oct 12, 2012 7:30:54 AM org.hsm.control.Control getData
INFO: Get full data of student {Nguyễn Văn Quân}
Oct 12, 2012 7:30:54 AM org.hsm.service.CoreService query
INFO: Execute query SELECT * FROM "Student" WHERE "CT#" = 196
Oct 12, 2012 7:30:54 AM org.hsm.control.Control getData
INFO: Get full data of student {Hoàng Văn Phương}
Oct 12, 2012 7:30:54 AM org.hsm.service.CoreService query
INFO: Execute query SELECT * FROM "Student" WHERE "CT#" = 194
Oct 12, 2012 7:30:54 AM org.hsm.control.Control getData
INFO: Get full data of student {Phạm Văn Phú}
Oct 12, 2012 7:30:54 AM org.hsm.service.CoreService query
INFO: Execute query SELECT * FROM "Student" WHERE "CT#" = 192
Oct 12, 2012 7:30:54 AM org.hsm.control.Control getData
INFO: Get full data of student {Trần Đức Phong}
Oct 12, 2012 7:30:54 AM org.hsm.service.CoreService query
INFO: Execute query SELECT * FROM "Student" WHERE "CT#" = 189
Oct 12, 2012 7:30:54 AM org.hsm.control.Control getData
INFO: Get full data of student {Phạm Viết Nam}
Oct 12, 2012 7:30:54 AM org.hsm.service.CoreService query
INFO: Execute query SELECT * FROM "Student" WHERE "CT#" = 187
Oct 12, 2012 7:30:54 AM org.hsm.control.Control getData
INFO: Get full data of student {Trần Văn Mỹ}
Oct 12, 2012 7:30:54 AM org.hsm.service.CoreService query
INFO: Execute query SELECT * FROM "Student" WHERE "CT#" = 185
Oct 12, 2012 7:30:54 AM org.hsm.control.Control getData
INFO: Get full data of student {Nguyễn Văn Luân}
Oct 12, 2012 7:30:54 AM org.hsm.service.CoreService query
INFO: Execute query SELECT * FROM "Student" WHERE "CT#" = 178
Oct 12, 2012 7:30:54 AM org.hsm.control.Control getData
INFO: Get full data of student {Lưu Vĩnh Lộc}
Oct 12, 2012 7:30:54 AM org.hsm.service.CoreService query
INFO: Execute query SELECT * FROM "Student" WHERE "CT#" = 176
Oct 12, 2012 7:30:54 AM org.hsm.control.Control getData
INFO: Get full data of student {Nguyễn Mạnh Hưng}
Oct 12, 2012 7:30:54 AM org.hsm.service.CoreService query
INFO: Execute query SELECT * FROM "Student" WHERE "CT#" = 168
Oct 12, 2012 7:30:54 AM org.hsm.control.Control getData
INFO: Get full data of student {Phan Quốc Hùng}
Oct 12, 2012 7:30:54 AM org.hsm.service.CoreService query
INFO: Execute query SELECT * FROM "Student" WHERE "CT#" = 167
Oct 12, 2012 7:30:55 AM org.hsm.control.Control getData
INFO: Get full data of student {Phạm Xuân Duy}
Oct 12, 2012 7:30:55 AM org.hsm.service.CoreService query
INFO: Execute query SELECT * FROM "Student" WHERE "CT#" = 154
Oct 12, 2012 7:30:55 AM org.hsm.control.Control getData
INFO: Get full data of student {Nguyễn Thành Duy}
Oct 12, 2012 7:30:55 AM org.hsm.service.CoreService query
INFO: Execute query SELECT * FROM "Student" WHERE "CT#" = 153
Oct 12, 2012 7:30:55 AM org.hsm.control.Control getData
INFO: Get full data of student {Nguyễn Việt Đức}
Oct 12, 2012 7:30:55 AM org.hsm.service.CoreService query
INFO: Execute query SELECT * FROM "Student" WHERE "CT#" = 149
Oct 12, 2012 7:30:55 AM org.hsm.control.Control getData
INFO: Get full data of student {Đặng Đình Diện}
Oct 12, 2012 7:30:55 AM org.hsm.service.CoreService query
INFO: Execute query SELECT * FROM "Student" WHERE "CT#" = 145
Oct 12, 2012 7:30:55 AM org.hsm.control.Control getData
INFO: Get full data of student {Thạch Thọ Diên}
Oct 12, 2012 7:30:55 AM org.hsm.service.CoreService query
INFO: Execute query SELECT * FROM "Student" WHERE "CT#" = 144
Oct 12, 2012 7:30:55 AM org.hsm.control.Control getData
INFO: Get full data of student {Nguyễn Thành Đạo}
Oct 12, 2012 7:30:55 AM org.hsm.service.CoreService query
INFO: Execute query SELECT * FROM "Student" WHERE "CT#" = 140
Oct 12, 2012 7:30:55 AM org.hsm.control.Control getData
INFO: Get full data of student {Nguyễn Đình Công}
Oct 12, 2012 7:30:55 AM org.hsm.service.CoreService query
INFO: Execute query SELECT * FROM "Student" WHERE "CT#" = 136
Oct 12, 2012 7:30:55 AM org.hsm.control.Control getData
INFO: Get full data of student {Nguyễn Thành Đạo}
Oct 12, 2012 7:30:55 AM org.hsm.service.CoreService query
INFO: Execute query SELECT * FROM "Student" WHERE "CT#" = 140
Oct 12, 2012 7:30:55 AM org.hsm.control.Control getData
INFO: Get full data of student {Thạch Thọ Diên}
Oct 12, 2012 7:30:55 AM org.hsm.service.CoreService query
INFO: Execute query SELECT * FROM "Student" WHERE "CT#" = 144
Oct 12, 2012 7:30:55 AM org.hsm.control.Control getData
INFO: Get full data of student {Đặng Đình Diện}
Oct 12, 2012 7:30:55 AM org.hsm.service.CoreService query
INFO: Execute query SELECT * FROM "Student" WHERE "CT#" = 145
Oct 12, 2012 7:30:55 AM org.hsm.control.Control getData
INFO: Get full data of student {Nguyễn Việt Đức}
Oct 12, 2012 7:30:55 AM org.hsm.service.CoreService query
INFO: Execute query SELECT * FROM "Student" WHERE "CT#" = 149
Oct 12, 2012 7:30:55 AM org.hsm.control.Control getData
INFO: Get full data of student {Nguyễn Thành Duy}
Oct 12, 2012 7:30:55 AM org.hsm.service.CoreService query
INFO: Execute query SELECT * FROM "Student" WHERE "CT#" = 153
Oct 12, 2012 7:30:55 AM org.hsm.control.Control getData
INFO: Get full data of student {Phạm Xuân Duy}
Oct 12, 2012 7:30:55 AM org.hsm.service.CoreService query
INFO: Execute query SELECT * FROM "Student" WHERE "CT#" = 154
Oct 12, 2012 7:30:55 AM org.hsm.control.Control getData
INFO: Get full data of student {Phan Quốc Hùng}
Oct 12, 2012 7:30:55 AM org.hsm.service.CoreService query
INFO: Execute query SELECT * FROM "Student" WHERE "CT#" = 167
Oct 12, 2012 7:30:55 AM org.hsm.control.Control getData
INFO: Get full data of student {Nguyễn Mạnh Hưng}
Oct 12, 2012 7:30:55 AM org.hsm.service.CoreService query
INFO: Execute query SELECT * FROM "Student" WHERE "CT#" = 168
Oct 12, 2012 7:30:55 AM org.hsm.control.Control getData
INFO: Get full data of student {Lưu Vĩnh Lộc}
Oct 12, 2012 7:30:55 AM org.hsm.service.CoreService query
INFO: Execute query SELECT * FROM "Student" WHERE "CT#" = 176
Oct 12, 2012 7:30:55 AM org.hsm.control.Control getData
INFO: Get full data of student {Nguyễn Văn Luân}
Oct 12, 2012 7:30:55 AM org.hsm.service.CoreService query
INFO: Execute query SELECT * FROM "Student" WHERE "CT#" = 178
Oct 12, 2012 7:30:55 AM org.hsm.control.Control getData
INFO: Get full data of student {Trần Văn Mỹ}
Oct 12, 2012 7:30:55 AM org.hsm.service.CoreService query
INFO: Execute query SELECT * FROM "Student" WHERE "CT#" = 185
Oct 12, 2012 7:30:55 AM org.hsm.control.Control getData
INFO: Get full data of student {Phạm Viết Nam}
Oct 12, 2012 7:30:55 AM org.hsm.service.CoreService query
INFO: Execute query SELECT * FROM "Student" WHERE "CT#" = 187
Oct 12, 2012 7:30:55 AM org.hsm.control.Control getData
INFO: Get full data of student {Trần Đức Phong}
Oct 12, 2012 7:30:55 AM org.hsm.service.CoreService query
INFO: Execute query SELECT * FROM "Student" WHERE "CT#" = 189
Oct 12, 2012 7:30:55 AM org.hsm.control.Control getData
INFO: Get full data of student {Phạm Văn Phú}
Oct 12, 2012 7:30:55 AM org.hsm.service.CoreService query
INFO: Execute query SELECT * FROM "Student" WHERE "CT#" = 192
Oct 12, 2012 7:30:55 AM org.hsm.control.Control getData
INFO: Get full data of student {Hoàng Văn Phương}
Oct 12, 2012 7:30:55 AM org.hsm.service.CoreService query
INFO: Execute query SELECT * FROM "Student" WHERE "CT#" = 194
Oct 12, 2012 7:30:55 AM org.hsm.control.Control getData
INFO: Get full data of student {Nguyễn Văn Quân}
Oct 12, 2012 7:30:55 AM org.hsm.service.CoreService query
INFO: Execute query SELECT * FROM "Student" WHERE "CT#" = 196
Oct 12, 2012 7:30:55 AM org.hsm.control.Control getData
INFO: Get full data of student {Bùi Minh Thự}
Oct 12, 2012 7:30:55 AM org.hsm.service.CoreService query
INFO: Execute query SELECT * FROM "Student" WHERE "CT#" = 212
Oct 12, 2012 7:30:55 AM org.hsm.control.Control getData
INFO: Get full data of student {Nguyễn Thị Phương Thúy}
Oct 12, 2012 7:30:55 AM org.hsm.service.CoreService query
INFO: Execute query SELECT * FROM "Student" WHERE "CT#" = 214
Oct 12, 2012 7:30:55 AM org.hsm.control.Control getData
INFO: Get full data of student {Nguyễn Thu Thủy}
Oct 12, 2012 7:30:55 AM org.hsm.service.CoreService query
INFO: Execute query SELECT * FROM "Student" WHERE "CT#" = 216
Oct 12, 2012 7:30:55 AM org.hsm.control.Control getData
INFO: Get full data of student {Đinh Văn Tiệp}
Oct 12, 2012 7:30:55 AM org.hsm.service.CoreService query
INFO: Execute query SELECT * FROM "Student" WHERE "CT#" = 217
Oct 12, 2012 7:30:55 AM org.hsm.control.Control getData
INFO: Get full data of student {Lưu Xuân Trọng}
Oct 12, 2012 7:30:55 AM org.hsm.service.CoreService query
INFO: Execute query SELECT * FROM "Student" WHERE "CT#" = 219
Oct 12, 2012 7:30:55 AM org.hsm.control.Control getData
INFO: Get full data of student {Nguyễn Ngọc Trung}
Oct 12, 2012 7:30:55 AM org.hsm.service.CoreService query
INFO: Execute query SELECT * FROM "Student" WHERE "CT#" = 220
Oct 12, 2012 7:30:55 AM org.hsm.control.Control getData
INFO: Get full data of student {Nguyễn Đức Tuấn}
Oct 12, 2012 7:30:55 AM org.hsm.service.CoreService query
INFO: Execute query SELECT * FROM "Student" WHERE "CT#" = 223
Oct 12, 2012 7:30:55 AM org.hsm.control.Control getData
INFO: Get full data of student {Đinh Thanh Tùng}
Oct 12, 2012 7:30:55 AM org.hsm.service.CoreService query
INFO: Execute query SELECT * FROM "Student" WHERE "CT#" = 225
Oct 12, 2012 7:30:55 AM org.hsm.control.Control getData
INFO: Get full data of student {Mai Văn Tùng}
Oct 12, 2012 7:30:55 AM org.hsm.service.CoreService query
INFO: Execute query SELECT * FROM "Student" WHERE "CT#" = 229
Oct 12, 2012 7:30:55 AM org.hsm.control.Control getData
INFO: Get full data of student {Bùi Quang Tân}
Oct 12, 2012 7:30:55 AM org.hsm.service.CoreService query
INFO: Execute query SELECT * FROM "Student" WHERE "CT#" = 233
Oct 12, 2012 7:30:56 AM org.hsm.control.Control getData
INFO: Get full data of student {Phạm Trần Huỳnh}
Oct 12, 2012 7:30:56 AM org.hsm.service.CoreService query
INFO: Execute query SELECT * FROM "Student" WHERE "CT#" = 234
Oct 12, 2012 7:30:56 AM org.hsm.control.Control getData
INFO: Get full data of student {Bùi Quang Tân}
Oct 12, 2012 7:30:56 AM org.hsm.service.CoreService query
INFO: Execute query SELECT * FROM "Student" WHERE "CT#" = 233
Oct 12, 2012 7:30:56 AM org.hsm.control.Control getData
INFO: Get full data of student {Mai Văn Tùng}
Oct 12, 2012 7:30:56 AM org.hsm.service.CoreService query
INFO: Execute query SELECT * FROM "Student" WHERE "CT#" = 229
Oct 12, 2012 7:30:56 AM org.hsm.control.Control getData
INFO: Get full data of student {Đinh Thanh Tùng}
Oct 12, 2012 7:30:56 AM org.hsm.service.CoreService query
INFO: Execute query SELECT * FROM "Student" WHERE "CT#" = 225
Oct 12, 2012 7:30:56 AM org.hsm.control.Control getData
INFO: Get full data of student {Nguyễn Đức Tuấn}
Oct 12, 2012 7:30:56 AM org.hsm.service.CoreService query
INFO: Execute query SELECT * FROM "Student" WHERE "CT#" = 223
Oct 12, 2012 7:30:56 AM org.hsm.control.Control getData
INFO: Get full data of student {Nguyễn Ngọc Trung}
Oct 12, 2012 7:30:56 AM org.hsm.service.CoreService query
INFO: Execute query SELECT * FROM "Student" WHERE "CT#" = 220
Oct 12, 2012 7:30:56 AM org.hsm.control.Control getData
INFO: Get full data of student {Lưu Xuân Trọng}
Oct 12, 2012 7:30:56 AM org.hsm.service.CoreService query
INFO: Execute query SELECT * FROM "Student" WHERE "CT#" = 219
Oct 12, 2012 7:30:56 AM org.hsm.control.Control getData
INFO: Get full data of student {Nguyễn Ngọc Trung}
Oct 12, 2012 7:30:56 AM org.hsm.service.CoreService query
INFO: Execute query SELECT * FROM "Student" WHERE "CT#" = 220
Oct 12, 2012 7:30:56 AM org.hsm.control.Control getData
INFO: Get full data of student {Nguyễn Đức Tuấn}
Oct 12, 2012 7:30:56 AM org.hsm.service.CoreService query
INFO: Execute query SELECT * FROM "Student" WHERE "CT#" = 223
Oct 12, 2012 7:30:56 AM org.hsm.control.Control getData
INFO: Get full data of student {Đinh Thanh Tùng}
Oct 12, 2012 7:30:56 AM org.hsm.service.CoreService query
INFO: Execute query SELECT * FROM "Student" WHERE "CT#" = 225
Oct 12, 2012 7:30:56 AM org.hsm.control.Control getData
INFO: Get full data of student {Mai Văn Tùng}
Oct 12, 2012 7:30:56 AM org.hsm.service.CoreService query
INFO: Execute query SELECT * FROM "Student" WHERE "CT#" = 229
Oct 12, 2012 7:30:56 AM org.hsm.control.Control getData
INFO: Get full data of student {Bùi Quang Tân}
Oct 12, 2012 7:30:56 AM org.hsm.service.CoreService query
INFO: Execute query SELECT * FROM "Student" WHERE "CT#" = 233
Oct 12, 2012 7:30:56 AM org.hsm.control.Control getData
INFO: Get full data of student {Phạm Trần Huỳnh}
Oct 12, 2012 7:30:56 AM org.hsm.service.CoreService query
INFO: Execute query SELECT * FROM "Student" WHERE "CT#" = 234
Oct 12, 2012 7:30:56 AM org.hsm.control.Control getData
INFO: Get full data of student {Nguyễn Trung Lâm}
Oct 12, 2012 7:30:56 AM org.hsm.service.CoreService query
INFO: Execute query SELECT * FROM "Student" WHERE "CT#" = 236
Oct 12, 2012 7:30:56 AM org.hsm.control.Control getData
INFO: Get full data of student {Bùi Thái An}
Oct 12, 2012 7:30:56 AM org.hsm.service.CoreService query
INFO: Execute query SELECT * FROM "Student" WHERE "CT#" = 237
Oct 12, 2012 7:30:56 AM org.hsm.control.Control getData
INFO: Get full data of student {Cù Tuấn Anh}
Oct 12, 2012 7:30:56 AM org.hsm.service.CoreService query
INFO: Execute query SELECT * FROM "Student" WHERE "CT#" = 238
Oct 12, 2012 7:30:56 AM org.hsm.control.Control getData
INFO: Get full data of student {Trần Lương Tuấn Anh}
Oct 12, 2012 7:30:56 AM org.hsm.service.CoreService query
INFO: Execute query SELECT * FROM "Student" WHERE "CT#" = 241
Oct 12, 2012 7:30:56 AM org.hsm.control.Control getData
INFO: Get full data of student {Ngô Duy Bằng}
Oct 12, 2012 7:30:56 AM org.hsm.service.CoreService query
INFO: Execute query SELECT * FROM "Student" WHERE "CT#" = 242
Oct 12, 2012 7:30:56 AM org.hsm.control.Control getData
INFO: Get full data of student {Nguyễn Việt Bảo}
Oct 12, 2012 7:30:56 AM org.hsm.service.CoreService query
INFO: Execute query SELECT * FROM "Student" WHERE "CT#" = 243
Oct 12, 2012 7:30:56 AM org.hsm.control.Control getData
INFO: Get full data of student {Đào Thanh Cầm}
Oct 12, 2012 7:30:56 AM org.hsm.service.CoreService query
INFO: Execute query SELECT * FROM "Student" WHERE "CT#" = 244
Oct 12, 2012 7:30:57 AM org.hsm.control.Control getData
INFO: Get full data of student {Đặng Quang Vinh}
Oct 12, 2012 7:30:57 AM org.hsm.service.CoreService query
INFO: Execute query SELECT * FROM "Student" WHERE "CT#" = 248
Oct 12, 2012 7:30:57 AM org.hsm.control.Control getData
INFO: Get full data of student {Đào Thanh Cầm}
Oct 12, 2012 7:30:57 AM org.hsm.service.CoreService query
INFO: Execute query SELECT * FROM "Student" WHERE "CT#" = 244
Oct 12, 2012 7:30:57 AM org.hsm.control.Control getData
INFO: Get full data of student {Nguyễn Việt Bảo}
Oct 12, 2012 7:30:57 AM org.hsm.service.CoreService query
INFO: Execute query SELECT * FROM "Student" WHERE "CT#" = 243
Oct 12, 2012 7:30:57 AM org.hsm.control.Control getData
INFO: Get full data of student {Ngô Duy Bằng}
Oct 12, 2012 7:30:57 AM org.hsm.service.CoreService query
INFO: Execute query SELECT * FROM "Student" WHERE "CT#" = 242
Oct 12, 2012 7:30:57 AM org.hsm.control.Control getData
INFO: Get full data of student {Trần Lương Tuấn Anh}
Oct 12, 2012 7:30:57 AM org.hsm.service.CoreService query
INFO: Execute query SELECT * FROM "Student" WHERE "CT#" = 241
Oct 12, 2012 7:30:57 AM org.hsm.control.Control getData
INFO: Get full data of student {Cù Tuấn Anh}
Oct 12, 2012 7:30:57 AM org.hsm.service.CoreService query
INFO: Execute query SELECT * FROM "Student" WHERE "CT#" = 238
Oct 12, 2012 7:30:57 AM org.hsm.control.Control getData
INFO: Get full data of student {Bùi Thái An}
Oct 12, 2012 7:30:57 AM org.hsm.service.CoreService query
INFO: Execute query SELECT * FROM "Student" WHERE "CT#" = 237
Oct 12, 2012 7:30:57 AM org.hsm.control.Control getData
INFO: Get full data of student {Nguyễn Trung Lâm}
Oct 12, 2012 7:30:57 AM org.hsm.service.CoreService query
INFO: Execute query SELECT * FROM "Student" WHERE "CT#" = 236
Oct 12, 2012 7:30:57 AM org.hsm.control.Control getData
INFO: Get full data of student {Bùi Thái An}
Oct 12, 2012 7:30:57 AM org.hsm.service.CoreService query
INFO: Execute query SELECT * FROM "Student" WHERE "CT#" = 237
Oct 12, 2012 7:30:58 AM org.hsm.control.Control getData
INFO: Get full data of student {Cù Tuấn Anh}
Oct 12, 2012 7:30:58 AM org.hsm.service.CoreService query
INFO: Execute query SELECT * FROM "Student" WHERE "CT#" = 238
Oct 12, 2012 7:30:58 AM org.hsm.control.Control getData
INFO: Get full data of student {Trần Lương Tuấn Anh}
Oct 12, 2012 7:30:58 AM org.hsm.service.CoreService query
INFO: Execute query SELECT * FROM "Student" WHERE "CT#" = 241
Oct 12, 2012 7:30:58 AM org.hsm.control.Control getData
INFO: Get full data of student {Ngô Duy Bằng}
Oct 12, 2012 7:30:58 AM org.hsm.service.CoreService query
INFO: Execute query SELECT * FROM "Student" WHERE "CT#" = 242
Oct 12, 2012 7:30:58 AM org.hsm.control.Control getData
INFO: Get full data of student {Nguyễn Việt Bảo}
Oct 12, 2012 7:30:58 AM org.hsm.service.CoreService query
INFO: Execute query SELECT * FROM "Student" WHERE "CT#" = 243
Oct 12, 2012 7:30:58 AM org.hsm.control.Control getData
INFO: Get full data of student {Đào Thanh Cầm}
Oct 12, 2012 7:30:58 AM org.hsm.service.CoreService query
INFO: Execute query SELECT * FROM "Student" WHERE "CT#" = 244
Oct 12, 2012 7:30:58 AM org.hsm.control.Control getData
INFO: Get full data of student {Đặng Quang Vinh}
Oct 12, 2012 7:30:58 AM org.hsm.service.CoreService query
INFO: Execute query SELECT * FROM "Student" WHERE "CT#" = 248
Oct 12, 2012 7:30:58 AM org.hsm.control.Control getData
INFO: Get full data of student {Đào Thanh Cầm}
Oct 12, 2012 7:30:58 AM org.hsm.service.CoreService query
INFO: Execute query SELECT * FROM "Student" WHERE "CT#" = 244
Oct 12, 2012 7:30:58 AM org.hsm.control.Control getData
INFO: Get full data of student {Nguyễn Việt Bảo}
Oct 12, 2012 7:30:58 AM org.hsm.service.CoreService query
INFO: Execute query SELECT * FROM "Student" WHERE "CT#" = 243
Oct 12, 2012 7:30:58 AM org.hsm.control.Control getData
INFO: Get full data of student {Ngô Duy Bằng}
Oct 12, 2012 7:30:58 AM org.hsm.service.CoreService query
INFO: Execute query SELECT * FROM "Student" WHERE "CT#" = 242
Oct 12, 2012 7:30:58 AM org.hsm.control.Control getData
INFO: Get full data of student {Trần Lương Tuấn Anh}
Oct 12, 2012 7:30:58 AM org.hsm.service.CoreService query
INFO: Execute query SELECT * FROM "Student" WHERE "CT#" = 241
Oct 12, 2012 7:30:58 AM org.hsm.control.Control getData
INFO: Get full data of student {Cù Tuấn Anh}
Oct 12, 2012 7:30:58 AM org.hsm.service.CoreService query
INFO: Execute query SELECT * FROM "Student" WHERE "CT#" = 238
Oct 12, 2012 7:30:58 AM org.hsm.control.Control getData
INFO: Get full data of student {Bùi Thái An}
Oct 12, 2012 7:30:58 AM org.hsm.service.CoreService query
INFO: Execute query SELECT * FROM "Student" WHERE "CT#" = 237
Oct 12, 2012 7:30:58 AM org.hsm.control.Control getData
INFO: Get full data of student {Nguyễn Trung Lâm}
Oct 12, 2012 7:30:58 AM org.hsm.service.CoreService query
INFO: Execute query SELECT * FROM "Student" WHERE "CT#" = 236
Oct 12, 2012 7:30:58 AM org.hsm.control.Control getData
INFO: Get full data of student {Bùi Thái An}
Oct 12, 2012 7:30:58 AM org.hsm.service.CoreService query
INFO: Execute query SELECT * FROM "Student" WHERE "CT#" = 237
Oct 12, 2012 7:30:58 AM org.hsm.control.Control getData
INFO: Get full data of student {Cù Tuấn Anh}
Oct 12, 2012 7:30:58 AM org.hsm.service.CoreService query
INFO: Execute query SELECT * FROM "Student" WHERE "CT#" = 238
Oct 12, 2012 7:30:58 AM org.hsm.control.Control getData
INFO: Get full data of student {Trần Lương Tuấn Anh}
Oct 12, 2012 7:30:58 AM org.hsm.service.CoreService query
INFO: Execute query SELECT * FROM "Student" WHERE "CT#" = 241
Oct 12, 2012 7:30:59 AM org.hsm.control.Control getData
INFO: Get full data of student {Ngô Duy Bằng}
Oct 12, 2012 7:30:59 AM org.hsm.service.CoreService query
INFO: Execute query SELECT * FROM "Student" WHERE "CT#" = 242
Oct 12, 2012 7:30:59 AM org.hsm.control.Control getData
INFO: Get full data of student {Nguyễn Việt Bảo}
Oct 12, 2012 7:30:59 AM org.hsm.service.CoreService query
INFO: Execute query SELECT * FROM "Student" WHERE "CT#" = 243
Oct 12, 2012 7:30:59 AM org.hsm.control.Control getData
INFO: Get full data of student {Đào Thanh Cầm}
Oct 12, 2012 7:30:59 AM org.hsm.service.CoreService query
INFO: Execute query SELECT * FROM "Student" WHERE "CT#" = 244
Oct 12, 2012 7:30:59 AM org.hsm.control.Control getData
INFO: Get full data of student {Đặng Quang Vinh}
Oct 12, 2012 7:30:59 AM org.hsm.service.CoreService query
INFO: Execute query SELECT * FROM "Student" WHERE "CT#" = 248
Oct 12, 2012 7:30:59 AM org.hsm.control.Control getData
INFO: Get full data of student {Đào Thanh Cầm}
Oct 12, 2012 7:30:59 AM org.hsm.service.CoreService query
INFO: Execute query SELECT * FROM "Student" WHERE "CT#" = 244
Oct 12, 2012 7:30:59 AM org.hsm.control.Control getData
INFO: Get full data of student {Nguyễn Việt Bảo}
Oct 12, 2012 7:30:59 AM org.hsm.service.CoreService query
INFO: Execute query SELECT * FROM "Student" WHERE "CT#" = 243
Oct 12, 2012 7:30:59 AM org.hsm.control.Control getData
INFO: Get full data of student {Ngô Duy Bằng}
Oct 12, 2012 7:30:59 AM org.hsm.service.CoreService query
INFO: Execute query SELECT * FROM "Student" WHERE "CT#" = 242
Oct 12, 2012 7:30:59 AM org.hsm.control.Control getData
INFO: Get full data of student {Trần Lương Tuấn Anh}
Oct 12, 2012 7:30:59 AM org.hsm.service.CoreService query
INFO: Execute query SELECT * FROM "Student" WHERE "CT#" = 241
Oct 12, 2012 7:30:59 AM org.hsm.control.Control getData
INFO: Get full data of student {Cù Tuấn Anh}
Oct 12, 2012 7:30:59 AM org.hsm.service.CoreService query
INFO: Execute query SELECT * FROM "Student" WHERE "CT#" = 238
Oct 12, 2012 7:30:59 AM org.hsm.control.Control getData
INFO: Get full data of student {Bùi Thái An}
Oct 12, 2012 7:30:59 AM org.hsm.service.CoreService query
INFO: Execute query SELECT * FROM "Student" WHERE "CT#" = 237
Oct 12, 2012 7:30:59 AM org.hsm.control.Control getData
INFO: Get full data of student {Nguyễn Trung Lâm}
Oct 12, 2012 7:30:59 AM org.hsm.service.CoreService query
INFO: Execute query SELECT * FROM "Student" WHERE "CT#" = 236
Oct 12, 2012 7:30:59 AM org.hsm.control.Control getData
INFO: Get full data of student {Phạm Trần Huỳnh}
Oct 12, 2012 7:30:59 AM org.hsm.service.CoreService query
INFO: Execute query SELECT * FROM "Student" WHERE "CT#" = 234
Oct 12, 2012 7:30:59 AM org.hsm.control.Control getData
INFO: Get full data of student {Bùi Quang Tân}
Oct 12, 2012 7:30:59 AM org.hsm.service.CoreService query
INFO: Execute query SELECT * FROM "Student" WHERE "CT#" = 233
Oct 12, 2012 7:30:59 AM org.hsm.control.Control getData
INFO: Get full data of student {Mai Văn Tùng}
Oct 12, 2012 7:30:59 AM org.hsm.service.CoreService query
INFO: Execute query SELECT * FROM "Student" WHERE "CT#" = 229
Oct 12, 2012 7:30:59 AM org.hsm.control.Control getData
INFO: Get full data of student {Đinh Thanh Tùng}
Oct 12, 2012 7:30:59 AM org.hsm.service.CoreService query
INFO: Execute query SELECT * FROM "Student" WHERE "CT#" = 225
Oct 12, 2012 7:30:59 AM org.hsm.control.Control getData
INFO: Get full data of student {Nguyễn Đức Tuấn}
Oct 12, 2012 7:30:59 AM org.hsm.service.CoreService query
INFO: Execute query SELECT * FROM "Student" WHERE "CT#" = 223
Oct 12, 2012 7:30:59 AM org.hsm.control.Control getData
INFO: Get full data of student {Nguyễn Ngọc Trung}
Oct 12, 2012 7:30:59 AM org.hsm.service.CoreService query
INFO: Execute query SELECT * FROM "Student" WHERE "CT#" = 220
Oct 12, 2012 7:30:59 AM org.hsm.control.Control getData
INFO: Get full data of student {Lưu Xuân Trọng}
Oct 12, 2012 7:30:59 AM org.hsm.service.CoreService query
INFO: Execute query SELECT * FROM "Student" WHERE "CT#" = 219
Oct 12, 2012 7:30:59 AM org.hsm.control.Control getData
INFO: Get full data of student {Đinh Văn Tiệp}
Oct 12, 2012 7:30:59 AM org.hsm.service.CoreService query
INFO: Execute query SELECT * FROM "Student" WHERE "CT#" = 217
Oct 12, 2012 7:30:59 AM org.hsm.control.Control getData
INFO: Get full data of student {Nguyễn Thu Thủy}
Oct 12, 2012 7:30:59 AM org.hsm.service.CoreService query
INFO: Execute query SELECT * FROM "Student" WHERE "CT#" = 216
Oct 12, 2012 7:30:59 AM org.hsm.control.Control getData
INFO: Get full data of student {Nguyễn Thị Phương Thúy}
Oct 12, 2012 7:30:59 AM org.hsm.service.CoreService query
INFO: Execute query SELECT * FROM "Student" WHERE "CT#" = 214
Oct 12, 2012 7:31:00 AM org.hsm.control.Control getData
INFO: Get full data of student {Bùi Minh Thự}
Oct 12, 2012 7:31:00 AM org.hsm.service.CoreService query
INFO: Execute query SELECT * FROM "Student" WHERE "CT#" = 212
Oct 12, 2012 7:31:00 AM org.hsm.control.Control getData
INFO: Get full data of student {Nguyễn Thị Phương Thúy}
Oct 12, 2012 7:31:00 AM org.hsm.service.CoreService query
INFO: Execute query SELECT * FROM "Student" WHERE "CT#" = 214
Oct 12, 2012 7:31:00 AM org.hsm.control.Control getData
INFO: Get full data of student {Nguyễn Thu Thủy}
Oct 12, 2012 7:31:00 AM org.hsm.service.CoreService query
INFO: Execute query SELECT * FROM "Student" WHERE "CT#" = 216
Oct 12, 2012 7:31:00 AM org.hsm.control.Control getData
INFO: Get full data of student {Đinh Văn Tiệp}
Oct 12, 2012 7:31:00 AM org.hsm.service.CoreService query
INFO: Execute query SELECT * FROM "Student" WHERE "CT#" = 217
Oct 12, 2012 7:31:00 AM org.hsm.control.Control getData
INFO: Get full data of student {Lưu Xuân Trọng}
Oct 12, 2012 7:31:00 AM org.hsm.service.CoreService query
INFO: Execute query SELECT * FROM "Student" WHERE "CT#" = 219
Oct 12, 2012 7:31:00 AM org.hsm.control.Control getData
INFO: Get full data of student {Nguyễn Ngọc Trung}
Oct 12, 2012 7:31:00 AM org.hsm.service.CoreService query
INFO: Execute query SELECT * FROM "Student" WHERE "CT#" = 220
Oct 12, 2012 7:31:00 AM org.hsm.control.Control getData
INFO: Get full data of student {Nguyễn Đức Tuấn}
Oct 12, 2012 7:31:00 AM org.hsm.service.CoreService query
INFO: Execute query SELECT * FROM "Student" WHERE "CT#" = 223
Oct 12, 2012 7:31:00 AM org.hsm.control.Control getData
INFO: Get full data of student {Đinh Thanh Tùng}
Oct 12, 2012 7:31:00 AM org.hsm.service.CoreService query
INFO: Execute query SELECT * FROM "Student" WHERE "CT#" = 225
Oct 12, 2012 7:31:00 AM org.hsm.control.Control getData
INFO: Get full data of student {Mai Văn Tùng}
Oct 12, 2012 7:31:00 AM org.hsm.service.CoreService query
INFO: Execute query SELECT * FROM "Student" WHERE "CT#" = 229
Oct 12, 2012 7:31:00 AM org.hsm.control.Control getData
INFO: Get full data of student {Bùi Quang Tân}
Oct 12, 2012 7:31:00 AM org.hsm.service.CoreService query
INFO: Execute query SELECT * FROM "Student" WHERE "CT#" = 233
Oct 12, 2012 7:31:00 AM org.hsm.control.Control getData
INFO: Get full data of student {Phạm Trần Huỳnh}
Oct 12, 2012 7:31:00 AM org.hsm.service.CoreService query
INFO: Execute query SELECT * FROM "Student" WHERE "CT#" = 234
Oct 12, 2012 7:31:00 AM org.hsm.control.Control getData
INFO: Get full data of student {Nguyễn Trung Lâm}
Oct 12, 2012 7:31:00 AM org.hsm.service.CoreService query
INFO: Execute query SELECT * FROM "Student" WHERE "CT#" = 236
Oct 12, 2012 7:31:00 AM org.hsm.control.Control getData
INFO: Get full data of student {Bùi Thái An}
Oct 12, 2012 7:31:00 AM org.hsm.service.CoreService query
INFO: Execute query SELECT * FROM "Student" WHERE "CT#" = 237
Oct 12, 2012 7:31:00 AM org.hsm.control.Control getData
INFO: Get full data of student {Cù Tuấn Anh}
Oct 12, 2012 7:31:00 AM org.hsm.service.CoreService query
INFO: Execute query SELECT * FROM "Student" WHERE "CT#" = 238
Oct 12, 2012 7:31:00 AM org.hsm.control.Control getData
INFO: Get full data of student {Trần Lương Tuấn Anh}
Oct 12, 2012 7:31:00 AM org.hsm.service.CoreService query
INFO: Execute query SELECT * FROM "Student" WHERE "CT#" = 241
Oct 12, 2012 7:31:00 AM org.hsm.control.Control getData
INFO: Get full data of student {Ngô Duy Bằng}
Oct 12, 2012 7:31:00 AM org.hsm.service.CoreService query
INFO: Execute query SELECT * FROM "Student" WHERE "CT#" = 242
Oct 12, 2012 7:31:00 AM org.hsm.control.Control getData
INFO: Get full data of student {Nguyễn Việt Bảo}
Oct 12, 2012 7:31:00 AM org.hsm.service.CoreService query
INFO: Execute query SELECT * FROM "Student" WHERE "CT#" = 243
Oct 12, 2012 7:31:03 AM org.hsm.control.Control fire
INFO: System exits
