Oct 11, 2012 12:36:27 AM org.hsm.control.Control start
INFO: System starts
Oct 11, 2012 12:36:27 AM org.hsm.control.Control start
INFO: Open login window
Oct 11, 2012 12:36:28 AM org.hsm.control.Control tryLogin
INFO: Try login
Oct 11, 2012 12:36:28 AM org.hsm.control.Control tryLogin
INFO: Login success
Oct 11, 2012 12:36:28 AM org.hsm.service.ClassService getClasses
INFO: Fetch class list. Do not get student list now, because it could make infinite recursive
Oct 11, 2012 12:36:28 AM org.hsm.service.CoreService query
INFO: Execute query select "CL#", "Name" from "Class"
Oct 11, 2012 12:36:28 AM org.hsm.control.Control tryLogin
INFO: Show main function window
Oct 11, 2012 12:37:18 AM org.hsm.service.ClassService getClasses
INFO: Fetch class list. Do not get student list now, because it could make infinite recursive
Oct 11, 2012 12:37:18 AM org.hsm.service.CoreService query
INFO: Execute query select "CL#", "Name" from "Class"
Oct 11, 2012 12:37:19 AM org.hsm.service.ClassService getClasses
INFO: Fetch class list. Do not get student list now, because it could make infinite recursive
Oct 11, 2012 12:37:19 AM org.hsm.service.CoreService query
INFO: Execute query select "CL#", "Name" from "Class"
Oct 11, 2012 12:37:35 AM org.hsm.control.Control fire
INFO: System exits
