Oct 11, 2012 10:41:28 PM org.hsm.control.Control start
INFO: System starts
Oct 11, 2012 10:41:28 PM org.hsm.control.Control start
INFO: Open login window
Oct 11, 2012 10:41:30 PM org.hsm.control.Control tryLogin
INFO: Try login
Oct 11, 2012 10:41:30 PM org.hsm.control.Control tryLogin
INFO: Login success
Oct 11, 2012 10:41:30 PM org.hsm.control.Control getData
INFO: Fetch class list
Oct 11, 2012 10:41:30 PM org.hsm.service.CoreService query
INFO: Execute query SELECT "CL#", "Name" FROM "Class"
ORDER BY "Name"
Oct 11, 2012 10:41:30 PM org.hsm.control.Control tryLogin
INFO: Show main function window
Oct 11, 2012 10:41:31 PM org.hsm.control.Control getData
INFO: Get raw list of students in {Việt Nhật 5A} class
Oct 11, 2012 10:41:32 PM org.hsm.service.CoreService query
INFO: Execute query SELECT "CT#", "First", "Last" FROM "Student"
 WHERE "Student"."CL#" = 1
 ORDER BY "Last"
Oct 11, 2012 10:41:32 PM org.hsm.control.Control getData
INFO: Get raw list of students in {Việt Nhật 5A} class
Oct 11, 2012 10:41:32 PM org.hsm.service.CoreService query
INFO: Execute query SELECT "CT#", "First", "Last" FROM "Student"
 WHERE "Student"."CL#" = 1
 ORDER BY "Last"
Oct 11, 2012 10:41:32 PM org.hsm.control.Control getData
INFO: Get raw list of students in {Việt Nhật 5B} class
Oct 11, 2012 10:41:32 PM org.hsm.service.CoreService query
INFO: Execute query SELECT "CT#", "First", "Last" FROM "Student"
 WHERE "Student"."CL#" = 2
 ORDER BY "Last"
Oct 11, 2012 10:41:32 PM org.hsm.control.Control getData
INFO: Get raw list of students in {Việt Nhật 5B} class
Oct 11, 2012 10:41:32 PM org.hsm.service.CoreService query
INFO: Execute query SELECT "CT#", "First", "Last" FROM "Student"
 WHERE "Student"."CL#" = 2
 ORDER BY "Last"
Oct 11, 2012 10:41:33 PM org.hsm.control.Control getData
INFO: Get raw list of students in {Việt Nhật 5C} class
Oct 11, 2012 10:41:33 PM org.hsm.service.CoreService query
INFO: Execute query SELECT "CT#", "First", "Last" FROM "Student"
 WHERE "Student"."CL#" = 3
 ORDER BY "Last"
Oct 11, 2012 10:41:33 PM org.hsm.control.Control getData
INFO: Get raw list of students in {Việt Nhật 5C} class
Oct 11, 2012 10:41:33 PM org.hsm.service.CoreService query
INFO: Execute query SELECT "CT#", "First", "Last" FROM "Student"
 WHERE "Student"."CL#" = 3
 ORDER BY "Last"
Oct 11, 2012 10:41:37 PM org.hsm.control.Control getData
INFO: Get raw list of students in {Việt Nhật 5B} class
Oct 11, 2012 10:41:37 PM org.hsm.service.CoreService query
INFO: Execute query SELECT "CT#", "First", "Last" FROM "Student"
 WHERE "Student"."CL#" = 2
 ORDER BY "Last"
Oct 11, 2012 10:41:37 PM org.hsm.control.Control getData
INFO: Get raw list of students in {Việt Nhật 5B} class
Oct 11, 2012 10:41:37 PM org.hsm.service.CoreService query
INFO: Execute query SELECT "CT#", "First", "Last" FROM "Student"
 WHERE "Student"."CL#" = 2
 ORDER BY "Last"
Oct 11, 2012 10:41:38 PM org.hsm.control.Control getData
INFO: Get raw list of students in {Việt Nhật 5A} class
Oct 11, 2012 10:41:38 PM org.hsm.service.CoreService query
INFO: Execute query SELECT "CT#", "First", "Last" FROM "Student"
 WHERE "Student"."CL#" = 1
 ORDER BY "Last"
Oct 11, 2012 10:41:38 PM org.hsm.control.Control getData
INFO: Get raw list of students in {Việt Nhật 5A} class
Oct 11, 2012 10:41:38 PM org.hsm.service.CoreService query
INFO: Execute query SELECT "CT#", "First", "Last" FROM "Student"
 WHERE "Student"."CL#" = 1
 ORDER BY "Last"
Oct 11, 2012 10:41:44 PM org.hsm.control.Control getData
INFO: Get raw list of students in {Việt Nhật 5B} class
Oct 11, 2012 10:41:44 PM org.hsm.service.CoreService query
INFO: Execute query SELECT "CT#", "First", "Last" FROM "Student"
 WHERE "Student"."CL#" = 2
 ORDER BY "Last"
Oct 11, 2012 10:41:45 PM org.hsm.control.Control getData
INFO: Get raw list of students in {Việt Nhật 5B} class
Oct 11, 2012 10:41:45 PM org.hsm.service.CoreService query
INFO: Execute query SELECT "CT#", "First", "Last" FROM "Student"
 WHERE "Student"."CL#" = 2
 ORDER BY "Last"
Oct 11, 2012 10:41:45 PM org.hsm.control.Control getData
INFO: Get raw list of students in {Việt Nhật 5C} class
Oct 11, 2012 10:41:45 PM org.hsm.service.CoreService query
INFO: Execute query SELECT "CT#", "First", "Last" FROM "Student"
 WHERE "Student"."CL#" = 3
 ORDER BY "Last"
Oct 11, 2012 10:41:45 PM org.hsm.control.Control getData
INFO: Get raw list of students in {Việt Nhật 5C} class
Oct 11, 2012 10:41:45 PM org.hsm.service.CoreService query
INFO: Execute query SELECT "CT#", "First", "Last" FROM "Student"
 WHERE "Student"."CL#" = 3
 ORDER BY "Last"
Oct 11, 2012 10:41:47 PM org.hsm.control.Control getData
INFO: Get raw list of students in {Việt Nhật 5A} class
Oct 11, 2012 10:41:47 PM org.hsm.service.CoreService query
INFO: Execute query SELECT "CT#", "First", "Last" FROM "Student"
 WHERE "Student"."CL#" = 1
 ORDER BY "Last"
Oct 11, 2012 10:41:47 PM org.hsm.control.Control getData
INFO: Get raw list of students in {Việt Nhật 5A} class
Oct 11, 2012 10:41:47 PM org.hsm.service.CoreService query
INFO: Execute query SELECT "CT#", "First", "Last" FROM "Student"
 WHERE "Student"."CL#" = 1
 ORDER BY "Last"
Oct 11, 2012 10:41:49 PM org.hsm.control.Control getData
INFO: Insert new student in class {Việt Nhật 5A}
Oct 11, 2012 10:41:49 PM org.hsm.service.CoreService query
INFO: Execute query INSERT INTO "Student" ("CL#") VALUES ( 1)
 RETURNING "First", "Last", "CT#"
Oct 11, 2012 10:41:50 PM org.hsm.control.Control getData
INFO: Insert new student in class {Việt Nhật 5A}
Oct 11, 2012 10:41:50 PM org.hsm.service.CoreService query
INFO: Execute query INSERT INTO "Student" ("CL#") VALUES ( 1)
 RETURNING "First", "Last", "CT#"
Oct 11, 2012 10:41:50 PM org.hsm.control.Control getData
INFO: Insert new student in class {Việt Nhật 5A}
Oct 11, 2012 10:41:50 PM org.hsm.service.CoreService query
INFO: Execute query INSERT INTO "Student" ("CL#") VALUES ( 1)
 RETURNING "First", "Last", "CT#"
Oct 11, 2012 10:41:51 PM org.hsm.control.Control getData
INFO: Insert new student in class {Việt Nhật 5A}
Oct 11, 2012 10:41:51 PM org.hsm.service.CoreService query
INFO: Execute query INSERT INTO "Student" ("CL#") VALUES ( 1)
 RETURNING "First", "Last", "CT#"
Oct 11, 2012 10:41:51 PM org.hsm.control.Control getData
INFO: Insert new student in class {Việt Nhật 5A}
Oct 11, 2012 10:41:51 PM org.hsm.service.CoreService query
INFO: Execute query INSERT INTO "Student" ("CL#") VALUES ( 1)
 RETURNING "First", "Last", "CT#"
Oct 11, 2012 10:41:51 PM org.hsm.control.Control getData
INFO: Insert new student in class {Việt Nhật 5A}
Oct 11, 2012 10:41:51 PM org.hsm.service.CoreService query
INFO: Execute query INSERT INTO "Student" ("CL#") VALUES ( 1)
 RETURNING "First", "Last", "CT#"
Oct 11, 2012 10:41:51 PM org.hsm.control.Control getData
INFO: Insert new student in class {Việt Nhật 5A}
Oct 11, 2012 10:41:51 PM org.hsm.service.CoreService query
INFO: Execute query INSERT INTO "Student" ("CL#") VALUES ( 1)
 RETURNING "First", "Last", "CT#"
Oct 11, 2012 10:41:52 PM org.hsm.control.Control getData
INFO: Insert new student in class {Việt Nhật 5A}
Oct 11, 2012 10:41:52 PM org.hsm.service.CoreService query
INFO: Execute query INSERT INTO "Student" ("CL#") VALUES ( 1)
 RETURNING "First", "Last", "CT#"
Oct 11, 2012 10:41:52 PM org.hsm.control.Control getData
INFO: Insert new student in class {Việt Nhật 5A}
Oct 11, 2012 10:41:52 PM org.hsm.service.CoreService query
INFO: Execute query INSERT INTO "Student" ("CL#") VALUES ( 1)
 RETURNING "First", "Last", "CT#"
Oct 11, 2012 10:41:53 PM org.hsm.control.Control getData
INFO: Insert new student in class {Việt Nhật 5A}
Oct 11, 2012 10:41:53 PM org.hsm.service.CoreService query
INFO: Execute query INSERT INTO "Student" ("CL#") VALUES ( 1)
 RETURNING "First", "Last", "CT#"
Oct 11, 2012 10:41:55 PM org.hsm.control.Control getData
INFO: Get raw list of students in {Việt Nhật 5B} class
Oct 11, 2012 10:41:55 PM org.hsm.service.CoreService query
INFO: Execute query SELECT "CT#", "First", "Last" FROM "Student"
 WHERE "Student"."CL#" = 2
 ORDER BY "Last"
Oct 11, 2012 10:41:55 PM org.hsm.control.Control getData
INFO: Get raw list of students in {Việt Nhật 5B} class
Oct 11, 2012 10:41:55 PM org.hsm.service.CoreService query
INFO: Execute query SELECT "CT#", "First", "Last" FROM "Student"
 WHERE "Student"."CL#" = 2
 ORDER BY "Last"
Oct 11, 2012 10:41:56 PM org.hsm.control.Control getData
INFO: Insert new student in class {Việt Nhật 5B}
Oct 11, 2012 10:41:56 PM org.hsm.service.CoreService query
INFO: Execute query INSERT INTO "Student" ("CL#") VALUES ( 2)
 RETURNING "First", "Last", "CT#"
Oct 11, 2012 10:41:56 PM org.hsm.control.Control getData
INFO: Insert new student in class {Việt Nhật 5B}
Oct 11, 2012 10:41:56 PM org.hsm.service.CoreService query
INFO: Execute query INSERT INTO "Student" ("CL#") VALUES ( 2)
 RETURNING "First", "Last", "CT#"
Oct 11, 2012 10:41:57 PM org.hsm.control.Control getData
INFO: Insert new student in class {Việt Nhật 5B}
Oct 11, 2012 10:41:57 PM org.hsm.service.CoreService query
INFO: Execute query INSERT INTO "Student" ("CL#") VALUES ( 2)
 RETURNING "First", "Last", "CT#"
Oct 11, 2012 10:41:57 PM org.hsm.control.Control getData
INFO: Insert new student in class {Việt Nhật 5B}
Oct 11, 2012 10:41:57 PM org.hsm.service.CoreService query
INFO: Execute query INSERT INTO "Student" ("CL#") VALUES ( 2)
 RETURNING "First", "Last", "CT#"
Oct 11, 2012 10:41:58 PM org.hsm.control.Control getData
INFO: Get raw list of students in {Việt Nhật 5C} class
Oct 11, 2012 10:41:58 PM org.hsm.service.CoreService query
INFO: Execute query SELECT "CT#", "First", "Last" FROM "Student"
 WHERE "Student"."CL#" = 3
 ORDER BY "Last"
Oct 11, 2012 10:41:58 PM org.hsm.control.Control getData
INFO: Get raw list of students in {Việt Nhật 5C} class
Oct 11, 2012 10:41:58 PM org.hsm.service.CoreService query
INFO: Execute query SELECT "CT#", "First", "Last" FROM "Student"
 WHERE "Student"."CL#" = 3
 ORDER BY "Last"
Oct 11, 2012 10:41:59 PM org.hsm.control.Control getData
INFO: Insert new student in class {Việt Nhật 5C}
Oct 11, 2012 10:41:59 PM org.hsm.service.CoreService query
INFO: Execute query INSERT INTO "Student" ("CL#") VALUES ( 3)
 RETURNING "First", "Last", "CT#"
Oct 11, 2012 10:41:59 PM org.hsm.control.Control getData
INFO: Insert new student in class {Việt Nhật 5C}
Oct 11, 2012 10:41:59 PM org.hsm.service.CoreService query
INFO: Execute query INSERT INTO "Student" ("CL#") VALUES ( 3)
 RETURNING "First", "Last", "CT#"
Oct 11, 2012 10:41:59 PM org.hsm.control.Control getData
INFO: Insert new student in class {Việt Nhật 5C}
Oct 11, 2012 10:41:59 PM org.hsm.service.CoreService query
INFO: Execute query INSERT INTO "Student" ("CL#") VALUES ( 3)
 RETURNING "First", "Last", "CT#"
Oct 11, 2012 10:41:59 PM org.hsm.control.Control getData
INFO: Insert new student in class {Việt Nhật 5C}
Oct 11, 2012 10:41:59 PM org.hsm.service.CoreService query
INFO: Execute query INSERT INTO "Student" ("CL#") VALUES ( 3)
 RETURNING "First", "Last", "CT#"
Oct 11, 2012 10:42:01 PM org.hsm.control.Control getData
INFO: Get raw list of students in {Việt Nhật 5A} class
Oct 11, 2012 10:42:01 PM org.hsm.service.CoreService query
INFO: Execute query SELECT "CT#", "First", "Last" FROM "Student"
 WHERE "Student"."CL#" = 1
 ORDER BY "Last"
Oct 11, 2012 10:42:01 PM org.hsm.control.Control getData
INFO: Get raw list of students in {Việt Nhật 5A} class
Oct 11, 2012 10:42:01 PM org.hsm.service.CoreService query
INFO: Execute query SELECT "CT#", "First", "Last" FROM "Student"
 WHERE "Student"."CL#" = 1
 ORDER BY "Last"
Oct 11, 2012 10:42:01 PM org.hsm.control.Control getData
INFO: Get raw list of students in {Việt Nhật 5B} class
Oct 11, 2012 10:42:01 PM org.hsm.service.CoreService query
INFO: Execute query SELECT "CT#", "First", "Last" FROM "Student"
 WHERE "Student"."CL#" = 2
 ORDER BY "Last"
Oct 11, 2012 10:42:01 PM org.hsm.control.Control getData
INFO: Get raw list of students in {Việt Nhật 5B} class
Oct 11, 2012 10:42:01 PM org.hsm.service.CoreService query
INFO: Execute query SELECT "CT#", "First", "Last" FROM "Student"
 WHERE "Student"."CL#" = 2
 ORDER BY "Last"
Oct 11, 2012 10:42:04 PM org.hsm.control.Control getData
INFO: Remove student {No Name}
Oct 11, 2012 10:42:04 PM org.hsm.service.CoreService update
INFO: Execute udpate DELETE FROM "Student" WHERE "CT#" = 260
Oct 11, 2012 10:42:06 PM org.hsm.control.Control getData
INFO: Remove student {No Name}
Oct 11, 2012 10:42:06 PM org.hsm.service.CoreService update
INFO: Execute udpate DELETE FROM "Student" WHERE "CT#" = 261
Oct 11, 2012 10:42:08 PM org.hsm.control.Control getData
INFO: Remove student {No Name}
Oct 11, 2012 10:42:08 PM org.hsm.service.CoreService update
INFO: Execute udpate DELETE FROM "Student" WHERE "CT#" = 262
Oct 11, 2012 10:42:09 PM org.hsm.control.Control getData
INFO: Remove student {No Name}
Oct 11, 2012 10:42:09 PM org.hsm.service.CoreService update
INFO: Execute udpate DELETE FROM "Student" WHERE "CT#" = 263
Oct 11, 2012 10:42:10 PM org.hsm.control.Control getData
INFO: Get raw list of students in {Việt Nhật 5C} class
Oct 11, 2012 10:42:10 PM org.hsm.service.CoreService query
INFO: Execute query SELECT "CT#", "First", "Last" FROM "Student"
 WHERE "Student"."CL#" = 3
 ORDER BY "Last"
Oct 11, 2012 10:42:10 PM org.hsm.control.Control getData
INFO: Get raw list of students in {Việt Nhật 5C} class
Oct 11, 2012 10:42:10 PM org.hsm.service.CoreService query
INFO: Execute query SELECT "CT#", "First", "Last" FROM "Student"
 WHERE "Student"."CL#" = 3
 ORDER BY "Last"
Oct 11, 2012 10:42:13 PM org.hsm.control.Control getData
INFO: Remove student {No Name}
Oct 11, 2012 10:42:13 PM org.hsm.service.CoreService update
INFO: Execute udpate DELETE FROM "Student" WHERE "CT#" = 264
Oct 11, 2012 10:42:15 PM org.hsm.control.Control getData
INFO: Remove student {No Name}
Oct 11, 2012 10:42:15 PM org.hsm.service.CoreService update
INFO: Execute udpate DELETE FROM "Student" WHERE "CT#" = 265
Oct 11, 2012 10:42:16 PM org.hsm.control.Control getData
INFO: Remove student {No Name}
Oct 11, 2012 10:42:16 PM org.hsm.service.CoreService update
INFO: Execute udpate DELETE FROM "Student" WHERE "CT#" = 267
Oct 11, 2012 10:42:17 PM org.hsm.control.Control getData
INFO: Remove student {No Name}
Oct 11, 2012 10:42:17 PM org.hsm.service.CoreService update
INFO: Execute udpate DELETE FROM "Student" WHERE "CT#" = 266
Oct 11, 2012 10:42:18 PM org.hsm.control.Control getData
INFO: Get raw list of students in {Việt Nhật 5A} class
Oct 11, 2012 10:42:18 PM org.hsm.service.CoreService query
INFO: Execute query SELECT "CT#", "First", "Last" FROM "Student"
 WHERE "Student"."CL#" = 1
 ORDER BY "Last"
Oct 11, 2012 10:42:18 PM org.hsm.control.Control getData
INFO: Get raw list of students in {Việt Nhật 5A} class
Oct 11, 2012 10:42:18 PM org.hsm.service.CoreService query
INFO: Execute query SELECT "CT#", "First", "Last" FROM "Student"
 WHERE "Student"."CL#" = 1
 ORDER BY "Last"
Oct 11, 2012 10:42:20 PM org.hsm.control.Control getData
INFO: Remove student {No Name}
Oct 11, 2012 10:42:20 PM org.hsm.service.CoreService update
INFO: Execute udpate DELETE FROM "Student" WHERE "CT#" = 254
Oct 11, 2012 10:42:21 PM org.hsm.control.Control getData
INFO: Remove student {No Name}
Oct 11, 2012 10:42:21 PM org.hsm.service.CoreService update
INFO: Execute udpate DELETE FROM "Student" WHERE "CT#" = 258
Oct 11, 2012 10:42:52 PM org.hsm.control.Control fire
INFO: System exits
