Oct 11, 2012 1:27:13 AM org.hsm.control.Control start
INFO: System starts
Oct 11, 2012 1:27:13 AM org.hsm.control.Control start
INFO: Open login window
Oct 11, 2012 1:27:14 AM org.hsm.control.Control tryLogin
INFO: Try login
Oct 11, 2012 1:27:14 AM org.hsm.control.Control tryLogin
INFO: Login success
Oct 11, 2012 1:27:14 AM org.hsm.control.Control getData
INFO: Fetch class list
Oct 11, 2012 1:27:14 AM org.hsm.service.CoreService query
INFO: Execute query select "CL#", "Name" from "Class"
Oct 11, 2012 1:27:14 AM org.hsm.control.Control tryLogin
INFO: Show main function window
Oct 11, 2012 1:27:18 AM org.hsm.control.Control getData
INFO: Remove class with id = {4}, name = {}
Oct 11, 2012 1:27:18 AM org.hsm.service.CoreService update
INFO: Execute udpate
Oct 11, 2012 1:27:37 AM org.hsm.control.Control getData
INFO: Remove class with id = {1}, name = {Việt Nhật 5A}
Oct 11, 2012 1:27:37 AM org.hsm.service.CoreService update
INFO: Execute udpate
Oct 11, 2012 1:27:37 AM org.hsm.service.CoreService update
SEVERE: ERROR: update or delete on table "Class" violates foreign key constraint "fk_class" on table "Student"
  Detail: Key (CL#)=(1) is still referenced from table "Student".
Oct 11, 2012 1:27:53 AM org.hsm.control.Control getData
INFO: Remove class with id = {2}, name = {Việt Nhật 5B}
Oct 11, 2012 1:27:53 AM org.hsm.service.CoreService update
INFO: Execute udpate
Oct 11, 2012 1:27:53 AM org.hsm.service.CoreService update
SEVERE: ERROR: update or delete on table "Class" violates foreign key constraint "fk_class" on table "Student"
  Detail: Key (CL#)=(2) is still referenced from table "Student".
Oct 11, 2012 1:28:15 AM org.hsm.control.Control fire
INFO: System exits
