Oct 11, 2012 1:00:53 AM org.hsm.control.Control start
INFO: System starts
Oct 11, 2012 1:00:53 AM org.hsm.control.Control start
INFO: Open login window
Oct 11, 2012 1:00:54 AM org.hsm.control.Control tryLogin
INFO: Try login
Oct 11, 2012 1:00:54 AM org.hsm.control.Control tryLogin
INFO: Login success
Oct 11, 2012 1:00:55 AM org.hsm.control.Control getData
INFO: Fetch class list
Oct 11, 2012 1:00:55 AM org.hsm.service.CoreService query
INFO: Execute query select "CL#", "Name" from "Class"
Oct 11, 2012 1:00:55 AM org.hsm.control.Control tryLogin
INFO: Show main function window
Oct 11, 2012 1:00:56 AM org.hsm.control.Control getData
INFO: Create new class
Oct 11, 2012 1:00:56 AM org.hsm.service.CoreService query
INFO: Execute query INSERT INTO "Class"() values () RETURNING ("CL#", "Name")
Oct 11, 2012 1:00:56 AM org.hsm.service.CoreService query
SEVERE: ERROR: syntax error at or near ")"
  Position: 21
Oct 11, 2012 1:01:01 AM org.hsm.control.Control fire
INFO: System exits
