Oct 14, 2012 1:51:04 AM org.hsm.control.Control start
INFO: System starts
Oct 14, 2012 1:51:04 AM org.hsm.control.Control start
INFO: Open login window
Oct 14, 2012 1:51:05 AM org.hsm.control.Control tryLogin
INFO: Try login
Oct 14, 2012 1:51:05 AM org.hsm.control.Control tryLogin
INFO: Login success
Oct 14, 2012 1:51:05 AM org.hsm.control.Control getData
INFO: Fetch class list
Oct 14, 2012 1:51:05 AM org.hsm.service.CoreService query
INFO: Execute query SELECT "CL#", "Name" FROM "Class"
ORDER BY "Name"
Oct 14, 2012 1:51:06 AM org.hsm.control.Control getData
INFO: Get list of cities
Oct 14, 2012 1:51:06 AM org.hsm.service.CoreService query
INFO: Execute query SELECT "CY#", "Name" FROM "City"
ORDER BY "Name"
Oct 14, 2012 1:51:06 AM org.hsm.control.Control getData
INFO: Get list of districts in city having id {1}
Oct 14, 2012 1:51:06 AM org.hsm.service.CoreService query
INFO: Execute query SELECT "DT#", "Name" FROM "District"
WHERE "CY#" = 1
ORDER BY "Name"
Oct 14, 2012 1:51:06 AM org.hsm.control.Control getData
INFO: Get list of class
Oct 14, 2012 1:51:06 AM org.hsm.service.CoreService query
INFO: Execute query SELECT "CL#", "Name" FROM "Class"
ORDER BY "Name"
Oct 14, 2012 1:51:06 AM org.hsm.control.Control getData
INFO: Get list of cities
Oct 14, 2012 1:51:06 AM org.hsm.service.CoreService query
INFO: Execute query SELECT "CY#", "Name" FROM "City"
ORDER BY "Name"
Oct 14, 2012 1:51:06 AM org.hsm.control.Control tryLogin
INFO: Show main function window
Oct 14, 2012 1:51:12 AM org.hsm.control.Control getData
INFO: Get raw list of students in {ICT} class
Oct 14, 2012 1:51:12 AM org.hsm.service.CoreService query
INFO: Execute query SELECT "CT#", "First", "Last" FROM "Student"
 WHERE "Student"."CL#" = 9
 ORDER BY "Last"
Oct 14, 2012 1:51:12 AM org.hsm.control.Control getData
INFO: Get raw list of students in {ICT} class
Oct 14, 2012 1:51:12 AM org.hsm.service.CoreService query
INFO: Execute query SELECT "CT#", "First", "Last" FROM "Student"
 WHERE "Student"."CL#" = 9
 ORDER BY "Last"
Oct 14, 2012 1:51:16 AM org.hsm.control.Control getData
INFO: Change class's name from {ICT} to {ICTxxx}
Oct 14, 2012 1:51:16 AM org.hsm.service.CoreService update
INFO: Execute udpate UPDATE "Class"
 SET "Name" = 'ICTxxx'
WHERE "CL#" = 9
Oct 14, 2012 1:51:20 AM org.hsm.control.Control getData
INFO: Fetch class list
Oct 14, 2012 1:51:20 AM org.hsm.service.CoreService query
INFO: Execute query SELECT "CL#", "Name" FROM "Class"
ORDER BY "Name"
Oct 14, 2012 1:51:21 AM org.hsm.control.Control getData
INFO: Get raw list of students in {ICTxxx} class
Oct 14, 2012 1:51:21 AM org.hsm.service.CoreService query
INFO: Execute query SELECT "CT#", "First", "Last" FROM "Student"
 WHERE "Student"."CL#" = 9
 ORDER BY "Last"
Oct 14, 2012 1:51:21 AM org.hsm.control.Control getData
INFO: Get raw list of students in {ICTxxx} class
Oct 14, 2012 1:51:21 AM org.hsm.service.CoreService query
INFO: Execute query SELECT "CT#", "First", "Last" FROM "Student"
 WHERE "Student"."CL#" = 9
 ORDER BY "Last"
Oct 14, 2012 1:51:25 AM org.hsm.control.Control getData
INFO: Get raw list of students in {BK02} class
Oct 14, 2012 1:51:25 AM org.hsm.service.CoreService query
INFO: Execute query SELECT "CT#", "First", "Last" FROM "Student"
 WHERE "Student"."CL#" = 10
 ORDER BY "Last"
Oct 14, 2012 1:51:25 AM org.hsm.control.Control getData
INFO: Get raw list of students in {BK02} class
Oct 14, 2012 1:51:25 AM org.hsm.service.CoreService query
INFO: Execute query SELECT "CT#", "First", "Last" FROM "Student"
 WHERE "Student"."CL#" = 10
 ORDER BY "Last"
Oct 14, 2012 1:51:26 AM org.hsm.control.Control getData
INFO: Get full data of student {No Namex}
Oct 14, 2012 1:51:26 AM org.hsm.service.CoreService query
INFO: Execute query SELECT * FROM "Student" WHERE "CT#" = 269
Oct 14, 2012 1:51:26 AM org.hsm.control.Control getData
INFO: Get id of city for district with id {597}
Oct 14, 2012 1:51:26 AM org.hsm.service.CoreService query
INFO: Execute query SELECT "CY#" FROM "District" WHERE "DT#" = 597
Oct 14, 2012 1:51:26 AM org.hsm.control.Control getData
INFO: Get list of districts in city having id {6}
Oct 14, 2012 1:51:26 AM org.hsm.service.CoreService query
INFO: Execute query SELECT "DT#", "Name" FROM "District"
WHERE "CY#" = 6
ORDER BY "Name"
Oct 14, 2012 1:51:26 AM org.hsm.control.Control getData
INFO: Get list of districts in city having id {6}
Oct 14, 2012 1:51:26 AM org.hsm.service.CoreService query
INFO: Execute query SELECT "DT#", "Name" FROM "District"
WHERE "CY#" = 6
ORDER BY "Name"
Oct 14, 2012 1:51:26 AM org.hsm.control.Control getData
INFO: Get full data of student {No Namex}
Oct 14, 2012 1:51:26 AM org.hsm.service.CoreService query
INFO: Execute query SELECT * FROM "Student" WHERE "CT#" = 269
Oct 14, 2012 1:51:26 AM org.hsm.control.Control getData
INFO: Get id of city for district with id {597}
Oct 14, 2012 1:51:26 AM org.hsm.service.CoreService query
INFO: Execute query SELECT "CY#" FROM "District" WHERE "DT#" = 597
Oct 14, 2012 1:51:31 AM org.hsm.control.Control fire
INFO: System exits
