Oct 12, 2012 7:26:25 AM org.hsm.control.Control start
INFO: System starts
Oct 12, 2012 7:26:25 AM org.hsm.control.Control start
INFO: Open login window
Oct 12, 2012 7:26:26 AM org.hsm.control.Control tryLogin
INFO: Try login
Oct 12, 2012 7:26:26 AM org.hsm.control.Control tryLogin
INFO: Login success
Oct 12, 2012 7:26:27 AM org.hsm.control.Control getData
INFO: Fetch class list
Oct 12, 2012 7:26:27 AM org.hsm.service.CoreService query
INFO: Execute query SELECT "CL#", "Name" FROM "Class"
ORDER BY "Name"
Oct 12, 2012 7:26:27 AM org.hsm.control.Control tryLogin
INFO: Show main function window
Oct 12, 2012 7:26:28 AM org.hsm.control.Control getData
INFO: Get raw list of students in {Việt Nhật 5A} class
Oct 12, 2012 7:26:28 AM org.hsm.service.CoreService query
INFO: Execute query SELECT "CT#", "First", "Last" FROM "Student"
 WHERE "Student"."CL#" = 1
 ORDER BY "Last"
Oct 12, 2012 7:26:29 AM org.hsm.control.Control getData
INFO: Get raw list of students in {Việt Nhật 5A} class
Oct 12, 2012 7:26:29 AM org.hsm.service.CoreService query
INFO: Execute query SELECT "CT#", "First", "Last" FROM "Student"
 WHERE "Student"."CL#" = 1
 ORDER BY "Last"
Oct 12, 2012 7:26:29 AM org.hsm.control.Control getData
INFO: Get full data of student {Lê Tiến Đạt}
Oct 12, 2012 7:26:29 AM org.hsm.service.CoreService query
INFO: Execute query SELECT * FROM "Student" WHERE "CT#" = 141
Oct 12, 2012 7:26:29 AM org.hsm.control.Control getData
INFO: Get full data of student {Lê Tiến Đạt}
Oct 12, 2012 7:26:29 AM org.hsm.service.CoreService query
INFO: Execute query SELECT * FROM "Student" WHERE "CT#" = 141
Oct 12, 2012 7:26:31 AM org.hsm.control.Control getData
INFO: Get full data of student {Ngô Văn Dương}
Oct 12, 2012 7:26:31 AM org.hsm.service.CoreService query
INFO: Execute query SELECT * FROM "Student" WHERE "CT#" = 151
Oct 12, 2012 7:26:31 AM org.hsm.control.Control getData
INFO: Get full data of student {Ngô Văn Dương}
Oct 12, 2012 7:26:31 AM org.hsm.service.CoreService query
INFO: Execute query SELECT * FROM "Student" WHERE "CT#" = 151
Oct 12, 2012 7:26:31 AM org.hsm.control.Control getData
INFO: Get full data of student {Nguyễn Minh Hùng}
Oct 12, 2012 7:26:31 AM org.hsm.service.CoreService query
INFO: Execute query SELECT * FROM "Student" WHERE "CT#" = 166
Oct 12, 2012 7:26:31 AM org.hsm.control.Control getData
INFO: Get full data of student {Nguyễn Minh Hùng}
Oct 12, 2012 7:26:31 AM org.hsm.service.CoreService query
INFO: Execute query SELECT * FROM "Student" WHERE "CT#" = 166
Oct 12, 2012 7:26:31 AM org.hsm.control.Control getData
INFO: Get full data of student {Phạm Ngọc Mạnh}
Oct 12, 2012 7:26:31 AM org.hsm.service.CoreService query
INFO: Execute query SELECT * FROM "Student" WHERE "CT#" = 181
Oct 12, 2012 7:26:32 AM org.hsm.control.Control getData
INFO: Get full data of student {Phạm Ngọc Mạnh}
Oct 12, 2012 7:26:32 AM org.hsm.service.CoreService query
INFO: Execute query SELECT * FROM "Student" WHERE "CT#" = 181
Oct 12, 2012 7:26:32 AM org.hsm.control.Control getData
INFO: Get full data of student {Phan Hà}
Oct 12, 2012 7:26:32 AM org.hsm.service.CoreService query
INFO: Execute query SELECT * FROM "Student" WHERE "CT#" = 158
Oct 12, 2012 7:26:32 AM org.hsm.control.Control getData
INFO: Get full data of student {Phan Hà}
Oct 12, 2012 7:26:32 AM org.hsm.service.CoreService query
INFO: Execute query SELECT * FROM "Student" WHERE "CT#" = 158
Oct 12, 2012 7:26:32 AM org.hsm.control.Control getData
INFO: Get full data of student {Nguyễn Văn Đức}
Oct 12, 2012 7:26:32 AM org.hsm.service.CoreService query
INFO: Execute query SELECT * FROM "Student" WHERE "CT#" = 148
Oct 12, 2012 7:26:33 AM org.hsm.control.Control getData
INFO: Get full data of student {Nguyễn Văn Đức}
Oct 12, 2012 7:26:33 AM org.hsm.service.CoreService query
INFO: Execute query SELECT * FROM "Student" WHERE "CT#" = 148
Oct 12, 2012 7:26:33 AM org.hsm.control.Control getData
INFO: Get full data of student {Nguyễn Minh Hùng}
Oct 12, 2012 7:26:33 AM org.hsm.service.CoreService query
INFO: Execute query SELECT * FROM "Student" WHERE "CT#" = 166
Oct 12, 2012 7:26:33 AM org.hsm.control.Control getData
INFO: Get full data of student {Nguyễn Minh Hùng}
Oct 12, 2012 7:26:33 AM org.hsm.service.CoreService query
INFO: Execute query SELECT * FROM "Student" WHERE "CT#" = 166
Oct 12, 2012 7:26:33 AM org.hsm.control.Control getData
INFO: Get full data of student {Đồng Xuân Mạnh}
Oct 12, 2012 7:26:33 AM org.hsm.service.CoreService query
INFO: Execute query SELECT * FROM "Student" WHERE "CT#" = 179
Oct 12, 2012 7:26:33 AM org.hsm.control.Control getData
INFO: Get full data of student {Đồng Xuân Mạnh}
Oct 12, 2012 7:26:33 AM org.hsm.service.CoreService query
INFO: Execute query SELECT * FROM "Student" WHERE "CT#" = 179
Oct 12, 2012 7:26:34 AM org.hsm.control.Control getData
INFO: Get full data of student {Hồ Đức Mạnh}
Oct 12, 2012 7:26:34 AM org.hsm.service.CoreService query
INFO: Execute query SELECT * FROM "Student" WHERE "CT#" = 180
Oct 12, 2012 7:26:34 AM org.hsm.control.Control getData
INFO: Get full data of student {Hồ Đức Mạnh}
Oct 12, 2012 7:26:34 AM org.hsm.service.CoreService query
INFO: Execute query SELECT * FROM "Student" WHERE "CT#" = 180
Oct 12, 2012 7:26:34 AM org.hsm.control.Control getData
INFO: Get full data of student {Đổng Trọng Hùng}
Oct 12, 2012 7:26:34 AM org.hsm.service.CoreService query
INFO: Execute query SELECT * FROM "Student" WHERE "CT#" = 165
Oct 12, 2012 7:26:34 AM org.hsm.control.Control getData
INFO: Get full data of student {Đổng Trọng Hùng}
Oct 12, 2012 7:26:34 AM org.hsm.service.CoreService query
INFO: Execute query SELECT * FROM "Student" WHERE "CT#" = 165
Oct 12, 2012 7:26:34 AM org.hsm.control.Control getData
INFO: Get full data of student {Phan Hà}
Oct 12, 2012 7:26:34 AM org.hsm.service.CoreService query
INFO: Execute query SELECT * FROM "Student" WHERE "CT#" = 158
Oct 12, 2012 7:26:34 AM org.hsm.control.Control getData
INFO: Get full data of student {Lê Minh Giang}
Oct 12, 2012 7:26:34 AM org.hsm.service.CoreService query
INFO: Execute query SELECT * FROM "Student" WHERE "CT#" = 156
Oct 12, 2012 7:26:34 AM org.hsm.control.Control getData
INFO: Get full data of student {Lê Minh Giang}
Oct 12, 2012 7:26:34 AM org.hsm.service.CoreService query
INFO: Execute query SELECT * FROM "Student" WHERE "CT#" = 156
Oct 12, 2012 7:26:35 AM org.hsm.control.Control getData
INFO: Get full data of student {Nguyễn Văn Đức}
Oct 12, 2012 7:26:35 AM org.hsm.service.CoreService query
INFO: Execute query SELECT * FROM "Student" WHERE "CT#" = 148
Oct 12, 2012 7:26:35 AM org.hsm.control.Control getData
INFO: Get full data of student {Nguyễn Văn Đức}
Oct 12, 2012 7:26:35 AM org.hsm.service.CoreService query
INFO: Execute query SELECT * FROM "Student" WHERE "CT#" = 148
Oct 12, 2012 7:26:35 AM org.hsm.control.Control getData
INFO: Get full data of student {Nguyễn Mạnh Đạt}
Oct 12, 2012 7:26:35 AM org.hsm.service.CoreService query
INFO: Execute query SELECT * FROM "Student" WHERE "CT#" = 142
Oct 12, 2012 7:26:35 AM org.hsm.control.Control getData
INFO: Get full data of student {Nguyễn Mạnh Đạt}
Oct 12, 2012 7:26:35 AM org.hsm.service.CoreService query
INFO: Execute query SELECT * FROM "Student" WHERE "CT#" = 142
Oct 12, 2012 7:26:35 AM org.hsm.control.Control getData
INFO: Get full data of student {Lê Tiến Đạt}
Oct 12, 2012 7:26:35 AM org.hsm.service.CoreService query
INFO: Execute query SELECT * FROM "Student" WHERE "CT#" = 141
Oct 12, 2012 7:26:35 AM org.hsm.control.Control getData
INFO: Get full data of student {Lê Tiến Đạt}
Oct 12, 2012 7:26:35 AM org.hsm.service.CoreService query
INFO: Execute query SELECT * FROM "Student" WHERE "CT#" = 141
Oct 12, 2012 7:26:36 AM org.hsm.control.Control getData
INFO: Get full data of student {Hà Ngọc Bình}
Oct 12, 2012 7:26:36 AM org.hsm.service.CoreService query
INFO: Execute query SELECT * FROM "Student" WHERE "CT#" = 134
Oct 12, 2012 7:26:36 AM org.hsm.control.Control getData
INFO: Get full data of student {Hà Ngọc Bình}
Oct 12, 2012 7:26:36 AM org.hsm.service.CoreService query
INFO: Execute query SELECT * FROM "Student" WHERE "CT#" = 134
Oct 12, 2012 7:26:39 AM org.hsm.control.Control fire
INFO: System exits
