Oct 12, 2012 6:38:55 PM org.hsm.control.Control start
INFO: System starts
Oct 12, 2012 6:38:55 PM org.hsm.control.Control start
INFO: Open login window
Oct 12, 2012 6:38:56 PM org.hsm.control.Control tryLogin
INFO: Try login
Oct 12, 2012 6:38:56 PM org.hsm.control.Control tryLogin
INFO: Login success
Oct 12, 2012 6:38:57 PM org.hsm.control.Control getData
INFO: Fetch class list
Oct 12, 2012 6:38:57 PM org.hsm.service.CoreService query
INFO: Execute query SELECT "CL#", "Name" FROM "Class"
ORDER BY "Name"
Oct 12, 2012 6:38:58 PM org.hsm.control.Control getData
INFO: Get list of cities
Oct 12, 2012 6:38:58 PM org.hsm.service.CoreService query
INFO: Execute query SELECT "CY#", "Name" FROM "City"
Oct 12, 2012 6:38:58 PM org.hsm.control.Control getData
INFO: Get list of class
Oct 12, 2012 6:38:58 PM org.hsm.service.CoreService query
INFO: Execute query SELECT "CL#", "Name" FROM "Class"
Oct 12, 2012 6:38:58 PM org.hsm.control.Control tryLogin
INFO: Show main function window
Oct 12, 2012 6:39:12 PM org.hsm.control.Control getData
INFO: Get list of cities
Oct 12, 2012 6:39:12 PM org.hsm.service.CoreService query
INFO: Execute query SELECT "CY#", "Name" FROM "City"
Oct 12, 2012 6:39:15 PM org.hsm.control.Control fire
INFO: System exits
