Nov 05, 2012 9:18:39 PM org.hsm.control.Control start
INFO: System starts
Nov 05, 2012 9:18:39 PM org.hsm.control.Control start
INFO: Open login window
Nov 05, 2012 9:18:40 PM org.hsm.control.Control tryLogin
INFO: Try login
Nov 05, 2012 9:18:40 PM org.hsm.control.Control tryLogin
INFO: Login success
Nov 05, 2012 9:18:40 PM org.hsm.control.Control logStart
INFO: Fetch class list
Nov 05, 2012 9:18:40 PM org.hsm.service.CoreService queryFull
INFO: Execute query SELECT * FROM get_class_list()
Nov 05, 2012 9:18:40 PM org.hsm.control.Control logStart
INFO: Get list of cities
Nov 05, 2012 9:18:40 PM org.hsm.service.CoreService queryFull
INFO: Execute query SELECT * FROM get_city_list()
Nov 05, 2012 9:18:40 PM org.hsm.control.Control logStart
INFO: Get list of districts in city having id {1}
Nov 05, 2012 9:18:40 PM org.hsm.service.CoreService queryFull
INFO: Execute query SELECT * FROM get_raw_districts_in_city(1)
Nov 05, 2012 9:18:40 PM org.hsm.control.Control logStart
INFO: Get list of class
Nov 05, 2012 9:18:40 PM org.hsm.service.CoreService queryFull
INFO: Execute query SELECT * FROM get_class_list()
Nov 05, 2012 9:18:40 PM org.hsm.control.Control logStart
INFO: Get courses list
Nov 05, 2012 9:18:40 PM org.hsm.service.CoreService queryFull
INFO: Execute query SELECT * FROM get_raw_courses_list()
Nov 05, 2012 9:18:40 PM org.hsm.control.Control logStart
INFO: Get list of all lecturers
Nov 05, 2012 9:18:40 PM org.hsm.service.CoreService queryFull
INFO: Execute query SELECT * FROM get_all_lecturers()
Nov 05, 2012 9:18:40 PM org.hsm.control.Control logStart
INFO: Get list of rooms
Nov 05, 2012 9:18:40 PM org.hsm.service.CoreService queryFull
INFO: Execute query SELECT * FROM get_room_list()
Nov 05, 2012 9:18:41 PM org.hsm.control.Control logStart
INFO: Get list of faculties
Nov 05, 2012 9:18:41 PM org.hsm.service.CoreService queryFull
INFO: Execute query SELECT * FROM get_faculty_list()
Nov 05, 2012 9:18:41 PM org.hsm.control.Control logStart
INFO: Get list of cities
Nov 05, 2012 9:18:41 PM org.hsm.service.CoreService queryFull
INFO: Execute query SELECT * FROM get_city_list()
Nov 05, 2012 9:18:41 PM org.hsm.control.Control logStart
INFO: Get list of districts in city having id {1}
Nov 05, 2012 9:18:41 PM org.hsm.service.CoreService queryFull
INFO: Execute query SELECT * FROM get_raw_districts_in_city(1)
Nov 05, 2012 9:18:41 PM org.hsm.control.Control logStart
INFO: Get list of faculties
Nov 05, 2012 9:18:41 PM org.hsm.service.CoreService queryFull
INFO: Execute query SELECT * FROM get_faculty_list()
Nov 05, 2012 9:18:41 PM org.hsm.control.Control logStart
INFO: Get list of degrees
Nov 05, 2012 9:18:41 PM org.hsm.service.CoreService queryFull
INFO: Execute query SELECT * FROM get_degree_list()
Nov 05, 2012 9:18:41 PM org.hsm.control.Control logStart
INFO: Get list of cities
Nov 05, 2012 9:18:41 PM org.hsm.service.CoreService queryFull
INFO: Execute query SELECT * FROM get_city_list()
Nov 05, 2012 9:18:41 PM org.hsm.control.Control logStart
INFO: Get list of rooms
Nov 05, 2012 9:18:41 PM org.hsm.service.CoreService queryFull
INFO: Execute query SELECT * FROM get_room_list()
Nov 05, 2012 9:18:41 PM org.hsm.control.Control logStart
INFO: Get courses list
Nov 05, 2012 9:18:41 PM org.hsm.service.CoreService queryFull
INFO: Execute query SELECT * FROM get_raw_courses_list()
Nov 05, 2012 9:18:41 PM org.hsm.control.Control logStart
INFO: Get login information{host}
Nov 05, 2012 9:18:41 PM org.hsm.control.Control logStart
INFO: Get login information{port}
Nov 05, 2012 9:18:41 PM org.hsm.control.Control logStart
INFO: Get login information{database}
Nov 05, 2012 9:18:41 PM org.hsm.control.Control logStart
INFO: Get login information{username}
Nov 05, 2012 9:18:41 PM org.hsm.control.Control tryLogin
INFO: Show main function window
Nov 05, 2012 9:20:13 PM org.hsm.control.Control fire
INFO: System exits
