Oct 11, 2012 10:40:27 PM org.hsm.control.Control start
INFO: System starts
Oct 11, 2012 10:40:27 PM org.hsm.control.Control start
INFO: Open login window
Oct 11, 2012 10:40:29 PM org.hsm.control.Control tryLogin
INFO: Try login
Oct 11, 2012 10:40:29 PM org.hsm.control.Control tryLogin
INFO: Login success
Oct 11, 2012 10:40:30 PM org.hsm.control.Control getData
INFO: Fetch class list
Oct 11, 2012 10:40:30 PM org.hsm.service.CoreService query
INFO: Execute query SELECT "CL#", "Name" FROM "Class"
ORDER BY "Name"
Oct 11, 2012 10:40:30 PM org.hsm.control.Control tryLogin
INFO: Show main function window
Oct 11, 2012 10:40:32 PM org.hsm.control.Control getData
INFO: Get raw list of students in {Việt Nhật 5A} class
Oct 11, 2012 10:40:32 PM org.hsm.service.CoreService query
INFO: Execute query SELECT "CT#", "First", "Last" FROM "Student"
 WHERE "Student"."CL#" = 1
 ORDER BY "Last"
Oct 11, 2012 10:40:32 PM org.hsm.control.Control getData
INFO: Get raw list of students in {Việt Nhật 5A} class
Oct 11, 2012 10:40:32 PM org.hsm.service.CoreService query
INFO: Execute query SELECT "CT#", "First", "Last" FROM "Student"
 WHERE "Student"."CL#" = 1
 ORDER BY "Last"
Oct 11, 2012 10:40:41 PM org.hsm.control.Control getData
INFO: Remove student {No Name}
Oct 11, 2012 10:40:41 PM org.hsm.service.CoreService update
INFO: Execute udpate DELETE FROM "Student" WHERE "CT#" = 249
Oct 11, 2012 10:40:43 PM org.hsm.control.Control getData
INFO: Get raw list of students in {Việt Nhật 5B} class
Oct 11, 2012 10:40:43 PM org.hsm.service.CoreService query
INFO: Execute query SELECT "CT#", "First", "Last" FROM "Student"
 WHERE "Student"."CL#" = 2
 ORDER BY "Last"
Oct 11, 2012 10:40:43 PM org.hsm.control.Control getData
INFO: Get raw list of students in {Việt Nhật 5B} class
Oct 11, 2012 10:40:43 PM org.hsm.service.CoreService query
INFO: Execute query SELECT "CT#", "First", "Last" FROM "Student"
 WHERE "Student"."CL#" = 2
 ORDER BY "Last"
Oct 11, 2012 10:40:43 PM org.hsm.control.Control getData
INFO: Get raw list of students in {Việt Nhật 5A} class
Oct 11, 2012 10:40:43 PM org.hsm.service.CoreService query
INFO: Execute query SELECT "CT#", "First", "Last" FROM "Student"
 WHERE "Student"."CL#" = 1
 ORDER BY "Last"
Oct 11, 2012 10:40:43 PM org.hsm.control.Control getData
INFO: Get raw list of students in {Việt Nhật 5A} class
Oct 11, 2012 10:40:43 PM org.hsm.service.CoreService query
INFO: Execute query SELECT "CT#", "First", "Last" FROM "Student"
 WHERE "Student"."CL#" = 1
 ORDER BY "Last"
Oct 11, 2012 10:40:59 PM org.hsm.control.Control fire
INFO: System exits
