Oct 20, 2012 9:21:30 PM org.hsm.control.Control start
INFO: System starts
Oct 20, 2012 9:21:30 PM org.hsm.control.Control start
INFO: Open login window
Oct 20, 2012 9:21:31 PM org.hsm.control.Control tryLogin
INFO: Try login
Oct 20, 2012 9:21:31 PM org.hsm.control.Control tryLogin
INFO: Login success
Oct 20, 2012 9:21:31 PM org.hsm.control.Control getData
INFO: Fetch class list
Oct 20, 2012 9:21:31 PM org.hsm.service.CoreService query
INFO: Execute query SELECT cl, name FROM class
ORDER BY name ASC
Oct 20, 2012 9:21:31 PM org.hsm.control.Control getData
INFO: Get list of cities
Oct 20, 2012 9:21:31 PM org.hsm.service.CoreService query
INFO: Execute query SELECT cy, name FROM city
ORDER BY name
Oct 20, 2012 9:21:32 PM org.hsm.control.Control getData
INFO: Get list of districts in city having id {1}
Oct 20, 2012 9:21:32 PM org.hsm.service.CoreService query
INFO: Execute query SELECT dt, name FROM district
WHERE cy = 1
ORDER BY name
Oct 20, 2012 9:21:32 PM org.hsm.control.Control getData
INFO: Get list of class
Oct 20, 2012 9:21:32 PM org.hsm.service.CoreService query
INFO: Execute query SELECT cl, name FROM class
ORDER BY name ASC
Oct 20, 2012 9:21:32 PM org.hsm.control.Control getData
INFO: Get list of faculties
Oct 20, 2012 9:21:32 PM org.hsm.service.CoreService query
INFO: Execute query SELECT fc, name FROM faculty ORDER BY name
Oct 20, 2012 9:21:32 PM org.hsm.control.Control getData
INFO: Get list of cities
Oct 20, 2012 9:21:32 PM org.hsm.service.CoreService query
INFO: Execute query SELECT cy, name FROM city
ORDER BY name
Oct 20, 2012 9:21:32 PM org.hsm.control.Control getData
INFO: Get list of districts in city having id {1}
Oct 20, 2012 9:21:32 PM org.hsm.service.CoreService query
INFO: Execute query SELECT dt, name FROM district
WHERE cy = 1
ORDER BY name
Oct 20, 2012 9:21:32 PM org.hsm.control.Control getData
INFO: Get list of faculties
Oct 20, 2012 9:21:32 PM org.hsm.service.CoreService query
INFO: Execute query SELECT fc, name FROM faculty ORDER BY name
Oct 20, 2012 9:21:32 PM org.hsm.control.Control getData
INFO: Get list of degrees
Oct 20, 2012 9:21:32 PM org.hsm.service.CoreService query
INFO: Execute query SELECT DG, Name FROM degree ORDER BY name
Oct 20, 2012 9:21:32 PM org.hsm.control.Control getData
INFO: Get list of cities
Oct 20, 2012 9:21:32 PM org.hsm.service.CoreService query
INFO: Execute query SELECT cy, name FROM city
ORDER BY name
Oct 20, 2012 9:21:33 PM org.hsm.control.Control getData
INFO: Get list of rooms
Oct 20, 2012 9:21:33 PM org.hsm.service.CoreService query
INFO: Execute query SELECT rm, name FROM room ORDER BY name
Oct 20, 2012 9:21:33 PM org.hsm.control.Control getData
INFO: Get courses list
Oct 20, 2012 9:21:33 PM org.hsm.service.CoreService query
INFO: Execute query SELECT ce, name FROM course ORDER BY name
Oct 20, 2012 9:21:33 PM org.hsm.control.Control tryLogin
INFO: Show main function window
Oct 20, 2012 9:21:34 PM org.hsm.control.Control fire
INFO: System exits
