Oct 12, 2012 10:55:16 PM org.hsm.control.Control start
INFO: System starts
Oct 12, 2012 10:55:16 PM org.hsm.control.Control start
INFO: Open login window
Oct 12, 2012 10:55:17 PM org.hsm.control.Control tryLogin
INFO: Try login
Oct 12, 2012 10:55:17 PM org.hsm.control.Control tryLogin
INFO: Login success
Oct 12, 2012 10:55:18 PM org.hsm.control.Control getData
INFO: Fetch class list
Oct 12, 2012 10:55:18 PM org.hsm.service.CoreService query
INFO: Execute query SELECT "CL#", "Name" FROM "Class"
ORDER BY "Name"
Oct 12, 2012 10:55:18 PM org.hsm.control.Control getData
INFO: Get list of cities
Oct 12, 2012 10:55:18 PM org.hsm.service.CoreService query
INFO: Execute query SELECT "CY#", "Name" FROM "City"
ORDER BY "Name"
Oct 12, 2012 10:55:18 PM org.hsm.control.Control getData
INFO: Get list of districts in city having id {1}
Oct 12, 2012 10:55:18 PM org.hsm.service.CoreService query
INFO: Execute query SELECT "DT#", "Name" FROM "District"
WHERE "CY#" = 1
ORDER BY "Name"
Oct 12, 2012 10:55:18 PM org.hsm.control.Control getData
INFO: Get list of class
Oct 12, 2012 10:55:18 PM org.hsm.service.CoreService query
INFO: Execute query SELECT "CL#", "Name" FROM "Class"
ORDER BY "Name"
Oct 12, 2012 10:55:18 PM org.hsm.control.Control tryLogin
INFO: Show main function window
Oct 12, 2012 10:55:19 PM org.hsm.control.Control getData
INFO: Get raw list of students in {Việt Nhật 5B} class
Oct 12, 2012 10:55:19 PM org.hsm.service.CoreService query
INFO: Execute query SELECT "CT#", "First", "Last" FROM "Student"
 WHERE "Student"."CL#" = 2
 ORDER BY "Last"
Oct 12, 2012 10:55:20 PM org.hsm.control.Control getData
INFO: Get raw list of students in {Việt Nhật 5B} class
Oct 12, 2012 10:55:20 PM org.hsm.service.CoreService query
INFO: Execute query SELECT "CT#", "First", "Last" FROM "Student"
 WHERE "Student"."CL#" = 2
 ORDER BY "Last"
Oct 12, 2012 10:55:21 PM org.hsm.control.Control getData
INFO: Get full data of student {Nguyễn Thành Duy}
Oct 12, 2012 10:55:21 PM org.hsm.service.CoreService query
INFO: Execute query SELECT * FROM "Student" WHERE "CT#" = 153
Oct 12, 2012 10:55:21 PM org.hsm.control.Control getData
INFO: Get id of city for district with id {689}
Oct 12, 2012 10:55:21 PM org.hsm.service.CoreService query
INFO: Execute query SELECT "CY#" FROM "District" WHERE "DT#" = 689
Oct 12, 2012 10:55:21 PM org.hsm.control.Control getData
INFO: Get list of districts in city having id {62}
Oct 12, 2012 10:55:21 PM org.hsm.service.CoreService query
INFO: Execute query SELECT "DT#", "Name" FROM "District"
WHERE "CY#" = 62
ORDER BY "Name"
Oct 12, 2012 10:55:21 PM org.hsm.control.Control getData
INFO: Get list of districts in city having id {62}
Oct 12, 2012 10:55:21 PM org.hsm.service.CoreService query
INFO: Execute query SELECT "DT#", "Name" FROM "District"
WHERE "CY#" = 62
ORDER BY "Name"
Oct 12, 2012 10:55:21 PM org.hsm.control.Control getData
INFO: Get full data of student {Nguyễn Thành Duy}
Oct 12, 2012 10:55:21 PM org.hsm.service.CoreService query
INFO: Execute query SELECT * FROM "Student" WHERE "CT#" = 153
Oct 12, 2012 10:55:21 PM org.hsm.control.Control getData
INFO: Get id of city for district with id {689}
Oct 12, 2012 10:55:21 PM org.hsm.service.CoreService query
INFO: Execute query SELECT "CY#" FROM "District" WHERE "DT#" = 689
Oct 12, 2012 10:55:21 PM org.hsm.control.Control getData
INFO: Get full data of student {Trần Văn Mỹ}
Oct 12, 2012 10:55:21 PM org.hsm.service.CoreService query
INFO: Execute query SELECT * FROM "Student" WHERE "CT#" = 185
Oct 12, 2012 10:55:21 PM org.hsm.control.Control getData
INFO: Get id of city for district with id {573}
Oct 12, 2012 10:55:21 PM org.hsm.service.CoreService query
INFO: Execute query SELECT "CY#" FROM "District" WHERE "DT#" = 573
Oct 12, 2012 10:55:21 PM org.hsm.control.Control getData
INFO: Get list of districts in city having id {38}
Oct 12, 2012 10:55:21 PM org.hsm.service.CoreService query
INFO: Execute query SELECT "DT#", "Name" FROM "District"
WHERE "CY#" = 38
ORDER BY "Name"
Oct 12, 2012 10:55:21 PM org.hsm.control.Control getData
INFO: Get list of districts in city having id {38}
Oct 12, 2012 10:55:21 PM org.hsm.service.CoreService query
INFO: Execute query SELECT "DT#", "Name" FROM "District"
WHERE "CY#" = 38
ORDER BY "Name"
Oct 12, 2012 10:55:22 PM org.hsm.control.Control getData
INFO: Get full data of student {Trần Văn Mỹ}
Oct 12, 2012 10:55:22 PM org.hsm.service.CoreService query
INFO: Execute query SELECT * FROM "Student" WHERE "CT#" = 185
Oct 12, 2012 10:55:22 PM org.hsm.control.Control getData
INFO: Get id of city for district with id {573}
Oct 12, 2012 10:55:22 PM org.hsm.service.CoreService query
INFO: Execute query SELECT "CY#" FROM "District" WHERE "DT#" = 573
Oct 12, 2012 10:55:22 PM org.hsm.control.Control getData
INFO: Get full data of student {Bùi Minh Thự}
Oct 12, 2012 10:55:22 PM org.hsm.service.CoreService query
INFO: Execute query SELECT * FROM "Student" WHERE "CT#" = 212
Oct 12, 2012 10:55:22 PM org.hsm.control.Control getData
INFO: Get id of city for district with id {54}
Oct 12, 2012 10:55:22 PM org.hsm.service.CoreService query
INFO: Execute query SELECT "CY#" FROM "District" WHERE "DT#" = 54
Oct 12, 2012 10:55:23 PM org.hsm.control.Control getData
INFO: Get list of districts in city having id {23}
Oct 12, 2012 10:55:23 PM org.hsm.service.CoreService query
INFO: Execute query SELECT "DT#", "Name" FROM "District"
WHERE "CY#" = 23
ORDER BY "Name"
Oct 12, 2012 10:55:23 PM org.hsm.control.Control getData
INFO: Get list of districts in city having id {23}
Oct 12, 2012 10:55:23 PM org.hsm.service.CoreService query
INFO: Execute query SELECT "DT#", "Name" FROM "District"
WHERE "CY#" = 23
ORDER BY "Name"
Oct 12, 2012 10:55:23 PM org.hsm.control.Control getData
INFO: Get full data of student {Bùi Minh Thự}
Oct 12, 2012 10:55:23 PM org.hsm.service.CoreService query
INFO: Execute query SELECT * FROM "Student" WHERE "CT#" = 212
Oct 12, 2012 10:55:23 PM org.hsm.control.Control getData
INFO: Get id of city for district with id {54}
Oct 12, 2012 10:55:23 PM org.hsm.service.CoreService query
INFO: Execute query SELECT "CY#" FROM "District" WHERE "DT#" = 54
Oct 12, 2012 10:55:23 PM org.hsm.control.Control getData
INFO: Get full data of student {Đặng Đình Diện}
Oct 12, 2012 10:55:23 PM org.hsm.service.CoreService query
INFO: Execute query SELECT * FROM "Student" WHERE "CT#" = 145
Oct 12, 2012 10:55:23 PM org.hsm.control.Control getData
INFO: Get id of city for district with id {566}
Oct 12, 2012 10:55:23 PM org.hsm.service.CoreService query
INFO: Execute query SELECT "CY#" FROM "District" WHERE "DT#" = 566
Oct 12, 2012 10:55:24 PM org.hsm.control.Control getData
INFO: Get full data of student {Đặng Đình Diện}
Oct 12, 2012 10:55:24 PM org.hsm.service.CoreService query
INFO: Execute query SELECT * FROM "Student" WHERE "CT#" = 145
Oct 12, 2012 10:55:24 PM org.hsm.control.Control getData
INFO: Get id of city for district with id {566}
Oct 12, 2012 10:55:24 PM org.hsm.service.CoreService query
INFO: Execute query SELECT "CY#" FROM "District" WHERE "DT#" = 566
Oct 12, 2012 10:55:24 PM org.hsm.control.Control getData
INFO: Get full data of student {Nguyễn Văn Quân}
Oct 12, 2012 10:55:24 PM org.hsm.service.CoreService query
INFO: Execute query SELECT * FROM "Student" WHERE "CT#" = 196
Oct 12, 2012 10:55:24 PM org.hsm.control.Control getData
INFO: Get id of city for district with id {595}
Oct 12, 2012 10:55:24 PM org.hsm.service.CoreService query
INFO: Execute query SELECT "CY#" FROM "District" WHERE "DT#" = 595
Oct 12, 2012 10:55:24 PM org.hsm.control.Control getData
INFO: Get list of districts in city having id {24}
Oct 12, 2012 10:55:24 PM org.hsm.service.CoreService query
INFO: Execute query SELECT "DT#", "Name" FROM "District"
WHERE "CY#" = 24
ORDER BY "Name"
Oct 12, 2012 10:55:24 PM org.hsm.control.Control getData
INFO: Get list of districts in city having id {24}
Oct 12, 2012 10:55:24 PM org.hsm.service.CoreService query
INFO: Execute query SELECT "DT#", "Name" FROM "District"
WHERE "CY#" = 24
ORDER BY "Name"
Oct 12, 2012 10:55:24 PM org.hsm.control.Control getData
INFO: Get full data of student {Nguyễn Văn Quân}
Oct 12, 2012 10:55:24 PM org.hsm.service.CoreService query
INFO: Execute query SELECT * FROM "Student" WHERE "CT#" = 196
Oct 12, 2012 10:55:24 PM org.hsm.control.Control getData
INFO: Get id of city for district with id {595}
Oct 12, 2012 10:55:24 PM org.hsm.service.CoreService query
INFO: Execute query SELECT "CY#" FROM "District" WHERE "DT#" = 595
Oct 12, 2012 10:55:24 PM org.hsm.control.Control getData
INFO: Get full data of student {Lưu Xuân Trọng}
Oct 12, 2012 10:55:24 PM org.hsm.service.CoreService query
INFO: Execute query SELECT * FROM "Student" WHERE "CT#" = 219
Oct 12, 2012 10:55:25 PM org.hsm.control.Control getData
INFO: Get id of city for district with id {490}
Oct 12, 2012 10:55:25 PM org.hsm.service.CoreService query
INFO: Execute query SELECT "CY#" FROM "District" WHERE "DT#" = 490
Oct 12, 2012 10:55:25 PM org.hsm.control.Control getData
INFO: Get list of districts in city having id {53}
Oct 12, 2012 10:55:25 PM org.hsm.service.CoreService query
INFO: Execute query SELECT "DT#", "Name" FROM "District"
WHERE "CY#" = 53
ORDER BY "Name"
Oct 12, 2012 10:55:25 PM org.hsm.control.Control getData
INFO: Get list of districts in city having id {53}
Oct 12, 2012 10:55:25 PM org.hsm.service.CoreService query
INFO: Execute query SELECT "DT#", "Name" FROM "District"
WHERE "CY#" = 53
ORDER BY "Name"
Oct 12, 2012 10:55:25 PM org.hsm.control.Control getData
INFO: Get full data of student {Lưu Xuân Trọng}
Oct 12, 2012 10:55:25 PM org.hsm.service.CoreService query
INFO: Execute query SELECT * FROM "Student" WHERE "CT#" = 219
Oct 12, 2012 10:55:25 PM org.hsm.control.Control getData
INFO: Get id of city for district with id {490}
Oct 12, 2012 10:55:25 PM org.hsm.service.CoreService query
INFO: Execute query SELECT "CY#" FROM "District" WHERE "DT#" = 490
Oct 12, 2012 10:55:25 PM org.hsm.control.Control getData
INFO: Get full data of student {Nguyễn Việt Đức}
Oct 12, 2012 10:55:25 PM org.hsm.service.CoreService query
INFO: Execute query SELECT * FROM "Student" WHERE "CT#" = 149
Oct 12, 2012 10:55:25 PM org.hsm.control.Control getData
INFO: Get id of city for district with id {96}
Oct 12, 2012 10:55:25 PM org.hsm.service.CoreService query
INFO: Execute query SELECT "CY#" FROM "District" WHERE "DT#" = 96
Oct 12, 2012 10:55:25 PM org.hsm.control.Control getData
INFO: Get list of districts in city having id {24}
Oct 12, 2012 10:55:25 PM org.hsm.service.CoreService query
INFO: Execute query SELECT "DT#", "Name" FROM "District"
WHERE "CY#" = 24
ORDER BY "Name"
Oct 12, 2012 10:55:25 PM org.hsm.control.Control getData
INFO: Get list of districts in city having id {24}
Oct 12, 2012 10:55:25 PM org.hsm.service.CoreService query
INFO: Execute query SELECT "DT#", "Name" FROM "District"
WHERE "CY#" = 24
ORDER BY "Name"
Oct 12, 2012 10:55:25 PM org.hsm.control.Control getData
INFO: Get full data of student {Nguyễn Việt Đức}
Oct 12, 2012 10:55:25 PM org.hsm.service.CoreService query
INFO: Execute query SELECT * FROM "Student" WHERE "CT#" = 149
Oct 12, 2012 10:55:25 PM org.hsm.control.Control getData
INFO: Get id of city for district with id {96}
Oct 12, 2012 10:55:25 PM org.hsm.service.CoreService query
INFO: Execute query SELECT "CY#" FROM "District" WHERE "DT#" = 96
Oct 12, 2012 10:55:25 PM org.hsm.control.Control getData
INFO: Get full data of student {Trần Văn Mỹ}
Oct 12, 2012 10:55:25 PM org.hsm.service.CoreService query
INFO: Execute query SELECT * FROM "Student" WHERE "CT#" = 185
Oct 12, 2012 10:55:25 PM org.hsm.control.Control getData
INFO: Get id of city for district with id {573}
Oct 12, 2012 10:55:25 PM org.hsm.service.CoreService query
INFO: Execute query SELECT "CY#" FROM "District" WHERE "DT#" = 573
Oct 12, 2012 10:55:26 PM org.hsm.control.Control getData
INFO: Get list of districts in city having id {38}
Oct 12, 2012 10:55:26 PM org.hsm.service.CoreService query
INFO: Execute query SELECT "DT#", "Name" FROM "District"
WHERE "CY#" = 38
ORDER BY "Name"
Oct 12, 2012 10:55:26 PM org.hsm.control.Control getData
INFO: Get list of districts in city having id {38}
Oct 12, 2012 10:55:26 PM org.hsm.service.CoreService query
INFO: Execute query SELECT "DT#", "Name" FROM "District"
WHERE "CY#" = 38
ORDER BY "Name"
Oct 12, 2012 10:55:26 PM org.hsm.control.Control getData
INFO: Get full data of student {Trần Văn Mỹ}
Oct 12, 2012 10:55:26 PM org.hsm.service.CoreService query
INFO: Execute query SELECT * FROM "Student" WHERE "CT#" = 185
Oct 12, 2012 10:55:26 PM org.hsm.control.Control getData
INFO: Get id of city for district with id {573}
Oct 12, 2012 10:55:26 PM org.hsm.service.CoreService query
INFO: Execute query SELECT "CY#" FROM "District" WHERE "DT#" = 573
Oct 12, 2012 10:55:26 PM org.hsm.control.Control getData
INFO: Get full data of student {Nguyễn Văn Quân}
Oct 12, 2012 10:55:26 PM org.hsm.service.CoreService query
INFO: Execute query SELECT * FROM "Student" WHERE "CT#" = 196
Oct 12, 2012 10:55:26 PM org.hsm.control.Control getData
INFO: Get id of city for district with id {595}
Oct 12, 2012 10:55:26 PM org.hsm.service.CoreService query
INFO: Execute query SELECT "CY#" FROM "District" WHERE "DT#" = 595
Oct 12, 2012 10:55:26 PM org.hsm.control.Control getData
INFO: Get list of districts in city having id {24}
Oct 12, 2012 10:55:26 PM org.hsm.service.CoreService query
INFO: Execute query SELECT "DT#", "Name" FROM "District"
WHERE "CY#" = 24
ORDER BY "Name"
Oct 12, 2012 10:55:26 PM org.hsm.control.Control getData
INFO: Get list of districts in city having id {24}
Oct 12, 2012 10:55:26 PM org.hsm.service.CoreService query
INFO: Execute query SELECT "DT#", "Name" FROM "District"
WHERE "CY#" = 24
ORDER BY "Name"
Oct 12, 2012 10:55:26 PM org.hsm.control.Control getData
INFO: Get full data of student {Nguyễn Văn Quân}
Oct 12, 2012 10:55:26 PM org.hsm.service.CoreService query
INFO: Execute query SELECT * FROM "Student" WHERE "CT#" = 196
Oct 12, 2012 10:55:26 PM org.hsm.control.Control getData
INFO: Get id of city for district with id {595}
Oct 12, 2012 10:55:26 PM org.hsm.service.CoreService query
INFO: Execute query SELECT "CY#" FROM "District" WHERE "DT#" = 595
Oct 12, 2012 10:55:27 PM org.hsm.control.Control getData
INFO: Get raw list of students in {ICT} class
Oct 12, 2012 10:55:27 PM org.hsm.service.CoreService query
INFO: Execute query SELECT "CT#", "First", "Last" FROM "Student"
 WHERE "Student"."CL#" = 9
 ORDER BY "Last"
Oct 12, 2012 10:55:27 PM org.hsm.control.Control getData
INFO: Get raw list of students in {ICT} class
Oct 12, 2012 10:55:27 PM org.hsm.service.CoreService query
INFO: Execute query SELECT "CT#", "First", "Last" FROM "Student"
 WHERE "Student"."CL#" = 9
 ORDER BY "Last"
Oct 12, 2012 10:55:28 PM org.hsm.control.Control getData
INFO: Get raw list of students in {BK02} class
Oct 12, 2012 10:55:28 PM org.hsm.service.CoreService query
INFO: Execute query SELECT "CT#", "First", "Last" FROM "Student"
 WHERE "Student"."CL#" = 10
 ORDER BY "Last"
Oct 12, 2012 10:55:28 PM org.hsm.control.Control getData
INFO: Get raw list of students in {BK02} class
Oct 12, 2012 10:55:28 PM org.hsm.service.CoreService query
INFO: Execute query SELECT "CT#", "First", "Last" FROM "Student"
 WHERE "Student"."CL#" = 10
 ORDER BY "Last"
Oct 12, 2012 10:55:28 PM org.hsm.control.Control getData
INFO: Get full data of student {No Namex}
Oct 12, 2012 10:55:28 PM org.hsm.service.CoreService query
INFO: Execute query SELECT * FROM "Student" WHERE "CT#" = 269
Oct 12, 2012 10:55:29 PM org.hsm.control.Control getData
INFO: Get id of city for district with id {341}
Oct 12, 2012 10:55:29 PM org.hsm.service.CoreService query
INFO: Execute query SELECT "CY#" FROM "District" WHERE "DT#" = 341
Oct 12, 2012 10:55:29 PM org.hsm.control.Control getData
INFO: Get list of districts in city having id {3}
Oct 12, 2012 10:55:29 PM org.hsm.service.CoreService query
INFO: Execute query SELECT "DT#", "Name" FROM "District"
WHERE "CY#" = 3
ORDER BY "Name"
Oct 12, 2012 10:55:29 PM org.hsm.control.Control getData
INFO: Get list of districts in city having id {3}
Oct 12, 2012 10:55:29 PM org.hsm.service.CoreService query
INFO: Execute query SELECT "DT#", "Name" FROM "District"
WHERE "CY#" = 3
ORDER BY "Name"
Oct 12, 2012 10:55:29 PM org.hsm.control.Control getData
INFO: Get full data of student {No Namex}
Oct 12, 2012 10:55:29 PM org.hsm.service.CoreService query
INFO: Execute query SELECT * FROM "Student" WHERE "CT#" = 269
Oct 12, 2012 10:55:29 PM org.hsm.control.Control getData
INFO: Get id of city for district with id {341}
Oct 12, 2012 10:55:29 PM org.hsm.service.CoreService query
INFO: Execute query SELECT "CY#" FROM "District" WHERE "DT#" = 341
Oct 12, 2012 10:55:30 PM org.hsm.control.Control getData
INFO: Get list of districts in city having id {6}
Oct 12, 2012 10:55:30 PM org.hsm.service.CoreService query
INFO: Execute query SELECT "DT#", "Name" FROM "District"
WHERE "CY#" = 6
ORDER BY "Name"
Oct 12, 2012 10:55:30 PM org.hsm.control.Control getData
INFO: Get list of districts in city having id {6}
Oct 12, 2012 10:55:30 PM org.hsm.service.CoreService query
INFO: Execute query SELECT "DT#", "Name" FROM "District"
WHERE "CY#" = 6
ORDER BY "Name"
Oct 12, 2012 10:55:32 PM org.hsm.service.CoreService update
INFO: Execute udpate UPDATE "Student"
SET
"First" = 'No'
, "Last" = 'Namex'
, "Sex" = true
, "DOB" = 'Fri Oct 12 00:00:00 ICT 2012'
, "Emails" = ''
, "Phones" = ''
, "Note" = ''
, "Home" = ''
, "DT#" = 597
, "Point" = 0.000000
, "CL#" = 10
, "MSSV" = '        '
, "Year" = 2012
WHERE "CT#" = 269
Oct 12, 2012 10:55:33 PM org.hsm.control.Control getData
INFO: Get raw list of students in {ICT} class
Oct 12, 2012 10:55:33 PM org.hsm.service.CoreService query
INFO: Execute query SELECT "CT#", "First", "Last" FROM "Student"
 WHERE "Student"."CL#" = 9
 ORDER BY "Last"
Oct 12, 2012 10:55:33 PM org.hsm.control.Control getData
INFO: Get raw list of students in {ICT} class
Oct 12, 2012 10:55:33 PM org.hsm.service.CoreService query
INFO: Execute query SELECT "CT#", "First", "Last" FROM "Student"
 WHERE "Student"."CL#" = 9
 ORDER BY "Last"
Oct 12, 2012 10:55:34 PM org.hsm.control.Control getData
INFO: Get raw list of students in {Việt Nhật 5C} class
Oct 12, 2012 10:55:34 PM org.hsm.service.CoreService query
INFO: Execute query SELECT "CT#", "First", "Last" FROM "Student"
 WHERE "Student"."CL#" = 3
 ORDER BY "Last"
Oct 12, 2012 10:55:34 PM org.hsm.control.Control getData
INFO: Get raw list of students in {Việt Nhật 5C} class
Oct 12, 2012 10:55:34 PM org.hsm.service.CoreService query
INFO: Execute query SELECT "CT#", "First", "Last" FROM "Student"
 WHERE "Student"."CL#" = 3
 ORDER BY "Last"
Oct 12, 2012 10:55:34 PM org.hsm.control.Control getData
INFO: Get full data of student {Phạm Bình}
Oct 12, 2012 10:55:34 PM org.hsm.service.CoreService query
INFO: Execute query SELECT * FROM "Student" WHERE "CT#" = 135
Oct 12, 2012 10:55:34 PM org.hsm.control.Control getData
INFO: Get id of city for district with id {15}
Oct 12, 2012 10:55:34 PM org.hsm.service.CoreService query
INFO: Execute query SELECT "CY#" FROM "District" WHERE "DT#" = 15
Oct 12, 2012 10:55:34 PM org.hsm.control.Control getData
INFO: Get list of districts in city having id {24}
Oct 12, 2012 10:55:34 PM org.hsm.service.CoreService query
INFO: Execute query SELECT "DT#", "Name" FROM "District"
WHERE "CY#" = 24
ORDER BY "Name"
Oct 12, 2012 10:55:35 PM org.hsm.control.Control getData
INFO: Get list of districts in city having id {24}
Oct 12, 2012 10:55:35 PM org.hsm.service.CoreService query
INFO: Execute query SELECT "DT#", "Name" FROM "District"
WHERE "CY#" = 24
ORDER BY "Name"
Oct 12, 2012 10:55:35 PM org.hsm.control.Control getData
INFO: Get full data of student {Phạm Bình}
Oct 12, 2012 10:55:35 PM org.hsm.service.CoreService query
INFO: Execute query SELECT * FROM "Student" WHERE "CT#" = 135
Oct 12, 2012 10:55:35 PM org.hsm.control.Control getData
INFO: Get id of city for district with id {15}
Oct 12, 2012 10:55:35 PM org.hsm.service.CoreService query
INFO: Execute query SELECT "CY#" FROM "District" WHERE "DT#" = 15
Oct 12, 2012 10:55:35 PM org.hsm.control.Control getData
INFO: Get raw list of students in {BK02} class
Oct 12, 2012 10:55:35 PM org.hsm.service.CoreService query
INFO: Execute query SELECT "CT#", "First", "Last" FROM "Student"
 WHERE "Student"."CL#" = 10
 ORDER BY "Last"
Oct 12, 2012 10:55:35 PM org.hsm.control.Control getData
INFO: Get raw list of students in {BK02} class
Oct 12, 2012 10:55:35 PM org.hsm.service.CoreService query
INFO: Execute query SELECT "CT#", "First", "Last" FROM "Student"
 WHERE "Student"."CL#" = 10
 ORDER BY "Last"
Oct 12, 2012 10:55:36 PM org.hsm.control.Control getData
INFO: Get full data of student {No Namex}
Oct 12, 2012 10:55:36 PM org.hsm.service.CoreService query
INFO: Execute query SELECT * FROM "Student" WHERE "CT#" = 269
Oct 12, 2012 10:55:36 PM org.hsm.control.Control getData
INFO: Get id of city for district with id {597}
Oct 12, 2012 10:55:36 PM org.hsm.service.CoreService query
INFO: Execute query SELECT "CY#" FROM "District" WHERE "DT#" = 597
Oct 12, 2012 10:55:36 PM org.hsm.control.Control getData
INFO: Get list of districts in city having id {6}
Oct 12, 2012 10:55:36 PM org.hsm.service.CoreService query
INFO: Execute query SELECT "DT#", "Name" FROM "District"
WHERE "CY#" = 6
ORDER BY "Name"
Oct 12, 2012 10:55:36 PM org.hsm.control.Control getData
INFO: Get list of districts in city having id {6}
Oct 12, 2012 10:55:36 PM org.hsm.service.CoreService query
INFO: Execute query SELECT "DT#", "Name" FROM "District"
WHERE "CY#" = 6
ORDER BY "Name"
Oct 12, 2012 10:55:36 PM org.hsm.control.Control getData
INFO: Get full data of student {No Namex}
Oct 12, 2012 10:55:36 PM org.hsm.service.CoreService query
INFO: Execute query SELECT * FROM "Student" WHERE "CT#" = 269
Oct 12, 2012 10:55:36 PM org.hsm.control.Control getData
INFO: Get id of city for district with id {597}
Oct 12, 2012 10:55:36 PM org.hsm.service.CoreService query
INFO: Execute query SELECT "CY#" FROM "District" WHERE "DT#" = 597
Oct 12, 2012 10:55:45 PM org.hsm.service.CoreService update
INFO: Execute udpate UPDATE "Student"
SET
"First" = 'No'
, "Last" = 'Namex'
, "Sex" = true
, "DOB" = 'Fri Oct 12 00:00:00 ICT 2012'
, "Emails" = '
'
, "Phones" = 'xxxxxxxxxx
zzzzzz
'
, "Note" = ''
, "Home" = ''
, "DT#" = 597
, "Point" = 0.000000
, "CL#" = 10
, "MSSV" = '        '
, "Year" = 2012
WHERE "CT#" = 269
Oct 12, 2012 10:55:51 PM org.hsm.control.Control fire
INFO: System exits
