Oct 20, 2012 9:03:59 PM org.hsm.control.Control start
INFO: System starts
Oct 20, 2012 9:03:59 PM org.hsm.control.Control start
INFO: Open login window
Oct 20, 2012 9:04:03 PM org.hsm.control.Control tryLogin
INFO: Try login
Oct 20, 2012 9:04:03 PM org.hsm.control.Control tryLogin
INFO: Login success
Oct 20, 2012 9:04:03 PM org.hsm.control.Control getData
INFO: Fetch class list
Oct 20, 2012 9:04:03 PM org.hsm.service.CoreService query
INFO: Execute query SELECT cl, name FROM class
ORDER BY name
Oct 20, 2012 9:04:04 PM org.hsm.control.Control getData
INFO: Get list of cities
Oct 20, 2012 9:04:04 PM org.hsm.service.CoreService query
INFO: Execute query SELECT cy, name FROM city
ORDER BY name
Oct 20, 2012 9:04:04 PM org.hsm.control.Control getData
INFO: Get list of districts in city having id {1}
Oct 20, 2012 9:04:04 PM org.hsm.service.CoreService query
INFO: Execute query SELECT dt, name FROM district
WHERE cy = 1
ORDER BY name
Oct 20, 2012 9:04:04 PM org.hsm.control.Control getData
INFO: Get list of class
Oct 20, 2012 9:04:04 PM org.hsm.service.CoreService query
INFO: Execute query SELECT cl, name FROM class
ORDER BY name
Oct 20, 2012 9:04:05 PM org.hsm.control.Control getData
INFO: Get list of faculties
Oct 20, 2012 9:04:05 PM org.hsm.service.CoreService query
INFO: Execute query SELECT fc, name FROM faculty ORDER BY name
Oct 20, 2012 9:04:05 PM org.hsm.control.Control getData
INFO: Get list of cities
Oct 20, 2012 9:04:05 PM org.hsm.service.CoreService query
INFO: Execute query SELECT cy, name FROM city
ORDER BY name
Oct 20, 2012 9:04:05 PM org.hsm.control.Control getData
INFO: Get list of districts in city having id {1}
Oct 20, 2012 9:04:05 PM org.hsm.service.CoreService query
INFO: Execute query SELECT dt, name FROM district
WHERE cy = 1
ORDER BY name
Oct 20, 2012 9:04:05 PM org.hsm.control.Control getData
INFO: Get list of faculties
Oct 20, 2012 9:04:05 PM org.hsm.service.CoreService query
INFO: Execute query SELECT fc, name FROM faculty ORDER BY name
Oct 20, 2012 9:04:05 PM org.hsm.control.Control getData
INFO: Get list of degrees
Oct 20, 2012 9:04:05 PM org.hsm.service.CoreService query
INFO: Execute query SELECT DG, Name FROM degree ORDER BY name
Oct 20, 2012 9:04:05 PM org.hsm.control.Control getData
INFO: Get list of cities
Oct 20, 2012 9:04:05 PM org.hsm.service.CoreService query
INFO: Execute query SELECT cy, name FROM city
ORDER BY name
Oct 20, 2012 9:04:05 PM org.hsm.control.Control getData
INFO: Get list of rooms
Oct 20, 2012 9:04:05 PM org.hsm.service.CoreService query
INFO: Execute query SELECT rm, name FROM room ORDER BY name
Oct 20, 2012 9:04:05 PM org.hsm.control.Control getData
INFO: Get courses list
Oct 20, 2012 9:04:05 PM org.hsm.service.CoreService query
INFO: Execute query SELECT ce, name FROM course ORDER BY name
Oct 20, 2012 9:04:06 PM org.hsm.control.Control tryLogin
INFO: Show main function window
Oct 20, 2012 9:04:38 PM org.hsm.control.Control getData
INFO: Get raw list of students in {Điện tử-Viễn thông 11} class
Oct 20, 2012 9:04:38 PM org.hsm.service.CoreService query
INFO: Execute query SELECT ct, concat(first, ' ', last) as name FROM student
 WHERE student.cl = 596
 ORDER BY last
Oct 20, 2012 9:04:38 PM org.hsm.control.Control getData
INFO: Get raw list of students in {Điện tử-Viễn thông 11} class
Oct 20, 2012 9:04:38 PM org.hsm.service.CoreService query
INFO: Execute query SELECT ct, concat(first, ' ', last) as name FROM student
 WHERE student.cl = 596
 ORDER BY last
Oct 20, 2012 9:05:19 PM org.hsm.control.Control getData
INFO: Get raw list of students in {Vật lý và KT ánh sáng} class
Oct 20, 2012 9:05:19 PM org.hsm.service.CoreService query
INFO: Execute query SELECT ct, concat(first, ' ', last) as name FROM student
 WHERE student.cl = 888
 ORDER BY last
Oct 20, 2012 9:05:19 PM org.hsm.control.Control getData
INFO: Get raw list of students in {Vật lý và KT ánh sáng} class
Oct 20, 2012 9:05:19 PM org.hsm.service.CoreService query
INFO: Execute query SELECT ct, concat(first, ' ', last) as name FROM student
 WHERE student.cl = 888
 ORDER BY last
Oct 20, 2012 9:05:26 PM org.hsm.control.Control getData
INFO: Get raw list of students in {CK chếtạo máy 7} class
Oct 20, 2012 9:05:26 PM org.hsm.service.CoreService query
INFO: Execute query SELECT ct, concat(first, ' ', last) as name FROM student
 WHERE student.cl = 383
 ORDER BY last
Oct 20, 2012 9:05:26 PM org.hsm.control.Control getData
INFO: Get raw list of students in {CK chếtạo máy 7} class
Oct 20, 2012 9:05:26 PM org.hsm.service.CoreService query
INFO: Execute query SELECT ct, concat(first, ' ', last) as name FROM student
 WHERE student.cl = 383
 ORDER BY last
Oct 20, 2012 9:05:30 PM org.hsm.control.Control getData
INFO: Get raw list of students in {Kỹthuật cơkhí 3} class
Oct 20, 2012 9:05:30 PM org.hsm.service.CoreService query
INFO: Execute query SELECT ct, concat(first, ' ', last) as name FROM student
 WHERE student.cl = 422
 ORDER BY last
Oct 20, 2012 9:05:30 PM org.hsm.control.Control getData
INFO: Get raw list of students in {Kỹthuật cơkhí 3} class
Oct 20, 2012 9:05:30 PM org.hsm.service.CoreService query
INFO: Execute query SELECT ct, concat(first, ' ', last) as name FROM student
 WHERE student.cl = 422
 ORDER BY last
Oct 20, 2012 9:05:30 PM org.hsm.control.Control getData
INFO: Get raw list of students in {Công nghệMay} class
Oct 20, 2012 9:05:30 PM org.hsm.service.CoreService query
INFO: Execute query SELECT ct, concat(first, ' ', last) as name FROM student
 WHERE student.cl = 435
 ORDER BY last
Oct 20, 2012 9:05:30 PM org.hsm.control.Control getData
INFO: Get raw list of students in {Công nghệMay} class
Oct 20, 2012 9:05:30 PM org.hsm.service.CoreService query
INFO: Execute query SELECT ct, concat(first, ' ', last) as name FROM student
 WHERE student.cl = 435
 ORDER BY last
Oct 20, 2012 9:05:31 PM org.hsm.control.Control getData
INFO: Get raw list of students in {Kỹthuật cơkhí 8} class
Oct 20, 2012 9:05:31 PM org.hsm.service.CoreService query
INFO: Execute query SELECT ct, concat(first, ' ', last) as name FROM student
 WHERE student.cl = 427
 ORDER BY last
Oct 20, 2012 9:05:31 PM org.hsm.control.Control getData
INFO: Get raw list of students in {Kỹthuật cơkhí 8} class
Oct 20, 2012 9:05:31 PM org.hsm.service.CoreService query
INFO: Execute query SELECT ct, concat(first, ' ', last) as name FROM student
 WHERE student.cl = 427
 ORDER BY last
Oct 20, 2012 9:05:32 PM org.hsm.control.Control getData
INFO: Get raw list of students in {Kỹthuật cơkhí 6} class
Oct 20, 2012 9:05:32 PM org.hsm.service.CoreService query
INFO: Execute query SELECT ct, concat(first, ' ', last) as name FROM student
 WHERE student.cl = 425
 ORDER BY last
Oct 20, 2012 9:05:32 PM org.hsm.control.Control getData
INFO: Get raw list of students in {Kỹthuật cơkhí 6} class
Oct 20, 2012 9:05:32 PM org.hsm.service.CoreService query
INFO: Execute query SELECT ct, concat(first, ' ', last) as name FROM student
 WHERE student.cl = 425
 ORDER BY last
Oct 20, 2012 9:05:32 PM org.hsm.control.Control getData
INFO: Get raw list of students in {Kỹthuật cơkhí 2} class
Oct 20, 2012 9:05:32 PM org.hsm.service.CoreService query
INFO: Execute query SELECT ct, concat(first, ' ', last) as name FROM student
 WHERE student.cl = 421
 ORDER BY last
Oct 20, 2012 9:05:32 PM org.hsm.control.Control getData
INFO: Get raw list of students in {Kỹthuật cơkhí 2} class
Oct 20, 2012 9:05:32 PM org.hsm.service.CoreService query
INFO: Execute query SELECT ct, concat(first, ' ', last) as name FROM student
 WHERE student.cl = 421
 ORDER BY last
Oct 20, 2012 9:05:33 PM org.hsm.control.Control getData
INFO: Get raw list of students in {CN KT Hóa học 1} class
Oct 20, 2012 9:05:33 PM org.hsm.service.CoreService query
INFO: Execute query SELECT ct, concat(first, ' ', last) as name FROM student
 WHERE student.cl = 445
 ORDER BY last
Oct 20, 2012 9:05:33 PM org.hsm.control.Control getData
INFO: Get raw list of students in {CN KT Hóa học 1} class
Oct 20, 2012 9:05:33 PM org.hsm.service.CoreService query
INFO: Execute query SELECT ct, concat(first, ' ', last) as name FROM student
 WHERE student.cl = 445
 ORDER BY last
Oct 20, 2012 9:05:34 PM org.hsm.control.Control getData
INFO: Get raw list of students in {Kỹthuật hóa học 3} class
Oct 20, 2012 9:05:34 PM org.hsm.service.CoreService query
INFO: Execute query SELECT ct, concat(first, ' ', last) as name FROM student
 WHERE student.cl = 461
 ORDER BY last
Oct 20, 2012 9:05:34 PM org.hsm.control.Control getData
INFO: Get raw list of students in {Kỹthuật hóa học 3} class
Oct 20, 2012 9:05:34 PM org.hsm.service.CoreService query
INFO: Execute query SELECT ct, concat(first, ' ', last) as name FROM student
 WHERE student.cl = 461
 ORDER BY last
Oct 20, 2012 9:05:35 PM org.hsm.control.Control getData
INFO: Get raw list of students in {CNTT-TT 2.3} class
Oct 20, 2012 9:05:35 PM org.hsm.service.CoreService query
INFO: Execute query SELECT ct, concat(first, ' ', last) as name FROM student
 WHERE student.cl = 476
 ORDER BY last
Oct 20, 2012 9:05:35 PM org.hsm.control.Control getData
INFO: Get raw list of students in {CNTT-TT 2.3} class
Oct 20, 2012 9:05:35 PM org.hsm.service.CoreService query
INFO: Execute query SELECT ct, concat(first, ' ', last) as name FROM student
 WHERE student.cl = 476
 ORDER BY last
Oct 20, 2012 9:05:36 PM org.hsm.control.Control getData
INFO: Get raw list of students in {Công nghệthông tin 3} class
Oct 20, 2012 9:05:36 PM org.hsm.service.CoreService query
INFO: Execute query SELECT ct, concat(first, ' ', last) as name FROM student
 WHERE student.cl = 490
 ORDER BY last
Oct 20, 2012 9:05:36 PM org.hsm.control.Control getData
INFO: Get raw list of students in {Công nghệthông tin 3} class
Oct 20, 2012 9:05:36 PM org.hsm.service.CoreService query
INFO: Execute query SELECT ct, concat(first, ' ', last) as name FROM student
 WHERE student.cl = 490
 ORDER BY last
Oct 20, 2012 9:05:43 PM org.hsm.control.Control getData
INFO: Get full data of student {Lê Văn Hà}
Oct 20, 2012 9:05:43 PM org.hsm.service.CoreService query
INFO: Execute query SELECT * FROM student WHERE ct = 30322
Oct 20, 2012 9:05:43 PM org.hsm.control.Control getData
INFO: Get id of city for district with id {521}
Oct 20, 2012 9:05:43 PM org.hsm.service.CoreService query
INFO: Execute query SELECT cy FROM district WHERE dt = 521
Oct 20, 2012 9:05:43 PM org.hsm.control.Control getData
INFO: Get list of districts in city having id {20}
Oct 20, 2012 9:05:43 PM org.hsm.service.CoreService query
INFO: Execute query SELECT dt, name FROM district
WHERE cy = 20
ORDER BY name
Oct 20, 2012 9:05:43 PM org.hsm.control.Control getData
INFO: Get list of districts in city having id {20}
Oct 20, 2012 9:05:43 PM org.hsm.service.CoreService query
INFO: Execute query SELECT dt, name FROM district
WHERE cy = 20
ORDER BY name
Oct 20, 2012 9:05:43 PM org.hsm.control.Control getData
INFO: Get full data of student {Lê Văn Hà}
Oct 20, 2012 9:05:43 PM org.hsm.service.CoreService query
INFO: Execute query SELECT * FROM student WHERE ct = 30322
Oct 20, 2012 9:05:43 PM org.hsm.control.Control getData
INFO: Get id of city for district with id {521}
Oct 20, 2012 9:05:43 PM org.hsm.service.CoreService query
INFO: Execute query SELECT cy FROM district WHERE dt = 521
Oct 20, 2012 9:05:44 PM org.hsm.control.Control getData
INFO: Get full data of student {Nguyễn Trường Năng}
Oct 20, 2012 9:05:44 PM org.hsm.service.CoreService query
INFO: Execute query SELECT * FROM student WHERE ct = 30331
Oct 20, 2012 9:05:44 PM org.hsm.control.Control getData
INFO: Get id of city for district with id {322}
Oct 20, 2012 9:05:44 PM org.hsm.service.CoreService query
INFO: Execute query SELECT cy FROM district WHERE dt = 322
Oct 20, 2012 9:05:44 PM org.hsm.control.Control getData
INFO: Get list of districts in city having id {60}
Oct 20, 2012 9:05:44 PM org.hsm.service.CoreService query
INFO: Execute query SELECT dt, name FROM district
WHERE cy = 60
ORDER BY name
Oct 20, 2012 9:05:44 PM org.hsm.control.Control getData
INFO: Get list of districts in city having id {60}
Oct 20, 2012 9:05:44 PM org.hsm.service.CoreService query
INFO: Execute query SELECT dt, name FROM district
WHERE cy = 60
ORDER BY name
Oct 20, 2012 9:05:44 PM org.hsm.control.Control getData
INFO: Get full data of student {Nguyễn Trường Năng}
Oct 20, 2012 9:05:44 PM org.hsm.service.CoreService query
INFO: Execute query SELECT * FROM student WHERE ct = 30331
Oct 20, 2012 9:05:44 PM org.hsm.control.Control getData
INFO: Get id of city for district with id {322}
Oct 20, 2012 9:05:44 PM org.hsm.service.CoreService query
INFO: Execute query SELECT cy FROM district WHERE dt = 322
Oct 20, 2012 9:05:51 PM org.hsm.control.Control getData
INFO: Get full data of student {Vũ Văn Tú}
Oct 20, 2012 9:05:51 PM org.hsm.service.CoreService query
INFO: Execute query SELECT * FROM student WHERE ct = 30349
Oct 20, 2012 9:05:51 PM org.hsm.control.Control getData
INFO: Get id of city for district with id {379}
Oct 20, 2012 9:05:51 PM org.hsm.service.CoreService query
INFO: Execute query SELECT cy FROM district WHERE dt = 379
Oct 20, 2012 9:05:51 PM org.hsm.control.Control getData
INFO: Get list of districts in city having id {4}
Oct 20, 2012 9:05:51 PM org.hsm.service.CoreService query
INFO: Execute query SELECT dt, name FROM district
WHERE cy = 4
ORDER BY name
Oct 20, 2012 9:05:51 PM org.hsm.control.Control getData
INFO: Get list of districts in city having id {4}
Oct 20, 2012 9:05:51 PM org.hsm.service.CoreService query
INFO: Execute query SELECT dt, name FROM district
WHERE cy = 4
ORDER BY name
Oct 20, 2012 9:05:51 PM org.hsm.control.Control getData
INFO: Get full data of student {Vũ Văn Tú}
Oct 20, 2012 9:05:51 PM org.hsm.service.CoreService query
INFO: Execute query SELECT * FROM student WHERE ct = 30349
Oct 20, 2012 9:05:51 PM org.hsm.control.Control getData
INFO: Get id of city for district with id {379}
Oct 20, 2012 9:05:51 PM org.hsm.service.CoreService query
INFO: Execute query SELECT cy FROM district WHERE dt = 379
Oct 20, 2012 9:05:52 PM org.hsm.control.Control getData
INFO: Get full data of student {Nguyễn Đức Trọng}
Oct 20, 2012 9:05:52 PM org.hsm.service.CoreService query
INFO: Execute query SELECT * FROM student WHERE ct = 30348
Oct 20, 2012 9:05:52 PM org.hsm.control.Control getData
INFO: Get id of city for district with id {686}
Oct 20, 2012 9:05:52 PM org.hsm.service.CoreService query
INFO: Execute query SELECT cy FROM district WHERE dt = 686
Oct 20, 2012 9:05:52 PM org.hsm.control.Control getData
INFO: Get list of districts in city having id {3}
Oct 20, 2012 9:05:52 PM org.hsm.service.CoreService query
INFO: Execute query SELECT dt, name FROM district
WHERE cy = 3
ORDER BY name
Oct 20, 2012 9:05:52 PM org.hsm.control.Control getData
INFO: Get list of districts in city having id {3}
Oct 20, 2012 9:05:52 PM org.hsm.service.CoreService query
INFO: Execute query SELECT dt, name FROM district
WHERE cy = 3
ORDER BY name
Oct 20, 2012 9:05:52 PM org.hsm.control.Control getData
INFO: Get full data of student {Nguyễn Đức Trọng}
Oct 20, 2012 9:05:52 PM org.hsm.service.CoreService query
INFO: Execute query SELECT * FROM student WHERE ct = 30348
Oct 20, 2012 9:05:52 PM org.hsm.control.Control getData
INFO: Get id of city for district with id {686}
Oct 20, 2012 9:05:52 PM org.hsm.service.CoreService query
INFO: Execute query SELECT cy FROM district WHERE dt = 686
Oct 20, 2012 9:05:53 PM org.hsm.control.Control getData
INFO: Get full data of student {Lê Huy Thông}
Oct 20, 2012 9:05:53 PM org.hsm.service.CoreService query
INFO: Execute query SELECT * FROM student WHERE ct = 30345
Oct 20, 2012 9:05:53 PM org.hsm.control.Control getData
INFO: Get id of city for district with id {547}
Oct 20, 2012 9:05:53 PM org.hsm.service.CoreService query
INFO: Execute query SELECT cy FROM district WHERE dt = 547
Oct 20, 2012 9:05:53 PM org.hsm.control.Control getData
INFO: Get list of districts in city having id {24}
Oct 20, 2012 9:05:53 PM org.hsm.service.CoreService query
INFO: Execute query SELECT dt, name FROM district
WHERE cy = 24
ORDER BY name
Oct 20, 2012 9:05:53 PM org.hsm.control.Control getData
INFO: Get list of districts in city having id {24}
Oct 20, 2012 9:05:53 PM org.hsm.service.CoreService query
INFO: Execute query SELECT dt, name FROM district
WHERE cy = 24
ORDER BY name
Oct 20, 2012 9:05:53 PM org.hsm.control.Control getData
INFO: Get full data of student {Lê Huy Thông}
Oct 20, 2012 9:05:53 PM org.hsm.service.CoreService query
INFO: Execute query SELECT * FROM student WHERE ct = 30345
Oct 20, 2012 9:05:53 PM org.hsm.control.Control getData
INFO: Get id of city for district with id {547}
Oct 20, 2012 9:05:53 PM org.hsm.service.CoreService query
INFO: Execute query SELECT cy FROM district WHERE dt = 547
Oct 20, 2012 9:05:54 PM org.hsm.control.Control getData
INFO: Get full data of student {Nguyễn Đức Trọng}
Oct 20, 2012 9:05:54 PM org.hsm.service.CoreService query
INFO: Execute query SELECT * FROM student WHERE ct = 30348
Oct 20, 2012 9:05:54 PM org.hsm.control.Control getData
INFO: Get id of city for district with id {686}
Oct 20, 2012 9:05:54 PM org.hsm.service.CoreService query
INFO: Execute query SELECT cy FROM district WHERE dt = 686
Oct 20, 2012 9:05:54 PM org.hsm.control.Control getData
INFO: Get list of districts in city having id {3}
Oct 20, 2012 9:05:54 PM org.hsm.service.CoreService query
INFO: Execute query SELECT dt, name FROM district
WHERE cy = 3
ORDER BY name
Oct 20, 2012 9:05:54 PM org.hsm.control.Control getData
INFO: Get list of districts in city having id {3}
Oct 20, 2012 9:05:54 PM org.hsm.service.CoreService query
INFO: Execute query SELECT dt, name FROM district
WHERE cy = 3
ORDER BY name
Oct 20, 2012 9:05:54 PM org.hsm.control.Control getData
INFO: Get full data of student {Nguyễn Đức Trọng}
Oct 20, 2012 9:05:54 PM org.hsm.service.CoreService query
INFO: Execute query SELECT * FROM student WHERE ct = 30348
Oct 20, 2012 9:05:54 PM org.hsm.control.Control getData
INFO: Get id of city for district with id {686}
Oct 20, 2012 9:05:54 PM org.hsm.service.CoreService query
INFO: Execute query SELECT cy FROM district WHERE dt = 686
Oct 20, 2012 9:05:54 PM org.hsm.control.Control getData
INFO: Get full data of student {Lâm Viết Tùng}
Oct 20, 2012 9:05:54 PM org.hsm.service.CoreService query
INFO: Execute query SELECT * FROM student WHERE ct = 30353
Oct 20, 2012 9:05:54 PM org.hsm.control.Control getData
INFO: Get id of city for district with id {252}
Oct 20, 2012 9:05:54 PM org.hsm.service.CoreService query
INFO: Execute query SELECT cy FROM district WHERE dt = 252
Oct 20, 2012 9:05:54 PM org.hsm.control.Control getData
INFO: Get list of districts in city having id {24}
Oct 20, 2012 9:05:54 PM org.hsm.service.CoreService query
INFO: Execute query SELECT dt, name FROM district
WHERE cy = 24
ORDER BY name
Oct 20, 2012 9:05:54 PM org.hsm.control.Control getData
INFO: Get list of districts in city having id {24}
Oct 20, 2012 9:05:54 PM org.hsm.service.CoreService query
INFO: Execute query SELECT dt, name FROM district
WHERE cy = 24
ORDER BY name
Oct 20, 2012 9:05:54 PM org.hsm.control.Control getData
INFO: Get full data of student {Lâm Viết Tùng}
Oct 20, 2012 9:05:54 PM org.hsm.service.CoreService query
INFO: Execute query SELECT * FROM student WHERE ct = 30353
Oct 20, 2012 9:05:54 PM org.hsm.control.Control getData
INFO: Get id of city for district with id {252}
Oct 20, 2012 9:05:54 PM org.hsm.service.CoreService query
INFO: Execute query SELECT cy FROM district WHERE dt = 252
Oct 20, 2012 9:05:55 PM org.hsm.control.Control getData
INFO: Get full data of student {Doãn Đăng Việt}
Oct 20, 2012 9:05:55 PM org.hsm.service.CoreService query
INFO: Execute query SELECT * FROM student WHERE ct = 30357
Oct 20, 2012 9:05:55 PM org.hsm.control.Control getData
INFO: Get id of city for district with id {651}
Oct 20, 2012 9:05:55 PM org.hsm.service.CoreService query
INFO: Execute query SELECT cy FROM district WHERE dt = 651
Oct 20, 2012 9:05:55 PM org.hsm.control.Control getData
INFO: Get list of districts in city having id {8}
Oct 20, 2012 9:05:55 PM org.hsm.service.CoreService query
INFO: Execute query SELECT dt, name FROM district
WHERE cy = 8
ORDER BY name
Oct 20, 2012 9:05:55 PM org.hsm.control.Control getData
INFO: Get list of districts in city having id {8}
Oct 20, 2012 9:05:55 PM org.hsm.service.CoreService query
INFO: Execute query SELECT dt, name FROM district
WHERE cy = 8
ORDER BY name
Oct 20, 2012 9:05:55 PM org.hsm.control.Control getData
INFO: Get full data of student {Doãn Đăng Việt}
Oct 20, 2012 9:05:55 PM org.hsm.service.CoreService query
INFO: Execute query SELECT * FROM student WHERE ct = 30357
Oct 20, 2012 9:05:55 PM org.hsm.control.Control getData
INFO: Get id of city for district with id {651}
Oct 20, 2012 9:05:55 PM org.hsm.service.CoreService query
INFO: Execute query SELECT cy FROM district WHERE dt = 651
Oct 20, 2012 9:05:55 PM org.hsm.control.Control getData
INFO: Get full data of student {Phan Văn Thìn}
Oct 20, 2012 9:05:55 PM org.hsm.service.CoreService query
INFO: Execute query SELECT * FROM student WHERE ct = 30344
Oct 20, 2012 9:05:55 PM org.hsm.control.Control getData
INFO: Get id of city for district with id {290}
Oct 20, 2012 9:05:55 PM org.hsm.service.CoreService query
INFO: Execute query SELECT cy FROM district WHERE dt = 290
Oct 20, 2012 9:05:55 PM org.hsm.control.Control getData
INFO: Get list of districts in city having id {53}
Oct 20, 2012 9:05:55 PM org.hsm.service.CoreService query
INFO: Execute query SELECT dt, name FROM district
WHERE cy = 53
ORDER BY name
Oct 20, 2012 9:05:55 PM org.hsm.control.Control getData
INFO: Get list of districts in city having id {53}
Oct 20, 2012 9:05:55 PM org.hsm.service.CoreService query
INFO: Execute query SELECT dt, name FROM district
WHERE cy = 53
ORDER BY name
Oct 20, 2012 9:05:55 PM org.hsm.control.Control getData
INFO: Get full data of student {Phan Văn Thìn}
Oct 20, 2012 9:05:55 PM org.hsm.service.CoreService query
INFO: Execute query SELECT * FROM student WHERE ct = 30344
Oct 20, 2012 9:05:56 PM org.hsm.control.Control getData
INFO: Get id of city for district with id {290}
Oct 20, 2012 9:05:56 PM org.hsm.service.CoreService query
INFO: Execute query SELECT cy FROM district WHERE dt = 290
Oct 20, 2012 9:05:56 PM org.hsm.control.Control getData
INFO: Get full data of student {Lương Trọng Phú}
Oct 20, 2012 9:05:56 PM org.hsm.service.CoreService query
INFO: Execute query SELECT * FROM student WHERE ct = 30337
Oct 20, 2012 9:05:56 PM org.hsm.control.Control getData
INFO: Get id of city for district with id {223}
Oct 20, 2012 9:05:56 PM org.hsm.service.CoreService query
INFO: Execute query SELECT cy FROM district WHERE dt = 223
Oct 20, 2012 9:05:56 PM org.hsm.control.Control getData
INFO: Get list of districts in city having id {22}
Oct 20, 2012 9:05:56 PM org.hsm.service.CoreService query
INFO: Execute query SELECT dt, name FROM district
WHERE cy = 22
ORDER BY name
Oct 20, 2012 9:05:56 PM org.hsm.control.Control getData
INFO: Get list of districts in city having id {22}
Oct 20, 2012 9:05:56 PM org.hsm.service.CoreService query
INFO: Execute query SELECT dt, name FROM district
WHERE cy = 22
ORDER BY name
Oct 20, 2012 9:05:56 PM org.hsm.control.Control getData
INFO: Get full data of student {Lương Trọng Phú}
Oct 20, 2012 9:05:56 PM org.hsm.service.CoreService query
INFO: Execute query SELECT * FROM student WHERE ct = 30337
Oct 20, 2012 9:05:56 PM org.hsm.control.Control getData
INFO: Get id of city for district with id {223}
Oct 20, 2012 9:05:56 PM org.hsm.service.CoreService query
INFO: Execute query SELECT cy FROM district WHERE dt = 223
Oct 20, 2012 9:05:56 PM org.hsm.control.Control getData
INFO: Get full data of student {Hoàng Văn Tuấn}
Oct 20, 2012 9:05:56 PM org.hsm.service.CoreService query
INFO: Execute query SELECT * FROM student WHERE ct = 30350
Oct 20, 2012 9:05:56 PM org.hsm.control.Control getData
INFO: Get id of city for district with id {594}
Oct 20, 2012 9:05:56 PM org.hsm.service.CoreService query
INFO: Execute query SELECT cy FROM district WHERE dt = 594
Oct 20, 2012 9:05:57 PM org.hsm.control.Control getData
INFO: Get list of districts in city having id {27}
Oct 20, 2012 9:05:57 PM org.hsm.service.CoreService query
INFO: Execute query SELECT dt, name FROM district
WHERE cy = 27
ORDER BY name
Oct 20, 2012 9:05:57 PM org.hsm.control.Control getData
INFO: Get list of districts in city having id {27}
Oct 20, 2012 9:05:57 PM org.hsm.service.CoreService query
INFO: Execute query SELECT dt, name FROM district
WHERE cy = 27
ORDER BY name
Oct 20, 2012 9:05:57 PM org.hsm.control.Control getData
INFO: Get full data of student {Hoàng Văn Tuấn}
Oct 20, 2012 9:05:57 PM org.hsm.service.CoreService query
INFO: Execute query SELECT * FROM student WHERE ct = 30350
Oct 20, 2012 9:05:57 PM org.hsm.control.Control getData
INFO: Get id of city for district with id {594}
Oct 20, 2012 9:05:57 PM org.hsm.service.CoreService query
INFO: Execute query SELECT cy FROM district WHERE dt = 594
Oct 20, 2012 9:05:57 PM org.hsm.control.Control getData
INFO: Get full data of student {Doãn Đăng Việt}
Oct 20, 2012 9:05:57 PM org.hsm.service.CoreService query
INFO: Execute query SELECT * FROM student WHERE ct = 30357
Oct 20, 2012 9:05:57 PM org.hsm.control.Control getData
INFO: Get id of city for district with id {651}
Oct 20, 2012 9:05:57 PM org.hsm.service.CoreService query
INFO: Execute query SELECT cy FROM district WHERE dt = 651
Oct 20, 2012 9:05:57 PM org.hsm.control.Control getData
INFO: Get list of districts in city having id {8}
Oct 20, 2012 9:05:57 PM org.hsm.service.CoreService query
INFO: Execute query SELECT dt, name FROM district
WHERE cy = 8
ORDER BY name
Oct 20, 2012 9:05:57 PM org.hsm.control.Control getData
INFO: Get list of districts in city having id {8}
Oct 20, 2012 9:05:57 PM org.hsm.service.CoreService query
INFO: Execute query SELECT dt, name FROM district
WHERE cy = 8
ORDER BY name
Oct 20, 2012 9:05:57 PM org.hsm.control.Control getData
INFO: Get full data of student {Doãn Đăng Việt}
Oct 20, 2012 9:05:57 PM org.hsm.service.CoreService query
INFO: Execute query SELECT * FROM student WHERE ct = 30357
Oct 20, 2012 9:05:57 PM org.hsm.control.Control getData
INFO: Get id of city for district with id {651}
Oct 20, 2012 9:05:57 PM org.hsm.service.CoreService query
INFO: Execute query SELECT cy FROM district WHERE dt = 651
Oct 20, 2012 9:05:58 PM org.hsm.control.Control getData
INFO: Get raw list of students in {Công nghệthông tin 2} class
Oct 20, 2012 9:05:58 PM org.hsm.service.CoreService query
INFO: Execute query SELECT ct, concat(first, ' ', last) as name FROM student
 WHERE student.cl = 489
 ORDER BY last
Oct 20, 2012 9:05:59 PM org.hsm.control.Control getData
INFO: Get raw list of students in {Công nghệthông tin 2} class
Oct 20, 2012 9:05:59 PM org.hsm.service.CoreService query
INFO: Execute query SELECT ct, concat(first, ' ', last) as name FROM student
 WHERE student.cl = 489
 ORDER BY last
Oct 20, 2012 9:05:59 PM org.hsm.control.Control getData
INFO: Get raw list of students in {CN-Công nghệthông tin 2} class
Oct 20, 2012 9:05:59 PM org.hsm.service.CoreService query
INFO: Execute query SELECT ct, concat(first, ' ', last) as name FROM student
 WHERE student.cl = 484
 ORDER BY last
Oct 20, 2012 9:05:59 PM org.hsm.control.Control getData
INFO: Get raw list of students in {CN-Công nghệthông tin 2} class
Oct 20, 2012 9:05:59 PM org.hsm.service.CoreService query
INFO: Execute query SELECT ct, concat(first, ' ', last) as name FROM student
 WHERE student.cl = 484
 ORDER BY last
Oct 20, 2012 9:06:00 PM org.hsm.control.Control getData
INFO: Get raw list of students in {CNTT-TT 2.2} class
Oct 20, 2012 9:06:00 PM org.hsm.service.CoreService query
INFO: Execute query SELECT ct, concat(first, ' ', last) as name FROM student
 WHERE student.cl = 475
 ORDER BY last
Oct 20, 2012 9:06:00 PM org.hsm.control.Control getData
INFO: Get raw list of students in {CNTT-TT 2.2} class
Oct 20, 2012 9:06:00 PM org.hsm.service.CoreService query
INFO: Execute query SELECT ct, concat(first, ' ', last) as name FROM student
 WHERE student.cl = 475
 ORDER BY last
Oct 20, 2012 9:06:00 PM org.hsm.control.Control getData
INFO: Get raw list of students in {Quá trình và Thiết bị} class
Oct 20, 2012 9:06:00 PM org.hsm.service.CoreService query
INFO: Execute query SELECT ct, concat(first, ' ', last) as name FROM student
 WHERE student.cl = 470
 ORDER BY last
Oct 20, 2012 9:06:01 PM org.hsm.control.Control getData
INFO: Get raw list of students in {Quá trình và Thiết bị} class
Oct 20, 2012 9:06:01 PM org.hsm.service.CoreService query
INFO: Execute query SELECT ct, concat(first, ' ', last) as name FROM student
 WHERE student.cl = 470
 ORDER BY last
Oct 20, 2012 9:06:01 PM org.hsm.control.Control getData
INFO: Get raw list of students in {Kỹthuật hóa học 5} class
Oct 20, 2012 9:06:01 PM org.hsm.service.CoreService query
INFO: Execute query SELECT ct, concat(first, ' ', last) as name FROM student
 WHERE student.cl = 463
 ORDER BY last
Oct 20, 2012 9:06:01 PM org.hsm.control.Control getData
INFO: Get raw list of students in {Kỹthuật hóa học 5} class
Oct 20, 2012 9:06:01 PM org.hsm.service.CoreService query
INFO: Execute query SELECT ct, concat(first, ' ', last) as name FROM student
 WHERE student.cl = 463
 ORDER BY last
Oct 20, 2012 9:06:01 PM org.hsm.control.Control getData
INFO: Get raw list of students in {Kỹthuật hóa học 2} class
Oct 20, 2012 9:06:01 PM org.hsm.service.CoreService query
INFO: Execute query SELECT ct, concat(first, ' ', last) as name FROM student
 WHERE student.cl = 460
 ORDER BY last
Oct 20, 2012 9:06:02 PM org.hsm.control.Control getData
INFO: Get raw list of students in {Kỹthuật hóa học 2} class
Oct 20, 2012 9:06:02 PM org.hsm.service.CoreService query
INFO: Execute query SELECT ct, concat(first, ' ', last) as name FROM student
 WHERE student.cl = 460
 ORDER BY last
Oct 20, 2012 9:06:02 PM org.hsm.control.Control getData
INFO: Get raw list of students in {Kỹthuật hóa học 1} class
Oct 20, 2012 9:06:02 PM org.hsm.service.CoreService query
INFO: Execute query SELECT ct, concat(first, ' ', last) as name FROM student
 WHERE student.cl = 459
 ORDER BY last
Oct 20, 2012 9:06:02 PM org.hsm.control.Control getData
INFO: Get raw list of students in {Kỹthuật hóa học 1} class
Oct 20, 2012 9:06:02 PM org.hsm.service.CoreService query
INFO: Execute query SELECT ct, concat(first, ' ', last) as name FROM student
 WHERE student.cl = 459
 ORDER BY last
Oct 20, 2012 9:06:03 PM org.hsm.control.Control getData
INFO: Get raw list of students in {CNTT-TT 1.2} class
Oct 20, 2012 9:06:03 PM org.hsm.service.CoreService query
INFO: Execute query SELECT ct, concat(first, ' ', last) as name FROM student
 WHERE student.cl = 473
 ORDER BY last
Oct 20, 2012 9:06:03 PM org.hsm.control.Control getData
INFO: Get raw list of students in {CNTT-TT 1.2} class
Oct 20, 2012 9:06:03 PM org.hsm.service.CoreService query
INFO: Execute query SELECT ct, concat(first, ' ', last) as name FROM student
 WHERE student.cl = 473
 ORDER BY last
Oct 20, 2012 9:06:03 PM org.hsm.control.Control getData
INFO: Get raw list of students in {CN- Công nghệthông tin 4} class
Oct 20, 2012 9:06:03 PM org.hsm.service.CoreService query
INFO: Execute query SELECT ct, concat(first, ' ', last) as name FROM student
 WHERE student.cl = 481
 ORDER BY last
Oct 20, 2012 9:06:03 PM org.hsm.control.Control getData
INFO: Get raw list of students in {CN- Công nghệthông tin 4} class
Oct 20, 2012 9:06:03 PM org.hsm.service.CoreService query
INFO: Execute query SELECT ct, concat(first, ' ', last) as name FROM student
 WHERE student.cl = 481
 ORDER BY last
Oct 20, 2012 9:06:04 PM org.hsm.control.Control getData
INFO: Get raw list of students in {Công nghệthông tin &TT 1} class
Oct 20, 2012 9:06:04 PM org.hsm.service.CoreService query
INFO: Execute query SELECT ct, concat(first, ' ', last) as name FROM student
 WHERE student.cl = 486
 ORDER BY last
Oct 20, 2012 9:06:04 PM org.hsm.control.Control getData
INFO: Get raw list of students in {Công nghệthông tin &TT 1} class
Oct 20, 2012 9:06:04 PM org.hsm.service.CoreService query
INFO: Execute query SELECT ct, concat(first, ' ', last) as name FROM student
 WHERE student.cl = 486
 ORDER BY last
Oct 20, 2012 9:06:04 PM org.hsm.control.Control getData
INFO: Get raw list of students in {Công nghệthông tin 2} class
Oct 20, 2012 9:06:04 PM org.hsm.service.CoreService query
INFO: Execute query SELECT ct, concat(first, ' ', last) as name FROM student
 WHERE student.cl = 489
 ORDER BY last
Oct 20, 2012 9:06:04 PM org.hsm.control.Control getData
INFO: Get raw list of students in {Công nghệthông tin 2} class
Oct 20, 2012 9:06:04 PM org.hsm.service.CoreService query
INFO: Execute query SELECT ct, concat(first, ' ', last) as name FROM student
 WHERE student.cl = 489
 ORDER BY last
Oct 20, 2012 9:06:05 PM org.hsm.control.Control getData
INFO: Get raw list of students in {Quá trình và Thiết bị} class
Oct 20, 2012 9:06:05 PM org.hsm.service.CoreService query
INFO: Execute query SELECT ct, concat(first, ' ', last) as name FROM student
 WHERE student.cl = 470
 ORDER BY last
Oct 20, 2012 9:06:05 PM org.hsm.control.Control getData
INFO: Get raw list of students in {Quá trình và Thiết bị} class
Oct 20, 2012 9:06:05 PM org.hsm.service.CoreService query
INFO: Execute query SELECT ct, concat(first, ' ', last) as name FROM student
 WHERE student.cl = 470
 ORDER BY last
Oct 20, 2012 9:06:05 PM org.hsm.control.Control getData
INFO: Get raw list of students in {CN-Công nghệthông tin 2} class
Oct 20, 2012 9:06:05 PM org.hsm.service.CoreService query
INFO: Execute query SELECT ct, concat(first, ' ', last) as name FROM student
 WHERE student.cl = 484
 ORDER BY last
Oct 20, 2012 9:06:05 PM org.hsm.control.Control getData
INFO: Get raw list of students in {CN-Công nghệthông tin 2} class
Oct 20, 2012 9:06:05 PM org.hsm.service.CoreService query
INFO: Execute query SELECT ct, concat(first, ' ', last) as name FROM student
 WHERE student.cl = 484
 ORDER BY last
Oct 20, 2012 9:06:06 PM org.hsm.control.Control getData
INFO: Get raw list of students in {Kỹthuật hóa học 6} class
Oct 20, 2012 9:06:06 PM org.hsm.service.CoreService query
INFO: Execute query SELECT ct, concat(first, ' ', last) as name FROM student
 WHERE student.cl = 464
 ORDER BY last
Oct 20, 2012 9:06:06 PM org.hsm.control.Control getData
INFO: Get raw list of students in {Kỹthuật hóa học 6} class
Oct 20, 2012 9:06:06 PM org.hsm.service.CoreService query
INFO: Execute query SELECT ct, concat(first, ' ', last) as name FROM student
 WHERE student.cl = 464
 ORDER BY last
Oct 20, 2012 9:06:06 PM org.hsm.control.Control getData
INFO: Get raw list of students in {CNTT-TT 2.2} class
Oct 20, 2012 9:06:06 PM org.hsm.service.CoreService query
INFO: Execute query SELECT ct, concat(first, ' ', last) as name FROM student
 WHERE student.cl = 475
 ORDER BY last
Oct 20, 2012 9:06:06 PM org.hsm.control.Control getData
INFO: Get raw list of students in {CNTT-TT 2.2} class
Oct 20, 2012 9:06:06 PM org.hsm.service.CoreService query
INFO: Execute query SELECT ct, concat(first, ' ', last) as name FROM student
 WHERE student.cl = 475
 ORDER BY last
Oct 20, 2012 9:06:07 PM org.hsm.control.Control getData
INFO: Get raw list of students in {CN- Công nghệthông tin 4} class
Oct 20, 2012 9:06:07 PM org.hsm.service.CoreService query
INFO: Execute query SELECT ct, concat(first, ' ', last) as name FROM student
 WHERE student.cl = 481
 ORDER BY last
Oct 20, 2012 9:06:07 PM org.hsm.control.Control getData
INFO: Get raw list of students in {CN- Công nghệthông tin 4} class
Oct 20, 2012 9:06:07 PM org.hsm.service.CoreService query
INFO: Execute query SELECT ct, concat(first, ' ', last) as name FROM student
 WHERE student.cl = 481
 ORDER BY last
Oct 20, 2012 9:06:07 PM org.hsm.control.Control getData
INFO: Get raw list of students in {CN-Công nghệthông tin 1} class
Oct 20, 2012 9:06:07 PM org.hsm.service.CoreService query
INFO: Execute query SELECT ct, concat(first, ' ', last) as name FROM student
 WHERE student.cl = 483
 ORDER BY last
Oct 20, 2012 9:06:07 PM org.hsm.control.Control getData
INFO: Get raw list of students in {CN-Công nghệthông tin 1} class
Oct 20, 2012 9:06:07 PM org.hsm.service.CoreService query
INFO: Execute query SELECT ct, concat(first, ' ', last) as name FROM student
 WHERE student.cl = 483
 ORDER BY last
Oct 20, 2012 9:06:08 PM org.hsm.control.Control getData
INFO: Get full data of student {Lương Văn Anh}
Oct 20, 2012 9:06:08 PM org.hsm.service.CoreService query
INFO: Execute query SELECT * FROM student WHERE ct = 29877
Oct 20, 2012 9:06:08 PM org.hsm.control.Control getData
INFO: Get id of city for district with id {330}
Oct 20, 2012 9:06:08 PM org.hsm.service.CoreService query
INFO: Execute query SELECT cy FROM district WHERE dt = 330
Oct 20, 2012 9:06:08 PM org.hsm.control.Control getData
INFO: Get list of districts in city having id {24}
Oct 20, 2012 9:06:08 PM org.hsm.service.CoreService query
INFO: Execute query SELECT dt, name FROM district
WHERE cy = 24
ORDER BY name
Oct 20, 2012 9:06:08 PM org.hsm.control.Control getData
INFO: Get list of districts in city having id {24}
Oct 20, 2012 9:06:08 PM org.hsm.service.CoreService query
INFO: Execute query SELECT dt, name FROM district
WHERE cy = 24
ORDER BY name
Oct 20, 2012 9:06:08 PM org.hsm.control.Control getData
INFO: Get full data of student {Lương Văn Anh}
Oct 20, 2012 9:06:08 PM org.hsm.service.CoreService query
INFO: Execute query SELECT * FROM student WHERE ct = 29877
Oct 20, 2012 9:06:08 PM org.hsm.control.Control getData
INFO: Get id of city for district with id {330}
Oct 20, 2012 9:06:08 PM org.hsm.service.CoreService query
INFO: Execute query SELECT cy FROM district WHERE dt = 330
Oct 20, 2012 9:06:08 PM org.hsm.control.Control getData
INFO: Get full data of student {Hoàng Trung Hải}
Oct 20, 2012 9:06:08 PM org.hsm.service.CoreService query
INFO: Execute query SELECT * FROM student WHERE ct = 29893
Oct 20, 2012 9:06:08 PM org.hsm.control.Control getData
INFO: Get id of city for district with id {74}
Oct 20, 2012 9:06:08 PM org.hsm.service.CoreService query
INFO: Execute query SELECT cy FROM district WHERE dt = 74
Oct 20, 2012 9:06:08 PM org.hsm.control.Control getData
INFO: Get list of districts in city having id {31}
Oct 20, 2012 9:06:08 PM org.hsm.service.CoreService query
INFO: Execute query SELECT dt, name FROM district
WHERE cy = 31
ORDER BY name
Oct 20, 2012 9:06:09 PM org.hsm.control.Control getData
INFO: Get list of districts in city having id {31}
Oct 20, 2012 9:06:09 PM org.hsm.service.CoreService query
INFO: Execute query SELECT dt, name FROM district
WHERE cy = 31
ORDER BY name
Oct 20, 2012 9:06:09 PM org.hsm.control.Control getData
INFO: Get full data of student {Hoàng Trung Hải}
Oct 20, 2012 9:06:09 PM org.hsm.service.CoreService query
INFO: Execute query SELECT * FROM student WHERE ct = 29893
Oct 20, 2012 9:06:09 PM org.hsm.control.Control getData
INFO: Get id of city for district with id {74}
Oct 20, 2012 9:06:09 PM org.hsm.service.CoreService query
INFO: Execute query SELECT cy FROM district WHERE dt = 74
Oct 20, 2012 9:06:09 PM org.hsm.control.Control getData
INFO: Get full data of student {Nguyễn Hữu Hoan}
Oct 20, 2012 9:06:09 PM org.hsm.service.CoreService query
INFO: Execute query SELECT * FROM student WHERE ct = 29902
Oct 20, 2012 9:06:09 PM org.hsm.control.Control getData
INFO: Get id of city for district with id {44}
Oct 20, 2012 9:06:09 PM org.hsm.service.CoreService query
INFO: Execute query SELECT cy FROM district WHERE dt = 44
Oct 20, 2012 9:06:09 PM org.hsm.control.Control getData
INFO: Get list of districts in city having id {38}
Oct 20, 2012 9:06:09 PM org.hsm.service.CoreService query
INFO: Execute query SELECT dt, name FROM district
WHERE cy = 38
ORDER BY name
Oct 20, 2012 9:06:09 PM org.hsm.control.Control getData
INFO: Get list of districts in city having id {38}
Oct 20, 2012 9:06:09 PM org.hsm.service.CoreService query
INFO: Execute query SELECT dt, name FROM district
WHERE cy = 38
ORDER BY name
Oct 20, 2012 9:06:09 PM org.hsm.control.Control getData
INFO: Get full data of student {Nguyễn Hữu Hoan}
Oct 20, 2012 9:06:09 PM org.hsm.service.CoreService query
INFO: Execute query SELECT * FROM student WHERE ct = 29902
Oct 20, 2012 9:06:09 PM org.hsm.control.Control getData
INFO: Get id of city for district with id {44}
Oct 20, 2012 9:06:09 PM org.hsm.service.CoreService query
INFO: Execute query SELECT cy FROM district WHERE dt = 44
Oct 20, 2012 9:06:09 PM org.hsm.control.Control getData
INFO: Get full data of student {Doãn Minh Đạt}
Oct 20, 2012 9:06:10 PM org.hsm.service.CoreService query
INFO: Execute query SELECT * FROM student WHERE ct = 29883
Oct 20, 2012 9:06:10 PM org.hsm.control.Control getData
INFO: Get id of city for district with id {322}
Oct 20, 2012 9:06:10 PM org.hsm.service.CoreService query
INFO: Execute query SELECT cy FROM district WHERE dt = 322
Oct 20, 2012 9:06:10 PM org.hsm.control.Control getData
INFO: Get list of districts in city having id {60}
Oct 20, 2012 9:06:10 PM org.hsm.service.CoreService query
INFO: Execute query SELECT dt, name FROM district
WHERE cy = 60
ORDER BY name
Oct 20, 2012 9:06:10 PM org.hsm.control.Control getData
INFO: Get list of districts in city having id {60}
Oct 20, 2012 9:06:10 PM org.hsm.service.CoreService query
INFO: Execute query SELECT dt, name FROM district
WHERE cy = 60
ORDER BY name
Oct 20, 2012 9:06:10 PM org.hsm.control.Control getData
INFO: Get full data of student {Doãn Minh Đạt}
Oct 20, 2012 9:06:10 PM org.hsm.service.CoreService query
INFO: Execute query SELECT * FROM student WHERE ct = 29883
Oct 20, 2012 9:06:10 PM org.hsm.control.Control getData
INFO: Get id of city for district with id {322}
Oct 20, 2012 9:06:10 PM org.hsm.service.CoreService query
INFO: Execute query SELECT cy FROM district WHERE dt = 322
Oct 20, 2012 9:06:10 PM org.hsm.control.Control getData
INFO: Get full data of student {Lương Văn Anh}
Oct 20, 2012 9:06:10 PM org.hsm.service.CoreService query
INFO: Execute query SELECT * FROM student WHERE ct = 29877
Oct 20, 2012 9:06:10 PM org.hsm.control.Control getData
INFO: Get id of city for district with id {330}
Oct 20, 2012 9:06:10 PM org.hsm.service.CoreService query
INFO: Execute query SELECT cy FROM district WHERE dt = 330
Oct 20, 2012 9:06:10 PM org.hsm.control.Control getData
INFO: Get list of districts in city having id {24}
Oct 20, 2012 9:06:10 PM org.hsm.service.CoreService query
INFO: Execute query SELECT dt, name FROM district
WHERE cy = 24
ORDER BY name
Oct 20, 2012 9:06:10 PM org.hsm.control.Control getData
INFO: Get list of districts in city having id {24}
Oct 20, 2012 9:06:10 PM org.hsm.service.CoreService query
INFO: Execute query SELECT dt, name FROM district
WHERE cy = 24
ORDER BY name
Oct 20, 2012 9:06:10 PM org.hsm.control.Control getData
INFO: Get full data of student {Lương Văn Anh}
Oct 20, 2012 9:06:10 PM org.hsm.service.CoreService query
INFO: Execute query SELECT * FROM student WHERE ct = 29877
Oct 20, 2012 9:06:10 PM org.hsm.control.Control getData
INFO: Get id of city for district with id {330}
Oct 20, 2012 9:06:10 PM org.hsm.service.CoreService query
INFO: Execute query SELECT cy FROM district WHERE dt = 330
Oct 20, 2012 9:06:12 PM org.hsm.control.Control getData
INFO: Get full data of student {Đào Diệu Thanh}
Oct 20, 2012 9:06:12 PM org.hsm.service.CoreService query
INFO: Execute query SELECT * FROM student WHERE ct = 29934
Oct 20, 2012 9:06:12 PM org.hsm.control.Control getData
INFO: Get id of city for district with id {171}
Oct 20, 2012 9:06:12 PM org.hsm.service.CoreService query
INFO: Execute query SELECT cy FROM district WHERE dt = 171
Oct 20, 2012 9:06:12 PM org.hsm.control.Control getData
INFO: Get list of districts in city having id {18}
Oct 20, 2012 9:06:12 PM org.hsm.service.CoreService query
INFO: Execute query SELECT dt, name FROM district
WHERE cy = 18
ORDER BY name
Oct 20, 2012 9:06:12 PM org.hsm.control.Control getData
INFO: Get list of districts in city having id {18}
Oct 20, 2012 9:06:12 PM org.hsm.service.CoreService query
INFO: Execute query SELECT dt, name FROM district
WHERE cy = 18
ORDER BY name
Oct 20, 2012 9:06:12 PM org.hsm.control.Control getData
INFO: Get full data of student {Đào Diệu Thanh}
Oct 20, 2012 9:06:12 PM org.hsm.service.CoreService query
INFO: Execute query SELECT * FROM student WHERE ct = 29934
Oct 20, 2012 9:06:13 PM org.hsm.control.Control getData
INFO: Get id of city for district with id {171}
Oct 20, 2012 9:06:13 PM org.hsm.service.CoreService query
INFO: Execute query SELECT cy FROM district WHERE dt = 171
Oct 20, 2012 9:06:13 PM org.hsm.control.Control getData
INFO: Get full data of student {Trần Thị Huyền Trang}
Oct 20, 2012 9:06:13 PM org.hsm.service.CoreService query
INFO: Execute query SELECT * FROM student WHERE ct = 29942
Oct 20, 2012 9:06:13 PM org.hsm.control.Control getData
INFO: Get id of city for district with id {182}
Oct 20, 2012 9:06:13 PM org.hsm.service.CoreService query
INFO: Execute query SELECT cy FROM district WHERE dt = 182
Oct 20, 2012 9:06:13 PM org.hsm.control.Control getData
INFO: Get list of districts in city having id {5}
Oct 20, 2012 9:06:13 PM org.hsm.service.CoreService query
INFO: Execute query SELECT dt, name FROM district
WHERE cy = 5
ORDER BY name
Oct 20, 2012 9:06:13 PM org.hsm.control.Control getData
INFO: Get list of districts in city having id {5}
Oct 20, 2012 9:06:13 PM org.hsm.service.CoreService query
INFO: Execute query SELECT dt, name FROM district
WHERE cy = 5
ORDER BY name
Oct 20, 2012 9:06:13 PM org.hsm.control.Control getData
INFO: Get full data of student {Trần Thị Huyền Trang}
Oct 20, 2012 9:06:13 PM org.hsm.service.CoreService query
INFO: Execute query SELECT * FROM student WHERE ct = 29942
Oct 20, 2012 9:06:13 PM org.hsm.control.Control getData
INFO: Get id of city for district with id {182}
Oct 20, 2012 9:06:13 PM org.hsm.service.CoreService query
INFO: Execute query SELECT cy FROM district WHERE dt = 182
Oct 20, 2012 9:06:14 PM org.hsm.control.Control getData
INFO: Get full data of student {Đinh Anh Tuấn}
Oct 20, 2012 9:06:14 PM org.hsm.service.CoreService query
INFO: Execute query SELECT * FROM student WHERE ct = 29947
Oct 20, 2012 9:06:14 PM org.hsm.control.Control getData
INFO: Get id of city for district with id {615}
Oct 20, 2012 9:06:14 PM org.hsm.service.CoreService query
INFO: Execute query SELECT cy FROM district WHERE dt = 615
Oct 20, 2012 9:06:14 PM org.hsm.control.Control getData
INFO: Get list of districts in city having id {63}
Oct 20, 2012 9:06:14 PM org.hsm.service.CoreService query
INFO: Execute query SELECT dt, name FROM district
WHERE cy = 63
ORDER BY name
Oct 20, 2012 9:06:14 PM org.hsm.control.Control getData
INFO: Get list of districts in city having id {63}
Oct 20, 2012 9:06:14 PM org.hsm.service.CoreService query
INFO: Execute query SELECT dt, name FROM district
WHERE cy = 63
ORDER BY name
Oct 20, 2012 9:06:14 PM org.hsm.control.Control getData
INFO: Get full data of student {Đinh Anh Tuấn}
Oct 20, 2012 9:06:14 PM org.hsm.service.CoreService query
INFO: Execute query SELECT * FROM student WHERE ct = 29947
Oct 20, 2012 9:06:14 PM org.hsm.control.Control getData
INFO: Get id of city for district with id {615}
Oct 20, 2012 9:06:14 PM org.hsm.service.CoreService query
INFO: Execute query SELECT cy FROM district WHERE dt = 615
Oct 20, 2012 9:06:21 PM org.hsm.control.Control getData
INFO: Get full data of student {Nguyễn Xuân Phúc}
Oct 20, 2012 9:06:21 PM org.hsm.service.CoreService query
INFO: Execute query SELECT * FROM student WHERE ct = 29927
Oct 20, 2012 9:06:21 PM org.hsm.control.Control getData
INFO: Get id of city for district with id {270}
Oct 20, 2012 9:06:21 PM org.hsm.service.CoreService query
INFO: Execute query SELECT cy FROM district WHERE dt = 270
Oct 20, 2012 9:06:21 PM org.hsm.control.Control getData
INFO: Get list of districts in city having id {53}
Oct 20, 2012 9:06:21 PM org.hsm.service.CoreService query
INFO: Execute query SELECT dt, name FROM district
WHERE cy = 53
ORDER BY name
Oct 20, 2012 9:06:21 PM org.hsm.control.Control getData
INFO: Get list of districts in city having id {53}
Oct 20, 2012 9:06:21 PM org.hsm.service.CoreService query
INFO: Execute query SELECT dt, name FROM district
WHERE cy = 53
ORDER BY name
Oct 20, 2012 9:06:21 PM org.hsm.control.Control getData
INFO: Get full data of student {Nguyễn Xuân Phúc}
Oct 20, 2012 9:06:21 PM org.hsm.service.CoreService query
INFO: Execute query SELECT * FROM student WHERE ct = 29927
Oct 20, 2012 9:06:21 PM org.hsm.control.Control getData
INFO: Get id of city for district with id {270}
Oct 20, 2012 9:06:21 PM org.hsm.service.CoreService query
INFO: Execute query SELECT cy FROM district WHERE dt = 270
Oct 20, 2012 9:06:22 PM org.hsm.control.Control getData
INFO: Get full data of student {Trịnh Anh Ngọc}
Oct 20, 2012 9:06:22 PM org.hsm.service.CoreService query
INFO: Execute query SELECT * FROM student WHERE ct = 29922
Oct 20, 2012 9:06:22 PM org.hsm.control.Control getData
INFO: Get id of city for district with id {431}
Oct 20, 2012 9:06:22 PM org.hsm.service.CoreService query
INFO: Execute query SELECT cy FROM district WHERE dt = 431
Oct 20, 2012 9:06:22 PM org.hsm.control.Control getData
INFO: Get list of districts in city having id {56}
Oct 20, 2012 9:06:22 PM org.hsm.service.CoreService query
INFO: Execute query SELECT dt, name FROM district
WHERE cy = 56
ORDER BY name
Oct 20, 2012 9:06:22 PM org.hsm.control.Control getData
INFO: Get list of districts in city having id {56}
Oct 20, 2012 9:06:22 PM org.hsm.service.CoreService query
INFO: Execute query SELECT dt, name FROM district
WHERE cy = 56
ORDER BY name
Oct 20, 2012 9:06:22 PM org.hsm.control.Control getData
INFO: Get full data of student {Trịnh Anh Ngọc}
Oct 20, 2012 9:06:22 PM org.hsm.service.CoreService query
INFO: Execute query SELECT * FROM student WHERE ct = 29922
Oct 20, 2012 9:06:22 PM org.hsm.control.Control getData
INFO: Get id of city for district with id {431}
Oct 20, 2012 9:06:22 PM org.hsm.service.CoreService query
INFO: Execute query SELECT cy FROM district WHERE dt = 431
Oct 20, 2012 9:06:24 PM org.hsm.control.Control getData
INFO: Get full data of student {Hồ Văn Hoà}
Oct 20, 2012 9:06:24 PM org.hsm.service.CoreService query
INFO: Execute query SELECT * FROM student WHERE ct = 29900
Oct 20, 2012 9:06:24 PM org.hsm.control.Control getData
INFO: Get id of city for district with id {524}
Oct 20, 2012 9:06:24 PM org.hsm.service.CoreService query
INFO: Execute query SELECT cy FROM district WHERE dt = 524
Oct 20, 2012 9:06:24 PM org.hsm.control.Control getData
INFO: Get list of districts in city having id {38}
Oct 20, 2012 9:06:24 PM org.hsm.service.CoreService query
INFO: Execute query SELECT dt, name FROM district
WHERE cy = 38
ORDER BY name
Oct 20, 2012 9:06:24 PM org.hsm.control.Control getData
INFO: Get list of districts in city having id {38}
Oct 20, 2012 9:06:24 PM org.hsm.service.CoreService query
INFO: Execute query SELECT dt, name FROM district
WHERE cy = 38
ORDER BY name
Oct 20, 2012 9:06:24 PM org.hsm.control.Control getData
INFO: Get full data of student {Hồ Văn Hoà}
Oct 20, 2012 9:06:24 PM org.hsm.service.CoreService query
INFO: Execute query SELECT * FROM student WHERE ct = 29900
Oct 20, 2012 9:06:24 PM org.hsm.control.Control getData
INFO: Get id of city for district with id {524}
Oct 20, 2012 9:06:24 PM org.hsm.service.CoreService query
INFO: Execute query SELECT cy FROM district WHERE dt = 524
Oct 20, 2012 9:06:25 PM org.hsm.control.Control getData
INFO: Get raw list of students in {Kỹthuật hóa học 7} class
Oct 20, 2012 9:06:25 PM org.hsm.service.CoreService query
INFO: Execute query SELECT ct, concat(first, ' ', last) as name FROM student
 WHERE student.cl = 465
 ORDER BY last
Oct 20, 2012 9:06:25 PM org.hsm.control.Control getData
INFO: Get raw list of students in {Kỹthuật hóa học 7} class
Oct 20, 2012 9:06:25 PM org.hsm.service.CoreService query
INFO: Execute query SELECT ct, concat(first, ' ', last) as name FROM student
 WHERE student.cl = 465
 ORDER BY last
Oct 20, 2012 9:06:27 PM org.hsm.control.Control getData
INFO: Get raw list of students in {CN Điện hoá} class
Oct 20, 2012 9:06:27 PM org.hsm.service.CoreService query
INFO: Execute query SELECT ct, concat(first, ' ', last) as name FROM student
 WHERE student.cl = 437
 ORDER BY last
Oct 20, 2012 9:06:27 PM org.hsm.control.Control getData
INFO: Get raw list of students in {CN Điện hoá} class
Oct 20, 2012 9:06:27 PM org.hsm.service.CoreService query
INFO: Execute query SELECT ct, concat(first, ' ', last) as name FROM student
 WHERE student.cl = 437
 ORDER BY last
Oct 20, 2012 9:06:50 PM org.hsm.control.Control getData
INFO: Get raw list of students in {Cơ điện tửA} class
Oct 20, 2012 9:06:50 PM org.hsm.service.CoreService query
INFO: Execute query SELECT ct, concat(first, ' ', last) as name FROM student
 WHERE student.cl = 401
 ORDER BY last
Oct 20, 2012 9:06:50 PM org.hsm.control.Control getData
INFO: Get raw list of students in {Cơ điện tửA} class
Oct 20, 2012 9:06:50 PM org.hsm.service.CoreService query
INFO: Execute query SELECT ct, concat(first, ' ', last) as name FROM student
 WHERE student.cl = 401
 ORDER BY last
Oct 20, 2012 9:06:51 PM org.hsm.control.Control getData
INFO: Get raw list of students in {KT cơkhí 1} class
Oct 20, 2012 9:06:51 PM org.hsm.service.CoreService query
INFO: Execute query SELECT ct, concat(first, ' ', last) as name FROM student
 WHERE student.cl = 408
 ORDER BY last
Oct 20, 2012 9:06:51 PM org.hsm.control.Control getData
INFO: Get raw list of students in {KT cơkhí 1} class
Oct 20, 2012 9:06:51 PM org.hsm.service.CoreService query
INFO: Execute query SELECT ct, concat(first, ' ', last) as name FROM student
 WHERE student.cl = 408
 ORDER BY last
Oct 20, 2012 9:06:52 PM org.hsm.control.Control getData
INFO: Get raw list of students in {CN Xenluloza-Giấy} class
Oct 20, 2012 9:06:52 PM org.hsm.service.CoreService query
INFO: Execute query SELECT ct, concat(first, ' ', last) as name FROM student
 WHERE student.cl = 452
 ORDER BY last
Oct 20, 2012 9:06:52 PM org.hsm.control.Control getData
INFO: Get raw list of students in {CN Xenluloza-Giấy} class
Oct 20, 2012 9:06:52 PM org.hsm.service.CoreService query
INFO: Execute query SELECT ct, concat(first, ' ', last) as name FROM student
 WHERE student.cl = 452
 ORDER BY last
Oct 20, 2012 9:07:46 PM org.hsm.control.Control getData
INFO: Get raw list of students in {CN & QL Môi trường} class
Oct 20, 2012 9:07:46 PM org.hsm.service.CoreService query
INFO: Execute query SELECT ct, concat(first, ' ', last) as name FROM student
 WHERE student.cl = 863
 ORDER BY last
Oct 20, 2012 9:07:46 PM org.hsm.control.Control getData
INFO: Get raw list of students in {CN & QL Môi trường} class
Oct 20, 2012 9:07:46 PM org.hsm.service.CoreService query
INFO: Execute query SELECT ct, concat(first, ' ', last) as name FROM student
 WHERE student.cl = 863
 ORDER BY last
Oct 20, 2012 9:07:46 PM org.hsm.control.Control getData
INFO: Get raw list of students in {Kỹthuật thực phẩm} class
Oct 20, 2012 9:07:46 PM org.hsm.service.CoreService query
INFO: Execute query SELECT ct, concat(first, ' ', last) as name FROM student
 WHERE student.cl = 857
 ORDER BY last
Oct 20, 2012 9:07:46 PM org.hsm.control.Control getData
INFO: Get raw list of students in {Kỹthuật thực phẩm} class
Oct 20, 2012 9:07:46 PM org.hsm.service.CoreService query
INFO: Execute query SELECT ct, concat(first, ' ', last) as name FROM student
 WHERE student.cl = 857
 ORDER BY last
Oct 20, 2012 9:07:47 PM org.hsm.control.Control getData
INFO: Get raw list of students in {Kỹthuật thực phẩm (CH)} class
Oct 20, 2012 9:07:47 PM org.hsm.service.CoreService query
INFO: Execute query SELECT ct, concat(first, ' ', last) as name FROM student
 WHERE student.cl = 854
 ORDER BY last
Oct 20, 2012 9:07:47 PM org.hsm.control.Control getData
INFO: Get raw list of students in {Kỹthuật thực phẩm (CH)} class
Oct 20, 2012 9:07:47 PM org.hsm.service.CoreService query
INFO: Execute query SELECT ct, concat(first, ' ', last) as name FROM student
 WHERE student.cl = 854
 ORDER BY last
Oct 20, 2012 9:07:48 PM org.hsm.control.Control getData
INFO: Get raw list of students in {Kỹthuật sinh học 2} class
Oct 20, 2012 9:07:48 PM org.hsm.service.CoreService query
INFO: Execute query SELECT ct, concat(first, ' ', last) as name FROM student
 WHERE student.cl = 853
 ORDER BY last
Oct 20, 2012 9:07:48 PM org.hsm.control.Control getData
INFO: Get raw list of students in {Kỹthuật sinh học 2} class
Oct 20, 2012 9:07:48 PM org.hsm.service.CoreService query
INFO: Execute query SELECT ct, concat(first, ' ', last) as name FROM student
 WHERE student.cl = 853
 ORDER BY last
Oct 20, 2012 9:07:50 PM org.hsm.control.Control getData
INFO: Get raw list of students in {CN3.100} class
Oct 20, 2012 9:07:50 PM org.hsm.service.CoreService query
INFO: Execute query SELECT ct, concat(first, ' ', last) as name FROM student
 WHERE student.cl = 781
 ORDER BY last
Oct 20, 2012 9:07:50 PM org.hsm.control.Control getData
INFO: Get raw list of students in {CN3.100} class
Oct 20, 2012 9:07:50 PM org.hsm.service.CoreService query
INFO: Execute query SELECT ct, concat(first, ' ', last) as name FROM student
 WHERE student.cl = 781
 ORDER BY last
Oct 20, 2012 9:07:51 PM org.hsm.control.Control getData
INFO: Get raw list of students in {CN1.05} class
Oct 20, 2012 9:07:51 PM org.hsm.service.CoreService query
INFO: Execute query SELECT ct, concat(first, ' ', last) as name FROM student
 WHERE student.cl = 763
 ORDER BY last
Oct 20, 2012 9:07:51 PM org.hsm.control.Control getData
INFO: Get raw list of students in {CN1.05} class
Oct 20, 2012 9:07:51 PM org.hsm.service.CoreService query
INFO: Execute query SELECT ct, concat(first, ' ', last) as name FROM student
 WHERE student.cl = 763
 ORDER BY last
Oct 20, 2012 9:07:52 PM org.hsm.control.Control getData
INFO: Get raw list of students in {BK3.100} class
Oct 20, 2012 9:07:52 PM org.hsm.service.CoreService query
INFO: Execute query SELECT ct, concat(first, ' ', last) as name FROM student
 WHERE student.cl = 745
 ORDER BY last
Oct 20, 2012 9:07:52 PM org.hsm.control.Control getData
INFO: Get raw list of students in {BK3.100} class
Oct 20, 2012 9:07:52 PM org.hsm.service.CoreService query
INFO: Execute query SELECT ct, concat(first, ' ', last) as name FROM student
 WHERE student.cl = 745
 ORDER BY last
Oct 20, 2012 9:07:53 PM org.hsm.control.Control getData
INFO: Get raw list of students in {BK2.21} class
Oct 20, 2012 9:07:53 PM org.hsm.service.CoreService query
INFO: Execute query SELECT ct, concat(first, ' ', last) as name FROM student
 WHERE student.cl = 727
 ORDER BY last
Oct 20, 2012 9:07:53 PM org.hsm.control.Control getData
INFO: Get raw list of students in {BK2.21} class
Oct 20, 2012 9:07:53 PM org.hsm.service.CoreService query
INFO: Execute query SELECT ct, concat(first, ' ', last) as name FROM student
 WHERE student.cl = 727
 ORDER BY last
Oct 20, 2012 9:07:54 PM org.hsm.control.Control getData
INFO: Get raw list of students in {BK2.04} class
Oct 20, 2012 9:07:54 PM org.hsm.service.CoreService query
INFO: Execute query SELECT ct, concat(first, ' ', last) as name FROM student
 WHERE student.cl = 709
 ORDER BY last
Oct 20, 2012 9:07:54 PM org.hsm.control.Control getData
INFO: Get raw list of students in {BK2.04} class
Oct 20, 2012 9:07:54 PM org.hsm.service.CoreService query
INFO: Execute query SELECT ct, concat(first, ' ', last) as name FROM student
 WHERE student.cl = 709
 ORDER BY last
Oct 20, 2012 9:07:54 PM org.hsm.control.Control getData
INFO: Get raw list of students in {BK1.11} class
Oct 20, 2012 9:07:54 PM org.hsm.service.CoreService query
INFO: Execute query SELECT ct, concat(first, ' ', last) as name FROM student
 WHERE student.cl = 694
 ORDER BY last
Oct 20, 2012 9:07:54 PM org.hsm.control.Control getData
INFO: Get raw list of students in {BK1.11} class
Oct 20, 2012 9:07:54 PM org.hsm.service.CoreService query
INFO: Execute query SELECT ct, concat(first, ' ', last) as name FROM student
 WHERE student.cl = 694
 ORDER BY last
Oct 20, 2012 9:07:55 PM org.hsm.control.Control getData
INFO: Get raw list of students in {Toán Tin 2} class
Oct 20, 2012 9:07:55 PM org.hsm.service.CoreService query
INFO: Execute query SELECT ct, concat(first, ' ', last) as name FROM student
 WHERE student.cl = 679
 ORDER BY last
Oct 20, 2012 9:07:55 PM org.hsm.control.Control getData
INFO: Get raw list of students in {Toán Tin 2} class
Oct 20, 2012 9:07:55 PM org.hsm.service.CoreService query
INFO: Execute query SELECT ct, concat(first, ' ', last) as name FROM student
 WHERE student.cl = 679
 ORDER BY last
Oct 20, 2012 9:07:56 PM org.hsm.control.Control getData
INFO: Get raw list of students in {SPKT + KT điện tửTT} class
Oct 20, 2012 9:07:56 PM org.hsm.service.CoreService query
INFO: Execute query SELECT ct, concat(first, ' ', last) as name FROM student
 WHERE student.cl = 661
 ORDER BY last
Oct 20, 2012 9:07:56 PM org.hsm.control.Control getData
INFO: Get raw list of students in {SPKT + KT điện tửTT} class
Oct 20, 2012 9:07:56 PM org.hsm.service.CoreService query
INFO: Execute query SELECT ct, concat(first, ' ', last) as name FROM student
 WHERE student.cl = 661
 ORDER BY last
Oct 20, 2012 9:07:57 PM org.hsm.control.Control getData
INFO: Get raw list of students in {D7} class
Oct 20, 2012 9:07:57 PM org.hsm.service.CoreService query
INFO: Execute query SELECT ct, concat(first, ' ', last) as name FROM student
 WHERE student.cl = 644
 ORDER BY last
Oct 20, 2012 9:07:57 PM org.hsm.control.Control getData
INFO: Get raw list of students in {D7} class
Oct 20, 2012 9:07:57 PM org.hsm.service.CoreService query
INFO: Execute query SELECT ct, concat(first, ' ', last) as name FROM student
 WHERE student.cl = 644
 ORDER BY last
Oct 20, 2012 9:07:57 PM org.hsm.control.Control getData
INFO: Get raw list of students in {Quản trịTài chính} class
Oct 20, 2012 9:07:57 PM org.hsm.service.CoreService query
INFO: Execute query SELECT ct, concat(first, ' ', last) as name FROM student
 WHERE student.cl = 626
 ORDER BY last
Oct 20, 2012 9:07:58 PM org.hsm.control.Control getData
INFO: Get raw list of students in {Quản trịTài chính} class
Oct 20, 2012 9:07:58 PM org.hsm.service.CoreService query
INFO: Execute query SELECT ct, concat(first, ' ', last) as name FROM student
 WHERE student.cl = 626
 ORDER BY last
Oct 20, 2012 9:07:58 PM org.hsm.control.Control getData
INFO: Get raw list of students in {Kỹthuật vật liệu} class
Oct 20, 2012 9:07:58 PM org.hsm.service.CoreService query
INFO: Execute query SELECT ct, concat(first, ' ', last) as name FROM student
 WHERE student.cl = 608
 ORDER BY last
Oct 20, 2012 9:07:58 PM org.hsm.control.Control getData
INFO: Get raw list of students in {Kỹthuật vật liệu} class
Oct 20, 2012 9:07:58 PM org.hsm.service.CoreService query
INFO: Execute query SELECT ct, concat(first, ' ', last) as name FROM student
 WHERE student.cl = 608
 ORDER BY last
Oct 20, 2012 9:07:59 PM org.hsm.control.Control getData
INFO: Get raw list of students in {Điện tử-Viễn thông 06} class
Oct 20, 2012 9:07:59 PM org.hsm.service.CoreService query
INFO: Execute query SELECT ct, concat(first, ' ', last) as name FROM student
 WHERE student.cl = 591
 ORDER BY last
Oct 20, 2012 9:07:59 PM org.hsm.control.Control getData
INFO: Get raw list of students in {Điện tử-Viễn thông 06} class
Oct 20, 2012 9:07:59 PM org.hsm.service.CoreService query
INFO: Execute query SELECT ct, concat(first, ' ', last) as name FROM student
 WHERE student.cl = 591
 ORDER BY last
Oct 20, 2012 9:08:00 PM org.hsm.control.Control getData
INFO: Get raw list of students in {Điện tử9} class
Oct 20, 2012 9:08:00 PM org.hsm.service.CoreService query
INFO: Execute query SELECT ct, concat(first, ' ', last) as name FROM student
 WHERE student.cl = 573
 ORDER BY last
Oct 20, 2012 9:08:00 PM org.hsm.control.Control getData
INFO: Get raw list of students in {Điện tử9} class
Oct 20, 2012 9:08:00 PM org.hsm.service.CoreService query
INFO: Execute query SELECT ct, concat(first, ' ', last) as name FROM student
 WHERE student.cl = 573
 ORDER BY last
Oct 20, 2012 9:08:01 PM org.hsm.control.Control getData
INFO: Get raw list of students in {Tự động hoá 1} class
Oct 20, 2012 9:08:01 PM org.hsm.service.CoreService query
INFO: Execute query SELECT ct, concat(first, ' ', last) as name FROM student
 WHERE student.cl = 555
 ORDER BY last
Oct 20, 2012 9:08:01 PM org.hsm.control.Control getData
INFO: Get raw list of students in {Tự động hoá 1} class
Oct 20, 2012 9:08:01 PM org.hsm.service.CoreService query
INFO: Execute query SELECT ct, concat(first, ' ', last) as name FROM student
 WHERE student.cl = 555
 ORDER BY last
Oct 20, 2012 9:08:02 PM org.hsm.control.Control getData
INFO: Get raw list of students in {Đo lường TH 1} class
Oct 20, 2012 9:08:02 PM org.hsm.service.CoreService query
INFO: Execute query SELECT ct, concat(first, ' ', last) as name FROM student
 WHERE student.cl = 537
 ORDER BY last
Oct 20, 2012 9:08:02 PM org.hsm.control.Control getData
INFO: Get raw list of students in {Đo lường TH 1} class
Oct 20, 2012 9:08:02 PM org.hsm.service.CoreService query
INFO: Execute query SELECT ct, concat(first, ' ', last) as name FROM student
 WHERE student.cl = 537
 ORDER BY last
Oct 20, 2012 9:08:02 PM org.hsm.control.Control getData
INFO: Get raw list of students in {Điện 08} class
Oct 20, 2012 9:08:02 PM org.hsm.service.CoreService query
INFO: Execute query SELECT ct, concat(first, ' ', last) as name FROM student
 WHERE student.cl = 519
 ORDER BY last
Oct 20, 2012 9:08:03 PM org.hsm.control.Control getData
INFO: Get raw list of students in {Điện 08} class
Oct 20, 2012 9:08:03 PM org.hsm.service.CoreService query
INFO: Execute query SELECT ct, concat(first, ' ', last) as name FROM student
 WHERE student.cl = 519
 ORDER BY last
Oct 20, 2012 9:08:18 PM org.hsm.control.Control getData
INFO: Get raw list of students in {Việt Nhật 5A} class
Oct 20, 2012 9:08:18 PM org.hsm.service.CoreService query
INFO: Execute query SELECT ct, concat(first, ' ', last) as name FROM student
 WHERE student.cl = 1
 ORDER BY last
Oct 20, 2012 9:08:18 PM org.hsm.control.Control getData
INFO: Get raw list of students in {Việt Nhật 5A} class
Oct 20, 2012 9:08:18 PM org.hsm.service.CoreService query
INFO: Execute query SELECT ct, concat(first, ' ', last) as name FROM student
 WHERE student.cl = 1
 ORDER BY last
Oct 20, 2012 9:08:19 PM org.hsm.control.Control getData
INFO: Get raw list of students in {Việt Nhật 5C} class
Oct 20, 2012 9:08:19 PM org.hsm.service.CoreService query
INFO: Execute query SELECT ct, concat(first, ' ', last) as name FROM student
 WHERE student.cl = 3
 ORDER BY last
Oct 20, 2012 9:08:19 PM org.hsm.control.Control getData
INFO: Get raw list of students in {Việt Nhật 5C} class
Oct 20, 2012 9:08:19 PM org.hsm.service.CoreService query
INFO: Execute query SELECT ct, concat(first, ' ', last) as name FROM student
 WHERE student.cl = 3
 ORDER BY last
Oct 20, 2012 9:08:19 PM org.hsm.control.Control getData
INFO: Get raw list of students in {IS3} class
Oct 20, 2012 9:08:19 PM org.hsm.service.CoreService query
INFO: Execute query SELECT ct, concat(first, ' ', last) as name FROM student
 WHERE student.cl = 365
 ORDER BY last
Oct 20, 2012 9:08:20 PM org.hsm.control.Control getData
INFO: Get raw list of students in {IS3} class
Oct 20, 2012 9:08:20 PM org.hsm.service.CoreService query
INFO: Execute query SELECT ct, concat(first, ' ', last) as name FROM student
 WHERE student.cl = 365
 ORDER BY last
Oct 20, 2012 9:08:20 PM org.hsm.control.Control getData
INFO: Get raw list of students in {CK chếtạo máy 4} class
Oct 20, 2012 9:08:20 PM org.hsm.service.CoreService query
INFO: Execute query SELECT ct, concat(first, ' ', last) as name FROM student
 WHERE student.cl = 380
 ORDER BY last
Oct 20, 2012 9:08:20 PM org.hsm.control.Control getData
INFO: Get raw list of students in {CK chếtạo máy 4} class
Oct 20, 2012 9:08:20 PM org.hsm.service.CoreService query
INFO: Execute query SELECT ct, concat(first, ' ', last) as name FROM student
 WHERE student.cl = 380
 ORDER BY last
Oct 20, 2012 9:08:21 PM org.hsm.control.Control getData
INFO: Get raw list of students in {CK chếtạo máy 8} class
Oct 20, 2012 9:08:21 PM org.hsm.service.CoreService query
INFO: Execute query SELECT ct, concat(first, ' ', last) as name FROM student
 WHERE student.cl = 384
 ORDER BY last
Oct 20, 2012 9:08:21 PM org.hsm.control.Control getData
INFO: Get raw list of students in {CK chếtạo máy 8} class
Oct 20, 2012 9:08:21 PM org.hsm.service.CoreService query
INFO: Execute query SELECT ct, concat(first, ' ', last) as name FROM student
 WHERE student.cl = 384
 ORDER BY last
Oct 20, 2012 9:08:21 PM org.hsm.control.Control getData
INFO: Get raw list of students in {CN- Cơ điện tử2} class
Oct 20, 2012 9:08:21 PM org.hsm.service.CoreService query
INFO: Execute query SELECT ct, concat(first, ' ', last) as name FROM student
 WHERE student.cl = 388
 ORDER BY last
Oct 20, 2012 9:08:21 PM org.hsm.control.Control getData
INFO: Get raw list of students in {CN- Cơ điện tử2} class
Oct 20, 2012 9:08:21 PM org.hsm.service.CoreService query
INFO: Execute query SELECT ct, concat(first, ' ', last) as name FROM student
 WHERE student.cl = 388
 ORDER BY last
Oct 20, 2012 9:08:21 PM org.hsm.control.Control getData
INFO: Get raw list of students in {CN- Công nghệcơkhí (CH lilama)} class
Oct 20, 2012 9:08:21 PM org.hsm.service.CoreService query
INFO: Execute query SELECT ct, concat(first, ' ', last) as name FROM student
 WHERE student.cl = 390
 ORDER BY last
Oct 20, 2012 9:08:22 PM org.hsm.control.Control getData
INFO: Get raw list of students in {CN- Công nghệcơkhí (CH lilama)} class
Oct 20, 2012 9:08:22 PM org.hsm.service.CoreService query
INFO: Execute query SELECT ct, concat(first, ' ', last) as name FROM student
 WHERE student.cl = 390
 ORDER BY last
Oct 20, 2012 9:08:30 PM org.hsm.control.Control fire
INFO: System exits
