Oct 12, 2012 10:54:39 PM org.hsm.control.Control start
INFO: System starts
Oct 12, 2012 10:54:39 PM org.hsm.control.Control start
INFO: Open login window
Oct 12, 2012 10:54:40 PM org.hsm.control.Control tryLogin
INFO: Try login
Oct 12, 2012 10:54:40 PM org.hsm.control.Control tryLogin
INFO: Login success
Oct 12, 2012 10:54:40 PM org.hsm.control.Control getData
INFO: Fetch class list
Oct 12, 2012 10:54:40 PM org.hsm.service.CoreService query
INFO: Execute query SELECT "CL#", "Name" FROM "Class"
ORDER BY "Name"
Oct 12, 2012 10:54:40 PM org.hsm.control.Control getData
INFO: Get list of cities
Oct 12, 2012 10:54:40 PM org.hsm.service.CoreService query
INFO: Execute query SELECT "CY#", "Name" FROM "City"
ORDER BY "Name"
Oct 12, 2012 10:54:41 PM org.hsm.control.Control getData
INFO: Get list of districts in city having id {1}
Oct 12, 2012 10:54:41 PM org.hsm.service.CoreService query
INFO: Execute query SELECT "DT#", "Name" FROM "District"
WHERE "CY#" = 1
ORDER BY "Name"
Oct 12, 2012 10:54:41 PM org.hsm.control.Control getData
INFO: Get list of class
Oct 12, 2012 10:54:41 PM org.hsm.service.CoreService query
INFO: Execute query SELECT "CL#", "Name" FROM "Class"
ORDER BY "Name"
Oct 12, 2012 10:54:41 PM org.hsm.control.Control tryLogin
INFO: Show main function window
Oct 12, 2012 10:54:42 PM org.hsm.control.Control getData
INFO: Get raw list of students in {Việt Nhật 5B} class
Oct 12, 2012 10:54:42 PM org.hsm.service.CoreService query
INFO: Execute query SELECT "CT#", "First", "Last" FROM "Student"
 WHERE "Student"."CL#" = 2
 ORDER BY "Last"
Oct 12, 2012 10:54:42 PM org.hsm.control.Control getData
INFO: Get raw list of students in {Việt Nhật 5B} class
Oct 12, 2012 10:54:42 PM org.hsm.service.CoreService query
INFO: Execute query SELECT "CT#", "First", "Last" FROM "Student"
 WHERE "Student"."CL#" = 2
 ORDER BY "Last"
Oct 12, 2012 10:54:43 PM org.hsm.control.Control getData
INFO: Get full data of student {Nguyễn Việt Đức}
Oct 12, 2012 10:54:43 PM org.hsm.service.CoreService query
INFO: Execute query SELECT * FROM "Student" WHERE "CT#" = 149
Oct 12, 2012 10:54:43 PM org.hsm.control.Control getData
INFO: Get id of city for district with id {-1}
Oct 12, 2012 10:54:43 PM org.hsm.service.CoreService query
INFO: Execute query SELECT "CY#" FROM "District" WHERE "DT#" = -1
Oct 12, 2012 10:54:43 PM org.hsm.control.Control getData
INFO: Get full data of student {Nguyễn Việt Đức}
Oct 12, 2012 10:54:43 PM org.hsm.service.CoreService query
INFO: Execute query SELECT * FROM "Student" WHERE "CT#" = 149
Oct 12, 2012 10:54:43 PM org.hsm.control.Control getData
INFO: Get id of city for district with id {-1}
Oct 12, 2012 10:54:43 PM org.hsm.service.CoreService query
INFO: Execute query SELECT "CY#" FROM "District" WHERE "DT#" = -1
Oct 12, 2012 10:54:43 PM org.hsm.control.Control getData
INFO: Get full data of student {Trần Đức Phong}
Oct 12, 2012 10:54:43 PM org.hsm.service.CoreService query
INFO: Execute query SELECT * FROM "Student" WHERE "CT#" = 189
Oct 12, 2012 10:54:43 PM org.hsm.control.Control getData
INFO: Get id of city for district with id {-1}
Oct 12, 2012 10:54:43 PM org.hsm.service.CoreService query
INFO: Execute query SELECT "CY#" FROM "District" WHERE "DT#" = -1
Oct 12, 2012 10:54:43 PM org.hsm.control.Control getData
INFO: Get full data of student {Trần Đức Phong}
Oct 12, 2012 10:54:43 PM org.hsm.service.CoreService query
INFO: Execute query SELECT * FROM "Student" WHERE "CT#" = 189
Oct 12, 2012 10:54:43 PM org.hsm.control.Control getData
INFO: Get id of city for district with id {-1}
Oct 12, 2012 10:54:43 PM org.hsm.service.CoreService query
INFO: Execute query SELECT "CY#" FROM "District" WHERE "DT#" = -1
Oct 12, 2012 10:54:44 PM org.hsm.control.Control getData
INFO: Get raw list of students in {BK02} class
Oct 12, 2012 10:54:44 PM org.hsm.service.CoreService query
INFO: Execute query SELECT "CT#", "First", "Last" FROM "Student"
 WHERE "Student"."CL#" = 10
 ORDER BY "Last"
Oct 12, 2012 10:54:44 PM org.hsm.control.Control getData
INFO: Get raw list of students in {BK02} class
Oct 12, 2012 10:54:44 PM org.hsm.service.CoreService query
INFO: Execute query SELECT "CT#", "First", "Last" FROM "Student"
 WHERE "Student"."CL#" = 10
 ORDER BY "Last"
Oct 12, 2012 10:54:46 PM org.hsm.control.Control getData
INFO: Get full data of student {No Namex}
Oct 12, 2012 10:54:46 PM org.hsm.service.CoreService query
INFO: Execute query SELECT * FROM "Student" WHERE "CT#" = 269
Oct 12, 2012 10:54:46 PM org.hsm.control.Control getData
INFO: Get id of city for district with id {-1}
Oct 12, 2012 10:54:46 PM org.hsm.service.CoreService query
INFO: Execute query SELECT "CY#" FROM "District" WHERE "DT#" = -1
Oct 12, 2012 10:54:46 PM org.hsm.control.Control getData
INFO: Get full data of student {No Namex}
Oct 12, 2012 10:54:46 PM org.hsm.service.CoreService query
INFO: Execute query SELECT * FROM "Student" WHERE "CT#" = 269
Oct 12, 2012 10:54:46 PM org.hsm.control.Control getData
INFO: Get id of city for district with id {-1}
Oct 12, 2012 10:54:46 PM org.hsm.service.CoreService query
INFO: Execute query SELECT "CY#" FROM "District" WHERE "DT#" = -1
Oct 12, 2012 10:54:50 PM org.hsm.control.Control fire
INFO: System exits
