Oct 12, 2012 6:18:47 PM org.hsm.control.Control start
INFO: System starts
Oct 12, 2012 6:18:47 PM org.hsm.control.Control start
INFO: Open login window
Oct 12, 2012 6:18:48 PM org.hsm.control.Control tryLogin
INFO: Try login
Oct 12, 2012 6:18:48 PM org.hsm.control.Control tryLogin
INFO: Login success
Oct 12, 2012 6:18:48 PM org.hsm.control.Control getData
INFO: Fetch class list
Oct 12, 2012 6:18:48 PM org.hsm.service.CoreService query
INFO: Execute query SELECT "CL#", "Name" FROM "Class"
ORDER BY "Name"
Oct 12, 2012 6:18:49 PM org.hsm.control.Control getData
INFO: Get list of class
Oct 12, 2012 6:18:49 PM org.hsm.service.CoreService query
INFO: Execute query SELECT "CL#", "Name" FROM "Class"
Oct 12, 2012 6:18:49 PM org.hsm.control.Control tryLogin
INFO: Show main function window
Oct 12, 2012 6:18:53 PM org.hsm.control.Control getData
INFO: Get list of class
Oct 12, 2012 6:18:53 PM org.hsm.service.CoreService query
INFO: Execute query SELECT "CL#", "Name" FROM "Class"
Oct 12, 2012 6:18:59 PM org.hsm.control.Control fire
INFO: System exits
