Oct 11, 2012 2:46:16 AM org.hsm.control.Control start
INFO: System starts
Oct 11, 2012 2:46:16 AM org.hsm.control.Control start
INFO: Open login window
Oct 11, 2012 2:46:18 AM org.hsm.control.Control tryLogin
INFO: Try login
Oct 11, 2012 2:46:18 AM org.hsm.control.Control tryLogin
INFO: Login success
Oct 11, 2012 2:46:18 AM org.hsm.control.Control getData
INFO: Fetch class list
Oct 11, 2012 2:46:18 AM org.hsm.service.CoreService query
INFO: Execute query select "CL#", "Name" from "Class"
Oct 11, 2012 2:46:18 AM org.hsm.control.Control tryLogin
INFO: Show main function window
Oct 11, 2012 2:46:20 AM org.hsm.control.Control getData
INFO: Get raw list of students in {Việt Nhật 5A} class
Oct 11, 2012 2:46:20 AM org.hsm.service.CoreService query
INFO: Execute query SELECT "Student"."CT#" as "ID", "FirstName", "LastName" FROM "Student", "Contact" WHERE "Student"."CT#" = "Contact"."CT#" AND "Student"."CL#" = 1
Oct 11, 2012 2:46:20 AM org.hsm.control.Control getData
INFO: Get raw list of students in {Việt Nhật 5A} class
Oct 11, 2012 2:46:20 AM org.hsm.service.CoreService query
INFO: Execute query SELECT "Student"."CT#" as "ID", "FirstName", "LastName" FROM "Student", "Contact" WHERE "Student"."CT#" = "Contact"."CT#" AND "Student"."CL#" = 1
Oct 11, 2012 2:46:23 AM org.hsm.control.Control getData
INFO: Remove student {Nguyễn TuấnAnh}
Oct 11, 2012 2:46:23 AM org.hsm.service.CoreService update
INFO: Execute udpate
Oct 11, 2012 2:46:25 AM org.hsm.control.Control getData
INFO: Remove student {Lý VănHiếu}
Oct 11, 2012 2:46:25 AM org.hsm.service.CoreService update
INFO: Execute udpate
Oct 11, 2012 2:46:27 AM org.hsm.control.Control getData
INFO: Get raw list of students in {Việt Nhật 5A} class
Oct 11, 2012 2:46:27 AM org.hsm.service.CoreService query
INFO: Execute query SELECT "Student"."CT#" as "ID", "FirstName", "LastName" FROM "Student", "Contact" WHERE "Student"."CT#" = "Contact"."CT#" AND "Student"."CL#" = 1
Oct 11, 2012 2:46:33 AM org.hsm.control.Control fire
INFO: System exits
