Oct 12, 2012 10:52:22 PM org.hsm.control.Control start
INFO: System starts
Oct 12, 2012 10:52:22 PM org.hsm.control.Control start
INFO: Open login window
Oct 12, 2012 10:52:23 PM org.hsm.control.Control tryLogin
INFO: Try login
Oct 12, 2012 10:52:23 PM org.hsm.control.Control tryLogin
INFO: Login success
Oct 12, 2012 10:52:23 PM org.hsm.control.Control getData
INFO: Fetch class list
Oct 12, 2012 10:52:23 PM org.hsm.service.CoreService query
INFO: Execute query SELECT "CL#", "Name" FROM "Class"
ORDER BY "Name"
Oct 12, 2012 10:52:23 PM org.hsm.control.Control getData
INFO: Get list of cities
Oct 12, 2012 10:52:23 PM org.hsm.service.CoreService query
INFO: Execute query SELECT "CY#", "Name" FROM "City"
ORDER BY "Name"
Oct 12, 2012 10:52:23 PM org.hsm.control.Control getData
INFO: Get list of districts in city having id {1}
Oct 12, 2012 10:52:23 PM org.hsm.service.CoreService query
INFO: Execute query SELECT "DT#", "Name" FROM "District"
WHERE "CY#" = 1
ORDER BY "Name"
Oct 12, 2012 10:52:23 PM org.hsm.control.Control getData
INFO: Get list of class
Oct 12, 2012 10:52:23 PM org.hsm.service.CoreService query
INFO: Execute query SELECT "CL#", "Name" FROM "Class"
ORDER BY "Name"
Oct 12, 2012 10:52:23 PM org.hsm.control.Control tryLogin
INFO: Show main function window
Oct 12, 2012 10:52:25 PM org.hsm.control.Control getData
INFO: Get raw list of students in {Việt Nhật 5B} class
Oct 12, 2012 10:52:25 PM org.hsm.service.CoreService query
INFO: Execute query SELECT "CT#", "First", "Last" FROM "Student"
 WHERE "Student"."CL#" = 2
 ORDER BY "Last"
Oct 12, 2012 10:52:25 PM org.hsm.control.Control getData
INFO: Get raw list of students in {Việt Nhật 5B} class
Oct 12, 2012 10:52:25 PM org.hsm.service.CoreService query
INFO: Execute query SELECT "CT#", "First", "Last" FROM "Student"
 WHERE "Student"."CL#" = 2
 ORDER BY "Last"
Oct 12, 2012 10:52:25 PM org.hsm.control.Control getData
INFO: Get full data of student {Đặng Đình Diện}
Oct 12, 2012 10:52:25 PM org.hsm.service.CoreService query
INFO: Execute query SELECT * FROM "Student" WHERE "CT#" = 145
Oct 12, 2012 10:52:25 PM org.hsm.control.Control getData
INFO: Get id of city for district with id {-1}
Oct 12, 2012 10:52:25 PM org.hsm.service.CoreService query
INFO: Execute query SELECT "CY#" FROM "District" WHERE "DT#" = -1
Oct 12, 2012 10:52:26 PM org.hsm.control.Control getData
INFO: Get full data of student {Đặng Đình Diện}
Oct 12, 2012 10:52:26 PM org.hsm.service.CoreService query
INFO: Execute query SELECT * FROM "Student" WHERE "CT#" = 145
Oct 12, 2012 10:52:26 PM org.hsm.control.Control getData
INFO: Get id of city for district with id {-1}
Oct 12, 2012 10:52:26 PM org.hsm.service.CoreService query
INFO: Execute query SELECT "CY#" FROM "District" WHERE "DT#" = -1
Oct 12, 2012 10:52:26 PM org.hsm.control.Control getData
INFO: Get full data of student {Phạm Viết Nam}
Oct 12, 2012 10:52:26 PM org.hsm.service.CoreService query
INFO: Execute query SELECT * FROM "Student" WHERE "CT#" = 187
Oct 12, 2012 10:52:26 PM org.hsm.control.Control getData
INFO: Get id of city for district with id {-1}
Oct 12, 2012 10:52:26 PM org.hsm.service.CoreService query
INFO: Execute query SELECT "CY#" FROM "District" WHERE "DT#" = -1
Oct 12, 2012 10:52:26 PM org.hsm.control.Control getData
INFO: Get full data of student {Phạm Viết Nam}
Oct 12, 2012 10:52:26 PM org.hsm.service.CoreService query
INFO: Execute query SELECT * FROM "Student" WHERE "CT#" = 187
Oct 12, 2012 10:52:26 PM org.hsm.control.Control getData
INFO: Get id of city for district with id {-1}
Oct 12, 2012 10:52:26 PM org.hsm.service.CoreService query
INFO: Execute query SELECT "CY#" FROM "District" WHERE "DT#" = -1
Oct 12, 2012 10:52:29 PM org.hsm.control.Control fire
INFO: System exits
