Oct 12, 2012 6:17:26 AM org.hsm.control.Control start
INFO: System starts
Oct 12, 2012 6:17:26 AM org.hsm.control.Control start
INFO: Open login window
Oct 12, 2012 6:17:27 AM org.hsm.control.Control tryLogin
INFO: Try login
Oct 12, 2012 6:17:27 AM org.hsm.control.Control tryLogin
INFO: Login success
Oct 12, 2012 6:17:27 AM org.hsm.control.Control getData
INFO: Fetch class list
Oct 12, 2012 6:17:27 AM org.hsm.service.CoreService query
INFO: Execute query SELECT "CL#", "Name" FROM "Class"
ORDER BY "Name"
Oct 12, 2012 6:17:27 AM org.hsm.control.Control tryLogin
INFO: Show main function window
Oct 12, 2012 6:17:29 AM org.hsm.control.Control getData
INFO: Get raw list of students in {New class} class
Oct 12, 2012 6:17:29 AM org.hsm.service.CoreService query
INFO: Execute query SELECT "CT#", "First", "Last" FROM "Student"
 WHERE "Student"."CL#" = 8
 ORDER BY "Last"
Oct 12, 2012 6:17:29 AM org.hsm.control.Control getData
INFO: Get raw list of students in {New class} class
Oct 12, 2012 6:17:29 AM org.hsm.service.CoreService query
INFO: Execute query SELECT "CT#", "First", "Last" FROM "Student"
 WHERE "Student"."CL#" = 8
 ORDER BY "Last"
Oct 12, 2012 6:17:32 AM org.hsm.control.Control getData
INFO: Change class's name from {New class} to {Nxew class}
Oct 12, 2012 6:17:32 AM org.hsm.service.CoreService update
INFO: Execute udpate UPDATE "Class"
 SET "Name" = 'Nxew class'
WHERE "CL#" = 8
Oct 12, 2012 6:17:35 AM org.hsm.control.Control getData
INFO: Fetch class list
Oct 12, 2012 6:17:35 AM org.hsm.service.CoreService query
INFO: Execute query SELECT "CL#", "Name" FROM "Class"
ORDER BY "Name"
Oct 12, 2012 6:17:39 AM org.hsm.control.Control getData
INFO: Change class's name from {New class} to {Nxezzzw class}
Oct 12, 2012 6:17:39 AM org.hsm.service.CoreService update
INFO: Execute udpate UPDATE "Class"
 SET "Name" = 'Nxezzzw class'
WHERE "CL#" = 8
Oct 12, 2012 6:17:41 AM org.hsm.control.Control getData
INFO: Fetch class list
Oct 12, 2012 6:17:41 AM org.hsm.service.CoreService query
INFO: Execute query SELECT "CL#", "Name" FROM "Class"
ORDER BY "Name"
Oct 12, 2012 6:17:50 AM org.hsm.control.Control getData
INFO: Change class's name from {New class} to {N'xezzzw class}
Oct 12, 2012 6:17:50 AM org.hsm.service.CoreService update
INFO: Execute udpate UPDATE "Class"
 SET "Name" = 'N''xezzzw class'
WHERE "CL#" = 8
Oct 12, 2012 6:17:57 AM org.hsm.control.Control getData
INFO: Change class's name from {New class} to {N'x''''ezzzw class}
Oct 12, 2012 6:17:57 AM org.hsm.service.CoreService update
INFO: Execute udpate UPDATE "Class"
 SET "Name" = 'N''x''''''''ezzzw class'
WHERE "CL#" = 8
Oct 12, 2012 6:18:00 AM org.hsm.control.Control getData
INFO: Fetch class list
Oct 12, 2012 6:18:00 AM org.hsm.service.CoreService query
INFO: Execute query SELECT "CL#", "Name" FROM "Class"
ORDER BY "Name"
Oct 12, 2012 6:18:03 AM org.hsm.control.Control getData
INFO: Get raw list of students in {N'x''''ezzzw class} class
Oct 12, 2012 6:18:03 AM org.hsm.service.CoreService query
INFO: Execute query SELECT "CT#", "First", "Last" FROM "Student"
 WHERE "Student"."CL#" = 8
 ORDER BY "Last"
Oct 12, 2012 6:18:03 AM org.hsm.control.Control getData
INFO: Get raw list of students in {N'x''''ezzzw class} class
Oct 12, 2012 6:18:03 AM org.hsm.service.CoreService query
INFO: Execute query SELECT "CT#", "First", "Last" FROM "Student"
 WHERE "Student"."CL#" = 8
 ORDER BY "Last"
Oct 12, 2012 6:18:10 AM org.hsm.control.Control getData
INFO: Get raw list of students in {Việt Nhật 5C} class
Oct 12, 2012 6:18:10 AM org.hsm.service.CoreService query
INFO: Execute query SELECT "CT#", "First", "Last" FROM "Student"
 WHERE "Student"."CL#" = 3
 ORDER BY "Last"
Oct 12, 2012 6:18:10 AM org.hsm.control.Control getData
INFO: Get raw list of students in {Việt Nhật 5C} class
Oct 12, 2012 6:18:10 AM org.hsm.service.CoreService query
INFO: Execute query SELECT "CT#", "First", "Last" FROM "Student"
 WHERE "Student"."CL#" = 3
 ORDER BY "Last"
Oct 12, 2012 6:18:15 AM org.hsm.control.Control getData
INFO: Insert new student in class {Việt Nhật 5C}
Oct 12, 2012 6:18:15 AM org.hsm.service.CoreService query
INFO: Execute query INSERT INTO "Student" ("CL#") VALUES ( 3)
 RETURNING "First", "Last", "CT#"
Oct 12, 2012 6:18:16 AM org.hsm.control.Control getData
INFO: Get raw list of students in {Việt Nhật 5B} class
Oct 12, 2012 6:18:16 AM org.hsm.service.CoreService query
INFO: Execute query SELECT "CT#", "First", "Last" FROM "Student"
 WHERE "Student"."CL#" = 2
 ORDER BY "Last"
Oct 12, 2012 6:18:16 AM org.hsm.control.Control getData
INFO: Get raw list of students in {Việt Nhật 5B} class
Oct 12, 2012 6:18:16 AM org.hsm.service.CoreService query
INFO: Execute query SELECT "CT#", "First", "Last" FROM "Student"
 WHERE "Student"."CL#" = 2
 ORDER BY "Last"
Oct 12, 2012 6:18:17 AM org.hsm.control.Control getData
INFO: Get raw list of students in {Việt Nhật 5C} class
Oct 12, 2012 6:18:17 AM org.hsm.service.CoreService query
INFO: Execute query SELECT "CT#", "First", "Last" FROM "Student"
 WHERE "Student"."CL#" = 3
 ORDER BY "Last"
Oct 12, 2012 6:18:17 AM org.hsm.control.Control getData
INFO: Get raw list of students in {Việt Nhật 5C} class
Oct 12, 2012 6:18:17 AM org.hsm.service.CoreService query
INFO: Execute query SELECT "CT#", "First", "Last" FROM "Student"
 WHERE "Student"."CL#" = 3
 ORDER BY "Last"
Oct 12, 2012 6:18:25 AM org.hsm.control.Control fire
INFO: System exits
