Oct 11, 2012 2:27:34 AM org.hsm.control.Control start
INFO: System starts
Oct 11, 2012 2:27:34 AM org.hsm.control.Control start
INFO: Open login window
Oct 11, 2012 2:27:37 AM org.hsm.control.Control tryLogin
INFO: Try login
Oct 11, 2012 2:27:37 AM org.hsm.control.Control tryLogin
INFO: Login success
Oct 11, 2012 2:27:37 AM org.hsm.control.Control getData
INFO: Fetch class list
Oct 11, 2012 2:27:37 AM org.hsm.service.CoreService query
INFO: Execute query select "CL#", "Name" from "Class"
Oct 11, 2012 2:27:37 AM org.hsm.control.Control tryLogin
INFO: Show main function window
Oct 11, 2012 2:27:41 AM org.hsm.control.Control getData
INFO: Get raw list of students in {Việt Nhật 5A} class
Oct 11, 2012 2:27:41 AM org.hsm.service.CoreService query
INFO: Execute query SELECT "Student"."CT#" as "ID", "FirstName", "LastName" FROM "Student", "Contact" WHERE "Student"."CT#" = "Contact"."CT#" AND "Student"."CL#" = 1;
Oct 11, 2012 2:27:41 AM org.hsm.control.Control getData
INFO: Get raw list of students in {Việt Nhật 5A} class
Oct 11, 2012 2:27:41 AM org.hsm.service.CoreService query
INFO: Execute query SELECT "Student"."CT#" as "ID", "FirstName", "LastName" FROM "Student", "Contact" WHERE "Student"."CT#" = "Contact"."CT#" AND "Student"."CL#" = 1;
Oct 11, 2012 2:27:42 AM org.hsm.control.Control getData
INFO: Get raw list of students in {Việt Nhật 5B} class
Oct 11, 2012 2:27:42 AM org.hsm.service.CoreService query
INFO: Execute query SELECT "Student"."CT#" as "ID", "FirstName", "LastName" FROM "Student", "Contact" WHERE "Student"."CT#" = "Contact"."CT#" AND "Student"."CL#" = 1;
Oct 11, 2012 2:27:42 AM org.hsm.control.Control getData
INFO: Get raw list of students in {Việt Nhật 5B} class
Oct 11, 2012 2:27:42 AM org.hsm.service.CoreService query
INFO: Execute query SELECT "Student"."CT#" as "ID", "FirstName", "LastName" FROM "Student", "Contact" WHERE "Student"."CT#" = "Contact"."CT#" AND "Student"."CL#" = 1;
Oct 11, 2012 2:27:45 AM org.hsm.control.Control getData
INFO: Get raw list of students in {Việt Nhật 5C} class
Oct 11, 2012 2:27:45 AM org.hsm.service.CoreService query
INFO: Execute query SELECT "Student"."CT#" as "ID", "FirstName", "LastName" FROM "Student", "Contact" WHERE "Student"."CT#" = "Contact"."CT#" AND "Student"."CL#" = 1;
Oct 11, 2012 2:27:45 AM org.hsm.control.Control getData
INFO: Get raw list of students in {Việt Nhật 5C} class
Oct 11, 2012 2:27:45 AM org.hsm.service.CoreService query
INFO: Execute query SELECT "Student"."CT#" as "ID", "FirstName", "LastName" FROM "Student", "Contact" WHERE "Student"."CT#" = "Contact"."CT#" AND "Student"."CL#" = 1;
Oct 11, 2012 2:27:46 AM org.hsm.control.Control getData
INFO: Get raw list of students in {Việt Nhật 5A} class
Oct 11, 2012 2:27:46 AM org.hsm.service.CoreService query
INFO: Execute query SELECT "Student"."CT#" as "ID", "FirstName", "LastName" FROM "Student", "Contact" WHERE "Student"."CT#" = "Contact"."CT#" AND "Student"."CL#" = 1;
Oct 11, 2012 2:27:46 AM org.hsm.control.Control getData
INFO: Get raw list of students in {Việt Nhật 5A} class
Oct 11, 2012 2:27:46 AM org.hsm.service.CoreService query
INFO: Execute query SELECT "Student"."CT#" as "ID", "FirstName", "LastName" FROM "Student", "Contact" WHERE "Student"."CT#" = "Contact"."CT#" AND "Student"."CL#" = 1;
Oct 11, 2012 2:27:47 AM org.hsm.control.Control getData
INFO: Get raw list of students in {Việt Nhật 5B} class
Oct 11, 2012 2:27:47 AM org.hsm.service.CoreService query
INFO: Execute query SELECT "Student"."CT#" as "ID", "FirstName", "LastName" FROM "Student", "Contact" WHERE "Student"."CT#" = "Contact"."CT#" AND "Student"."CL#" = 1;
Oct 11, 2012 2:27:47 AM org.hsm.control.Control getData
INFO: Get raw list of students in {Việt Nhật 5B} class
Oct 11, 2012 2:27:47 AM org.hsm.service.CoreService query
INFO: Execute query SELECT "Student"."CT#" as "ID", "FirstName", "LastName" FROM "Student", "Contact" WHERE "Student"."CT#" = "Contact"."CT#" AND "Student"."CL#" = 1;
Oct 11, 2012 2:27:48 AM org.hsm.control.Control getData
INFO: Get raw list of students in {Việt Nhật 5C} class
Oct 11, 2012 2:27:48 AM org.hsm.service.CoreService query
INFO: Execute query SELECT "Student"."CT#" as "ID", "FirstName", "LastName" FROM "Student", "Contact" WHERE "Student"."CT#" = "Contact"."CT#" AND "Student"."CL#" = 1;
Oct 11, 2012 2:27:48 AM org.hsm.control.Control getData
INFO: Get raw list of students in {Việt Nhật 5C} class
Oct 11, 2012 2:27:48 AM org.hsm.service.CoreService query
INFO: Execute query SELECT "Student"."CT#" as "ID", "FirstName", "LastName" FROM "Student", "Contact" WHERE "Student"."CT#" = "Contact"."CT#" AND "Student"."CL#" = 1;
Oct 11, 2012 2:27:49 AM org.hsm.control.Control getData
INFO: Get raw list of students in {Việt Nhật 5A} class
Oct 11, 2012 2:27:49 AM org.hsm.service.CoreService query
INFO: Execute query SELECT "Student"."CT#" as "ID", "FirstName", "LastName" FROM "Student", "Contact" WHERE "Student"."CT#" = "Contact"."CT#" AND "Student"."CL#" = 1;
Oct 11, 2012 2:27:49 AM org.hsm.control.Control getData
INFO: Get raw list of students in {Việt Nhật 5A} class
Oct 11, 2012 2:27:49 AM org.hsm.service.CoreService query
INFO: Execute query SELECT "Student"."CT#" as "ID", "FirstName", "LastName" FROM "Student", "Contact" WHERE "Student"."CT#" = "Contact"."CT#" AND "Student"."CL#" = 1;
Oct 11, 2012 2:27:50 AM org.hsm.control.Control getData
INFO: Get raw list of students in {Việt Nhật 5B} class
Oct 11, 2012 2:27:50 AM org.hsm.service.CoreService query
INFO: Execute query SELECT "Student"."CT#" as "ID", "FirstName", "LastName" FROM "Student", "Contact" WHERE "Student"."CT#" = "Contact"."CT#" AND "Student"."CL#" = 1;
Oct 11, 2012 2:27:50 AM org.hsm.control.Control getData
INFO: Get raw list of students in {Việt Nhật 5B} class
Oct 11, 2012 2:27:50 AM org.hsm.service.CoreService query
INFO: Execute query SELECT "Student"."CT#" as "ID", "FirstName", "LastName" FROM "Student", "Contact" WHERE "Student"."CT#" = "Contact"."CT#" AND "Student"."CL#" = 1;
Oct 11, 2012 2:27:51 AM org.hsm.control.Control getData
INFO: Get raw list of students in {Việt Nhật 5C} class
Oct 11, 2012 2:27:51 AM org.hsm.service.CoreService query
INFO: Execute query SELECT "Student"."CT#" as "ID", "FirstName", "LastName" FROM "Student", "Contact" WHERE "Student"."CT#" = "Contact"."CT#" AND "Student"."CL#" = 1;
Oct 11, 2012 2:27:51 AM org.hsm.control.Control getData
INFO: Get raw list of students in {Việt Nhật 5C} class
Oct 11, 2012 2:27:51 AM org.hsm.service.CoreService query
INFO: Execute query SELECT "Student"."CT#" as "ID", "FirstName", "LastName" FROM "Student", "Contact" WHERE "Student"."CT#" = "Contact"."CT#" AND "Student"."CL#" = 1;
Oct 11, 2012 2:27:52 AM org.hsm.control.Control getData
INFO: Get raw list of students in {Việt Nhật 5B} class
Oct 11, 2012 2:27:52 AM org.hsm.service.CoreService query
INFO: Execute query SELECT "Student"."CT#" as "ID", "FirstName", "LastName" FROM "Student", "Contact" WHERE "Student"."CT#" = "Contact"."CT#" AND "Student"."CL#" = 1;
Oct 11, 2012 2:27:52 AM org.hsm.control.Control getData
INFO: Get raw list of students in {Việt Nhật 5B} class
Oct 11, 2012 2:27:52 AM org.hsm.service.CoreService query
INFO: Execute query SELECT "Student"."CT#" as "ID", "FirstName", "LastName" FROM "Student", "Contact" WHERE "Student"."CT#" = "Contact"."CT#" AND "Student"."CL#" = 1;
Oct 11, 2012 2:27:54 AM org.hsm.control.Control getData
INFO: Get raw list of students in {Việt Nhật 5C} class
Oct 11, 2012 2:27:54 AM org.hsm.service.CoreService query
INFO: Execute query SELECT "Student"."CT#" as "ID", "FirstName", "LastName" FROM "Student", "Contact" WHERE "Student"."CT#" = "Contact"."CT#" AND "Student"."CL#" = 1;
Oct 11, 2012 2:27:55 AM org.hsm.control.Control getData
INFO: Get raw list of students in {Việt Nhật 5C} class
Oct 11, 2012 2:27:55 AM org.hsm.service.CoreService query
INFO: Execute query SELECT "Student"."CT#" as "ID", "FirstName", "LastName" FROM "Student", "Contact" WHERE "Student"."CT#" = "Contact"."CT#" AND "Student"."CL#" = 1;
Oct 11, 2012 2:27:56 AM org.hsm.control.Control getData
INFO: Get raw list of students in {Việt Nhật 5A} class
Oct 11, 2012 2:27:56 AM org.hsm.service.CoreService query
INFO: Execute query SELECT "Student"."CT#" as "ID", "FirstName", "LastName" FROM "Student", "Contact" WHERE "Student"."CT#" = "Contact"."CT#" AND "Student"."CL#" = 1;
Oct 11, 2012 2:27:56 AM org.hsm.control.Control getData
INFO: Get raw list of students in {Việt Nhật 5A} class
Oct 11, 2012 2:27:56 AM org.hsm.service.CoreService query
INFO: Execute query SELECT "Student"."CT#" as "ID", "FirstName", "LastName" FROM "Student", "Contact" WHERE "Student"."CT#" = "Contact"."CT#" AND "Student"."CL#" = 1;
Oct 11, 2012 2:28:04 AM org.hsm.control.Control fire
INFO: System exits
