Oct 11, 2012 10:27:42 PM org.hsm.control.Control start
INFO: System starts
Oct 11, 2012 10:27:42 PM org.hsm.control.Control start
INFO: Open login window
Oct 11, 2012 10:27:43 PM org.hsm.control.Control tryLogin
INFO: Try login
Oct 11, 2012 10:27:43 PM org.hsm.control.Control tryLogin
INFO: Login success
Oct 11, 2012 10:27:44 PM org.hsm.control.Control getData
INFO: Fetch class list
Oct 11, 2012 10:27:44 PM org.hsm.service.CoreService query
INFO: Execute query select "CL#", "Name" from "Class"
Oct 11, 2012 10:27:44 PM org.hsm.control.Control tryLogin
INFO: Show main function window
Oct 11, 2012 10:27:46 PM org.hsm.control.Control getData
INFO: Get raw list of students in {Việt Nhật 5A} class
Oct 11, 2012 10:27:46 PM org.hsm.service.CoreService query
INFO: Execute query SELECT "CT#", "First", "Last" from "Student"
Oct 11, 2012 10:27:46 PM org.hsm.control.Control getData
INFO: Get raw list of students in {Việt Nhật 5A} class
Oct 11, 2012 10:27:46 PM org.hsm.service.CoreService query
INFO: Execute query SELECT "CT#", "First", "Last" from "Student"
Oct 11, 2012 10:27:47 PM org.hsm.control.Control getData
INFO: Get raw list of students in {Việt Nhật 5B} class
Oct 11, 2012 10:27:47 PM org.hsm.service.CoreService query
INFO: Execute query SELECT "CT#", "First", "Last" from "Student"
Oct 11, 2012 10:27:47 PM org.hsm.control.Control getData
INFO: Get raw list of students in {Việt Nhật 5B} class
Oct 11, 2012 10:27:47 PM org.hsm.service.CoreService query
INFO: Execute query SELECT "CT#", "First", "Last" from "Student"
Oct 11, 2012 10:27:48 PM org.hsm.control.Control getData
INFO: Get raw list of students in {Việt Nhật 5C} class
Oct 11, 2012 10:27:48 PM org.hsm.service.CoreService query
INFO: Execute query SELECT "CT#", "First", "Last" from "Student"
Oct 11, 2012 10:27:48 PM org.hsm.control.Control getData
INFO: Get raw list of students in {Việt Nhật 5C} class
Oct 11, 2012 10:27:48 PM org.hsm.service.CoreService query
INFO: Execute query SELECT "CT#", "First", "Last" from "Student"
Oct 11, 2012 10:27:52 PM org.hsm.control.Control getData
INFO: Get raw list of students in {New class} class
Oct 11, 2012 10:27:52 PM org.hsm.service.CoreService query
INFO: Execute query SELECT "CT#", "First", "Last" from "Student"
Oct 11, 2012 10:27:52 PM org.hsm.control.Control getData
INFO: Get raw list of students in {New class} class
Oct 11, 2012 10:27:52 PM org.hsm.service.CoreService query
INFO: Execute query SELECT "CT#", "First", "Last" from "Student"
Oct 11, 2012 10:27:52 PM org.hsm.control.Control getData
INFO: Get raw list of students in {New class} class
Oct 11, 2012 10:27:52 PM org.hsm.service.CoreService query
INFO: Execute query SELECT "CT#", "First", "Last" from "Student"
Oct 11, 2012 10:27:53 PM org.hsm.control.Control getData
INFO: Get raw list of students in {New class} class
Oct 11, 2012 10:27:53 PM org.hsm.service.CoreService query
INFO: Execute query SELECT "CT#", "First", "Last" from "Student"
Oct 11, 2012 10:27:53 PM org.hsm.control.Control getData
INFO: Get raw list of students in {New class} class
Oct 11, 2012 10:27:53 PM org.hsm.service.CoreService query
INFO: Execute query SELECT "CT#", "First", "Last" from "Student"
Oct 11, 2012 10:27:53 PM org.hsm.control.Control getData
INFO: Get raw list of students in {New class} class
Oct 11, 2012 10:27:53 PM org.hsm.service.CoreService query
INFO: Execute query SELECT "CT#", "First", "Last" from "Student"
Oct 11, 2012 10:27:54 PM org.hsm.control.Control getData
INFO: Get raw list of students in {New class} class
Oct 11, 2012 10:27:54 PM org.hsm.service.CoreService query
INFO: Execute query SELECT "CT#", "First", "Last" from "Student"
Oct 11, 2012 10:27:54 PM org.hsm.control.Control getData
INFO: Get raw list of students in {New class} class
Oct 11, 2012 10:27:54 PM org.hsm.service.CoreService query
INFO: Execute query SELECT "CT#", "First", "Last" from "Student"
Oct 11, 2012 10:27:56 PM org.hsm.control.Control fire
INFO: System exits
