Oct 14, 2012 10:41:42 AM org.hsm.control.Control start
INFO: System starts
Oct 14, 2012 10:41:42 AM org.hsm.control.Control start
INFO: Open login window
Oct 14, 2012 10:41:43 AM org.hsm.control.Control tryLogin
INFO: Try login
Oct 14, 2012 10:41:43 AM org.hsm.control.Control tryLogin
INFO: Login success
Oct 14, 2012 10:41:44 AM org.hsm.control.Control getData
INFO: Fetch class list
Oct 14, 2012 10:41:44 AM org.hsm.service.CoreService query
INFO: Execute query SELECT "CL#", "Name" FROM "Class"
ORDER BY "Name"
Oct 14, 2012 10:41:44 AM org.hsm.control.Control getData
INFO: Get list of cities
Oct 14, 2012 10:41:44 AM org.hsm.service.CoreService query
INFO: Execute query SELECT "CY#", "Name" FROM "City"
ORDER BY "Name"
Oct 14, 2012 10:41:44 AM org.hsm.control.Control getData
INFO: Get list of districts in city having id {1}
Oct 14, 2012 10:41:44 AM org.hsm.service.CoreService query
INFO: Execute query SELECT "DT#", "Name" FROM "District"
WHERE "CY#" = 1
ORDER BY "Name"
Oct 14, 2012 10:41:44 AM org.hsm.control.Control getData
INFO: Get list of class
Oct 14, 2012 10:41:44 AM org.hsm.service.CoreService query
INFO: Execute query SELECT "CL#", "Name" FROM "Class"
ORDER BY "Name"
Oct 14, 2012 10:41:44 AM org.hsm.control.Control getData
INFO: Get list of faculties
Oct 14, 2012 10:41:44 AM org.hsm.service.CoreService query
INFO: Execute query SELECT "FC#", "Name" FROM "Faculty" ORDER BY "Name"
Oct 14, 2012 10:41:45 AM org.hsm.control.Control getData
INFO: Get list of cities
Oct 14, 2012 10:41:45 AM org.hsm.service.CoreService query
INFO: Execute query SELECT "CY#", "Name" FROM "City"
ORDER BY "Name"
Oct 14, 2012 10:41:45 AM org.hsm.control.Control getData
INFO: Get list of districts in city having id {1}
Oct 14, 2012 10:41:45 AM org.hsm.service.CoreService query
INFO: Execute query SELECT "DT#", "Name" FROM "District"
WHERE "CY#" = 1
ORDER BY "Name"
Oct 14, 2012 10:41:45 AM org.hsm.control.Control getData
INFO: Get list of faculties
Oct 14, 2012 10:41:45 AM org.hsm.service.CoreService query
INFO: Execute query SELECT "FC#", "Name" FROM "Faculty" ORDER BY "Name"
Oct 14, 2012 10:41:45 AM org.hsm.control.Control getData
INFO: Get list of degrees
Oct 14, 2012 10:41:45 AM org.hsm.service.CoreService query
INFO: Execute query SELECT "DG#", "Name" FROM "Degree" ORDER BY "Name"
Oct 14, 2012 10:41:45 AM org.hsm.control.Control getData
INFO: Get list of cities
Oct 14, 2012 10:41:45 AM org.hsm.service.CoreService query
INFO: Execute query SELECT "CY#", "Name" FROM "City"
ORDER BY "Name"
Oct 14, 2012 10:41:45 AM org.hsm.control.Control getData
INFO: Get list of rooms
Oct 14, 2012 10:41:45 AM org.hsm.service.CoreService query
INFO: Execute query SELECT "RM#", "Name" FROM "Room" ORDER BY "Name"
Oct 14, 2012 10:41:45 AM org.hsm.control.Control getData
INFO: Get courses list
Oct 14, 2012 10:41:45 AM org.hsm.service.CoreService query
INFO: Execute query SELECT "CE#", "Name" FROM "Course" ORDER BY "Name"
Oct 14, 2012 10:41:45 AM org.hsm.control.Control tryLogin
INFO: Show main function window
Oct 14, 2012 10:41:50 AM org.hsm.control.Control getData
INFO: Get new course
Oct 14, 2012 10:41:50 AM org.hsm.service.CoreService query
INFO: Execute query INSERT INTO "Course" DEFAULT VALUES RETURNING "CE#", "Name"
Oct 14, 2012 10:41:50 AM org.hsm.control.Control getData
INFO: Get full data of course {New course}
Oct 14, 2012 10:41:50 AM org.hsm.service.CoreService query
INFO: Execute query SELECT * FROM "Course" WHERE "CE#" = 1
Oct 14, 2012 10:41:51 AM org.hsm.control.Control getData
INFO: Get new course
Oct 14, 2012 10:41:51 AM org.hsm.service.CoreService query
INFO: Execute query INSERT INTO "Course" DEFAULT VALUES RETURNING "CE#", "Name"
Oct 14, 2012 10:41:51 AM org.hsm.control.Control getData
INFO: Get full data of course {New course}
Oct 14, 2012 10:41:51 AM org.hsm.service.CoreService query
INFO: Execute query SELECT * FROM "Course" WHERE "CE#" = 2
Oct 14, 2012 10:41:52 AM org.hsm.control.Control getData
INFO: Get new course
Oct 14, 2012 10:41:52 AM org.hsm.service.CoreService query
INFO: Execute query INSERT INTO "Course" DEFAULT VALUES RETURNING "CE#", "Name"
Oct 14, 2012 10:41:52 AM org.hsm.control.Control getData
INFO: Get full data of course {New course}
Oct 14, 2012 10:41:52 AM org.hsm.service.CoreService query
INFO: Execute query SELECT * FROM "Course" WHERE "CE#" = 3
Oct 14, 2012 10:41:54 AM org.hsm.control.Control fire
INFO: System exits
