Oct 15, 2012 1:09:11 AM org.hsm.control.Control start
INFO: System starts
Oct 15, 2012 1:09:11 AM org.hsm.control.Control start
INFO: Open login window
Oct 15, 2012 1:09:12 AM org.hsm.control.Control tryLogin
INFO: Try login
Oct 15, 2012 1:09:12 AM org.hsm.control.Control tryLogin
INFO: Login success
Oct 15, 2012 1:09:12 AM org.hsm.control.Control getData
INFO: Fetch class list
Oct 15, 2012 1:09:12 AM org.hsm.service.CoreService query
INFO: Execute query SELECT "CL#", "Name" FROM "Class"
ORDER BY "Name"
Oct 15, 2012 1:09:12 AM org.hsm.control.Control getData
INFO: Get list of cities
Oct 15, 2012 1:09:12 AM org.hsm.service.CoreService query
INFO: Execute query SELECT "CY#", "Name" FROM "City"
ORDER BY "Name"
Oct 15, 2012 1:09:13 AM org.hsm.control.Control getData
INFO: Get list of districts in city having id {1}
Oct 15, 2012 1:09:13 AM org.hsm.service.CoreService query
INFO: Execute query SELECT "DT#", "Name" FROM "District"
WHERE "CY#" = 1
ORDER BY "Name"
Oct 15, 2012 1:09:13 AM org.hsm.control.Control getData
INFO: Get list of class
Oct 15, 2012 1:09:13 AM org.hsm.service.CoreService query
INFO: Execute query SELECT "CL#", "Name" FROM "Class"
ORDER BY "Name"
Oct 15, 2012 1:09:13 AM org.hsm.control.Control getData
INFO: Get list of faculties
Oct 15, 2012 1:09:13 AM org.hsm.service.CoreService query
INFO: Execute query SELECT "FC#", "Name" FROM "Faculty" ORDER BY "Name"
Oct 15, 2012 1:09:13 AM org.hsm.control.Control getData
INFO: Get list of cities
Oct 15, 2012 1:09:13 AM org.hsm.service.CoreService query
INFO: Execute query SELECT "CY#", "Name" FROM "City"
ORDER BY "Name"
Oct 15, 2012 1:09:13 AM org.hsm.control.Control getData
INFO: Get list of districts in city having id {1}
Oct 15, 2012 1:09:13 AM org.hsm.service.CoreService query
INFO: Execute query SELECT "DT#", "Name" FROM "District"
WHERE "CY#" = 1
ORDER BY "Name"
Oct 15, 2012 1:09:13 AM org.hsm.control.Control getData
INFO: Get list of faculties
Oct 15, 2012 1:09:13 AM org.hsm.service.CoreService query
INFO: Execute query SELECT "FC#", "Name" FROM "Faculty" ORDER BY "Name"
Oct 15, 2012 1:09:13 AM org.hsm.control.Control getData
INFO: Get list of degrees
Oct 15, 2012 1:09:13 AM org.hsm.service.CoreService query
INFO: Execute query SELECT "DG#", "Name" FROM "Degree" ORDER BY "Name"
Oct 15, 2012 1:09:13 AM org.hsm.control.Control getData
INFO: Get list of cities
Oct 15, 2012 1:09:13 AM org.hsm.service.CoreService query
INFO: Execute query SELECT "CY#", "Name" FROM "City"
ORDER BY "Name"
Oct 15, 2012 1:09:14 AM org.hsm.control.Control getData
INFO: Get list of rooms
Oct 15, 2012 1:09:14 AM org.hsm.service.CoreService query
INFO: Execute query SELECT "RM#", "Name" FROM "Room" ORDER BY "Name"
Oct 15, 2012 1:09:14 AM org.hsm.control.Control getData
INFO: Get courses list
Oct 15, 2012 1:09:14 AM org.hsm.service.CoreService query
INFO: Execute query SELECT "CE#", "Name" FROM "Course" ORDER BY "Name"
Oct 15, 2012 1:09:14 AM org.hsm.control.Control tryLogin
INFO: Show main function window
Oct 15, 2012 1:09:15 AM org.hsm.control.Control getData
INFO: Get raw list of students in {Việt Nhật 5A} class
Oct 15, 2012 1:09:15 AM org.hsm.service.CoreService query
INFO: Execute query SELECT "CT#", concat("First", ' ', "Last") as "Name" FROM "Student"
 WHERE "Student"."CL#" = 1
 ORDER BY "Last"
Oct 15, 2012 1:09:15 AM org.hsm.control.Control getData
INFO: Get raw list of students in {Việt Nhật 5A} class
Oct 15, 2012 1:09:15 AM org.hsm.service.CoreService query
INFO: Execute query SELECT "CT#", concat("First", ' ', "Last") as "Name" FROM "Student"
 WHERE "Student"."CL#" = 1
 ORDER BY "Last"
Oct 15, 2012 1:09:16 AM org.hsm.control.Control getData
INFO: Get raw list of students in {Việt Nhật 5C} class
Oct 15, 2012 1:09:16 AM org.hsm.service.CoreService query
INFO: Execute query SELECT "CT#", concat("First", ' ', "Last") as "Name" FROM "Student"
 WHERE "Student"."CL#" = 3
 ORDER BY "Last"
Oct 15, 2012 1:09:16 AM org.hsm.control.Control getData
INFO: Get raw list of students in {Việt Nhật 5C} class
Oct 15, 2012 1:09:16 AM org.hsm.service.CoreService query
INFO: Execute query SELECT "CT#", concat("First", ' ', "Last") as "Name" FROM "Student"
 WHERE "Student"."CL#" = 3
 ORDER BY "Last"
Oct 15, 2012 1:09:21 AM org.hsm.control.Control fire
INFO: System exits
