Oct 11, 2012 1:43:38 AM org.hsm.control.Control start
INFO: System starts
Oct 11, 2012 1:43:38 AM org.hsm.control.Control start
INFO: Open login window
Oct 11, 2012 1:43:39 AM org.hsm.control.Control tryLogin
INFO: Try login
Oct 11, 2012 1:43:39 AM org.hsm.control.Control tryLogin
INFO: Login success
Oct 11, 2012 1:43:39 AM org.hsm.control.Control getData
INFO: Fetch class list
Oct 11, 2012 1:43:39 AM org.hsm.service.CoreService query
INFO: Execute query select "CL#", "Name" from "Class"
Oct 11, 2012 1:43:40 AM org.hsm.control.Control tryLogin
INFO: Show main function window
Oct 11, 2012 1:43:44 AM org.hsm.control.Control getData
INFO: Remove class with id = {9}, name = {}
Oct 11, 2012 1:43:44 AM org.hsm.service.CoreService update
INFO: Execute udpate
Oct 11, 2012 1:43:48 AM org.hsm.control.Control getData
INFO: Remove class with id = {3}, name = {Việt Nhật 5C}
Oct 11, 2012 1:43:48 AM org.hsm.service.CoreService update
INFO: Execute udpate
Oct 11, 2012 1:43:48 AM org.hsm.service.CoreService update
WARNING: ERROR: update or delete on table "Class" violates foreign key constraint "fk_class" on table "Student"
  Detail: Key (CL#)=(3) is still referenced from table "Student".
Oct 11, 2012 1:43:58 AM org.hsm.control.Control fire
INFO: System exits
