Dec 14, 2012 2:14:27 PM org.hsm.control.Control start
INFO: System starts
Dec 14, 2012 2:14:27 PM org.hsm.control.Control start
INFO: Open login window
Dec 14, 2012 2:14:30 PM org.hsm.control.Control tryLogin
INFO: Try login
Dec 14, 2012 2:14:30 PM org.hsm.control.Control tryLogin
INFO: Login success
Dec 14, 2012 2:14:30 PM org.hsm.control.Control logStart
INFO: Fetch class list
Dec 14, 2012 2:14:30 PM org.hsm.service.CoreService queryFull
INFO: Execute query SELECT * FROM get_class_list()
Dec 14, 2012 2:14:31 PM org.hsm.control.Control logStart
INFO: Get list of cities
Dec 14, 2012 2:14:31 PM org.hsm.service.CoreService queryFull
INFO: Execute query SELECT * FROM get_city_list()
Dec 14, 2012 2:14:31 PM org.hsm.control.Control logStart
INFO: Get list of districts in city having id {1}
Dec 14, 2012 2:14:31 PM org.hsm.service.CoreService queryFull
INFO: Execute query SELECT * FROM get_raw_districts_in_city(1)
Dec 14, 2012 2:14:31 PM org.hsm.control.Control logStart
INFO: Get list of class
Dec 14, 2012 2:14:31 PM org.hsm.service.CoreService queryFull
INFO: Execute query SELECT * FROM get_class_list()
Dec 14, 2012 2:14:31 PM org.hsm.control.Control logStart
INFO: Get raw list of teaching classes
Dec 14, 2012 2:14:31 PM org.hsm.service.CoreService queryFull
INFO: Execute query SELECT * FROM get_raw_list_of_teaching_classes()
Dec 14, 2012 2:14:31 PM org.hsm.control.Control logStart
INFO: Get list of faculties
Dec 14, 2012 2:14:31 PM org.hsm.service.CoreService queryFull
INFO: Execute query SELECT * FROM get_faculty_list()
Dec 14, 2012 2:14:31 PM org.hsm.control.Control logStart
INFO: Get list of cities
Dec 14, 2012 2:14:31 PM org.hsm.service.CoreService queryFull
INFO: Execute query SELECT * FROM get_city_list()
Dec 14, 2012 2:14:31 PM org.hsm.control.Control logStart
INFO: Get list of districts in city having id {1}
Dec 14, 2012 2:14:31 PM org.hsm.service.CoreService queryFull
INFO: Execute query SELECT * FROM get_raw_districts_in_city(1)
Dec 14, 2012 2:14:31 PM org.hsm.control.Control logStart
INFO: Get list of faculties
Dec 14, 2012 2:14:31 PM org.hsm.service.CoreService queryFull
INFO: Execute query SELECT * FROM get_faculty_list()
Dec 14, 2012 2:14:31 PM org.hsm.control.Control logStart
INFO: Get list of degrees
Dec 14, 2012 2:14:31 PM org.hsm.service.CoreService queryFull
INFO: Execute query SELECT * FROM get_degree_list()
Dec 14, 2012 2:14:31 PM org.hsm.control.Control logStart
INFO: Get raw list of teaching classes
Dec 14, 2012 2:14:31 PM org.hsm.service.CoreService queryFull
INFO: Execute query SELECT * FROM get_raw_list_of_teaching_classes()
Dec 14, 2012 2:14:31 PM org.hsm.control.Control logStart
INFO: Get courses list
Dec 14, 2012 2:14:31 PM org.hsm.service.CoreService queryFull
INFO: Execute query SELECT * FROM get_raw_courses_list()
Dec 14, 2012 2:14:31 PM org.hsm.control.Control logStart
INFO: Get list of all lecturers
Dec 14, 2012 2:14:31 PM org.hsm.service.CoreService queryFull
INFO: Execute query SELECT * FROM get_all_lecturers()
Dec 14, 2012 2:14:31 PM org.hsm.control.Control logStart
INFO: Get list of rooms
Dec 14, 2012 2:14:31 PM org.hsm.service.CoreService queryFull
INFO: Execute query SELECT * FROM get_room_list()
Dec 14, 2012 2:14:31 PM org.hsm.control.Control logStart
INFO: Get list of cities
Dec 14, 2012 2:14:31 PM org.hsm.service.CoreService queryFull
INFO: Execute query SELECT * FROM get_city_list()
Dec 14, 2012 2:14:32 PM org.hsm.control.Control logStart
INFO: Get list of rooms
Dec 14, 2012 2:14:32 PM org.hsm.service.CoreService queryFull
INFO: Execute query SELECT * FROM get_room_list()
Dec 14, 2012 2:14:32 PM org.hsm.control.Control logStart
INFO: Get courses list
Dec 14, 2012 2:14:32 PM org.hsm.service.CoreService queryFull
INFO: Execute query SELECT * FROM get_raw_courses_list()
Dec 14, 2012 2:14:32 PM org.hsm.service.CoreService queryFull
INFO: Execute query SELECT * FROM get_table_info()
Dec 14, 2012 2:14:32 PM org.hsm.control.Control logStart
INFO: Get login information{host}
Dec 14, 2012 2:14:32 PM org.hsm.control.Control logStart
INFO: Get login information{port}
Dec 14, 2012 2:14:32 PM org.hsm.control.Control logStart
INFO: Get login information{database}
Dec 14, 2012 2:14:32 PM org.hsm.control.Control logStart
INFO: Get login information{username}
Dec 14, 2012 2:14:32 PM org.hsm.control.Control tryLogin
INFO: Show main function window
Dec 14, 2012 2:14:36 PM org.hsm.control.Control logStart
INFO: Get raw list of students in {BK1.06} class
Dec 14, 2012 2:14:36 PM org.hsm.service.CoreService queryFull
INFO: Execute query SELECT * FROM get_raw_students_list_in_class(688)
Dec 14, 2012 2:14:36 PM org.hsm.control.Control logStart
INFO: Get raw list of students in {BK1.06} class
Dec 14, 2012 2:14:36 PM org.hsm.service.CoreService queryFull
INFO: Execute query SELECT * FROM get_raw_students_list_in_class(688)
Dec 14, 2012 2:14:37 PM org.hsm.control.Control logStart
INFO: Get statistic information of student {Hoàng Thành Công}
Dec 14, 2012 2:14:37 PM org.hsm.service.CoreService queryFull
INFO: Execute query SELECT * FROM get_single_student_statistic8(38501)
Dec 14, 2012 2:14:37 PM org.hsm.control.Control logStart
INFO: Get full data of student {Hoàng Thành Công}
Dec 14, 2012 2:14:37 PM org.hsm.service.CoreService queryFull
INFO: Execute query SELECT * FROM get_full_data_student(38501)
Dec 14, 2012 2:14:37 PM org.hsm.service.CoreService queryFull
WARNING: ERROR: permission denied for relation student
  Where: SQL function "get_full_data_student" statement 1
Dec 14, 2012 2:14:40 PM org.hsm.control.Control logStart
INFO: Get academic information of student {Hoàng Thành Công}
Dec 14, 2012 2:14:40 PM org.hsm.service.CoreService queryFull
INFO: Execute query SELECT * FROM get_academic_info(38501)
Dec 14, 2012 2:14:41 PM org.hsm.control.Control logStart
INFO: Get statistic information of student {Lương Việt Dũng}
Dec 14, 2012 2:14:41 PM org.hsm.service.CoreService queryFull
INFO: Execute query SELECT * FROM get_single_student_statistic8(38507)
Dec 14, 2012 2:14:41 PM org.hsm.control.Control logStart
INFO: Get full data of student {Lương Việt Dũng}
Dec 14, 2012 2:14:41 PM org.hsm.service.CoreService queryFull
INFO: Execute query SELECT * FROM get_full_data_student(38507)
Dec 14, 2012 2:14:41 PM org.hsm.service.CoreService queryFull
WARNING: ERROR: permission denied for relation student
  Where: SQL function "get_full_data_student" statement 1
Dec 14, 2012 2:14:49 PM org.hsm.control.Control logStart
INFO: Get academic information of student {Lương Việt Dũng}
Dec 14, 2012 2:14:49 PM org.hsm.service.CoreService queryFull
INFO: Execute query SELECT * FROM get_academic_info(38507)
Dec 14, 2012 2:16:03 PM org.hsm.control.Control logStart
INFO: Get statistic information of student {Nguyễn Xuân Cảnh}
Dec 14, 2012 2:16:03 PM org.hsm.service.CoreService queryFull
INFO: Execute query SELECT * FROM get_single_student_statistic8(38500)
Dec 14, 2012 2:16:03 PM org.hsm.control.Control logStart
INFO: Get full data of student {Nguyễn Xuân Cảnh}
Dec 14, 2012 2:16:03 PM org.hsm.service.CoreService queryFull
INFO: Execute query SELECT * FROM get_full_data_student(38500)
Dec 14, 2012 2:16:03 PM org.hsm.control.Control logStart
INFO: Get city of district with id {294}
Dec 14, 2012 2:16:03 PM org.hsm.service.CoreService queryFull
INFO: Execute query SELECT * FROM get_city_of_district(294)
Dec 14, 2012 2:16:03 PM org.hsm.control.Control logStart
INFO: Get list of districts in city having id {41}
Dec 14, 2012 2:16:03 PM org.hsm.service.CoreService queryFull
INFO: Execute query SELECT * FROM get_raw_districts_in_city(41)
Dec 14, 2012 2:16:03 PM org.hsm.control.Control logStart
INFO: Get list of districts in city having id {41}
Dec 14, 2012 2:16:03 PM org.hsm.service.CoreService queryFull
INFO: Execute query SELECT * FROM get_raw_districts_in_city(41)
Dec 14, 2012 2:16:03 PM org.hsm.control.Control logStart
INFO: Get academic information of student {Nguyễn Xuân Cảnh}
Dec 14, 2012 2:16:03 PM org.hsm.service.CoreService queryFull
INFO: Execute query SELECT * FROM get_academic_info(38500)
Dec 14, 2012 2:16:03 PM org.hsm.control.Control logStart
INFO: Get statistic information of student {Nguyễn Xuân Cảnh}
Dec 14, 2012 2:16:03 PM org.hsm.service.CoreService queryFull
INFO: Execute query SELECT * FROM get_single_student_statistic8(38500)
Dec 14, 2012 2:16:03 PM org.hsm.control.Control logStart
INFO: Get full data of student {Nguyễn Xuân Cảnh}
Dec 14, 2012 2:16:04 PM org.hsm.service.CoreService queryFull
INFO: Execute query SELECT * FROM get_full_data_student(38500)
Dec 14, 2012 2:16:04 PM org.hsm.control.Control logStart
INFO: Get city of district with id {294}
Dec 14, 2012 2:16:04 PM org.hsm.service.CoreService queryFull
INFO: Execute query SELECT * FROM get_city_of_district(294)
Dec 14, 2012 2:16:04 PM org.hsm.control.Control logStart
INFO: Get academic information of student {Nguyễn Xuân Cảnh}
Dec 14, 2012 2:16:04 PM org.hsm.service.CoreService queryFull
INFO: Execute query SELECT * FROM get_academic_info(38500)
Dec 14, 2012 2:16:11 PM org.hsm.control.Control logStart
INFO: Update information of student {Nguyễn Xuân Cảnh}
Dec 14, 2012 2:16:11 PM org.hsm.service.CoreService queryFull
INFO: Execute query SELECT update_full_student('Nguyễn Xuân'::text, 'Cảnh'::text, true, 'Sat Jul 23 00:00:00 ICT 1994'::text, '20120090@student.hut.edu.vn
'::text, '
'::text, ''::text, ''::text, 294, 0.0::double precision, 688, '20120090'::text, 2012, 38500)
Dec 14, 2012 2:16:11 PM org.hsm.service.CoreService queryFull
WARNING: ERROR: permission denied for relation student
  Where: SQL statement "UPDATE student
	SET
		first = $1
		, last = $2
		, sex = $3
		, dob = $4::date
		, emails = $5
		, phones = $6
		, note = $7
		, home = $8
		, dt = $9
		, point = $10
		, cl = $11
		, mssv = $12
		, year = $13
	WHERE ct = $14"
PL/pgSQL function "update_full_student" line 21 at SQL statement
Dec 14, 2012 2:17:09 PM org.hsm.control.Control logStart
INFO: Get lecturers in faculty {Centre for Education and Development of Chromatography}
Dec 14, 2012 2:17:09 PM org.hsm.service.CoreService queryFull
INFO: Execute query SELECT * FROM get_raw_lecturers_list_in_faculty(8)
Dec 14, 2012 2:17:10 PM org.hsm.control.Control logStart
INFO: Get lecturers in faculty {Centre for Education and Development of Chromatography}
Dec 14, 2012 2:17:10 PM org.hsm.service.CoreService queryFull
INFO: Execute query SELECT * FROM get_raw_lecturers_list_in_faculty(8)
Dec 14, 2012 2:17:11 PM org.hsm.control.Control logStart
INFO: New lecturer in faculty {Centre for Education and Development of Chromatography}
Dec 14, 2012 2:17:11 PM org.hsm.service.CoreService queryFull
INFO: Execute query SELECT * FROM get_new_lecturer_in_faculty(8)
Dec 14, 2012 2:17:11 PM org.hsm.service.CoreService queryFull
WARNING: ERROR: permission denied for relation faculty
  Where: SQL function "get_new_lecturer_in_faculty" statement 1
Dec 14, 2012 2:17:15 PM org.hsm.control.Control logStart
INFO: Get lecturers in faculty {Department of Political Theory}
Dec 14, 2012 2:17:15 PM org.hsm.service.CoreService queryFull
INFO: Execute query SELECT * FROM get_raw_lecturers_list_in_faculty(14)
Dec 14, 2012 2:17:15 PM org.hsm.control.Control logStart
INFO: Get lecturers in faculty {Department of Political Theory}
Dec 14, 2012 2:17:16 PM org.hsm.service.CoreService queryFull
INFO: Execute query SELECT * FROM get_raw_lecturers_list_in_faculty(14)
Dec 14, 2012 2:17:17 PM org.hsm.control.Control logStart
INFO: Get lecturers in faculty {School of Chemical Engineering}
Dec 14, 2012 2:17:17 PM org.hsm.service.CoreService queryFull
INFO: Execute query SELECT * FROM get_raw_lecturers_list_in_faculty(21)
Dec 14, 2012 2:17:17 PM org.hsm.control.Control logStart
INFO: Get lecturers in faculty {School of Chemical Engineering}
Dec 14, 2012 2:17:17 PM org.hsm.service.CoreService queryFull
INFO: Execute query SELECT * FROM get_raw_lecturers_list_in_faculty(21)
Dec 14, 2012 2:17:18 PM org.hsm.control.Control logStart
INFO: Get lecturers in faculty {School of Electrical Engineering}
Dec 14, 2012 2:17:18 PM org.hsm.service.CoreService queryFull
INFO: Execute query SELECT * FROM get_raw_lecturers_list_in_faculty(24)
Dec 14, 2012 2:17:18 PM org.hsm.control.Control logStart
INFO: Get lecturers in faculty {School of Electrical Engineering}
Dec 14, 2012 2:17:18 PM org.hsm.service.CoreService queryFull
INFO: Execute query SELECT * FROM get_raw_lecturers_list_in_faculty(24)
Dec 14, 2012 2:17:22 PM org.hsm.control.Control logStart
INFO: Get lecturers in faculty {Computer science}
Dec 14, 2012 2:17:22 PM org.hsm.service.CoreService queryFull
INFO: Execute query SELECT * FROM get_raw_lecturers_list_in_faculty(39)
Dec 14, 2012 2:17:22 PM org.hsm.control.Control logStart
INFO: Get lecturers in faculty {Computer science}
Dec 14, 2012 2:17:22 PM org.hsm.service.CoreService queryFull
INFO: Execute query SELECT * FROM get_raw_lecturers_list_in_faculty(39)
Dec 14, 2012 2:17:24 PM org.hsm.control.Control logStart
INFO: Get statistic information of lecturer {Nguyễn Thị Thanh Nga}
Dec 14, 2012 2:17:24 PM org.hsm.service.CoreService queryFull
INFO: Execute query SELECT * FROM get_single_lecturer_statistic5(42)
Dec 14, 2012 2:17:24 PM org.hsm.control.Control getData
INFO: Get full data of lecturer {Nguyễn Thị Thanh Nga}
Dec 14, 2012 2:17:24 PM org.hsm.service.CoreService queryFull
INFO: Execute query SELECT * FROM get_full_data_lecturer_in_faculty(42)
Dec 14, 2012 2:17:24 PM org.hsm.control.Control logStart
INFO: Get city of district with id {467}
Dec 14, 2012 2:17:24 PM org.hsm.service.CoreService queryFull
INFO: Execute query SELECT * FROM get_city_of_district(467)
Dec 14, 2012 2:17:24 PM org.hsm.control.Control logStart
INFO: Get list of districts in city having id {14}
Dec 14, 2012 2:17:24 PM org.hsm.service.CoreService queryFull
INFO: Execute query SELECT * FROM get_raw_districts_in_city(14)
Dec 14, 2012 2:17:24 PM org.hsm.control.Control logStart
INFO: Get list of districts in city having id {14}
Dec 14, 2012 2:17:24 PM org.hsm.service.CoreService queryFull
INFO: Execute query SELECT * FROM get_raw_districts_in_city(14)
Dec 14, 2012 2:17:24 PM org.hsm.control.Control logStart
INFO: Get teaching information of lecturer {Nguyễn Thị Thanh Nga}
Dec 14, 2012 2:17:24 PM org.hsm.service.CoreService queryFull
INFO: Execute query SELECT * FROM get_teach_info_lecturer(42)
Dec 14, 2012 2:17:24 PM org.hsm.control.Control logStart
INFO: Get statistic information of lecturer {Nguyễn Thị Thanh Nga}
Dec 14, 2012 2:17:24 PM org.hsm.service.CoreService queryFull
INFO: Execute query SELECT * FROM get_single_lecturer_statistic5(42)
Dec 14, 2012 2:17:24 PM org.hsm.control.Control getData
INFO: Get full data of lecturer {Nguyễn Thị Thanh Nga}
Dec 14, 2012 2:17:24 PM org.hsm.service.CoreService queryFull
INFO: Execute query SELECT * FROM get_full_data_lecturer_in_faculty(42)
Dec 14, 2012 2:17:24 PM org.hsm.control.Control logStart
INFO: Get city of district with id {467}
Dec 14, 2012 2:17:24 PM org.hsm.service.CoreService queryFull
INFO: Execute query SELECT * FROM get_city_of_district(467)
Dec 14, 2012 2:17:24 PM org.hsm.control.Control logStart
INFO: Get teaching information of lecturer {Nguyễn Thị Thanh Nga}
Dec 14, 2012 2:17:24 PM org.hsm.service.CoreService queryFull
INFO: Execute query SELECT * FROM get_teach_info_lecturer(42)
Dec 14, 2012 2:17:34 PM org.hsm.control.Control getData
INFO: Save information of lecturer {Nguyễn Thị Thanh Nga}
Dec 14, 2012 2:17:34 PM org.hsm.service.CoreService queryFull
INFO: Execute query SELECT update_lecturer('Nguyễn Thị Thanh'::text, 'Nga'::text, true, 'Sat Aug 01 00:00:00 ICT 1981'::text, '
'::text, '
'::text, 'Giảng viên'::text, ''::text, 467, 39, 2, 42)
Dec 14, 2012 2:18:12 PM org.hsm.control.Control fire
INFO: System exits
