Oct 14, 2012 4:15:46 AM org.hsm.control.Control start
INFO: System starts
Oct 14, 2012 4:15:46 AM org.hsm.control.Control start
INFO: Open login window
Oct 14, 2012 4:15:47 AM org.hsm.control.Control tryLogin
INFO: Try login
Oct 14, 2012 4:15:47 AM org.hsm.control.Control tryLogin
INFO: Login success
Oct 14, 2012 4:15:47 AM org.hsm.control.Control getData
INFO: Fetch class list
Oct 14, 2012 4:15:47 AM org.hsm.service.CoreService query
INFO: Execute query SELECT "CL#", "Name" FROM "Class"
ORDER BY "Name"
Oct 14, 2012 4:15:47 AM org.hsm.control.Control getData
INFO: Get list of cities
Oct 14, 2012 4:15:47 AM org.hsm.service.CoreService query
INFO: Execute query SELECT "CY#", "Name" FROM "City"
ORDER BY "Name"
Oct 14, 2012 4:15:47 AM org.hsm.control.Control getData
INFO: Get list of districts in city having id {1}
Oct 14, 2012 4:15:47 AM org.hsm.service.CoreService query
INFO: Execute query SELECT "DT#", "Name" FROM "District"
WHERE "CY#" = 1
ORDER BY "Name"
Oct 14, 2012 4:15:48 AM org.hsm.control.Control getData
INFO: Get list of class
Oct 14, 2012 4:15:48 AM org.hsm.service.CoreService query
INFO: Execute query SELECT "CL#", "Name" FROM "Class"
ORDER BY "Name"
Oct 14, 2012 4:15:48 AM org.hsm.control.Control getData
INFO: Get list of faculties
Oct 14, 2012 4:15:48 AM org.hsm.service.CoreService query
INFO: Execute query SELECT "FC#", "Name" FROM "Faculty" ORDER BY "Name"
Oct 14, 2012 4:15:48 AM org.hsm.control.Control getData
INFO: Get list of cities
Oct 14, 2012 4:15:48 AM org.hsm.service.CoreService query
INFO: Execute query SELECT "CY#", "Name" FROM "City"
ORDER BY "Name"
Oct 14, 2012 4:15:48 AM org.hsm.control.Control tryLogin
INFO: Show main function window
Oct 14, 2012 4:15:55 AM org.hsm.control.Control getData
INFO: Get new district in city {Bắc Giang}
Oct 14, 2012 4:15:55 AM org.hsm.service.CoreService query
INFO: Execute query SELECT "DT#", "Name" FROM "District"
WHERE "CY#" = 3
ORDER BY "Name"
Oct 14, 2012 4:15:55 AM org.hsm.control.Control getData
INFO: Get new district in city {Bắc Giang}
Oct 14, 2012 4:15:55 AM org.hsm.service.CoreService query
INFO: Execute query SELECT "DT#", "Name" FROM "District"
WHERE "CY#" = 3
ORDER BY "Name"
Oct 14, 2012 4:15:58 AM org.hsm.control.Control getData
INFO: Get lecturers in faculty {Advanced Institute of Science and Technology - AIST}
Oct 14, 2012 4:15:58 AM org.hsm.service.CoreService query
INFO: Execute query SELECT "LT#", "Name"
FROM "Lecturer"
WHERE "FC#" = 2
ORDER BY "Name"
Oct 14, 2012 4:15:58 AM org.hsm.service.CoreService query
WARNING: ERROR: column "LT#" does not exist
  Position: 8
Oct 14, 2012 4:15:58 AM org.hsm.control.Control getData
INFO: Get lecturers in faculty {Advanced Institute of Science and Technology - AIST}
Oct 14, 2012 4:15:58 AM org.hsm.service.CoreService query
INFO: Execute query SELECT "LT#", "Name"
FROM "Lecturer"
WHERE "FC#" = 2
ORDER BY "Name"
Oct 14, 2012 4:15:58 AM org.hsm.service.CoreService query
WARNING: ERROR: column "LT#" does not exist
  Position: 8
Oct 14, 2012 4:15:59 AM org.hsm.control.Control getData
INFO: Get lecturers in faculty {Centre for Development and Application of Software for Industry (DASI)}
Oct 14, 2012 4:15:59 AM org.hsm.service.CoreService query
INFO: Execute query SELECT "LT#", "Name"
FROM "Lecturer"
WHERE "FC#" = 7
ORDER BY "Name"
Oct 14, 2012 4:15:59 AM org.hsm.service.CoreService query
WARNING: ERROR: column "LT#" does not exist
  Position: 8
Oct 14, 2012 4:15:59 AM org.hsm.control.Control getData
INFO: Get lecturers in faculty {Centre for Development and Application of Software for Industry (DASI)}
Oct 14, 2012 4:15:59 AM org.hsm.service.CoreService query
INFO: Execute query SELECT "LT#", "Name"
FROM "Lecturer"
WHERE "FC#" = 7
ORDER BY "Name"
Oct 14, 2012 4:15:59 AM org.hsm.service.CoreService query
WARNING: ERROR: column "LT#" does not exist
  Position: 8
Oct 14, 2012 4:16:00 AM org.hsm.control.Control getData
INFO: Get lecturers in faculty {Faculty of Engineering Education}
Oct 14, 2012 4:16:00 AM org.hsm.service.CoreService query
INFO: Execute query SELECT "LT#", "Name"
FROM "Lecturer"
WHERE "FC#" = 16
ORDER BY "Name"
Oct 14, 2012 4:16:00 AM org.hsm.service.CoreService query
WARNING: ERROR: column "LT#" does not exist
  Position: 8
Oct 14, 2012 4:16:00 AM org.hsm.control.Control getData
INFO: Get lecturers in faculty {Faculty of Engineering Education}
Oct 14, 2012 4:16:00 AM org.hsm.service.CoreService query
INFO: Execute query SELECT "LT#", "Name"
FROM "Lecturer"
WHERE "FC#" = 16
ORDER BY "Name"
Oct 14, 2012 4:16:00 AM org.hsm.service.CoreService query
WARNING: ERROR: column "LT#" does not exist
  Position: 8
Oct 14, 2012 4:16:01 AM org.hsm.control.Control getData
INFO: Get lecturers in faculty {Unknown}
Oct 14, 2012 4:16:01 AM org.hsm.service.CoreService query
INFO: Execute query SELECT "LT#", "Name"
FROM "Lecturer"
WHERE "FC#" = 1
ORDER BY "Name"
Oct 14, 2012 4:16:01 AM org.hsm.service.CoreService query
WARNING: ERROR: column "LT#" does not exist
  Position: 8
Oct 14, 2012 4:16:01 AM org.hsm.control.Control getData
INFO: Get lecturers in faculty {Unknown}
Oct 14, 2012 4:16:01 AM org.hsm.service.CoreService query
INFO: Execute query SELECT "LT#", "Name"
FROM "Lecturer"
WHERE "FC#" = 1
ORDER BY "Name"
Oct 14, 2012 4:16:01 AM org.hsm.service.CoreService query
WARNING: ERROR: column "LT#" does not exist
  Position: 8
Oct 14, 2012 4:16:02 AM org.hsm.control.Control getData
INFO: Get lecturers in faculty {School of Environmental Science and Technology}
Oct 14, 2012 4:16:02 AM org.hsm.service.CoreService query
INFO: Execute query SELECT "LT#", "Name"
FROM "Lecturer"
WHERE "FC#" = 26
ORDER BY "Name"
Oct 14, 2012 4:16:02 AM org.hsm.service.CoreService query
WARNING: ERROR: column "LT#" does not exist
  Position: 8
Oct 14, 2012 4:16:02 AM org.hsm.control.Control getData
INFO: Get lecturers in faculty {School of Environmental Science and Technology}
Oct 14, 2012 4:16:02 AM org.hsm.service.CoreService query
INFO: Execute query SELECT "LT#", "Name"
FROM "Lecturer"
WHERE "FC#" = 26
ORDER BY "Name"
Oct 14, 2012 4:16:02 AM org.hsm.service.CoreService query
WARNING: ERROR: column "LT#" does not exist
  Position: 8
Oct 14, 2012 4:16:04 AM org.hsm.control.Control getData
INFO: Get lecturers in faculty {Computer center}
Oct 14, 2012 4:16:04 AM org.hsm.service.CoreService query
INFO: Execute query SELECT "LT#", "Name"
FROM "Lecturer"
WHERE "FC#" = 41
ORDER BY "Name"
Oct 14, 2012 4:16:04 AM org.hsm.service.CoreService query
WARNING: ERROR: column "LT#" does not exist
  Position: 8
Oct 14, 2012 4:16:04 AM org.hsm.control.Control getData
INFO: Get lecturers in faculty {Computer center}
Oct 14, 2012 4:16:04 AM org.hsm.service.CoreService query
INFO: Execute query SELECT "LT#", "Name"
FROM "Lecturer"
WHERE "FC#" = 41
ORDER BY "Name"
Oct 14, 2012 4:16:04 AM org.hsm.service.CoreService query
WARNING: ERROR: column "LT#" does not exist
  Position: 8
Oct 14, 2012 4:16:07 AM org.hsm.control.Control getData
INFO: Get lecturers in faculty {Unknown}
Oct 14, 2012 4:16:07 AM org.hsm.service.CoreService query
INFO: Execute query SELECT "LT#", "Name"
FROM "Lecturer"
WHERE "FC#" = 1
ORDER BY "Name"
Oct 14, 2012 4:16:07 AM org.hsm.service.CoreService query
WARNING: ERROR: column "LT#" does not exist
  Position: 8
Oct 14, 2012 4:16:07 AM org.hsm.control.Control getData
INFO: Get lecturers in faculty {Unknown}
Oct 14, 2012 4:16:07 AM org.hsm.service.CoreService query
INFO: Execute query SELECT "LT#", "Name"
FROM "Lecturer"
WHERE "FC#" = 1
ORDER BY "Name"
Oct 14, 2012 4:16:07 AM org.hsm.service.CoreService query
WARNING: ERROR: column "LT#" does not exist
  Position: 8
Oct 14, 2012 4:16:09 AM org.hsm.control.Control getData
INFO: Get raw list of students in {Việt Nhật 5B} class
Oct 14, 2012 4:16:09 AM org.hsm.service.CoreService query
INFO: Execute query SELECT "CT#", "First", "Last" FROM "Student"
 WHERE "Student"."CL#" = 2
 ORDER BY "Last"
Oct 14, 2012 4:16:09 AM org.hsm.control.Control getData
INFO: Get raw list of students in {Việt Nhật 5B} class
Oct 14, 2012 4:16:09 AM org.hsm.service.CoreService query
INFO: Execute query SELECT "CT#", "First", "Last" FROM "Student"
 WHERE "Student"."CL#" = 2
 ORDER BY "Last"
Oct 14, 2012 4:16:10 AM org.hsm.control.Control getData
INFO: Get raw list of students in {Việt Nhật 5A} class
Oct 14, 2012 4:16:10 AM org.hsm.service.CoreService query
INFO: Execute query SELECT "CT#", "First", "Last" FROM "Student"
 WHERE "Student"."CL#" = 1
 ORDER BY "Last"
Oct 14, 2012 4:16:10 AM org.hsm.control.Control getData
INFO: Get raw list of students in {Việt Nhật 5A} class
Oct 14, 2012 4:16:10 AM org.hsm.service.CoreService query
INFO: Execute query SELECT "CT#", "First", "Last" FROM "Student"
 WHERE "Student"."CL#" = 1
 ORDER BY "Last"
Oct 14, 2012 4:16:11 AM org.hsm.control.Control getData
INFO: Get lecturers in faculty {Centre for Development and Application of Software for Industry (DASI)}
Oct 14, 2012 4:16:11 AM org.hsm.service.CoreService query
INFO: Execute query SELECT "LT#", "Name"
FROM "Lecturer"
WHERE "FC#" = 7
ORDER BY "Name"
Oct 14, 2012 4:16:11 AM org.hsm.service.CoreService query
WARNING: ERROR: column "LT#" does not exist
  Position: 8
Oct 14, 2012 4:16:11 AM org.hsm.control.Control getData
INFO: Get lecturers in faculty {Centre for Development and Application of Software for Industry (DASI)}
Oct 14, 2012 4:16:11 AM org.hsm.service.CoreService query
INFO: Execute query SELECT "LT#", "Name"
FROM "Lecturer"
WHERE "FC#" = 7
ORDER BY "Name"
Oct 14, 2012 4:16:11 AM org.hsm.service.CoreService query
WARNING: ERROR: column "LT#" does not exist
  Position: 8
Oct 14, 2012 4:16:11 AM org.hsm.control.Control getData
INFO: Get lecturers in faculty {Faculty of Physical Education}
Oct 14, 2012 4:16:11 AM org.hsm.service.CoreService query
INFO: Execute query SELECT "LT#", "Name"
FROM "Lecturer"
WHERE "FC#" = 18
ORDER BY "Name"
Oct 14, 2012 4:16:12 AM org.hsm.service.CoreService query
WARNING: ERROR: column "LT#" does not exist
  Position: 8
Oct 14, 2012 4:16:12 AM org.hsm.control.Control getData
INFO: Get lecturers in faculty {Faculty of Physical Education}
Oct 14, 2012 4:16:12 AM org.hsm.service.CoreService query
INFO: Execute query SELECT "LT#", "Name"
FROM "Lecturer"
WHERE "FC#" = 18
ORDER BY "Name"
Oct 14, 2012 4:16:12 AM org.hsm.service.CoreService query
WARNING: ERROR: column "LT#" does not exist
  Position: 8
Oct 14, 2012 4:16:12 AM org.hsm.control.Control getData
INFO: Get lecturers in faculty {School of Applied Mathematics and Informatics}
Oct 14, 2012 4:16:12 AM org.hsm.service.CoreService query
INFO: Execute query SELECT "LT#", "Name"
FROM "Lecturer"
WHERE "FC#" = 20
ORDER BY "Name"
Oct 14, 2012 4:16:12 AM org.hsm.service.CoreService query
WARNING: ERROR: column "LT#" does not exist
  Position: 8
Oct 14, 2012 4:16:12 AM org.hsm.control.Control getData
INFO: Get lecturers in faculty {School of Applied Mathematics and Informatics}
Oct 14, 2012 4:16:12 AM org.hsm.service.CoreService query
INFO: Execute query SELECT "LT#", "Name"
FROM "Lecturer"
WHERE "FC#" = 20
ORDER BY "Name"
Oct 14, 2012 4:16:12 AM org.hsm.service.CoreService query
WARNING: ERROR: column "LT#" does not exist
  Position: 8
Oct 14, 2012 4:16:13 AM org.hsm.control.Control getData
INFO: Get lecturers in faculty {Unknown}
Oct 14, 2012 4:16:13 AM org.hsm.service.CoreService query
INFO: Execute query SELECT "LT#", "Name"
FROM "Lecturer"
WHERE "FC#" = 1
ORDER BY "Name"
Oct 14, 2012 4:16:13 AM org.hsm.service.CoreService query
WARNING: ERROR: column "LT#" does not exist
  Position: 8
Oct 14, 2012 4:16:13 AM org.hsm.control.Control getData
INFO: Get lecturers in faculty {Unknown}
Oct 14, 2012 4:16:13 AM org.hsm.service.CoreService query
INFO: Execute query SELECT "LT#", "Name"
FROM "Lecturer"
WHERE "FC#" = 1
ORDER BY "Name"
Oct 14, 2012 4:16:13 AM org.hsm.service.CoreService query
WARNING: ERROR: column "LT#" does not exist
  Position: 8
Oct 14, 2012 4:16:13 AM org.hsm.control.Control getData
INFO: Get lecturers in faculty {Centre for Research and Consulting on Management}
Oct 14, 2012 4:16:13 AM org.hsm.service.CoreService query
INFO: Execute query SELECT "LT#", "Name"
FROM "Lecturer"
WHERE "FC#" = 12
ORDER BY "Name"
Oct 14, 2012 4:16:13 AM org.hsm.service.CoreService query
WARNING: ERROR: column "LT#" does not exist
  Position: 8
Oct 14, 2012 4:16:13 AM org.hsm.control.Control getData
INFO: Get lecturers in faculty {Centre for Research and Consulting on Management}
Oct 14, 2012 4:16:13 AM org.hsm.service.CoreService query
INFO: Execute query SELECT "LT#", "Name"
FROM "Lecturer"
WHERE "FC#" = 12
ORDER BY "Name"
Oct 14, 2012 4:16:13 AM org.hsm.service.CoreService query
WARNING: ERROR: column "LT#" does not exist
  Position: 8
Oct 14, 2012 4:16:14 AM org.hsm.control.Control getData
INFO: Get lecturers in faculty {International Training Institute for Materials Science (ITIMS)}
Oct 14, 2012 4:16:14 AM org.hsm.service.CoreService query
INFO: Execute query SELECT "LT#", "Name"
FROM "Lecturer"
WHERE "FC#" = 19
ORDER BY "Name"
Oct 14, 2012 4:16:14 AM org.hsm.service.CoreService query
WARNING: ERROR: column "LT#" does not exist
  Position: 8
Oct 14, 2012 4:16:14 AM org.hsm.control.Control getData
INFO: Get lecturers in faculty {International Training Institute for Materials Science (ITIMS)}
Oct 14, 2012 4:16:14 AM org.hsm.service.CoreService query
INFO: Execute query SELECT "LT#", "Name"
FROM "Lecturer"
WHERE "FC#" = 19
ORDER BY "Name"
Oct 14, 2012 4:16:14 AM org.hsm.service.CoreService query
WARNING: ERROR: column "LT#" does not exist
  Position: 8
Oct 14, 2012 4:16:25 AM org.hsm.control.Control fire
INFO: System exits
