Oct 12, 2012 6:16:15 AM org.hsm.control.Control start
INFO: System starts
Oct 12, 2012 6:16:15 AM org.hsm.control.Control start
INFO: Open login window
Oct 12, 2012 6:16:18 AM org.hsm.control.Control tryLogin
INFO: Try login
Oct 12, 2012 6:16:18 AM org.hsm.control.Control tryLogin
INFO: Login success
Oct 12, 2012 6:16:19 AM org.hsm.control.Control getData
INFO: Fetch class list
Oct 12, 2012 6:16:19 AM org.hsm.service.CoreService query
INFO: Execute query SELECT "CL#", "Name" FROM "Class"
ORDER BY "Name"
Oct 12, 2012 6:16:19 AM org.hsm.control.Control tryLogin
INFO: Show main function window
Oct 12, 2012 6:16:24 AM org.hsm.control.Control getData
INFO: Create new class
Oct 12, 2012 6:16:24 AM org.hsm.service.CoreService query
INFO: Execute query INSERT INTO "Class" DEFAULT VALUES
 RETURNING "CL#", "Name"
Oct 12, 2012 6:16:24 AM org.hsm.control.Control getData
INFO: Get raw list of students in {New class} class
Oct 12, 2012 6:16:24 AM org.hsm.service.CoreService query
INFO: Execute query SELECT "CT#", "First", "Last" FROM "Student"
 WHERE "Student"."CL#" = 8
 ORDER BY "Last"
Oct 12, 2012 6:16:32 AM org.hsm.control.Control getData
INFO: Change class's name from {New class} to {New classx}
Oct 12, 2012 6:16:32 AM org.hsm.service.CoreService update
INFO: Execute udpate UPDATE FROM "Class"
 SET "Name" = 'New classx
WHERE "CL#" = 8
Oct 12, 2012 6:16:32 AM org.hsm.service.CoreService update
WARNING: ERROR: syntax error at or near "FROM"
  Position: 8
Oct 12, 2012 6:16:40 AM org.hsm.control.Control fire
INFO: System exits
