Oct 12, 2012 6:16:12 PM org.hsm.control.Control start
INFO: System starts
Oct 12, 2012 6:16:12 PM org.hsm.control.Control start
INFO: Open login window
Oct 12, 2012 6:16:13 PM org.hsm.control.Control tryLogin
INFO: Try login
Oct 12, 2012 6:16:13 PM org.hsm.control.Control tryLogin
INFO: Login success
Oct 12, 2012 6:16:14 PM org.hsm.control.Control getData
INFO: Fetch class list
Oct 12, 2012 6:16:14 PM org.hsm.service.CoreService query
INFO: Execute query SELECT "CL#", "Name" FROM "Class"
ORDER BY "Name"
Oct 12, 2012 6:16:14 PM org.hsm.control.Control getData
INFO: Get list of class
Oct 12, 2012 6:16:14 PM org.hsm.service.CoreService query
INFO: Execute query SELECT "CL#", "Name" FROM "Class"
Oct 12, 2012 6:16:14 PM org.hsm.control.Control tryLogin
INFO: Show main function window
Oct 12, 2012 6:16:20 PM org.hsm.control.Control getData
INFO: Create new class
Oct 12, 2012 6:16:20 PM org.hsm.service.CoreService query
INFO: Execute query INSERT INTO "Class" DEFAULT VALUES
 RETURNING "CL#", "Name"
Oct 12, 2012 6:16:20 PM org.hsm.control.Control getData
INFO: Get raw list of students in {New class} class
Oct 12, 2012 6:16:20 PM org.hsm.service.CoreService query
INFO: Execute query SELECT "CT#", "First", "Last" FROM "Student"
 WHERE "Student"."CL#" = 10
 ORDER BY "Last"
Oct 12, 2012 6:16:24 PM org.hsm.control.Control getData
INFO: Get raw list of students in {New class} class
Oct 12, 2012 6:16:24 PM org.hsm.service.CoreService query
INFO: Execute query SELECT "CT#", "First", "Last" FROM "Student"
 WHERE "Student"."CL#" = 9
 ORDER BY "Last"
Oct 12, 2012 6:16:24 PM org.hsm.control.Control getData
INFO: Get raw list of students in {New class} class
Oct 12, 2012 6:16:24 PM org.hsm.service.CoreService query
INFO: Execute query SELECT "CT#", "First", "Last" FROM "Student"
 WHERE "Student"."CL#" = 9
 ORDER BY "Last"
Oct 12, 2012 6:16:25 PM org.hsm.control.Control getData
INFO: Get raw list of students in {Việt Nhật 5B} class
Oct 12, 2012 6:16:25 PM org.hsm.service.CoreService query
INFO: Execute query SELECT "CT#", "First", "Last" FROM "Student"
 WHERE "Student"."CL#" = 2
 ORDER BY "Last"
Oct 12, 2012 6:16:25 PM org.hsm.control.Control getData
INFO: Get raw list of students in {Việt Nhật 5B} class
Oct 12, 2012 6:16:25 PM org.hsm.service.CoreService query
INFO: Execute query SELECT "CT#", "First", "Last" FROM "Student"
 WHERE "Student"."CL#" = 2
 ORDER BY "Last"
Oct 12, 2012 6:16:30 PM org.hsm.control.Control getData
INFO: Get list of class
Oct 12, 2012 6:16:30 PM org.hsm.service.CoreService query
INFO: Execute query SELECT "CL#", "Name" FROM "Class"
Oct 12, 2012 6:16:40 PM org.hsm.control.Control getData
INFO: Get list of class
Oct 12, 2012 6:16:40 PM org.hsm.service.CoreService query
INFO: Execute query SELECT "CL#", "Name" FROM "Class"
Oct 12, 2012 6:16:53 PM org.hsm.control.Control fire
INFO: System exits
