Dec 14, 2012 2:53:23 PM org.hsm.control.Control start
INFO: System starts
Dec 14, 2012 2:53:23 PM org.hsm.control.Control start
INFO: Open login window
Dec 14, 2012 2:53:24 PM org.hsm.control.Control tryLogin
INFO: Try login
Dec 14, 2012 2:53:24 PM org.hsm.control.Control tryLogin
INFO: Login success
Dec 14, 2012 2:53:24 PM org.hsm.control.Control logStart
INFO: Fetch class list
Dec 14, 2012 2:53:24 PM org.hsm.service.CoreService queryFull
INFO: Execute query SELECT * FROM get_class_list()
Dec 14, 2012 2:53:25 PM org.hsm.control.Control logStart
INFO: Get list of cities
Dec 14, 2012 2:53:25 PM org.hsm.service.CoreService queryFull
INFO: Execute query SELECT * FROM get_city_list()
Dec 14, 2012 2:53:25 PM org.hsm.control.Control logStart
INFO: Get list of districts in city having id {1}
Dec 14, 2012 2:53:25 PM org.hsm.service.CoreService queryFull
INFO: Execute query SELECT * FROM get_raw_districts_in_city(1)
Dec 14, 2012 2:53:25 PM org.hsm.control.Control logStart
INFO: Get list of class
Dec 14, 2012 2:53:25 PM org.hsm.service.CoreService queryFull
INFO: Execute query SELECT * FROM get_class_list()
Dec 14, 2012 2:53:25 PM org.hsm.control.Control logStart
INFO: Get raw list of teaching classes
Dec 14, 2012 2:53:25 PM org.hsm.service.CoreService queryFull
INFO: Execute query SELECT * FROM get_raw_list_of_teaching_classes()
Dec 14, 2012 2:53:25 PM org.hsm.control.Control logStart
INFO: Get list of faculties
Dec 14, 2012 2:53:25 PM org.hsm.service.CoreService queryFull
INFO: Execute query SELECT * FROM get_faculty_list()
Dec 14, 2012 2:53:25 PM org.hsm.control.Control logStart
INFO: Get list of cities
Dec 14, 2012 2:53:25 PM org.hsm.service.CoreService queryFull
INFO: Execute query SELECT * FROM get_city_list()
Dec 14, 2012 2:53:25 PM org.hsm.control.Control logStart
INFO: Get list of districts in city having id {1}
Dec 14, 2012 2:53:25 PM org.hsm.service.CoreService queryFull
INFO: Execute query SELECT * FROM get_raw_districts_in_city(1)
Dec 14, 2012 2:53:25 PM org.hsm.control.Control logStart
INFO: Get list of faculties
Dec 14, 2012 2:53:25 PM org.hsm.service.CoreService queryFull
INFO: Execute query SELECT * FROM get_faculty_list()
Dec 14, 2012 2:53:25 PM org.hsm.control.Control logStart
INFO: Get list of degrees
Dec 14, 2012 2:53:25 PM org.hsm.service.CoreService queryFull
INFO: Execute query SELECT * FROM get_degree_list()
Dec 14, 2012 2:53:25 PM org.hsm.control.Control logStart
INFO: Get raw list of teaching classes
Dec 14, 2012 2:53:25 PM org.hsm.service.CoreService queryFull
INFO: Execute query SELECT * FROM get_raw_list_of_teaching_classes()
Dec 14, 2012 2:53:25 PM org.hsm.control.Control logStart
INFO: Get courses list
Dec 14, 2012 2:53:25 PM org.hsm.service.CoreService queryFull
INFO: Execute query SELECT * FROM get_raw_courses_list()
Dec 14, 2012 2:53:25 PM org.hsm.control.Control logStart
INFO: Get list of all lecturers
Dec 14, 2012 2:53:25 PM org.hsm.service.CoreService queryFull
INFO: Execute query SELECT * FROM get_all_lecturers()
Dec 14, 2012 2:53:25 PM org.hsm.control.Control logStart
INFO: Get list of rooms
Dec 14, 2012 2:53:25 PM org.hsm.service.CoreService queryFull
INFO: Execute query SELECT * FROM get_room_list()
Dec 14, 2012 2:53:25 PM org.hsm.control.Control logStart
INFO: Get list of cities
Dec 14, 2012 2:53:25 PM org.hsm.service.CoreService queryFull
INFO: Execute query SELECT * FROM get_city_list()
Dec 14, 2012 2:53:25 PM org.hsm.control.Control logStart
INFO: Get list of rooms
Dec 14, 2012 2:53:25 PM org.hsm.service.CoreService queryFull
INFO: Execute query SELECT * FROM get_room_list()
Dec 14, 2012 2:53:25 PM org.hsm.control.Control logStart
INFO: Get courses list
Dec 14, 2012 2:53:25 PM org.hsm.service.CoreService queryFull
INFO: Execute query SELECT * FROM get_raw_courses_list()
Dec 14, 2012 2:53:25 PM org.hsm.service.CoreService queryFull
INFO: Execute query SELECT * FROM get_table_info()
Dec 14, 2012 2:53:25 PM org.hsm.control.Control logStart
INFO: Get login information{host}
Dec 14, 2012 2:53:26 PM org.hsm.control.Control logStart
INFO: Get login information{port}
Dec 14, 2012 2:53:26 PM org.hsm.control.Control logStart
INFO: Get login information{database}
Dec 14, 2012 2:53:26 PM org.hsm.control.Control logStart
INFO: Get login information{username}
Dec 14, 2012 2:53:26 PM org.hsm.control.Control tryLogin
INFO: Show main function window
Dec 14, 2012 2:53:32 PM org.hsm.control.Control fire
INFO: System exits
