Nov 21, 2012 11:14:29 AM org.hsm.control.Control start
INFO: System starts
Nov 21, 2012 11:14:30 AM org.hsm.control.Control start
INFO: Open login window
Nov 21, 2012 11:14:35 AM org.hsm.control.Control tryLogin
INFO: Try login
Nov 21, 2012 11:14:35 AM org.hsm.control.Control tryLogin
INFO: Login success
Nov 21, 2012 11:14:35 AM org.hsm.control.Control logStart
INFO: Fetch class list
Nov 21, 2012 11:14:35 AM org.hsm.service.CoreService queryFull
INFO: Execute query SELECT * FROM get_class_list()
Nov 21, 2012 11:14:35 AM org.hsm.control.Control logStart
INFO: Get list of cities
Nov 21, 2012 11:14:35 AM org.hsm.service.CoreService queryFull
INFO: Execute query SELECT * FROM get_city_list()
Nov 21, 2012 11:14:35 AM org.hsm.control.Control logStart
INFO: Get list of districts in city having id {1}
Nov 21, 2012 11:14:35 AM org.hsm.service.CoreService queryFull
INFO: Execute query SELECT * FROM get_raw_districts_in_city(1)
Nov 21, 2012 11:14:35 AM org.hsm.control.Control logStart
INFO: Get list of class
Nov 21, 2012 11:14:35 AM org.hsm.service.CoreService queryFull
INFO: Execute query SELECT * FROM get_class_list()
Nov 21, 2012 11:14:35 AM org.hsm.control.Control logStart
INFO: Get raw list of teaching classes
Nov 21, 2012 11:14:35 AM org.hsm.service.CoreService queryFull
INFO: Execute query SELECT * FROM get_raw_list_of_teaching_classes()
Nov 21, 2012 11:14:36 AM org.hsm.control.Control logStart
INFO: Get list of faculties
Nov 21, 2012 11:14:36 AM org.hsm.service.CoreService queryFull
INFO: Execute query SELECT * FROM get_faculty_list()
Nov 21, 2012 11:14:36 AM org.hsm.control.Control logStart
INFO: Get list of cities
Nov 21, 2012 11:14:36 AM org.hsm.service.CoreService queryFull
INFO: Execute query SELECT * FROM get_city_list()
Nov 21, 2012 11:14:36 AM org.hsm.control.Control logStart
INFO: Get list of districts in city having id {1}
Nov 21, 2012 11:14:36 AM org.hsm.service.CoreService queryFull
INFO: Execute query SELECT * FROM get_raw_districts_in_city(1)
Nov 21, 2012 11:14:36 AM org.hsm.control.Control logStart
INFO: Get list of faculties
Nov 21, 2012 11:14:36 AM org.hsm.service.CoreService queryFull
INFO: Execute query SELECT * FROM get_faculty_list()
Nov 21, 2012 11:14:36 AM org.hsm.control.Control logStart
INFO: Get list of degrees
Nov 21, 2012 11:14:36 AM org.hsm.service.CoreService queryFull
INFO: Execute query SELECT * FROM get_degree_list()
Nov 21, 2012 11:14:36 AM org.hsm.control.Control logStart
INFO: Get raw list of teaching classes
Nov 21, 2012 11:14:36 AM org.hsm.service.CoreService queryFull
INFO: Execute query SELECT * FROM get_raw_list_of_teaching_classes()
Nov 21, 2012 11:14:36 AM org.hsm.control.Control logStart
INFO: Get courses list
Nov 21, 2012 11:14:36 AM org.hsm.service.CoreService queryFull
INFO: Execute query SELECT * FROM get_raw_courses_list()
Nov 21, 2012 11:14:36 AM org.hsm.control.Control logStart
INFO: Get list of all lecturers
Nov 21, 2012 11:14:36 AM org.hsm.service.CoreService queryFull
INFO: Execute query SELECT * FROM get_all_lecturers()
Nov 21, 2012 11:14:36 AM org.hsm.control.Control logStart
INFO: Get list of rooms
Nov 21, 2012 11:14:36 AM org.hsm.service.CoreService queryFull
INFO: Execute query SELECT * FROM get_room_list()
Nov 21, 2012 11:14:36 AM org.hsm.control.Control logStart
INFO: Get list of cities
Nov 21, 2012 11:14:36 AM org.hsm.service.CoreService queryFull
INFO: Execute query SELECT * FROM get_city_list()
Nov 21, 2012 11:14:36 AM org.hsm.control.Control logStart
INFO: Get list of rooms
Nov 21, 2012 11:14:36 AM org.hsm.service.CoreService queryFull
INFO: Execute query SELECT * FROM get_room_list()
Nov 21, 2012 11:14:36 AM org.hsm.control.Control logStart
INFO: Get courses list
Nov 21, 2012 11:14:36 AM org.hsm.service.CoreService queryFull
INFO: Execute query SELECT * FROM get_raw_courses_list()
Nov 21, 2012 11:14:36 AM org.hsm.service.CoreService queryFull
INFO: Execute query SELECT * FROM get_table_info()
Nov 21, 2012 11:14:36 AM org.hsm.control.Control logStart
INFO: Get login information{host}
Nov 21, 2012 11:14:36 AM org.hsm.control.Control logStart
INFO: Get login information{port}
Nov 21, 2012 11:14:36 AM org.hsm.control.Control logStart
INFO: Get login information{database}
Nov 21, 2012 11:14:36 AM org.hsm.control.Control logStart
INFO: Get login information{username}
Nov 21, 2012 11:14:36 AM org.hsm.control.Control tryLogin
INFO: Show main function window
Nov 21, 2012 11:14:40 AM org.hsm.control.Control logStart
INFO: Get raw list of students in {BK02} class
Nov 21, 2012 11:14:40 AM org.hsm.service.CoreService queryFull
INFO: Execute query SELECT * FROM get_raw_students_list_in_class(10)
Nov 21, 2012 11:14:40 AM org.hsm.control.Control logStart
INFO: Get raw list of students in {BK02} class
Nov 21, 2012 11:14:40 AM org.hsm.service.CoreService queryFull
INFO: Execute query SELECT * FROM get_raw_students_list_in_class(10)
Nov 21, 2012 11:14:41 AM org.hsm.control.Control logStart
INFO: Get statistic information of student {Tran Van Sang}
Nov 21, 2012 11:14:41 AM org.hsm.service.CoreService queryFull
INFO: Execute query SELECT * FROM get_single_student_statistic8(46575)
Nov 21, 2012 11:14:41 AM org.hsm.control.Control logStart
INFO: Get full data of student {Tran Van Sang}
Nov 21, 2012 11:14:41 AM org.hsm.service.CoreService queryFull
INFO: Execute query SELECT * FROM get_full_data_student(46575)
Nov 21, 2012 11:14:41 AM org.hsm.control.Control logStart
INFO: Get city of district with id {242}
Nov 21, 2012 11:14:41 AM org.hsm.service.CoreService queryFull
INFO: Execute query SELECT * FROM get_city_of_district(242)
Nov 21, 2012 11:14:41 AM org.hsm.control.Control logStart
INFO: Get list of districts in city having id {55}
Nov 21, 2012 11:14:41 AM org.hsm.service.CoreService queryFull
INFO: Execute query SELECT * FROM get_raw_districts_in_city(55)
Nov 21, 2012 11:14:41 AM org.hsm.control.Control logStart
INFO: Get list of districts in city having id {55}
Nov 21, 2012 11:14:41 AM org.hsm.service.CoreService queryFull
INFO: Execute query SELECT * FROM get_raw_districts_in_city(55)
Nov 21, 2012 11:14:41 AM org.hsm.control.Control logStart
INFO: Get academic information of student {Tran Van Sang}
Nov 21, 2012 11:14:41 AM org.hsm.service.CoreService queryFull
INFO: Execute query SELECT * FROM get_academic_info(46575)
Nov 21, 2012 11:14:41 AM org.hsm.control.Control logStart
INFO: Get statistic information of student {Tran Van Sang}
Nov 21, 2012 11:14:41 AM org.hsm.service.CoreService queryFull
INFO: Execute query SELECT * FROM get_single_student_statistic8(46575)
Nov 21, 2012 11:14:41 AM org.hsm.control.Control logStart
INFO: Get full data of student {Tran Van Sang}
Nov 21, 2012 11:14:41 AM org.hsm.service.CoreService queryFull
INFO: Execute query SELECT * FROM get_full_data_student(46575)
Nov 21, 2012 11:14:41 AM org.hsm.control.Control logStart
INFO: Get city of district with id {242}
Nov 21, 2012 11:14:41 AM org.hsm.service.CoreService queryFull
INFO: Execute query SELECT * FROM get_city_of_district(242)
Nov 21, 2012 11:14:42 AM org.hsm.control.Control logStart
INFO: Get academic information of student {Tran Van Sang}
Nov 21, 2012 11:14:42 AM org.hsm.service.CoreService queryFull
INFO: Execute query SELECT * FROM get_academic_info(46575)
Nov 21, 2012 11:14:43 AM org.hsm.control.Control logStart
INFO: Remove student {Tran Van Sang}
Nov 21, 2012 11:14:43 AM org.hsm.service.CoreService queryFull
INFO: Execute query SELECT delete_student_with_id(46575)
Nov 21, 2012 11:14:43 AM org.hsm.service.CoreService queryFull
WARNING: ERROR: update or delete on table "student" violates foreign key constraint "fk_student" on table "study"
  Detail: Key (ct)=(46575) is still referenced from table "study".
  Where: SQL statement "DELETE FROM student WHERE ct = $1"
PL/pgSQL function "delete_student_with_id" line 11 at SQL statement
Nov 21, 2012 11:15:00 AM org.hsm.control.Control logStart
INFO: Save academic information of student {Tran Van Sang}
Nov 21, 2012 11:15:00 AM org.hsm.service.CoreService queryFull
INFO: Execute query SELECT update_academic_info(46575, -1::double precision)
Nov 21, 2012 11:15:04 AM org.hsm.control.Control logStart
INFO: Remove student {Tran Van Sang}
Nov 21, 2012 11:15:04 AM org.hsm.service.CoreService queryFull
INFO: Execute query SELECT delete_student_with_id(46575)
Nov 21, 2012 11:15:05 AM org.hsm.control.Control logStart
INFO: Get statistic information of student {b b}
Nov 21, 2012 11:15:05 AM org.hsm.service.CoreService queryFull
INFO: Execute query SELECT * FROM get_single_student_statistic8(269)
Nov 21, 2012 11:15:05 AM org.hsm.control.Control logStart
INFO: Get full data of student {b b}
Nov 21, 2012 11:15:05 AM org.hsm.service.CoreService queryFull
INFO: Execute query SELECT * FROM get_full_data_student(269)
Nov 21, 2012 11:15:05 AM org.hsm.control.Control logStart
INFO: Get city of district with id {597}
Nov 21, 2012 11:15:05 AM org.hsm.service.CoreService queryFull
INFO: Execute query SELECT * FROM get_city_of_district(597)
Nov 21, 2012 11:15:05 AM org.hsm.control.Control logStart
INFO: Get list of districts in city having id {6}
Nov 21, 2012 11:15:05 AM org.hsm.service.CoreService queryFull
INFO: Execute query SELECT * FROM get_raw_districts_in_city(6)
Nov 21, 2012 11:15:05 AM org.hsm.control.Control logStart
INFO: Get list of districts in city having id {6}
Nov 21, 2012 11:15:05 AM org.hsm.service.CoreService queryFull
INFO: Execute query SELECT * FROM get_raw_districts_in_city(6)
Nov 21, 2012 11:15:05 AM org.hsm.control.Control logStart
INFO: Get academic information of student {b b}
Nov 21, 2012 11:15:05 AM org.hsm.service.CoreService queryFull
INFO: Execute query SELECT * FROM get_academic_info(269)
Nov 21, 2012 11:15:05 AM org.hsm.control.Control logStart
INFO: Get statistic information of student {b b}
Nov 21, 2012 11:15:05 AM org.hsm.service.CoreService queryFull
INFO: Execute query SELECT * FROM get_single_student_statistic8(269)
Nov 21, 2012 11:15:05 AM org.hsm.control.Control logStart
INFO: Get full data of student {b b}
Nov 21, 2012 11:15:05 AM org.hsm.service.CoreService queryFull
INFO: Execute query SELECT * FROM get_full_data_student(269)
Nov 21, 2012 11:15:05 AM org.hsm.control.Control logStart
INFO: Get city of district with id {597}
Nov 21, 2012 11:15:05 AM org.hsm.service.CoreService queryFull
INFO: Execute query SELECT * FROM get_city_of_district(597)
Nov 21, 2012 11:15:05 AM org.hsm.control.Control logStart
INFO: Get academic information of student {b b}
Nov 21, 2012 11:15:05 AM org.hsm.service.CoreService queryFull
INFO: Execute query SELECT * FROM get_academic_info(269)
Nov 21, 2012 11:15:06 AM org.hsm.control.Control logStart
INFO: Insert new student in class {BK02}
Nov 21, 2012 11:15:06 AM org.hsm.service.CoreService queryFull
INFO: Execute query SELECT * FROM insert_student_into_class(10)
Nov 21, 2012 11:15:07 AM org.hsm.control.Control logStart
INFO: Get statistic information of student {No Name}
Nov 21, 2012 11:15:07 AM org.hsm.service.CoreService queryFull
INFO: Execute query SELECT * FROM get_single_student_statistic8(46584)
Nov 21, 2012 11:15:07 AM org.hsm.control.Control logStart
INFO: Get full data of student {No Name}
Nov 21, 2012 11:15:07 AM org.hsm.service.CoreService queryFull
INFO: Execute query SELECT * FROM get_full_data_student(46584)
Nov 21, 2012 11:15:07 AM org.hsm.control.Control logStart
INFO: Get city of district with id {-1}
Nov 21, 2012 11:15:07 AM org.hsm.service.CoreService queryFull
INFO: Execute query SELECT * FROM get_city_of_district(-1)
Nov 21, 2012 11:15:07 AM org.hsm.control.Control logStart
INFO: Get academic information of student {No Name}
Nov 21, 2012 11:15:07 AM org.hsm.service.CoreService queryFull
INFO: Execute query SELECT * FROM get_academic_info(46584)
Nov 21, 2012 11:15:18 AM org.hsm.control.Control logStart
INFO: Update information of student {No Name}
Nov 21, 2012 11:15:18 AM org.hsm.service.CoreService queryFull
INFO: Execute query SELECT update_full_student('Tran'::text, 'Van Sang'::text, true, 'Wed Nov 21 00:00:00 ICT 2012'::text, '
'::text, '
'::text, ''::text, ''::text, 597, 0.0::double precision, 10, ''::text, 2012, 46584)
Nov 21, 2012 11:15:31 AM org.hsm.control.Control logStart
INFO: Save academic information of student {Tran Van Sang}
Nov 21, 2012 11:15:31 AM org.hsm.service.CoreService queryFull
INFO: Execute query SELECT update_academic_info(46584, 3.0::double precision, 1.0::double precision, 0.0::double precision, 4.0::double precision, 0.0::double precision, 0.0::double precision, -1::double precision)
Nov 21, 2012 11:15:53 AM org.hsm.control.Control logStart
INFO: Get new district in city {Bà Rịa - Vũng Tàu}
Nov 21, 2012 11:15:53 AM org.hsm.service.CoreService queryFull
INFO: Execute query SELECT * FROM get_raw_districts_in_city(2)
Nov 21, 2012 11:15:54 AM org.hsm.control.Control logStart
INFO: Get new district in city {Bà Rịa - Vũng Tàu}
Nov 21, 2012 11:15:54 AM org.hsm.service.CoreService queryFull
INFO: Execute query SELECT * FROM get_raw_districts_in_city(2)
Nov 21, 2012 11:16:15 AM org.hsm.control.Control logStart
INFO: Get raw list of students in {BK1.13} class
Nov 21, 2012 11:16:15 AM org.hsm.service.CoreService queryFull
INFO: Execute query SELECT * FROM get_raw_students_list_in_class(696)
Nov 21, 2012 11:16:16 AM org.hsm.control.Control logStart
INFO: Get raw list of students in {BK1.13} class
Nov 21, 2012 11:16:16 AM org.hsm.service.CoreService queryFull
INFO: Execute query SELECT * FROM get_raw_students_list_in_class(696)
Nov 21, 2012 11:16:18 AM org.hsm.control.Control logStart
INFO: Get statistic information of student {Nguyễn Ngọc Hoàng}
Nov 21, 2012 11:16:18 AM org.hsm.service.CoreService queryFull
INFO: Execute query SELECT * FROM get_single_student_statistic8(38851)
Nov 21, 2012 11:16:18 AM org.hsm.control.Control logStart
INFO: Get full data of student {Nguyễn Ngọc Hoàng}
Nov 21, 2012 11:16:18 AM org.hsm.service.CoreService queryFull
INFO: Execute query SELECT * FROM get_full_data_student(38851)
Nov 21, 2012 11:16:18 AM org.hsm.control.Control logStart
INFO: Get city of district with id {196}
Nov 21, 2012 11:16:18 AM org.hsm.service.CoreService queryFull
INFO: Execute query SELECT * FROM get_city_of_district(196)
Nov 21, 2012 11:16:18 AM org.hsm.control.Control logStart
INFO: Get list of districts in city having id {38}
Nov 21, 2012 11:16:18 AM org.hsm.service.CoreService queryFull
INFO: Execute query SELECT * FROM get_raw_districts_in_city(38)
Nov 21, 2012 11:16:18 AM org.hsm.control.Control logStart
INFO: Get list of districts in city having id {38}
Nov 21, 2012 11:16:18 AM org.hsm.service.CoreService queryFull
INFO: Execute query SELECT * FROM get_raw_districts_in_city(38)
Nov 21, 2012 11:16:18 AM org.hsm.control.Control logStart
INFO: Get academic information of student {Nguyễn Ngọc Hoàng}
Nov 21, 2012 11:16:18 AM org.hsm.service.CoreService queryFull
INFO: Execute query SELECT * FROM get_academic_info(38851)
Nov 21, 2012 11:16:18 AM org.hsm.control.Control logStart
INFO: Get statistic information of student {Nguyễn Ngọc Hoàng}
Nov 21, 2012 11:16:18 AM org.hsm.service.CoreService queryFull
INFO: Execute query SELECT * FROM get_single_student_statistic8(38851)
Nov 21, 2012 11:16:18 AM org.hsm.control.Control logStart
INFO: Get full data of student {Nguyễn Ngọc Hoàng}
Nov 21, 2012 11:16:18 AM org.hsm.service.CoreService queryFull
INFO: Execute query SELECT * FROM get_full_data_student(38851)
Nov 21, 2012 11:16:18 AM org.hsm.control.Control logStart
INFO: Get city of district with id {196}
Nov 21, 2012 11:16:18 AM org.hsm.service.CoreService queryFull
INFO: Execute query SELECT * FROM get_city_of_district(196)
Nov 21, 2012 11:16:18 AM org.hsm.control.Control logStart
INFO: Get academic information of student {Nguyễn Ngọc Hoàng}
Nov 21, 2012 11:16:18 AM org.hsm.service.CoreService queryFull
INFO: Execute query SELECT * FROM get_academic_info(38851)
Nov 21, 2012 11:16:33 AM org.hsm.control.Control logStart
INFO: Save academic information of student {Nguyễn Ngọc Hoàng}
Nov 21, 2012 11:16:33 AM org.hsm.service.CoreService queryFull
INFO: Execute query SELECT update_academic_info(38851, 5.0::double precision, 1.0::double precision, 0.0::double precision, -1::double precision)
Nov 21, 2012 11:16:48 AM org.hsm.control.Control logStart
INFO: Save academic information of student {Nguyễn Ngọc Hoàng}
Nov 21, 2012 11:16:48 AM org.hsm.service.CoreService queryFull
INFO: Execute query SELECT update_academic_info(38851, 5.0::double precision, 0.0::double precision, 0.0::double precision, -1::double precision)
Nov 21, 2012 11:17:00 AM org.hsm.control.Control logStart
INFO: Save academic information of student {Nguyễn Ngọc Hoàng}
Nov 21, 2012 11:17:00 AM org.hsm.service.CoreService queryFull
INFO: Execute query SELECT update_academic_info(38851, 5.0::double precision, 0.0::double precision, 0.0::double precision, 4.0::double precision, 0.0::double precision, 0.0::double precision, -1::double precision)
Nov 21, 2012 11:17:00 AM org.hsm.service.CoreService queryFull
WARNING: ERROR: Student cannot attend class{2} while he (she) not pass class{1}
  Hint: Finish class{1}
  Where: SQL statement "SELECT check_student($1)"
PL/pgSQL function "update_academic_info" line 21 at PERFORM
Nov 21, 2012 11:17:50 AM org.hsm.control.Control logStart
INFO: Get full data of course {An toàn và an ninh mạng}
Nov 21, 2012 11:17:50 AM org.hsm.service.CoreService queryFull
INFO: Execute query SELECT * FROM get_course_data(76)
Nov 21, 2012 11:17:50 AM org.hsm.control.Control getData
INFO: Get background courses of course {An toàn và an ninh mạng}
Nov 21, 2012 11:17:50 AM org.hsm.service.CoreService queryFull
INFO: Execute query SELECT * FROM get_background_courses(76)
Nov 21, 2012 11:17:50 AM org.hsm.control.Control logStart
INFO: Get addable background courses of course {An toàn và an ninh mạng}
Nov 21, 2012 11:17:50 AM org.hsm.service.CoreService queryFull
INFO: Execute query SELECT * FROM get_addable_background(76)
Nov 21, 2012 11:17:50 AM org.hsm.control.Control logStart
INFO: Get statistic of single course {An toàn và an ninh mạng}
Nov 21, 2012 11:17:50 AM org.hsm.service.CoreService queryFull
INFO: Execute query SELECT * FROM get_single_courses_statistic(76)
Nov 21, 2012 11:17:50 AM org.hsm.control.Control logStart
INFO: Get classes list teaching course {An toàn và an ninh mạng}
Nov 21, 2012 11:17:50 AM org.hsm.service.CoreService queryFull
INFO: Execute query SELECT * FROM get_classes_teaching_course(76)
Nov 21, 2012 11:17:51 AM org.hsm.control.Control logStart
INFO: Get full data of course {An toàn và an ninh mạng}
Nov 21, 2012 11:17:51 AM org.hsm.service.CoreService queryFull
INFO: Execute query SELECT * FROM get_course_data(76)
Nov 21, 2012 11:17:51 AM org.hsm.control.Control getData
INFO: Get background courses of course {An toàn và an ninh mạng}
Nov 21, 2012 11:17:51 AM org.hsm.service.CoreService queryFull
INFO: Execute query SELECT * FROM get_background_courses(76)
Nov 21, 2012 11:17:51 AM org.hsm.control.Control logStart
INFO: Get addable background courses of course {An toàn và an ninh mạng}
Nov 21, 2012 11:17:51 AM org.hsm.service.CoreService queryFull
INFO: Execute query SELECT * FROM get_addable_background(76)
Nov 21, 2012 11:17:51 AM org.hsm.control.Control logStart
INFO: Get statistic of single course {An toàn và an ninh mạng}
Nov 21, 2012 11:17:51 AM org.hsm.service.CoreService queryFull
INFO: Execute query SELECT * FROM get_single_courses_statistic(76)
Nov 21, 2012 11:17:51 AM org.hsm.control.Control logStart
INFO: Get classes list teaching course {An toàn và an ninh mạng}
Nov 21, 2012 11:17:51 AM org.hsm.service.CoreService queryFull
INFO: Execute query SELECT * FROM get_classes_teaching_course(76)
Nov 21, 2012 11:17:54 AM org.hsm.control.Control logStart
INFO: Get background constrains related with course{An toàn và an ninh mạng}
Nov 21, 2012 11:17:54 AM org.hsm.service.CoreService queryFull
INFO: Execute query SELECT * FROM get_related_backgrounds(76)
Nov 21, 2012 11:18:10 AM org.hsm.control.Control logStart
INFO: Get full data of course {Tin học cơ sở 1}
Nov 21, 2012 11:18:10 AM org.hsm.service.CoreService queryFull
INFO: Execute query SELECT * FROM get_course_data(22)
Nov 21, 2012 11:18:10 AM org.hsm.control.Control getData
INFO: Get background courses of course {Tin học cơ sở 1}
Nov 21, 2012 11:18:10 AM org.hsm.service.CoreService queryFull
INFO: Execute query SELECT * FROM get_background_courses(22)
Nov 21, 2012 11:18:10 AM org.hsm.control.Control logStart
INFO: Get addable background courses of course {Tin học cơ sở 1}
Nov 21, 2012 11:18:10 AM org.hsm.service.CoreService queryFull
INFO: Execute query SELECT * FROM get_addable_background(22)
Nov 21, 2012 11:18:10 AM org.hsm.control.Control logStart
INFO: Get statistic of single course {Tin học cơ sở 1}
Nov 21, 2012 11:18:10 AM org.hsm.service.CoreService queryFull
INFO: Execute query SELECT * FROM get_single_courses_statistic(22)
Nov 21, 2012 11:18:10 AM org.hsm.control.Control logStart
INFO: Get classes list teaching course {Tin học cơ sở 1}
Nov 21, 2012 11:18:10 AM org.hsm.service.CoreService queryFull
INFO: Execute query SELECT * FROM get_classes_teaching_course(22)
Nov 21, 2012 11:18:10 AM org.hsm.control.Control logStart
INFO: Get full data of course {Tin học cơ sở 1}
Nov 21, 2012 11:18:10 AM org.hsm.service.CoreService queryFull
INFO: Execute query SELECT * FROM get_course_data(22)
Nov 21, 2012 11:18:10 AM org.hsm.control.Control getData
INFO: Get background courses of course {Tin học cơ sở 1}
Nov 21, 2012 11:18:10 AM org.hsm.service.CoreService queryFull
INFO: Execute query SELECT * FROM get_background_courses(22)
Nov 21, 2012 11:18:10 AM org.hsm.control.Control logStart
INFO: Get addable background courses of course {Tin học cơ sở 1}
Nov 21, 2012 11:18:10 AM org.hsm.service.CoreService queryFull
INFO: Execute query SELECT * FROM get_addable_background(22)
Nov 21, 2012 11:18:10 AM org.hsm.control.Control logStart
INFO: Get statistic of single course {Tin học cơ sở 1}
Nov 21, 2012 11:18:10 AM org.hsm.service.CoreService queryFull
INFO: Execute query SELECT * FROM get_single_courses_statistic(22)
Nov 21, 2012 11:18:10 AM org.hsm.control.Control logStart
INFO: Get classes list teaching course {Tin học cơ sở 1}
Nov 21, 2012 11:18:10 AM org.hsm.service.CoreService queryFull
INFO: Execute query SELECT * FROM get_classes_teaching_course(22)
Nov 21, 2012 11:19:56 AM org.hsm.control.Control logStart
INFO: Get raw list of students in {BK02} class
Nov 21, 2012 11:19:56 AM org.hsm.service.CoreService queryFull
INFO: Execute query SELECT * FROM get_raw_students_list_in_class(10)
Nov 21, 2012 11:19:56 AM org.hsm.control.Control logStart
INFO: Get raw list of students in {BK02} class
Nov 21, 2012 11:19:56 AM org.hsm.service.CoreService queryFull
INFO: Execute query SELECT * FROM get_raw_students_list_in_class(10)
Nov 21, 2012 11:19:57 AM org.hsm.control.Control logStart
INFO: Get statistic information of student {Tran Van Sang}
Nov 21, 2012 11:19:57 AM org.hsm.service.CoreService queryFull
INFO: Execute query SELECT * FROM get_single_student_statistic8(46584)
Nov 21, 2012 11:19:57 AM org.hsm.control.Control logStart
INFO: Get full data of student {Tran Van Sang}
Nov 21, 2012 11:19:57 AM org.hsm.service.CoreService queryFull
INFO: Execute query SELECT * FROM get_full_data_student(46584)
Nov 21, 2012 11:19:57 AM org.hsm.control.Control logStart
INFO: Get city of district with id {597}
Nov 21, 2012 11:19:57 AM org.hsm.service.CoreService queryFull
INFO: Execute query SELECT * FROM get_city_of_district(597)
Nov 21, 2012 11:19:57 AM org.hsm.control.Control logStart
INFO: Get list of districts in city having id {6}
Nov 21, 2012 11:19:57 AM org.hsm.service.CoreService queryFull
INFO: Execute query SELECT * FROM get_raw_districts_in_city(6)
Nov 21, 2012 11:19:57 AM org.hsm.control.Control logStart
INFO: Get list of districts in city having id {6}
Nov 21, 2012 11:19:57 AM org.hsm.service.CoreService queryFull
INFO: Execute query SELECT * FROM get_raw_districts_in_city(6)
Nov 21, 2012 11:19:57 AM org.hsm.control.Control logStart
INFO: Get academic information of student {Tran Van Sang}
Nov 21, 2012 11:19:57 AM org.hsm.service.CoreService queryFull
INFO: Execute query SELECT * FROM get_academic_info(46584)
Nov 21, 2012 11:19:57 AM org.hsm.control.Control logStart
INFO: Get statistic information of student {Tran Van Sang}
Nov 21, 2012 11:19:57 AM org.hsm.service.CoreService queryFull
INFO: Execute query SELECT * FROM get_single_student_statistic8(46584)
Nov 21, 2012 11:19:57 AM org.hsm.control.Control logStart
INFO: Get full data of student {Tran Van Sang}
Nov 21, 2012 11:19:57 AM org.hsm.service.CoreService queryFull
INFO: Execute query SELECT * FROM get_full_data_student(46584)
Nov 21, 2012 11:19:57 AM org.hsm.control.Control logStart
INFO: Get city of district with id {597}
Nov 21, 2012 11:19:57 AM org.hsm.service.CoreService queryFull
INFO: Execute query SELECT * FROM get_city_of_district(597)
Nov 21, 2012 11:19:57 AM org.hsm.control.Control logStart
INFO: Get academic information of student {Tran Van Sang}
Nov 21, 2012 11:19:57 AM org.hsm.service.CoreService queryFull
INFO: Execute query SELECT * FROM get_academic_info(46584)
Nov 21, 2012 11:20:15 AM org.hsm.control.Control logStart
INFO: Get raw list of teaching classes
Nov 21, 2012 11:20:15 AM org.hsm.service.CoreService queryFull
INFO: Execute query SELECT * FROM get_raw_list_of_teaching_classes()
Nov 21, 2012 11:21:50 AM org.hsm.control.Control logStart
INFO: Get full data of teaching class {5}
Nov 21, 2012 11:21:50 AM org.hsm.service.CoreService queryFull
INFO: Execute query SELECT * FROM get_full_teaching_class_info(7)
Nov 21, 2012 11:21:50 AM org.hsm.control.Control logStart
INFO: Get students list in teaching class {5}
Nov 21, 2012 11:21:50 AM org.hsm.service.CoreService queryFull
INFO: Execute query SELECT * FROM get_students_list_in_teaching_class(7)
Nov 21, 2012 11:21:50 AM org.hsm.control.Control logStart
INFO: Get full data of teaching class {5}
Nov 21, 2012 11:21:50 AM org.hsm.service.CoreService queryFull
INFO: Execute query SELECT * FROM get_full_teaching_class_info(7)
Nov 21, 2012 11:21:50 AM org.hsm.control.Control logStart
INFO: Get students list in teaching class {5}
Nov 21, 2012 11:21:50 AM org.hsm.service.CoreService queryFull
INFO: Execute query SELECT * FROM get_students_list_in_teaching_class(7)
Nov 21, 2012 11:21:57 AM org.hsm.control.Control logStart
INFO: Save information of teaching class {5}
Nov 21, 2012 11:21:57 AM org.hsm.service.CoreService queryFull
INFO: Execute query SELECT save_teaching_class(7, 'GIoi thieu cntt'::text, 76, 19, 6)
Nov 21, 2012 11:22:02 AM org.hsm.control.Control logStart
INFO: Get raw list of teaching classes
Nov 21, 2012 11:22:02 AM org.hsm.service.CoreService queryFull
INFO: Execute query SELECT * FROM get_raw_list_of_teaching_classes()
Nov 21, 2012 11:22:10 AM org.hsm.control.Control logStart
INFO: Get full data of teaching class {1}
Nov 21, 2012 11:22:10 AM org.hsm.service.CoreService queryFull
INFO: Execute query SELECT * FROM get_full_teaching_class_info(3)
Nov 21, 2012 11:22:10 AM org.hsm.control.Control logStart
INFO: Get students list in teaching class {1}
Nov 21, 2012 11:22:10 AM org.hsm.service.CoreService queryFull
INFO: Execute query SELECT * FROM get_students_list_in_teaching_class(3)
Nov 21, 2012 11:22:10 AM org.hsm.control.Control logStart
INFO: Get full data of teaching class {1}
Nov 21, 2012 11:22:10 AM org.hsm.service.CoreService queryFull
INFO: Execute query SELECT * FROM get_full_teaching_class_info(3)
Nov 21, 2012 11:22:10 AM org.hsm.control.Control logStart
INFO: Get students list in teaching class {1}
Nov 21, 2012 11:22:10 AM org.hsm.service.CoreService queryFull
INFO: Execute query SELECT * FROM get_students_list_in_teaching_class(3)
Nov 21, 2012 11:22:19 AM org.hsm.control.Control logStart
INFO: Get full data of teaching class {2}
Nov 21, 2012 11:22:19 AM org.hsm.service.CoreService queryFull
INFO: Execute query SELECT * FROM get_full_teaching_class_info(4)
Nov 21, 2012 11:22:19 AM org.hsm.control.Control logStart
INFO: Get students list in teaching class {2}
Nov 21, 2012 11:22:19 AM org.hsm.service.CoreService queryFull
INFO: Execute query SELECT * FROM get_students_list_in_teaching_class(4)
Nov 21, 2012 11:22:19 AM org.hsm.control.Control logStart
INFO: Get full data of teaching class {2}
Nov 21, 2012 11:22:19 AM org.hsm.service.CoreService queryFull
INFO: Execute query SELECT * FROM get_full_teaching_class_info(4)
Nov 21, 2012 11:22:19 AM org.hsm.control.Control logStart
INFO: Get students list in teaching class {2}
Nov 21, 2012 11:22:19 AM org.hsm.service.CoreService queryFull
INFO: Execute query SELECT * FROM get_students_list_in_teaching_class(4)
Nov 21, 2012 11:22:20 AM org.hsm.control.Control logStart
INFO: Get full data of teaching class {3}
Nov 21, 2012 11:22:20 AM org.hsm.service.CoreService queryFull
INFO: Execute query SELECT * FROM get_full_teaching_class_info(5)
Nov 21, 2012 11:22:20 AM org.hsm.control.Control logStart
INFO: Get students list in teaching class {3}
Nov 21, 2012 11:22:20 AM org.hsm.service.CoreService queryFull
INFO: Execute query SELECT * FROM get_students_list_in_teaching_class(5)
Nov 21, 2012 11:22:20 AM org.hsm.control.Control logStart
INFO: Get full data of teaching class {3}
Nov 21, 2012 11:22:20 AM org.hsm.service.CoreService queryFull
INFO: Execute query SELECT * FROM get_full_teaching_class_info(5)
Nov 21, 2012 11:22:20 AM org.hsm.control.Control logStart
INFO: Get students list in teaching class {3}
Nov 21, 2012 11:22:20 AM org.hsm.service.CoreService queryFull
INFO: Execute query SELECT * FROM get_students_list_in_teaching_class(5)
Nov 21, 2012 11:22:25 AM org.hsm.control.Control logStart
INFO: Save information of teaching class {3}
Nov 21, 2012 11:22:25 AM org.hsm.service.CoreService queryFull
INFO: Execute query SELECT save_teaching_class(5, '3'::text, 113, 61, 1)
Nov 21, 2012 11:22:26 AM org.hsm.service.CoreService queryFull
WARNING: ERROR: Student cannot attend class{3} while he (she) not pass class{1}
  Hint: Finish class{1}
  Where: PL/pgSQL function "tgfn_check_student_in" line 6 at EXECUTE statement
SQL function "save_teaching_class" statement 1
Nov 21, 2012 11:22:58 AM org.hsm.control.Control fire
INFO: System exits
