Oct 11, 2012 10:38:25 PM org.hsm.control.Control start
INFO: System starts
Oct 11, 2012 10:38:25 PM org.hsm.control.Control start
INFO: Open login window
Oct 11, 2012 10:38:26 PM org.hsm.control.Control tryLogin
INFO: Try login
Oct 11, 2012 10:38:26 PM org.hsm.control.Control tryLogin
INFO: Login success
Oct 11, 2012 10:38:27 PM org.hsm.control.Control getData
INFO: Fetch class list
Oct 11, 2012 10:38:27 PM org.hsm.service.CoreService query
INFO: Execute query select "CL#", "Name" from "Class"
Oct 11, 2012 10:38:27 PM org.hsm.control.Control tryLogin
INFO: Show main function window
Oct 11, 2012 10:38:28 PM org.hsm.control.Control getData
INFO: Get raw list of students in {Việt Nhật 5A} class
Oct 11, 2012 10:38:28 PM org.hsm.service.CoreService query
INFO: Execute query SELECT "CT#", "First", "Last" FROM "Student"
 WHERE "Student"."CL#" = 1
 ORDER BY "Last"
Oct 11, 2012 10:38:29 PM org.hsm.control.Control getData
INFO: Get raw list of students in {Việt Nhật 5A} class
Oct 11, 2012 10:38:29 PM org.hsm.service.CoreService query
INFO: Execute query SELECT "CT#", "First", "Last" FROM "Student"
 WHERE "Student"."CL#" = 1
 ORDER BY "Last"
Oct 11, 2012 10:38:30 PM org.hsm.control.Control getData
INFO: Insert new student in class {Việt Nhật 5A}
Oct 11, 2012 10:38:30 PM org.hsm.service.CoreService query
INFO: Execute query INSERT INTO "Student" ("CL#") VALUES ( 1) RETURNING "First", "Last", "CT#"
Oct 11, 2012 10:38:33 PM org.hsm.control.Control getData
INFO: Get raw list of students in {Việt Nhật 5B} class
Oct 11, 2012 10:38:33 PM org.hsm.service.CoreService query
INFO: Execute query SELECT "CT#", "First", "Last" FROM "Student"
 WHERE "Student"."CL#" = 2
 ORDER BY "Last"
Oct 11, 2012 10:38:33 PM org.hsm.control.Control getData
INFO: Get raw list of students in {Việt Nhật 5B} class
Oct 11, 2012 10:38:33 PM org.hsm.service.CoreService query
INFO: Execute query SELECT "CT#", "First", "Last" FROM "Student"
 WHERE "Student"."CL#" = 2
 ORDER BY "Last"
Oct 11, 2012 10:38:34 PM org.hsm.control.Control getData
INFO: Get raw list of students in {Việt Nhật 5C} class
Oct 11, 2012 10:38:34 PM org.hsm.service.CoreService query
INFO: Execute query SELECT "CT#", "First", "Last" FROM "Student"
 WHERE "Student"."CL#" = 3
 ORDER BY "Last"
Oct 11, 2012 10:38:34 PM org.hsm.control.Control getData
INFO: Get raw list of students in {Việt Nhật 5C} class
Oct 11, 2012 10:38:34 PM org.hsm.service.CoreService query
INFO: Execute query SELECT "CT#", "First", "Last" FROM "Student"
 WHERE "Student"."CL#" = 3
 ORDER BY "Last"
Oct 11, 2012 10:38:35 PM org.hsm.control.Control getData
INFO: Get raw list of students in {Việt Nhật 5A} class
Oct 11, 2012 10:38:35 PM org.hsm.service.CoreService query
INFO: Execute query SELECT "CT#", "First", "Last" FROM "Student"
 WHERE "Student"."CL#" = 1
 ORDER BY "Last"
Oct 11, 2012 10:38:35 PM org.hsm.control.Control getData
INFO: Get raw list of students in {Việt Nhật 5A} class
Oct 11, 2012 10:38:35 PM org.hsm.service.CoreService query
INFO: Execute query SELECT "CT#", "First", "Last" FROM "Student"
 WHERE "Student"."CL#" = 1
 ORDER BY "Last"
Oct 11, 2012 10:38:48 PM org.hsm.control.Control fire
INFO: System exits
