Oct 12, 2012 10:51:10 PM org.hsm.control.Control start
INFO: System starts
Oct 12, 2012 10:51:10 PM org.hsm.control.Control start
INFO: Open login window
Oct 12, 2012 10:51:11 PM org.hsm.control.Control tryLogin
INFO: Try login
Oct 12, 2012 10:51:11 PM org.hsm.control.Control tryLogin
INFO: Login success
Oct 12, 2012 10:51:11 PM org.hsm.control.Control getData
INFO: Fetch class list
Oct 12, 2012 10:51:11 PM org.hsm.service.CoreService query
INFO: Execute query SELECT "CL#", "Name" FROM "Class"
ORDER BY "Name"
Oct 12, 2012 10:51:12 PM org.hsm.control.Control getData
INFO: Get list of cities
Oct 12, 2012 10:51:12 PM org.hsm.service.CoreService query
INFO: Execute query SELECT "CY#", "Name" FROM "City"
ORDER BY "Name"
Oct 12, 2012 10:51:12 PM org.hsm.control.Control getData
INFO: Get list of districts in city having id {1}
Oct 12, 2012 10:51:12 PM org.hsm.service.CoreService query
INFO: Execute query SELECT "DT#", "Name" FROM "District"
WHERE "CY#" = 1
ORDER BY "Name"
Oct 12, 2012 10:51:12 PM org.hsm.control.Control getData
INFO: Get list of class
Oct 12, 2012 10:51:12 PM org.hsm.service.CoreService query
INFO: Execute query SELECT "CL#", "Name" FROM "Class"
ORDER BY "Name"
Oct 12, 2012 10:51:12 PM org.hsm.control.Control tryLogin
INFO: Show main function window
Oct 12, 2012 10:51:13 PM org.hsm.control.Control getData
INFO: Get raw list of students in {ICT} class
Oct 12, 2012 10:51:13 PM org.hsm.service.CoreService query
INFO: Execute query SELECT "CT#", "First", "Last" FROM "Student"
 WHERE "Student"."CL#" = 9
 ORDER BY "Last"
Oct 12, 2012 10:51:14 PM org.hsm.control.Control getData
INFO: Get raw list of students in {ICT} class
Oct 12, 2012 10:51:14 PM org.hsm.service.CoreService query
INFO: Execute query SELECT "CT#", "First", "Last" FROM "Student"
 WHERE "Student"."CL#" = 9
 ORDER BY "Last"
Oct 12, 2012 10:51:15 PM org.hsm.control.Control getData
INFO: Get raw list of students in {BK02} class
Oct 12, 2012 10:51:15 PM org.hsm.service.CoreService query
INFO: Execute query SELECT "CT#", "First", "Last" FROM "Student"
 WHERE "Student"."CL#" = 10
 ORDER BY "Last"
Oct 12, 2012 10:51:15 PM org.hsm.control.Control getData
INFO: Get raw list of students in {BK02} class
Oct 12, 2012 10:51:15 PM org.hsm.service.CoreService query
INFO: Execute query SELECT "CT#", "First", "Last" FROM "Student"
 WHERE "Student"."CL#" = 10
 ORDER BY "Last"
Oct 12, 2012 10:51:16 PM org.hsm.control.Control getData
INFO: Get full data of student {No Namex}
Oct 12, 2012 10:51:16 PM org.hsm.service.CoreService query
INFO: Execute query SELECT * FROM "Student" WHERE "CT#" = 269
Oct 12, 2012 10:51:16 PM org.hsm.control.Control getData
INFO: Get id of city for district with id {-1}
Oct 12, 2012 10:51:16 PM org.hsm.service.CoreService query
INFO: Execute query SELECT "CY#" FROM "District" WHERE "DT#" = -1
Oct 12, 2012 10:51:16 PM org.hsm.control.Control getData
INFO: Get full data of student {No Namex}
Oct 12, 2012 10:51:16 PM org.hsm.service.CoreService query
INFO: Execute query SELECT * FROM "Student" WHERE "CT#" = 269
Oct 12, 2012 10:51:16 PM org.hsm.control.Control getData
INFO: Get id of city for district with id {-1}
Oct 12, 2012 10:51:16 PM org.hsm.service.CoreService query
INFO: Execute query SELECT "CY#" FROM "District" WHERE "DT#" = -1
Oct 12, 2012 10:51:17 PM org.hsm.control.Control getData
INFO: Get list of districts in city having id {3}
Oct 12, 2012 10:51:17 PM org.hsm.service.CoreService query
INFO: Execute query SELECT "DT#", "Name" FROM "District"
WHERE "CY#" = 3
ORDER BY "Name"
Oct 12, 2012 10:51:17 PM org.hsm.control.Control getData
INFO: Get list of districts in city having id {3}
Oct 12, 2012 10:51:17 PM org.hsm.service.CoreService query
INFO: Execute query SELECT "DT#", "Name" FROM "District"
WHERE "CY#" = 3
ORDER BY "Name"
Oct 12, 2012 10:51:20 PM org.hsm.service.CoreService update
INFO: Execute udpate UPDATE "Student"
SET
"First" = 'No'
, "Last" = 'Namex'
, "Sex" = true
, "DOB" = 'Fri Oct 12 00:00:00 ICT 2012'
, "Emails" = '
'
, "Phones" = ''
, "Note" = ''
, "Home" = ''
, "DT#" = 341
, "Point" = 0.000000
, "CL#" = 10
, "MSSV" = '        '
, "Year" = 2012
WHERE "CT#" = 269
Oct 12, 2012 10:51:22 PM org.hsm.control.Control getData
INFO: Get raw list of students in {ICT} class
Oct 12, 2012 10:51:22 PM org.hsm.service.CoreService query
INFO: Execute query SELECT "CT#", "First", "Last" FROM "Student"
 WHERE "Student"."CL#" = 9
 ORDER BY "Last"
Oct 12, 2012 10:51:22 PM org.hsm.control.Control getData
INFO: Get raw list of students in {ICT} class
Oct 12, 2012 10:51:22 PM org.hsm.service.CoreService query
INFO: Execute query SELECT "CT#", "First", "Last" FROM "Student"
 WHERE "Student"."CL#" = 9
 ORDER BY "Last"
Oct 12, 2012 10:51:22 PM org.hsm.control.Control getData
INFO: Get raw list of students in {BK02} class
Oct 12, 2012 10:51:22 PM org.hsm.service.CoreService query
INFO: Execute query SELECT "CT#", "First", "Last" FROM "Student"
 WHERE "Student"."CL#" = 10
 ORDER BY "Last"
Oct 12, 2012 10:51:22 PM org.hsm.control.Control getData
INFO: Get raw list of students in {BK02} class
Oct 12, 2012 10:51:22 PM org.hsm.service.CoreService query
INFO: Execute query SELECT "CT#", "First", "Last" FROM "Student"
 WHERE "Student"."CL#" = 10
 ORDER BY "Last"
Oct 12, 2012 10:51:23 PM org.hsm.control.Control getData
INFO: Get full data of student {No Namex}
Oct 12, 2012 10:51:23 PM org.hsm.service.CoreService query
INFO: Execute query SELECT * FROM "Student" WHERE "CT#" = 269
Oct 12, 2012 10:51:23 PM org.hsm.control.Control getData
INFO: Get id of city for district with id {-1}
Oct 12, 2012 10:51:23 PM org.hsm.service.CoreService query
INFO: Execute query SELECT "CY#" FROM "District" WHERE "DT#" = -1
Oct 12, 2012 10:51:23 PM org.hsm.control.Control getData
INFO: Get full data of student {No Namex}
Oct 12, 2012 10:51:23 PM org.hsm.service.CoreService query
INFO: Execute query SELECT * FROM "Student" WHERE "CT#" = 269
Oct 12, 2012 10:51:23 PM org.hsm.control.Control getData
INFO: Get id of city for district with id {-1}
Oct 12, 2012 10:51:23 PM org.hsm.service.CoreService query
INFO: Execute query SELECT "CY#" FROM "District" WHERE "DT#" = -1
Oct 12, 2012 10:51:23 PM org.hsm.control.Control getData
INFO: Get raw list of students in {ICT} class
Oct 12, 2012 10:51:23 PM org.hsm.service.CoreService query
INFO: Execute query SELECT "CT#", "First", "Last" FROM "Student"
 WHERE "Student"."CL#" = 9
 ORDER BY "Last"
Oct 12, 2012 10:51:24 PM org.hsm.control.Control getData
INFO: Get raw list of students in {ICT} class
Oct 12, 2012 10:51:24 PM org.hsm.service.CoreService query
INFO: Execute query SELECT "CT#", "First", "Last" FROM "Student"
 WHERE "Student"."CL#" = 9
 ORDER BY "Last"
Oct 12, 2012 10:51:24 PM org.hsm.control.Control getData
INFO: Get raw list of students in {Việt Nhật 5C} class
Oct 12, 2012 10:51:24 PM org.hsm.service.CoreService query
INFO: Execute query SELECT "CT#", "First", "Last" FROM "Student"
 WHERE "Student"."CL#" = 3
 ORDER BY "Last"
Oct 12, 2012 10:51:24 PM org.hsm.control.Control getData
INFO: Get raw list of students in {Việt Nhật 5C} class
Oct 12, 2012 10:51:24 PM org.hsm.service.CoreService query
INFO: Execute query SELECT "CT#", "First", "Last" FROM "Student"
 WHERE "Student"."CL#" = 3
 ORDER BY "Last"
Oct 12, 2012 10:51:25 PM org.hsm.control.Control getData
INFO: Get full data of student {Phạm Hùng Cường}
Oct 12, 2012 10:51:25 PM org.hsm.service.CoreService query
INFO: Execute query SELECT * FROM "Student" WHERE "CT#" = 139
Oct 12, 2012 10:51:25 PM org.hsm.control.Control getData
INFO: Get id of city for district with id {-1}
Oct 12, 2012 10:51:25 PM org.hsm.service.CoreService query
INFO: Execute query SELECT "CY#" FROM "District" WHERE "DT#" = -1
Oct 12, 2012 10:51:25 PM org.hsm.control.Control getData
INFO: Get full data of student {Phạm Hùng Cường}
Oct 12, 2012 10:51:25 PM org.hsm.service.CoreService query
INFO: Execute query SELECT * FROM "Student" WHERE "CT#" = 139
Oct 12, 2012 10:51:25 PM org.hsm.control.Control getData
INFO: Get id of city for district with id {-1}
Oct 12, 2012 10:51:25 PM org.hsm.service.CoreService query
INFO: Execute query SELECT "CY#" FROM "District" WHERE "DT#" = -1
Oct 12, 2012 10:51:25 PM org.hsm.control.Control getData
INFO: Get full data of student {Nguyễn Tuấn Hải}
Oct 12, 2012 10:51:25 PM org.hsm.service.CoreService query
INFO: Execute query SELECT * FROM "Student" WHERE "CT#" = 160
Oct 12, 2012 10:51:25 PM org.hsm.control.Control getData
INFO: Get id of city for district with id {-1}
Oct 12, 2012 10:51:25 PM org.hsm.service.CoreService query
INFO: Execute query SELECT "CY#" FROM "District" WHERE "DT#" = -1
Oct 12, 2012 10:51:25 PM org.hsm.control.Control getData
INFO: Get full data of student {Nguyễn Tuấn Hải}
Oct 12, 2012 10:51:25 PM org.hsm.service.CoreService query
INFO: Execute query SELECT * FROM "Student" WHERE "CT#" = 160
Oct 12, 2012 10:51:25 PM org.hsm.control.Control getData
INFO: Get id of city for district with id {-1}
Oct 12, 2012 10:51:25 PM org.hsm.service.CoreService query
INFO: Execute query SELECT "CY#" FROM "District" WHERE "DT#" = -1
Oct 12, 2012 10:51:26 PM org.hsm.control.Control getData
INFO: Get full data of student {Nguyễn Quốc Hưng}
Oct 12, 2012 10:51:26 PM org.hsm.service.CoreService query
INFO: Execute query SELECT * FROM "Student" WHERE "CT#" = 169
Oct 12, 2012 10:51:26 PM org.hsm.control.Control getData
INFO: Get id of city for district with id {-1}
Oct 12, 2012 10:51:26 PM org.hsm.service.CoreService query
INFO: Execute query SELECT "CY#" FROM "District" WHERE "DT#" = -1
Oct 12, 2012 10:51:26 PM org.hsm.control.Control getData
INFO: Get full data of student {Nguyễn Quốc Hưng}
Oct 12, 2012 10:51:26 PM org.hsm.service.CoreService query
INFO: Execute query SELECT * FROM "Student" WHERE "CT#" = 169
Oct 12, 2012 10:51:26 PM org.hsm.control.Control getData
INFO: Get id of city for district with id {-1}
Oct 12, 2012 10:51:26 PM org.hsm.service.CoreService query
INFO: Execute query SELECT "CY#" FROM "District" WHERE "DT#" = -1
Oct 12, 2012 10:51:26 PM org.hsm.control.Control getData
INFO: Get full data of student {Vũ Thế Mạnh}
Oct 12, 2012 10:51:26 PM org.hsm.service.CoreService query
INFO: Execute query SELECT * FROM "Student" WHERE "CT#" = 182
Oct 12, 2012 10:51:26 PM org.hsm.control.Control getData
INFO: Get id of city for district with id {-1}
Oct 12, 2012 10:51:26 PM org.hsm.service.CoreService query
INFO: Execute query SELECT "CY#" FROM "District" WHERE "DT#" = -1
Oct 12, 2012 10:51:26 PM org.hsm.control.Control getData
INFO: Get full data of student {Vũ Thế Mạnh}
Oct 12, 2012 10:51:26 PM org.hsm.service.CoreService query
INFO: Execute query SELECT * FROM "Student" WHERE "CT#" = 182
Oct 12, 2012 10:51:26 PM org.hsm.control.Control getData
INFO: Get id of city for district with id {-1}
Oct 12, 2012 10:51:26 PM org.hsm.service.CoreService query
INFO: Execute query SELECT "CY#" FROM "District" WHERE "DT#" = -1
Oct 12, 2012 10:51:27 PM org.hsm.control.Control getData
INFO: Get full data of student {Nguyễn Trường Giang}
Oct 12, 2012 10:51:27 PM org.hsm.service.CoreService query
INFO: Execute query SELECT * FROM "Student" WHERE "CT#" = 157
Oct 12, 2012 10:51:27 PM org.hsm.control.Control getData
INFO: Get id of city for district with id {-1}
Oct 12, 2012 10:51:27 PM org.hsm.service.CoreService query
INFO: Execute query SELECT "CY#" FROM "District" WHERE "DT#" = -1
Oct 12, 2012 10:51:27 PM org.hsm.control.Control getData
INFO: Get full data of student {Nguyễn Trường Giang}
Oct 12, 2012 10:51:27 PM org.hsm.service.CoreService query
INFO: Execute query SELECT * FROM "Student" WHERE "CT#" = 157
Oct 12, 2012 10:51:27 PM org.hsm.control.Control getData
INFO: Get id of city for district with id {-1}
Oct 12, 2012 10:51:27 PM org.hsm.service.CoreService query
INFO: Execute query SELECT "CY#" FROM "District" WHERE "DT#" = -1
Oct 12, 2012 10:51:30 PM org.hsm.control.Control fire
INFO: System exits
