Oct 11, 2012 10:33:49 PM org.hsm.control.Control start
INFO: System starts
Oct 11, 2012 10:33:49 PM org.hsm.control.Control start
INFO: Open login window
Oct 11, 2012 10:33:52 PM org.hsm.control.Control tryLogin
INFO: Try login
Oct 11, 2012 10:33:52 PM org.hsm.control.Control tryLogin
INFO: Login success
Oct 11, 2012 10:33:52 PM org.hsm.control.Control getData
INFO: Fetch class list
Oct 11, 2012 10:33:52 PM org.hsm.service.CoreService query
INFO: Execute query select "CL#", "Name" from "Class"
Oct 11, 2012 10:33:52 PM org.hsm.control.Control tryLogin
INFO: Show main function window
Oct 11, 2012 10:33:54 PM org.hsm.control.Control getData
INFO: Get raw list of students in {Việt Nhật 5A} class
Oct 11, 2012 10:33:54 PM org.hsm.service.CoreService query
INFO: Execute query SELECT "CT#", "First", "Last" FROM "Student"
 WHERE "Student"."CL#" = 1
 ORDER BY "Last"
Oct 11, 2012 10:33:54 PM org.hsm.control.Control getData
INFO: Get raw list of students in {Việt Nhật 5A} class
Oct 11, 2012 10:33:54 PM org.hsm.service.CoreService query
INFO: Execute query SELECT "CT#", "First", "Last" FROM "Student"
 WHERE "Student"."CL#" = 1
 ORDER BY "Last"
Oct 11, 2012 10:33:57 PM org.hsm.control.Control getData
INFO: Insert new student in class {Việt Nhật 5A}
Oct 11, 2012 10:33:57 PM org.hsm.service.CoreService query
INFO: Execute query 
Oct 11, 2012 10:33:57 PM org.hsm.service.CoreService query
WARNING: No results were returned by the query.
Oct 11, 2012 10:34:15 PM org.hsm.control.Control fire
INFO: System exits
